#
# There is insufficient memory for the Java Runtime Environment to continue.
# Native memory allocation (malloc) failed to allocate 1915856 bytes for Chunk::new
# Possible reasons:
#   The system is out of physical RAM or swap space
#   The process is running with CompressedOops enabled, and the Java Heap may be blocking the growth of the native heap
# Possible solutions:
#   Reduce memory load on the system
#   Increase physical memory or swap space
#   Check if swap backing store is full
#   Decrease Java heap size (-Xmx/-Xms)
#   Decrease number of Java threads
#   Decrease Java thread stack sizes (-Xss)
#   Set larger code cache with -XX:ReservedCodeCacheSize=
#   JVM is running with Unscaled Compressed Oops mode in which the Java heap is
#     placed in the first 4GB address space. The Java Heap base address is the
#     maximum limit for the native heap growth. Please use -XX:HeapBaseMinAddress
#     to set the Java Heap base and to place the Java Heap above 4GB virtual address.
# This output file may be truncated or incomplete.
#
#  Out of Memory Error (./src/hotspot/share/memory/arena.cpp:197), pid=12104, tid=12896
#
# JRE version: OpenJDK Runtime Environment (11.0.10) (build 11.0.10+0-b96-7249189)
# Java VM: OpenJDK 64-Bit Server VM (11.0.10+0-b96-7249189, mixed mode, tiered, compressed oops, g1 gc, windows-amd64)
# No core dump will be written. Minidumps are not enabled by default on client versions of Windows
#

---------------  S U M M A R Y ------------

Command Line: --add-opens=java.base/java.util=ALL-UNNAMED --add-opens=java.base/java.lang=ALL-UNNAMED --add-opens=java.base/java.lang.invoke=ALL-UNNAMED --add-opens=java.base/java.util=ALL-UNNAMED --add-opens=java.prefs/java.util.prefs=ALL-UNNAMED --add-opens=java.prefs/java.util.prefs=ALL-UNNAMED --add-opens=java.base/java.nio.charset=ALL-UNNAMED --add-opens=java.base/java.net=ALL-UNNAMED --add-opens=java.base/java.util.concurrent.atomic=ALL-UNNAMED -Xmx2048m -Dfile.encoding=UTF-8 -Duser.country=US -Duser.language=en -Duser.variant org.gradle.launcher.daemon.bootstrap.GradleDaemon 7.0.2

Host: Intel(R) Core(TM) i5-5300U CPU @ 2.30GHz, 4 cores, 7G,  Windows 10 , 64 bit Build 19041 (10.0.19041.1348)
Time: Sun Nov 28 20:55:57 2021 SE Asia Standard Time elapsed time: 35.096626 seconds (0d 0h 0m 35s)

---------------  T H R E A D  ---------------

Current thread (0x0000021e7969f000):  JavaThread "C2 CompilerThread0" daemon [_thread_in_native, id=12896, stack(0x0000002965700000,0x0000002965800000)]


Current CompileTask:
C2:  35096 6264   !   4       com.sun.beans.TypeResolver::resolve (261 bytes)

Stack: [0x0000002965700000,0x0000002965800000]
Native frames: (J=compiled Java code, j=interpreted, Vv=VM code, C=native code)
V  [jvm.dll+0x5ecfaa]
V  [jvm.dll+0x722bd5]
V  [jvm.dll+0x72412d]
V  [jvm.dll+0x7247e3]
V  [jvm.dll+0x242928]
V  [jvm.dll+0xbc4fc]
V  [jvm.dll+0xbca0c]
V  [jvm.dll+0x352d7d]
V  [jvm.dll+0x19800c]
V  [jvm.dll+0x1fb70e]
V  [jvm.dll+0x1fa7f4]
V  [jvm.dll+0x18354c]
V  [jvm.dll+0x208ee7]
V  [jvm.dll+0x207731]
V  [jvm.dll+0x6eb1cf]
V  [jvm.dll+0x6e3d45]
V  [jvm.dll+0x5ebe96]
C  [ucrtbase.dll+0x21bb2]
C  [KERNEL32.DLL+0x17034]
C  [ntdll.dll+0x52651]


---------------  P R O C E S S  ---------------

Threads class SMR info:
_java_thread_list=0x0000021e7c5693f0, length=42, elements={
0x0000021e6eaa9000, 0x0000021e79680000, 0x0000021e79689800, 0x0000021e79699800,
0x0000021e7969a000, 0x0000021e7969c000, 0x0000021e7969f000, 0x0000021e796a0000,
0x0000021e796a7800, 0x0000021e7a140800, 0x0000021e7b4ce000, 0x0000021e7b59b800,
0x0000021e7b59c000, 0x0000021e7acd0000, 0x0000021e7acd0800, 0x0000021e7ada3000,
0x0000021e7ada3800, 0x0000021e7b31c800, 0x0000021e7ba4f000, 0x0000021e7ba54000,
0x0000021e7ba54800, 0x0000021e7ba52800, 0x0000021e7ba51800, 0x0000021e7ba53000,
0x0000021e7ba55800, 0x0000021e7ba50000, 0x0000021e7ba50800, 0x0000021e7aef3800,
0x0000021e7aef5800, 0x0000021e7aef1000, 0x0000021e7aef4000, 0x0000021e7aef6800,
0x0000021e7aef1800, 0x0000021e7aef2800, 0x0000021e7c991000, 0x0000021e7c990800,
0x0000021e7c98b800, 0x0000021e7c98d000, 0x0000021e7c98c000, 0x0000021e7c992800,
0x0000021e7c992000, 0x0000021e7c98e000
}

Java Threads: ( => current thread )
  0x0000021e6eaa9000 JavaThread "main" [_thread_blocked, id=408, stack(0x0000002964b00000,0x0000002964c00000)]
  0x0000021e79680000 JavaThread "Reference Handler" daemon [_thread_blocked, id=5828, stack(0x0000002965200000,0x0000002965300000)]
  0x0000021e79689800 JavaThread "Finalizer" daemon [_thread_blocked, id=11020, stack(0x0000002965300000,0x0000002965400000)]
  0x0000021e79699800 JavaThread "Signal Dispatcher" daemon [_thread_blocked, id=3796, stack(0x0000002965400000,0x0000002965500000)]
  0x0000021e7969a000 JavaThread "Attach Listener" daemon [_thread_blocked, id=4776, stack(0x0000002965500000,0x0000002965600000)]
  0x0000021e7969c000 JavaThread "Service Thread" daemon [_thread_blocked, id=7128, stack(0x0000002965600000,0x0000002965700000)]
=>0x0000021e7969f000 JavaThread "C2 CompilerThread0" daemon [_thread_in_native, id=12896, stack(0x0000002965700000,0x0000002965800000)]
  0x0000021e796a0000 JavaThread "C1 CompilerThread0" daemon [_thread_blocked, id=10536, stack(0x0000002965800000,0x0000002965900000)]
  0x0000021e796a7800 JavaThread "Sweeper thread" daemon [_thread_blocked, id=5252, stack(0x0000002965900000,0x0000002965a00000)]
  0x0000021e7a140800 JavaThread "Common-Cleaner" daemon [_thread_blocked, id=8548, stack(0x0000002965a00000,0x0000002965b00000)]
  0x0000021e7b4ce000 JavaThread "Daemon health stats" [_thread_blocked, id=5188, stack(0x0000002965e00000,0x0000002965f00000)]
  0x0000021e7b59b800 JavaThread "Incoming local TCP Connector on port 54545" [_thread_in_native, id=10044, stack(0x0000002965f00000,0x0000002966000000)]
  0x0000021e7b59c000 JavaThread "Daemon periodic checks" [_thread_blocked, id=13212, stack(0x0000002966000000,0x0000002966100000)]
  0x0000021e7acd0000 JavaThread "Daemon" [_thread_blocked, id=13020, stack(0x0000002966100000,0x0000002966200000)]
  0x0000021e7acd0800 JavaThread "Handler for socket connection from /127.0.0.1:54545 to /127.0.0.1:54546" [_thread_in_native, id=11016, stack(0x0000002966200000,0x0000002966300000)]
  0x0000021e7ada3000 JavaThread "Cancel handler" [_thread_blocked, id=11580, stack(0x0000002966300000,0x0000002966400000)]
  0x0000021e7ada3800 JavaThread "Daemon worker" [_thread_in_Java, id=3464, stack(0x0000002966400000,0x0000002966500000)]
  0x0000021e7b31c800 JavaThread "Asynchronous log dispatcher for DefaultDaemonConnection: socket connection from /127.0.0.1:54545 to /127.0.0.1:54546" [_thread_blocked, id=7272, stack(0x0000002966500000,0x0000002966600000)]
  0x0000021e7ba4f000 JavaThread "Stdin handler" [_thread_blocked, id=12880, stack(0x0000002966600000,0x0000002966700000)]
  0x0000021e7ba54000 JavaThread "Daemon client event forwarder" [_thread_blocked, id=9360, stack(0x0000002966700000,0x0000002966800000)]
  0x0000021e7ba54800 JavaThread "Cache worker for file hash cache (C:\Users\phung\.gradle\caches\7.0.2\fileHashes)" [_thread_blocked, id=8568, stack(0x0000002966800000,0x0000002966900000)]
  0x0000021e7ba52800 JavaThread "File lock request listener" [_thread_in_native, id=6352, stack(0x0000002966900000,0x0000002966a00000)]
  0x0000021e7ba51800 JavaThread "Cache worker for journal cache (C:\Users\phung\.gradle\caches\journal-1)" [_thread_blocked, id=8844, stack(0x0000002966b00000,0x0000002966c00000)]
  0x0000021e7ba53000 JavaThread "Cache worker for file hash cache (C:\Users\phung\AndroidStudioProjects\EmailApp\.gradle\7.0.2\fileHashes)" [_thread_blocked, id=11772, stack(0x0000002966c00000,0x0000002966d00000)]
  0x0000021e7ba55800 JavaThread "File watcher server" daemon [_thread_in_native, id=13288, stack(0x0000002966d00000,0x0000002966e00000)]
  0x0000021e7ba50000 JavaThread "File watcher consumer" daemon [_thread_blocked, id=6940, stack(0x0000002966e00000,0x0000002966f00000)]
  0x0000021e7ba50800 JavaThread "Cache worker for checksums cache (C:\Users\phung\AndroidStudioProjects\EmailApp\.gradle\checksums)" [_thread_blocked, id=1660, stack(0x0000002966f00000,0x0000002967000000)]
  0x0000021e7aef3800 JavaThread "Cache worker for cache directory md-supplier (C:\Users\phung\.gradle\caches\7.0.2\md-supplier)" [_thread_blocked, id=6592, stack(0x0000002967000000,0x0000002967100000)]
  0x0000021e7aef5800 JavaThread "Cache worker for cache directory md-rule (C:\Users\phung\.gradle\caches\7.0.2\md-rule)" [_thread_blocked, id=444, stack(0x0000002967100000,0x0000002967200000)]
  0x0000021e7aef1000 JavaThread "Cache worker for execution history cache (C:\Users\phung\.gradle\caches\7.0.2\executionHistory)" [_thread_blocked, id=10648, stack(0x0000002967200000,0x0000002967300000)]
  0x0000021e7aef4000 JavaThread "jar transforms" [_thread_blocked, id=948, stack(0x0000002967300000,0x0000002967400000)]
  0x0000021e7aef6800 JavaThread "jar transforms Thread 2" [_thread_blocked, id=8396, stack(0x0000002967400000,0x0000002967500000)]
  0x0000021e7aef1800 JavaThread "Cache worker for file content cache (C:\Users\phung\.gradle\caches\7.0.2\fileContent)" [_thread_blocked, id=12720, stack(0x0000002967500000,0x0000002967600000)]
  0x0000021e7aef2800 JavaThread "Cache worker for dependencies-accessors (C:\Users\phung\AndroidStudioProjects\EmailApp\.gradle\7.0.2\dependencies-accessors)" [_thread_blocked, id=2788, stack(0x0000002967600000,0x0000002967700000)]
  0x0000021e7c991000 JavaThread "jar transforms Thread 3" [_thread_blocked, id=9852, stack(0x0000002967700000,0x0000002967800000)]
  0x0000021e7c990800 JavaThread "Cache worker for Build Output Cleanup Cache (C:\Users\phung\AndroidStudioProjects\EmailApp\.gradle\buildOutputCleanup)" [_thread_blocked, id=248, stack(0x0000002967800000,0x0000002967900000)]
  0x0000021e7c98b800 JavaThread "Build operations" [_thread_blocked, id=7608, stack(0x0000002967900000,0x0000002967a00000)]
  0x0000021e7c98d000 JavaThread "Build operations Thread 2" [_thread_blocked, id=8320, stack(0x0000002967a00000,0x0000002967b00000)]
  0x0000021e7c98c000 JavaThread "Build operations Thread 3" [_thread_blocked, id=732, stack(0x0000002967b00000,0x0000002967c00000)]
  0x0000021e7c992800 JavaThread "Build operations Thread 4" [_thread_blocked, id=13052, stack(0x0000002967c00000,0x0000002967d00000)]
  0x0000021e7c992000 JavaThread "jar transforms Thread 4" [_thread_blocked, id=12564, stack(0x0000002967d00000,0x0000002967e00000)]
  0x0000021e7c98e000 JavaThread "Memory manager" [_thread_blocked, id=2508, stack(0x0000002967e00000,0x0000002967f00000)]

Other Threads:
  0x0000021e79679800 VMThread "VM Thread" [stack: 0x0000002965100000,0x0000002965200000] [id=9856]
  0x0000021e7a175800 WatcherThread [stack: 0x0000002965b00000,0x0000002965c00000] [id=7356]
  0x0000021e6eac3800 GCTaskThread "GC Thread#0" [stack: 0x0000002964c00000,0x0000002964d00000] [id=12332]
  0x0000021e7a40a800 GCTaskThread "GC Thread#1" [stack: 0x0000002965c00000,0x0000002965d00000] [id=10792]
  0x0000021e7a6d5800 GCTaskThread "GC Thread#2" [stack: 0x0000002965d00000,0x0000002965e00000] [id=1348]
  0x0000021e7afdf000 GCTaskThread "GC Thread#3" [stack: 0x0000002966a00000,0x0000002966b00000] [id=13120]
  0x0000021e6eaf6800 ConcurrentGCThread "G1 Main Marker" [stack: 0x0000002964d00000,0x0000002964e00000] [id=11248]
  0x0000021e6eaf8000 ConcurrentGCThread "G1 Conc#0" [stack: 0x0000002964e00000,0x0000002964f00000] [id=11584]
  0x0000021e6eb86800 ConcurrentGCThread "G1 Refine#0" [stack: 0x0000002964f00000,0x0000002965000000] [id=2292]
  0x0000021e6eb87800 ConcurrentGCThread "G1 Young RemSet Sampling" [stack: 0x0000002965000000,0x0000002965100000] [id=8712]

Threads with active compile tasks:
C2 CompilerThread0  35165 6264   !   4       com.sun.beans.TypeResolver::resolve (261 bytes)

VM state:not at safepoint (normal execution)

VM Mutex/Monitor currently owned by a thread: None

Heap address: 0x0000000080000000, size: 2048 MB, Compressed Oops mode: 32-bit
Narrow klass base: 0x0000000000000000, Narrow klass shift: 3
Compressed class space size: 1073741824 Address: 0x0000000100000000

Heap:
 garbage-first heap   total 131072K, used 69183K [0x0000000080000000, 0x0000000100000000)
  region size 1024K, 29 young (29696K), 7 survivors (7168K)
 Metaspace       used 63533K, capacity 65171K, committed 65340K, reserved 1105920K
  class space    used 8070K, capacity 8666K, committed 8704K, reserved 1048576K
Heap Regions: E=young(eden), S=young(survivor), O=old, HS=humongous(starts), HC=humongous(continues), CS=collection set, F=free, A=archive, TAMS=top-at-mark-start (previous, next)
|   0|0x0000000080000000, 0x0000000080100000, 0x0000000080100000|100%| O|  |TAMS 0x0000000080100000, 0x0000000080000000| Untracked 
|   1|0x0000000080100000, 0x0000000080200000, 0x0000000080200000|100%| O|  |TAMS 0x0000000080200000, 0x0000000080100000| Untracked 
|   2|0x0000000080200000, 0x0000000080300000, 0x0000000080300000|100%| O|  |TAMS 0x0000000080300000, 0x0000000080200000| Untracked 
|   3|0x0000000080300000, 0x0000000080400000, 0x0000000080400000|100%|HS|  |TAMS 0x0000000080400000, 0x0000000080300000| Complete 
|   4|0x0000000080400000, 0x0000000080500000, 0x0000000080500000|100%|HC|  |TAMS 0x0000000080500000, 0x0000000080400000| Complete 
|   5|0x0000000080500000, 0x0000000080600000, 0x0000000080600000|100%|HC|  |TAMS 0x0000000080600000, 0x0000000080500000| Complete 
|   6|0x0000000080600000, 0x0000000080700000, 0x0000000080700000|100%| O|  |TAMS 0x0000000080700000, 0x0000000080600000| Untracked 
|   7|0x0000000080700000, 0x0000000080800000, 0x0000000080800000|100%| O|  |TAMS 0x0000000080800000, 0x0000000080700000| Untracked 
|   8|0x0000000080800000, 0x0000000080900000, 0x0000000080900000|100%| O|  |TAMS 0x0000000080900000, 0x0000000080800000| Untracked 
|   9|0x0000000080900000, 0x0000000080a00000, 0x0000000080a00000|100%| O|  |TAMS 0x0000000080a00000, 0x0000000080900000| Untracked 
|  10|0x0000000080a00000, 0x0000000080b00000, 0x0000000080b00000|100%| O|  |TAMS 0x0000000080b00000, 0x0000000080a00000| Untracked 
|  11|0x0000000080b00000, 0x0000000080c00000, 0x0000000080c00000|100%| O|  |TAMS 0x0000000080c00000, 0x0000000080b00000| Untracked 
|  12|0x0000000080c00000, 0x0000000080d00000, 0x0000000080d00000|100%| O|  |TAMS 0x0000000080d00000, 0x0000000080c00000| Untracked 
|  13|0x0000000080d00000, 0x0000000080e00000, 0x0000000080e00000|100%| O|  |TAMS 0x0000000080e00000, 0x0000000080d00000| Untracked 
|  14|0x0000000080e00000, 0x0000000080f00000, 0x0000000080f00000|100%| O|  |TAMS 0x0000000080f00000, 0x0000000080e00000| Untracked 
|  15|0x0000000080f00000, 0x0000000081000000, 0x0000000081000000|100%| O|  |TAMS 0x0000000081000000, 0x0000000080f00000| Untracked 
|  16|0x0000000081000000, 0x0000000081100000, 0x0000000081100000|100%|HS|  |TAMS 0x0000000081100000, 0x0000000081000000| Complete 
|  17|0x0000000081100000, 0x0000000081200000, 0x0000000081200000|100%| O|  |TAMS 0x0000000081200000, 0x0000000081100000| Untracked 
|  18|0x0000000081200000, 0x0000000081300000, 0x0000000081300000|100%| O|  |TAMS 0x0000000081300000, 0x0000000081200000| Untracked 
|  19|0x0000000081300000, 0x0000000081400000, 0x0000000081400000|100%| O|  |TAMS 0x0000000081400000, 0x0000000081300000| Untracked 
|  20|0x0000000081400000, 0x0000000081500000, 0x0000000081500000|100%| O|  |TAMS 0x0000000081500000, 0x0000000081400000| Untracked 
|  21|0x0000000081500000, 0x0000000081600000, 0x0000000081600000|100%| O|  |TAMS 0x0000000081600000, 0x0000000081500000| Untracked 
|  22|0x0000000081600000, 0x0000000081700000, 0x0000000081700000|100%|HS|  |TAMS 0x0000000081700000, 0x0000000081600000| Complete 
|  23|0x0000000081700000, 0x0000000081800000, 0x0000000081800000|100%|HS|  |TAMS 0x0000000081800000, 0x0000000081700000| Complete 
|  24|0x0000000081800000, 0x0000000081900000, 0x0000000081900000|100%|HC|  |TAMS 0x0000000081900000, 0x0000000081800000| Complete 
|  25|0x0000000081900000, 0x0000000081a00000, 0x0000000081a00000|100%| O|  |TAMS 0x0000000081a00000, 0x0000000081900000| Untracked 
|  26|0x0000000081a00000, 0x0000000081b00000, 0x0000000081b00000|100%| O|  |TAMS 0x0000000081b00000, 0x0000000081a00000| Untracked 
|  27|0x0000000081b00000, 0x0000000081c00000, 0x0000000081c00000|100%| O|  |TAMS 0x0000000081c00000, 0x0000000081b00000| Untracked 
|  28|0x0000000081c00000, 0x0000000081d00000, 0x0000000081d00000|100%| O|  |TAMS 0x0000000081d00000, 0x0000000081c00000| Untracked 
|  29|0x0000000081d00000, 0x0000000081e00000, 0x0000000081e00000|100%| O|  |TAMS 0x0000000081e00000, 0x0000000081d00000| Untracked 
|  30|0x0000000081e00000, 0x0000000081f00000, 0x0000000081f00000|100%| O|  |TAMS 0x0000000081f00000, 0x0000000081e00000| Untracked 
|  31|0x0000000081f00000, 0x0000000082000000, 0x0000000082000000|100%| O|  |TAMS 0x0000000082000000, 0x0000000081f00000| Untracked 
|  32|0x0000000082000000, 0x0000000082100000, 0x0000000082100000|100%| O|  |TAMS 0x0000000082100000, 0x0000000082000000| Untracked 
|  33|0x0000000082100000, 0x0000000082200000, 0x0000000082200000|100%| O|  |TAMS 0x0000000082200000, 0x0000000082100000| Untracked 
|  34|0x0000000082200000, 0x0000000082300000, 0x0000000082300000|100%| O|  |TAMS 0x0000000082300000, 0x0000000082200000| Untracked 
|  35|0x0000000082300000, 0x0000000082400000, 0x0000000082400000|100%| O|  |TAMS 0x0000000082400000, 0x0000000082300000| Untracked 
|  36|0x0000000082400000, 0x0000000082500000, 0x0000000082500000|100%| O|  |TAMS 0x0000000082500000, 0x0000000082400000| Untracked 
|  37|0x0000000082500000, 0x0000000082600000, 0x0000000082600000|100%| O|  |TAMS 0x0000000082600000, 0x0000000082500000| Untracked 
|  38|0x0000000082600000, 0x0000000082700000, 0x0000000082700000|100%| O|  |TAMS 0x0000000082700000, 0x0000000082600000| Untracked 
|  39|0x0000000082700000, 0x0000000082800000, 0x0000000082800000|100%| O|  |TAMS 0x0000000082800000, 0x0000000082700000| Untracked 
|  40|0x0000000082800000, 0x0000000082834600, 0x0000000082900000| 20%| O|  |TAMS 0x0000000082834600, 0x0000000082800000| Untracked 
|  41|0x0000000082900000, 0x0000000082900000, 0x0000000082a00000|  0%| F|  |TAMS 0x0000000082900000, 0x0000000082900000| Untracked 
|  42|0x0000000082a00000, 0x0000000082a00000, 0x0000000082b00000|  0%| F|  |TAMS 0x0000000082a00000, 0x0000000082a00000| Untracked 
|  43|0x0000000082b00000, 0x0000000082b00000, 0x0000000082c00000|  0%| F|  |TAMS 0x0000000082b00000, 0x0000000082b00000| Untracked 
|  44|0x0000000082c00000, 0x0000000082c00000, 0x0000000082d00000|  0%| F|  |TAMS 0x0000000082c00000, 0x0000000082c00000| Untracked 
|  45|0x0000000082d00000, 0x0000000082d00000, 0x0000000082e00000|  0%| F|  |TAMS 0x0000000082d00000, 0x0000000082d00000| Untracked 
|  46|0x0000000082e00000, 0x0000000082e00000, 0x0000000082f00000|  0%| F|  |TAMS 0x0000000082e00000, 0x0000000082e00000| Untracked 
|  47|0x0000000082f00000, 0x0000000082f00000, 0x0000000083000000|  0%| F|  |TAMS 0x0000000082f00000, 0x0000000082f00000| Untracked 
|  48|0x0000000083000000, 0x0000000083000000, 0x0000000083100000|  0%| F|  |TAMS 0x0000000083000000, 0x0000000083000000| Untracked 
|  49|0x0000000083100000, 0x0000000083100000, 0x0000000083200000|  0%| F|  |TAMS 0x0000000083100000, 0x0000000083100000| Untracked 
|  50|0x0000000083200000, 0x0000000083200000, 0x0000000083300000|  0%| F|  |TAMS 0x0000000083200000, 0x0000000083200000| Untracked 
|  51|0x0000000083300000, 0x0000000083300000, 0x0000000083400000|  0%| F|  |TAMS 0x0000000083300000, 0x0000000083300000| Untracked 
|  52|0x0000000083400000, 0x0000000083400000, 0x0000000083500000|  0%| F|  |TAMS 0x0000000083400000, 0x0000000083400000| Untracked 
|  53|0x0000000083500000, 0x0000000083500000, 0x0000000083600000|  0%| F|  |TAMS 0x0000000083500000, 0x0000000083500000| Untracked 
|  54|0x0000000083600000, 0x0000000083600000, 0x0000000083700000|  0%| F|  |TAMS 0x0000000083600000, 0x0000000083600000| Untracked 
|  55|0x0000000083700000, 0x0000000083700000, 0x0000000083800000|  0%| F|  |TAMS 0x0000000083700000, 0x0000000083700000| Untracked 
|  56|0x0000000083800000, 0x0000000083800000, 0x0000000083900000|  0%| F|  |TAMS 0x0000000083800000, 0x0000000083800000| Untracked 
|  57|0x0000000083900000, 0x0000000083900000, 0x0000000083a00000|  0%| F|  |TAMS 0x0000000083900000, 0x0000000083900000| Untracked 
|  58|0x0000000083a00000, 0x0000000083a00000, 0x0000000083b00000|  0%| F|  |TAMS 0x0000000083a00000, 0x0000000083a00000| Untracked 
|  59|0x0000000083b00000, 0x0000000083b00000, 0x0000000083c00000|  0%| F|  |TAMS 0x0000000083b00000, 0x0000000083b00000| Untracked 
|  60|0x0000000083c00000, 0x0000000083c00000, 0x0000000083d00000|  0%| F|  |TAMS 0x0000000083c00000, 0x0000000083c00000| Untracked 
|  61|0x0000000083d00000, 0x0000000083d00000, 0x0000000083e00000|  0%| F|  |TAMS 0x0000000083d00000, 0x0000000083d00000| Untracked 
|  62|0x0000000083e00000, 0x0000000083e00000, 0x0000000083f00000|  0%| F|  |TAMS 0x0000000083e00000, 0x0000000083e00000| Untracked 
|  63|0x0000000083f00000, 0x0000000083f00000, 0x0000000084000000|  0%| F|  |TAMS 0x0000000083f00000, 0x0000000083f00000| Untracked 
|  64|0x0000000084000000, 0x0000000084000000, 0x0000000084100000|  0%| F|  |TAMS 0x0000000084000000, 0x0000000084000000| Untracked 
|  65|0x0000000084100000, 0x0000000084100000, 0x0000000084200000|  0%| F|  |TAMS 0x0000000084100000, 0x0000000084100000| Untracked 
|  66|0x0000000084200000, 0x0000000084200000, 0x0000000084300000|  0%| F|  |TAMS 0x0000000084200000, 0x0000000084200000| Untracked 
|  67|0x0000000084300000, 0x000000008435b8b0, 0x0000000084400000| 35%| S|CS|TAMS 0x0000000084300000, 0x0000000084300000| Complete 
|  68|0x0000000084400000, 0x0000000084500000, 0x0000000084500000|100%| S|CS|TAMS 0x0000000084400000, 0x0000000084400000| Complete 
|  69|0x0000000084500000, 0x0000000084600000, 0x0000000084600000|100%| S|CS|TAMS 0x0000000084500000, 0x0000000084500000| Complete 
|  70|0x0000000084600000, 0x0000000084700000, 0x0000000084700000|100%| S|CS|TAMS 0x0000000084600000, 0x0000000084600000| Complete 
|  71|0x0000000084700000, 0x0000000084800000, 0x0000000084800000|100%| S|CS|TAMS 0x0000000084700000, 0x0000000084700000| Complete 
|  72|0x0000000084800000, 0x0000000084900000, 0x0000000084900000|100%| S|CS|TAMS 0x0000000084800000, 0x0000000084800000| Complete 
|  73|0x0000000084900000, 0x0000000084a00000, 0x0000000084a00000|100%| S|CS|TAMS 0x0000000084900000, 0x0000000084900000| Complete 
|  74|0x0000000084a00000, 0x0000000084a00000, 0x0000000084b00000|  0%| F|  |TAMS 0x0000000084a00000, 0x0000000084a00000| Untracked 
|  75|0x0000000084b00000, 0x0000000084b00000, 0x0000000084c00000|  0%| F|  |TAMS 0x0000000084b00000, 0x0000000084b00000| Untracked 
|  76|0x0000000084c00000, 0x0000000084c00000, 0x0000000084d00000|  0%| F|  |TAMS 0x0000000084c00000, 0x0000000084c00000| Untracked 
|  77|0x0000000084d00000, 0x0000000084d00000, 0x0000000084e00000|  0%| F|  |TAMS 0x0000000084d00000, 0x0000000084d00000| Untracked 
|  78|0x0000000084e00000, 0x0000000084e00000, 0x0000000084f00000|  0%| F|  |TAMS 0x0000000084e00000, 0x0000000084e00000| Untracked 
|  79|0x0000000084f00000, 0x0000000084f00000, 0x0000000085000000|  0%| F|  |TAMS 0x0000000084f00000, 0x0000000084f00000| Untracked 
|  80|0x0000000085000000, 0x0000000085000000, 0x0000000085100000|  0%| F|  |TAMS 0x0000000085000000, 0x0000000085000000| Untracked 
|  81|0x0000000085100000, 0x0000000085100000, 0x0000000085200000|  0%| F|  |TAMS 0x0000000085100000, 0x0000000085100000| Untracked 
|  82|0x0000000085200000, 0x0000000085200000, 0x0000000085300000|  0%| F|  |TAMS 0x0000000085200000, 0x0000000085200000| Untracked 
|  83|0x0000000085300000, 0x0000000085300000, 0x0000000085400000|  0%| F|  |TAMS 0x0000000085300000, 0x0000000085300000| Untracked 
|  84|0x0000000085400000, 0x0000000085400000, 0x0000000085500000|  0%| F|  |TAMS 0x0000000085400000, 0x0000000085400000| Untracked 
|  85|0x0000000085500000, 0x0000000085500000, 0x0000000085600000|  0%| F|  |TAMS 0x0000000085500000, 0x0000000085500000| Untracked 
|  86|0x0000000085600000, 0x0000000085600000, 0x0000000085700000|  0%| F|  |TAMS 0x0000000085600000, 0x0000000085600000| Untracked 
|  87|0x0000000085700000, 0x0000000085700000, 0x0000000085800000|  0%| F|  |TAMS 0x0000000085700000, 0x0000000085700000| Untracked 
|  88|0x0000000085800000, 0x0000000085800000, 0x0000000085900000|  0%| F|  |TAMS 0x0000000085800000, 0x0000000085800000| Untracked 
|  89|0x0000000085900000, 0x0000000085900000, 0x0000000085a00000|  0%| F|  |TAMS 0x0000000085900000, 0x0000000085900000| Untracked 
|  90|0x0000000085a00000, 0x0000000085a00000, 0x0000000085b00000|  0%| F|  |TAMS 0x0000000085a00000, 0x0000000085a00000| Untracked 
|  91|0x0000000085b00000, 0x0000000085b00000, 0x0000000085c00000|  0%| F|  |TAMS 0x0000000085b00000, 0x0000000085b00000| Untracked 
|  92|0x0000000085c00000, 0x0000000085c00000, 0x0000000085d00000|  0%| F|  |TAMS 0x0000000085c00000, 0x0000000085c00000| Untracked 
|  93|0x0000000085d00000, 0x0000000085d00000, 0x0000000085e00000|  0%| F|  |TAMS 0x0000000085d00000, 0x0000000085d00000| Untracked 
|  94|0x0000000085e00000, 0x0000000085e00000, 0x0000000085f00000|  0%| F|  |TAMS 0x0000000085e00000, 0x0000000085e00000| Untracked 
|  95|0x0000000085f00000, 0x0000000085f00000, 0x0000000086000000|  0%| F|  |TAMS 0x0000000085f00000, 0x0000000085f00000| Untracked 
|  96|0x0000000086000000, 0x0000000086000000, 0x0000000086100000|  0%| F|  |TAMS 0x0000000086000000, 0x0000000086000000| Untracked 
|  97|0x0000000086100000, 0x0000000086100000, 0x0000000086200000|  0%| F|  |TAMS 0x0000000086100000, 0x0000000086100000| Untracked 
|  98|0x0000000086200000, 0x0000000086200000, 0x0000000086300000|  0%| F|  |TAMS 0x0000000086200000, 0x0000000086200000| Untracked 
|  99|0x0000000086300000, 0x0000000086300000, 0x0000000086400000|  0%| F|  |TAMS 0x0000000086300000, 0x0000000086300000| Untracked 
| 100|0x0000000086400000, 0x0000000086400000, 0x0000000086500000|  0%| F|  |TAMS 0x0000000086400000, 0x0000000086400000| Untracked 
| 101|0x0000000086500000, 0x0000000086500000, 0x0000000086600000|  0%| F|  |TAMS 0x0000000086500000, 0x0000000086500000| Untracked 
| 102|0x0000000086600000, 0x0000000086600000, 0x0000000086700000|  0%| F|  |TAMS 0x0000000086600000, 0x0000000086600000| Untracked 
| 103|0x0000000086700000, 0x0000000086700000, 0x0000000086800000|  0%| F|  |TAMS 0x0000000086700000, 0x0000000086700000| Untracked 
| 104|0x0000000086800000, 0x0000000086800000, 0x0000000086900000|  0%| F|  |TAMS 0x0000000086800000, 0x0000000086800000| Untracked 
| 105|0x0000000086900000, 0x0000000086900000, 0x0000000086a00000|  0%| F|  |TAMS 0x0000000086900000, 0x0000000086900000| Untracked 
| 106|0x0000000086a00000, 0x0000000086a80800, 0x0000000086b00000| 50%| E|  |TAMS 0x0000000086a00000, 0x0000000086a00000| Complete 
| 107|0x0000000086b00000, 0x0000000086c00000, 0x0000000086c00000|100%| E|CS|TAMS 0x0000000086b00000, 0x0000000086b00000| Complete 
| 108|0x0000000086c00000, 0x0000000086d00000, 0x0000000086d00000|100%| E|CS|TAMS 0x0000000086c00000, 0x0000000086c00000| Complete 
| 109|0x0000000086d00000, 0x0000000086e00000, 0x0000000086e00000|100%| E|CS|TAMS 0x0000000086d00000, 0x0000000086d00000| Complete 
| 110|0x0000000086e00000, 0x0000000086f00000, 0x0000000086f00000|100%| E|CS|TAMS 0x0000000086e00000, 0x0000000086e00000| Complete 
| 111|0x0000000086f00000, 0x0000000087000000, 0x0000000087000000|100%| E|CS|TAMS 0x0000000086f00000, 0x0000000086f00000| Complete 
| 112|0x0000000087000000, 0x0000000087100000, 0x0000000087100000|100%| E|CS|TAMS 0x0000000087000000, 0x0000000087000000| Complete 
| 113|0x0000000087100000, 0x0000000087200000, 0x0000000087200000|100%| E|CS|TAMS 0x0000000087100000, 0x0000000087100000| Complete 
| 114|0x0000000087200000, 0x0000000087300000, 0x0000000087300000|100%| E|CS|TAMS 0x0000000087200000, 0x0000000087200000| Complete 
| 115|0x0000000087300000, 0x0000000087400000, 0x0000000087400000|100%| E|CS|TAMS 0x0000000087300000, 0x0000000087300000| Complete 
| 116|0x0000000087400000, 0x0000000087500000, 0x0000000087500000|100%| E|CS|TAMS 0x0000000087400000, 0x0000000087400000| Complete 
| 117|0x0000000087500000, 0x0000000087600000, 0x0000000087600000|100%| E|CS|TAMS 0x0000000087500000, 0x0000000087500000| Complete 
| 118|0x0000000087600000, 0x0000000087700000, 0x0000000087700000|100%| E|CS|TAMS 0x0000000087600000, 0x0000000087600000| Complete 
| 119|0x0000000087700000, 0x0000000087800000, 0x0000000087800000|100%| E|CS|TAMS 0x0000000087700000, 0x0000000087700000| Complete 
| 120|0x0000000087800000, 0x0000000087900000, 0x0000000087900000|100%| E|CS|TAMS 0x0000000087800000, 0x0000000087800000| Complete 
| 121|0x0000000087900000, 0x0000000087a00000, 0x0000000087a00000|100%| E|CS|TAMS 0x0000000087900000, 0x0000000087900000| Complete 
| 122|0x0000000087a00000, 0x0000000087b00000, 0x0000000087b00000|100%| E|CS|TAMS 0x0000000087a00000, 0x0000000087a00000| Complete 
| 123|0x0000000087b00000, 0x0000000087c00000, 0x0000000087c00000|100%| E|CS|TAMS 0x0000000087b00000, 0x0000000087b00000| Complete 
| 124|0x0000000087c00000, 0x0000000087d00000, 0x0000000087d00000|100%| E|CS|TAMS 0x0000000087c00000, 0x0000000087c00000| Complete 
| 125|0x0000000087d00000, 0x0000000087e00000, 0x0000000087e00000|100%| E|CS|TAMS 0x0000000087d00000, 0x0000000087d00000| Complete 
| 126|0x0000000087e00000, 0x0000000087f00000, 0x0000000087f00000|100%| E|CS|TAMS 0x0000000087e00000, 0x0000000087e00000| Complete 
| 127|0x0000000087f00000, 0x0000000088000000, 0x0000000088000000|100%| E|CS|TAMS 0x0000000087f00000, 0x0000000087f00000| Complete 

Card table byte_map: [0x0000021e729a0000,0x0000021e72da0000] _byte_map_base: 0x0000021e725a0000

Marking Bits (Prev, Next): (CMBitMap*) 0x0000021e6eaedc88, (CMBitMap*) 0x0000021e6eaedcc0
 Prev Bits: [0x0000021e731a0000, 0x0000021e751a0000)
 Next Bits: [0x0000021e751a0000, 0x0000021e771a0000)

Polling page: 0x0000021e6c9f0000

Metaspace:

Usage:
  Non-class:     55.18 MB capacity,    54.16 MB ( 98%) used,   881.10 KB (  2%) free+waste,   160.31 KB ( <1%) overhead. 
      Class:      8.46 MB capacity,     7.88 MB ( 93%) used,   520.94 KB (  6%) free+waste,    74.94 KB ( <1%) overhead. 
       Both:     63.64 MB capacity,    62.04 MB ( 97%) used,     1.37 MB (  2%) free+waste,   235.25 KB ( <1%) overhead. 

Virtual space:
  Non-class space:       56.00 MB reserved,      55.31 MB ( 99%) committed 
      Class space:        1.00 GB reserved,       8.50 MB ( <1%) committed 
             Both:        1.05 GB reserved,      63.81 MB (  6%) committed 

Chunk freelists:
   Non-Class:  3.00 KB
       Class:  6.00 KB
        Both:  9.00 KB

MaxMetaspaceSize: 17179869184.00 GB
CompressedClassSpaceSize: 1.00 GB

CodeHeap 'non-profiled nmethods': size=120064Kb used=3282Kb max_used=3282Kb free=116781Kb
 bounds [0x0000021e07ac0000, 0x0000021e07e00000, 0x0000021e0f000000]
CodeHeap 'profiled nmethods': size=120000Kb used=13634Kb max_used=13634Kb free=106366Kb
 bounds [0x0000021e00590000, 0x0000021e012f0000, 0x0000021e07ac0000]
CodeHeap 'non-nmethods': size=5696Kb used=2262Kb max_used=2291Kb free=3433Kb
 bounds [0x0000021e00000000, 0x0000021e00270000, 0x0000021e00590000]
 total_blobs=7106 nmethods=6253 adapters=762
 compilation: enabled
              stopped_count=0, restarted_count=0
 full_count=0

Compilation events (20 events):
Event: 34.544 Thread 0x0000021e796a0000 6290       3       org.codehaus.groovy.runtime.metaclass.MetaMethodIndex::addMethodToList (131 bytes)
Event: 34.545 Thread 0x0000021e796a0000 nmethod 6290 0x0000021e012de190 code [0x0000021e012de440, 0x0000021e012df548]
Event: 34.772 Thread 0x0000021e796a0000 6293       3       java.util.LinkedList::addAll (10 bytes)
Event: 34.772 Thread 0x0000021e796a0000 nmethod 6293 0x0000021e012df990 code [0x0000021e012dfb40, 0x0000021e012dfc88]
Event: 34.773 Thread 0x0000021e796a0000 6294       3       java.util.LinkedList$ListItr::set (28 bytes)
Event: 34.773 Thread 0x0000021e796a0000 nmethod 6294 0x0000021e012dfd10 code [0x0000021e012dff00, 0x0000021e012e02f8]
Event: 34.793 Thread 0x0000021e796a0000 6295       1       org.codehaus.groovy.runtime.metaclass.MultipleSetterProperty::setGetter (6 bytes)
Event: 34.793 Thread 0x0000021e796a0000 nmethod 6295 0x0000021e07df3690 code [0x0000021e07df3840, 0x0000021e07df3938]
Event: 34.800 Thread 0x0000021e796a0000 6296       1       groovy.lang.GroovyObjectSupport::getMetaClass (5 bytes)
Event: 34.800 Thread 0x0000021e796a0000 nmethod 6296 0x0000021e07df3990 code [0x0000021e07df3b40, 0x0000021e07df3bf8]
Event: 34.801 Thread 0x0000021e796a0000 6297       1       org.gradle.api.internal.collections.AbstractIterationOrderRetainingElementSource$ValuePointer::getElement (5 bytes)
Event: 34.801 Thread 0x0000021e796a0000 nmethod 6297 0x0000021e07df3c90 code [0x0000021e07df3e40, 0x0000021e07df3ef8]
Event: 34.801 Thread 0x0000021e796a0000 6298       1       org.gradle.api.internal.collections.AbstractIterationOrderRetainingElementSource$ValuePointer::getIndex (5 bytes)
Event: 34.801 Thread 0x0000021e796a0000 nmethod 6298 0x0000021e07df3f90 code [0x0000021e07df4140, 0x0000021e07df41f8]
Event: 34.803 Thread 0x0000021e796a0000 6299       1       org.codehaus.groovy.runtime.callsite.AbstractCallSite::getArray (5 bytes)
Event: 34.803 Thread 0x0000021e796a0000 nmethod 6299 0x0000021e07df4290 code [0x0000021e07df4440, 0x0000021e07df44f8]
Event: 34.804 Thread 0x0000021e796a0000 6300       1       org.gradle.api.internal.project.DefaultProjectStateRegistry$ProjectStateImpl::getIdentityPath (5 bytes)
Event: 34.804 Thread 0x0000021e796a0000 nmethod 6300 0x0000021e07df4590 code [0x0000021e07df4740, 0x0000021e07df47f8]
Event: 34.890 Thread 0x0000021e796a0000 6301       3       jdk.internal.loader.ClassLoaders::bootLoader (4 bytes)
Event: 34.890 Thread 0x0000021e796a0000 nmethod 6301 0x0000021e012e0510 code [0x0000021e012e06c0, 0x0000021e012e07b8]

GC Heap History (20 events):
Event: 2.820 GC heap before
{Heap before GC invocations=1 (full 0):
 garbage-first heap   total 131072K, used 20362K [0x0000000080000000, 0x0000000100000000)
  region size 1024K, 14 young (14336K), 2 survivors (2048K)
 Metaspace       used 9884K, capacity 10054K, committed 10112K, reserved 1058816K
  class space    used 1022K, capacity 1102K, committed 1152K, reserved 1048576K
}
Event: 2.825 GC heap after
{Heap after GC invocations=2 (full 0):
 garbage-first heap   total 131072K, used 9167K [0x0000000080000000, 0x0000000100000000)
  region size 1024K, 2 young (2048K), 2 survivors (2048K)
 Metaspace       used 9884K, capacity 10054K, committed 10112K, reserved 1058816K
  class space    used 1022K, capacity 1102K, committed 1152K, reserved 1048576K
}
Event: 4.142 GC heap before
{Heap before GC invocations=2 (full 0):
 garbage-first heap   total 131072K, used 37839K [0x0000000080000000, 0x0000000100000000)
  region size 1024K, 29 young (29696K), 2 survivors (2048K)
 Metaspace       used 10790K, capacity 11071K, committed 11264K, reserved 1058816K
  class space    used 1125K, capacity 1206K, committed 1280K, reserved 1048576K
}
Event: 4.150 GC heap after
{Heap after GC invocations=3 (full 0):
 garbage-first heap   total 131072K, used 11931K [0x0000000080000000, 0x0000000100000000)
  region size 1024K, 3 young (3072K), 3 survivors (3072K)
 Metaspace       used 10790K, capacity 11071K, committed 11264K, reserved 1058816K
  class space    used 1125K, capacity 1206K, committed 1280K, reserved 1048576K
}
Event: 7.995 GC heap before
{Heap before GC invocations=3 (full 0):
 garbage-first heap   total 131072K, used 76443K [0x0000000080000000, 0x0000000100000000)
  region size 1024K, 68 young (69632K), 3 survivors (3072K)
 Metaspace       used 20621K, capacity 21154K, committed 21296K, reserved 1069056K
  class space    used 2513K, capacity 2688K, committed 2688K, reserved 1048576K
}
Event: 8.009 GC heap after
{Heap after GC invocations=4 (full 0):
 garbage-first heap   total 131072K, used 16559K [0x0000000080000000, 0x0000000100000000)
  region size 1024K, 9 young (9216K), 9 survivors (9216K)
 Metaspace       used 20621K, capacity 21154K, committed 21296K, reserved 1069056K
  class space    used 2513K, capacity 2688K, committed 2688K, reserved 1048576K
}
Event: 11.867 GC heap before
{Heap before GC invocations=5 (full 0):
 garbage-first heap   total 131072K, used 85167K [0x0000000080000000, 0x0000000100000000)
  region size 1024K, 76 young (77824K), 9 survivors (9216K)
 Metaspace       used 27386K, capacity 27961K, committed 28208K, reserved 1073152K
  class space    used 3618K, capacity 3857K, committed 3968K, reserved 1048576K
}
Event: 11.883 GC heap after
{Heap after GC invocations=6 (full 0):
 garbage-first heap   total 131072K, used 19165K [0x0000000080000000, 0x0000000100000000)
  region size 1024K, 3 young (3072K), 3 survivors (3072K)
 Metaspace       used 27386K, capacity 27961K, committed 28208K, reserved 1073152K
  class space    used 3618K, capacity 3857K, committed 3968K, reserved 1048576K
}
Event: 15.028 GC heap before
{Heap before GC invocations=6 (full 0):
 garbage-first heap   total 131072K, used 58077K [0x0000000080000000, 0x0000000100000000)
  region size 1024K, 42 young (43008K), 3 survivors (3072K)
 Metaspace       used 34848K, capacity 35643K, committed 35708K, reserved 1081344K
  class space    used 4534K, capacity 4864K, committed 4864K, reserved 1048576K
}
Event: 15.047 GC heap after
{Heap after GC invocations=7 (full 0):
 garbage-first heap   total 131072K, used 22101K [0x0000000080000000, 0x0000000100000000)
  region size 1024K, 6 young (6144K), 6 survivors (6144K)
 Metaspace       used 34848K, capacity 35643K, committed 35708K, reserved 1081344K
  class space    used 4534K, capacity 4864K, committed 4864K, reserved 1048576K
}
Event: 18.183 GC heap before
{Heap before GC invocations=8 (full 0):
 garbage-first heap   total 131072K, used 91733K [0x0000000080000000, 0x0000000100000000)
  region size 1024K, 72 young (73728K), 6 survivors (6144K)
 Metaspace       used 40088K, capacity 41049K, committed 41212K, reserved 1085440K
  class space    used 5137K, capacity 5488K, committed 5504K, reserved 1048576K
}
Event: 18.202 GC heap after
{Heap after GC invocations=9 (full 0):
 garbage-first heap   total 131072K, used 27193K [0x0000000080000000, 0x0000000100000000)
  region size 1024K, 9 young (9216K), 9 survivors (9216K)
 Metaspace       used 40088K, capacity 41049K, committed 41212K, reserved 1085440K
  class space    used 5137K, capacity 5488K, committed 5504K, reserved 1048576K
}
Event: 21.169 GC heap before
{Heap before GC invocations=9 (full 0):
 garbage-first heap   total 131072K, used 93753K [0x0000000080000000, 0x0000000100000000)
  region size 1024K, 74 young (75776K), 9 survivors (9216K)
 Metaspace       used 45979K, capacity 47091K, committed 47228K, reserved 1089536K
  class space    used 5887K, capacity 6301K, committed 6400K, reserved 1048576K
}
Event: 21.189 GC heap after
{Heap after GC invocations=10 (full 0):
 garbage-first heap   total 131072K, used 29312K [0x0000000080000000, 0x0000000100000000)
  region size 1024K, 8 young (8192K), 8 survivors (8192K)
 Metaspace       used 45979K, capacity 47091K, committed 47228K, reserved 1089536K
  class space    used 5887K, capacity 6301K, committed 6400K, reserved 1048576K
}
Event: 25.741 GC heap before
{Heap before GC invocations=10 (full 0):
 garbage-first heap   total 131072K, used 99968K [0x0000000080000000, 0x0000000100000000)
  region size 1024K, 74 young (75776K), 8 survivors (8192K)
 Metaspace       used 51192K, capacity 52489K, committed 52732K, reserved 1095680K
  class space    used 6514K, capacity 6994K, committed 7040K, reserved 1048576K
}
Event: 25.762 GC heap after
{Heap after GC invocations=11 (full 0):
 garbage-first heap   total 131072K, used 40960K [0x0000000080000000, 0x0000000100000000)
  region size 1024K, 10 young (10240K), 10 survivors (10240K)
 Metaspace       used 51192K, capacity 52489K, committed 52732K, reserved 1095680K
  class space    used 6514K, capacity 6994K, committed 7040K, reserved 1048576K
}
Event: 28.128 GC heap before
{Heap before GC invocations=11 (full 0):
 garbage-first heap   total 131072K, used 86016K [0x0000000080000000, 0x0000000100000000)
  region size 1024K, 55 young (56320K), 10 survivors (10240K)
 Metaspace       used 58262K, capacity 59756K, committed 59900K, reserved 1101824K
  class space    used 7393K, capacity 7965K, committed 8064K, reserved 1048576K
}
Event: 28.154 GC heap after
{Heap after GC invocations=12 (full 0):
 garbage-first heap   total 131072K, used 44241K [0x0000000080000000, 0x0000000100000000)
  region size 1024K, 3 young (3072K), 3 survivors (3072K)
 Metaspace       used 58262K, capacity 59756K, committed 59900K, reserved 1101824K
  class space    used 7393K, capacity 7965K, committed 8064K, reserved 1048576K
}
Event: 33.551 GC heap before
{Heap before GC invocations=13 (full 0):
 garbage-first heap   total 131072K, used 96465K [0x0000000080000000, 0x0000000100000000)
  region size 1024K, 54 young (55296K), 3 survivors (3072K)
 Metaspace       used 63235K, capacity 64847K, committed 65084K, reserved 1105920K
  class space    used 8022K, capacity 8601K, committed 8704K, reserved 1048576K
}
Event: 33.569 GC heap after
{Heap after GC invocations=14 (full 0):
 garbage-first heap   total 131072K, used 47679K [0x0000000080000000, 0x0000000100000000)
  region size 1024K, 7 young (7168K), 7 survivors (7168K)
 Metaspace       used 63235K, capacity 64847K, committed 65084K, reserved 1105920K
  class space    used 8022K, capacity 8601K, committed 8704K, reserved 1048576K
}

Deoptimization events (20 events):
Event: 33.078 Thread 0x0000021e7ada3800 Uncommon trap: trap_request=0xffffff4d fr.pc=0x0000021e07af1bec relative=0x00000000000000cc
Event: 33.078 Thread 0x0000021e7ada3800 Uncommon trap: reason=unstable_if action=reinterpret pc=0x0000021e07af1bec method=java.lang.String.getBytes([BIB)V @ 5 c2
Event: 33.079 Thread 0x0000021e7ada3800 DEOPT PACKING pc=0x0000021e07af1bec sp=0x00000029664f6d20
Event: 33.079 Thread 0x0000021e7ada3800 DEOPT UNPACKING pc=0x0000021e000278af sp=0x00000029664f6ce8 mode 2
Event: 33.080 Thread 0x0000021e7ada3800 Uncommon trap: trap_request=0xffffff4d fr.pc=0x0000021e07ddb298 relative=0x0000000000001478
Event: 33.080 Thread 0x0000021e7ada3800 Uncommon trap: reason=unstable_if action=reinterpret pc=0x0000021e07ddb298 method=java.util.regex.Pattern.closure(Ljava/util/regex/Pattern$Node;)Ljava/util/regex/Pattern$Node; @ 79 c2
Event: 33.080 Thread 0x0000021e7ada3800 DEOPT PACKING pc=0x0000021e07ddb298 sp=0x00000029664f68a0
Event: 33.080 Thread 0x0000021e7ada3800 DEOPT UNPACKING pc=0x0000021e000278af sp=0x00000029664f6840 mode 2
Event: 33.934 Thread 0x0000021e7ada3800 Uncommon trap: trap_request=0xffffff4d fr.pc=0x0000021e07c30d00 relative=0x0000000000000340
Event: 33.934 Thread 0x0000021e7ada3800 Uncommon trap: reason=unstable_if action=reinterpret pc=0x0000021e07c30d00 method=java.util.StringJoiner.add(Ljava/lang/CharSequence;)Ljava/util/StringJoiner; @ 33 c2
Event: 33.934 Thread 0x0000021e7ada3800 DEOPT PACKING pc=0x0000021e07c30d00 sp=0x00000029664f6070
Event: 33.934 Thread 0x0000021e7ada3800 DEOPT UNPACKING pc=0x0000021e000278af sp=0x00000029664f6020 mode 2
Event: 34.543 Thread 0x0000021e7ada3800 Uncommon trap: trap_request=0xffffff4d fr.pc=0x0000021e07d237a0 relative=0x0000000000001020
Event: 34.543 Thread 0x0000021e7ada3800 Uncommon trap: reason=unstable_if action=reinterpret pc=0x0000021e07d237a0 method=org.codehaus.groovy.runtime.metaclass.MetaMethodIndex.isOverridden(Lgroovy/lang/MetaMethod;Lgroovy/lang/MetaMethod;)Z @ 33 c2
Event: 34.543 Thread 0x0000021e7ada3800 DEOPT PACKING pc=0x0000021e07d237a0 sp=0x00000029664f4f70
Event: 34.543 Thread 0x0000021e7ada3800 DEOPT UNPACKING pc=0x0000021e000278af sp=0x00000029664f4ec8 mode 2
Event: 34.642 Thread 0x0000021e7ada3800 Uncommon trap: trap_request=0xfffffff4 fr.pc=0x0000021e07df1290 relative=0x0000000000000970
Event: 34.642 Thread 0x0000021e7ada3800 Uncommon trap: reason=null_check action=make_not_entrant pc=0x0000021e07df1290 method=com.sun.beans.introspect.MethodInfo$MethodOrder.compare(Ljava/lang/reflect/Method;Ljava/lang/reflect/Method;)I @ 133 c2
Event: 34.642 Thread 0x0000021e7ada3800 DEOPT PACKING pc=0x0000021e07df1290 sp=0x00000029664f2eb0
Event: 34.642 Thread 0x0000021e7ada3800 DEOPT UNPACKING pc=0x0000021e000278af sp=0x00000029664f2e50 mode 2

Classes redefined (0 events):
No events

Internal exceptions (20 events):
Event: 34.411 Thread 0x0000021e7ada3800 Exception <a 'java/lang/ClassNotFoundException'{0x00000000872bdce0}: org/gradle/api/internal/AbstractNamedDomainObjectContainerCustomizer> (0x00000000872bdce0) thrown at [./src/hotspot/share/classfile/systemDictionary.cpp, line 231]
Event: 34.416 Thread 0x0000021e7ada3800 Exception <a 'java/lang/ClassNotFoundException'{0x0000000087105890}: org/gradle/api/internal/FactoryNamedDomainObjectContainerCustomizer> (0x0000000087105890) thrown at [./src/hotspot/share/classfile/systemDictionary.cpp, line 231]
Event: 34.420 Thread 0x0000021e7ada3800 Exception <a 'java/lang/ClassNotFoundException'{0x0000000087145850}: org/gradle/api/internal/FactoryNamedDomainObjectContainer_DecoratedCustomizer> (0x0000000087145850) thrown at [./src/hotspot/share/classfile/systemDictionary.cpp, line 231]
Event: 34.629 Thread 0x0000021e7ada3800 Exception <a 'java/lang/ClassNotFoundException'{0x0000000086f5e210}: com/android/build/gradle/internal/dsl/BuildType_DecoratedBeanInfo> (0x0000000086f5e210) thrown at [./src/hotspot/share/classfile/systemDictionary.cpp, line 231]
Event: 34.639 Thread 0x0000021e7ada3800 Exception <a 'java/lang/ClassNotFoundException'{0x0000000086f768f8}: com/android/build/gradle/internal/dsl/BuildTypeBeanInfo> (0x0000000086f768f8) thrown at [./src/hotspot/share/classfile/systemDictionary.cpp, line 231]
Event: 34.640 Thread 0x0000021e7ada3800 Exception <a 'java/lang/ClassNotFoundException'{0x0000000086f8e6a0}: com/android/builder/core/AbstractBuildTypeBeanInfo> (0x0000000086f8e6a0) thrown at [./src/hotspot/share/classfile/systemDictionary.cpp, line 231]
Event: 34.642 Thread 0x0000021e7ada3800 Exception <a 'java/lang/ClassNotFoundException'{0x0000000086fa6950}: com/android/builder/core/AbstractBuildTypeCustomizer> (0x0000000086fa6950) thrown at [./src/hotspot/share/classfile/systemDictionary.cpp, line 231]
Event: 34.642 Thread 0x0000021e7ada3800 Implicit null exception at 0x0000021e07df0c3f to 0x0000021e07df127c
Event: 34.645 Thread 0x0000021e7ada3800 Exception <a 'java/lang/ClassNotFoundException'{0x0000000086fdb588}: com/android/build/gradle/internal/dsl/BuildTypeCustomizer> (0x0000000086fdb588) thrown at [./src/hotspot/share/classfile/systemDictionary.cpp, line 231]
Event: 34.653 Thread 0x0000021e7ada3800 Exception <a 'java/lang/ClassNotFoundException'{0x0000000086e67e28}: com/android/build/gradle/internal/dsl/BuildType_DecoratedCustomizer> (0x0000000086e67e28) thrown at [./src/hotspot/share/classfile/systemDictionary.cpp, line 231]
Event: 34.666 Thread 0x0000021e7ada3800 Exception <a 'java/lang/ClassNotFoundException'{0x0000000086d2a218}: build_4la3qyrp6ywlcdrkotezfdieq$_run_closure1$_closure4BeanInfo> (0x0000000086d2a218) thrown at [./src/hotspot/share/classfile/systemDictionary.cpp, line 231]
Event: 34.667 Thread 0x0000021e7ada3800 Exception <a 'java/lang/ClassNotFoundException'{0x0000000086d3a980}: build_4la3qyrp6ywlcdrkotezfdieq$_run_closure1$_closure4Customizer> (0x0000000086d3a980) thrown at [./src/hotspot/share/classfile/systemDictionary.cpp, line 231]
Event: 34.674 Thread 0x0000021e7ada3800 Exception <a 'java/lang/ClassNotFoundException'{0x0000000086d63720}: build_4la3qyrp6ywlcdrkotezfdieq$_run_closure1BeanInfo> (0x0000000086d63720) thrown at [./src/hotspot/share/classfile/systemDictionary.cpp, line 231]
Event: 34.675 Thread 0x0000021e7ada3800 Exception <a 'java/lang/ClassNotFoundException'{0x0000000086d73530}: build_4la3qyrp6ywlcdrkotezfdieq$_run_closure1Customizer> (0x0000000086d73530) thrown at [./src/hotspot/share/classfile/systemDictionary.cpp, line 231]
Event: 34.770 Thread 0x0000021e7ada3800 Exception <a 'java/lang/ClassNotFoundException'{0x0000000086dd12d0}: org/gradle/api/JavaVersionBeanInfo> (0x0000000086dd12d0) thrown at [./src/hotspot/share/classfile/systemDictionary.cpp, line 231]
Event: 34.771 Thread 0x0000021e7ada3800 Exception <a 'java/lang/ClassNotFoundException'{0x0000000086dfb578}: org/gradle/api/JavaVersionCustomizer> (0x0000000086dfb578) thrown at [./src/hotspot/share/classfile/systemDictionary.cpp, line 231]
Event: 34.779 Thread 0x0000021e7ada3800 Exception <a 'java/lang/ClassNotFoundException'{0x0000000086c50658}: com/android/build/gradle/internal/CompileOptions_DecoratedBeanInfo> (0x0000000086c50658) thrown at [./src/hotspot/share/classfile/systemDictionary.cpp, line 231]
Event: 34.780 Thread 0x0000021e7ada3800 Exception <a 'java/lang/ClassNotFoundException'{0x0000000086c67ab0}: com/android/build/gradle/internal/CompileOptionsBeanInfo> (0x0000000086c67ab0) thrown at [./src/hotspot/share/classfile/systemDictionary.cpp, line 231]
Event: 34.783 Thread 0x0000021e7ada3800 Exception <a 'java/lang/ClassNotFoundException'{0x0000000086c7f698}: com/android/build/gradle/internal/CompileOptionsCustomizer> (0x0000000086c7f698) thrown at [./src/hotspot/share/classfile/systemDictionary.cpp, line 231]
Event: 34.785 Thread 0x0000021e7ada3800 Exception <a 'java/lang/ClassNotFoundException'{0x0000000086ca3ec8}: com/android/build/gradle/internal/CompileOptions_DecoratedCustomizer> (0x0000000086ca3ec8) thrown at [./src/hotspot/share/classfile/systemDictionary.cpp, line 231]

Events (20 events):
Event: 34.909 loading class com/android/build/gradle/internal/variant/DimensionCombinator
Event: 34.909 loading class com/android/build/gradle/internal/variant/DimensionCombinator done
Event: 34.913 loading class com/android/build/gradle/internal/variant/DimensionCombinator$Companion
Event: 34.913 loading class com/android/build/gradle/internal/variant/DimensionCombinator$Companion done
Event: 34.913 loading class com/android/build/gradle/internal/variant/DimensionCombinationImpl
Event: 34.913 loading class com/android/build/gradle/internal/variant/DimensionCombinationImpl done
Event: 34.914 loading class com/android/build/gradle/internal/variant/DimensionCombination
Event: 34.914 loading class com/android/build/gradle/internal/variant/DimensionCombination done
Event: 34.916 loading class com/android/build/gradle/internal/VariantManager$createVariant$variantDslInfoBuilder$1
Event: 34.916 loading class com/android/build/gradle/internal/VariantManager$createVariant$variantDslInfoBuilder$1 done
Event: 34.920 Executing VM operation: Deoptimize
Event: 34.921 Executing VM operation: Deoptimize done
Event: 34.924 loading class com/android/build/gradle/internal/VariantManager$getLazyManifestParser$1
Event: 34.924 loading class com/android/build/gradle/internal/VariantManager$getLazyManifestParser$1 done
Event: 34.927 loading class com/android/build/gradle/internal/manifest/LazyManifestParser
Event: 34.927 loading class com/android/build/gradle/internal/manifest/LazyManifestParser done
Event: 34.928 loading class com/android/build/gradle/internal/manifest/ManifestDataProvider
Event: 34.928 loading class com/android/build/gradle/internal/manifest/ManifestDataProvider done
Event: 35.007 loading class com/android/build/gradle/internal/manifest/LazyManifestParser$manifestData$2
Event: 35.007 loading class com/android/build/gradle/internal/manifest/LazyManifestParser$manifestData$2 done


Dynamic libraries:
0x00007ff7aac60000 - 0x00007ff7aac6a000 	D:\Programs\Android Studio\jre\bin\java.exe
0x00007ff8dd090000 - 0x00007ff8dd285000 	C:\WINDOWS\SYSTEM32\ntdll.dll
0x00007ff8dcc30000 - 0x00007ff8dccee000 	C:\WINDOWS\System32\KERNEL32.DLL
0x00007ff8daba0000 - 0x00007ff8dae68000 	C:\WINDOWS\System32\KERNELBASE.dll
0x00007ff8daea0000 - 0x00007ff8dafa0000 	C:\WINDOWS\System32\ucrtbase.dll
0x00007ff8d4530000 - 0x00007ff8d4549000 	D:\Programs\Android Studio\jre\bin\jli.dll
0x00007ff8d4510000 - 0x00007ff8d4527000 	D:\Programs\Android Studio\jre\bin\VCRUNTIME140.dll
0x00007ff8db6e0000 - 0x00007ff8db881000 	C:\WINDOWS\System32\USER32.dll
0x00007ff8dae70000 - 0x00007ff8dae92000 	C:\WINDOWS\System32\win32u.dll
0x00007ff8dcb30000 - 0x00007ff8dcb5b000 	C:\WINDOWS\System32\GDI32.dll
0x00007ff8daa90000 - 0x00007ff8dab9b000 	C:\WINDOWS\System32\gdi32full.dll
0x00007ff8da940000 - 0x00007ff8da9dd000 	C:\WINDOWS\System32\msvcp_win.dll
0x00007ff8cd030000 - 0x00007ff8cd2ca000 	C:\WINDOWS\WinSxS\amd64_microsoft.windows.common-controls_6595b64144ccf1df_6.0.19041.1110_none_60b5254171f9507e\COMCTL32.dll
0x00007ff8db950000 - 0x00007ff8db9ee000 	C:\WINDOWS\System32\msvcrt.dll
0x00007ff8db380000 - 0x00007ff8db3b0000 	C:\WINDOWS\System32\IMM32.DLL
0x00007ff8a6af0000 - 0x00007ff8a6b8d000 	D:\Programs\Android Studio\jre\bin\msvcp140.dll
0x00007ff893690000 - 0x00007ff89415f000 	D:\Programs\Android Studio\jre\bin\server\jvm.dll
0x00007ff8db0e0000 - 0x00007ff8db18c000 	C:\WINDOWS\System32\ADVAPI32.dll
0x00007ff8dce80000 - 0x00007ff8dcf1b000 	C:\WINDOWS\System32\sechost.dll
0x00007ff8dcf20000 - 0x00007ff8dd04a000 	C:\WINDOWS\System32\RPCRT4.dll
0x00007ff8db940000 - 0x00007ff8db948000 	C:\WINDOWS\System32\PSAPI.DLL
0x00007ff8cb8d0000 - 0x00007ff8cb8d9000 	C:\WINDOWS\SYSTEM32\WSOCK32.dll
0x00007ff8dc760000 - 0x00007ff8dc7cb000 	C:\WINDOWS\System32\WS2_32.dll
0x00007ff8cda90000 - 0x00007ff8cdab7000 	C:\WINDOWS\SYSTEM32\WINMM.dll
0x00007ff8ce320000 - 0x00007ff8ce32a000 	C:\WINDOWS\SYSTEM32\VERSION.dll
0x00007ff8d8670000 - 0x00007ff8d8682000 	C:\WINDOWS\SYSTEM32\kernel.appcore.dll
0x00007ff8d6670000 - 0x00007ff8d6681000 	D:\Programs\Android Studio\jre\bin\verify.dll
0x00007ff8d3c20000 - 0x00007ff8d3e04000 	C:\WINDOWS\SYSTEM32\DBGHELP.DLL
0x00007ff8c93b0000 - 0x00007ff8c93dc000 	C:\WINDOWS\SYSTEM32\dbgcore.DLL
0x00007ff8db050000 - 0x00007ff8db0d3000 	C:\WINDOWS\System32\bcryptPrimitives.dll
0x00007ff8d4b30000 - 0x00007ff8d4b59000 	D:\Programs\Android Studio\jre\bin\java.dll
0x00007ff8d6610000 - 0x00007ff8d661b000 	D:\Programs\Android Studio\jre\bin\jimage.dll
0x00007ff8d4d70000 - 0x00007ff8d4d88000 	D:\Programs\Android Studio\jre\bin\zip.dll
0x00007ff8dc020000 - 0x00007ff8dc75f000 	C:\WINDOWS\System32\SHELL32.dll
0x00007ff8d8870000 - 0x00007ff8d9000000 	C:\WINDOWS\SYSTEM32\windows.storage.dll
0x00007ff8dc7d0000 - 0x00007ff8dcb25000 	C:\WINDOWS\System32\combase.dll
0x00007ff8da120000 - 0x00007ff8da14e000 	C:\WINDOWS\SYSTEM32\Wldp.dll
0x00007ff8db270000 - 0x00007ff8db31d000 	C:\WINDOWS\System32\SHCORE.dll
0x00007ff8db320000 - 0x00007ff8db375000 	C:\WINDOWS\System32\shlwapi.dll
0x00007ff8da6f0000 - 0x00007ff8da70f000 	C:\WINDOWS\SYSTEM32\profapi.dll
0x00007ff8d4630000 - 0x00007ff8d464a000 	D:\Programs\Android Studio\jre\bin\net.dll
0x00007ff8ce910000 - 0x00007ff8cea1c000 	C:\WINDOWS\SYSTEM32\WINHTTP.dll
0x00007ff8d9f00000 - 0x00007ff8d9f6a000 	C:\WINDOWS\system32\mswsock.dll
0x00007ff8d4550000 - 0x00007ff8d4564000 	D:\Programs\Android Studio\jre\bin\nio.dll
0x00007ff8c3310000 - 0x00007ff8c3337000 	C:\Users\phung\.gradle\native\8bec1ad78214c89d9ad589b4d07fe93259594b29d510b10fafb7a158f7737e5d\windows-amd64\native-platform.dll
0x00007ff8a6c40000 - 0x00007ff8a6d7d000 	C:\Users\phung\.gradle\native\53dbd7edfb1c66fb8903c78663c9afc45aea4f116125fa6feffd364cf09443e8\windows-amd64\native-platform-file-events.dll
0x00007ff8d65a0000 - 0x00007ff8d65aa000 	D:\Programs\Android Studio\jre\bin\management.dll
0x00007ff8d6150000 - 0x00007ff8d615c000 	D:\Programs\Android Studio\jre\bin\management_ext.dll
0x00007ff8da460000 - 0x00007ff8da478000 	C:\WINDOWS\SYSTEM32\CRYPTSP.dll
0x00007ff8d9830000 - 0x00007ff8d9864000 	C:\WINDOWS\system32\rsaenh.dll
0x00007ff8da7b0000 - 0x00007ff8da7d7000 	C:\WINDOWS\System32\bcrypt.dll
0x00007ff8da6b0000 - 0x00007ff8da6de000 	C:\WINDOWS\SYSTEM32\USERENV.dll
0x00007ff8da090000 - 0x00007ff8da09c000 	C:\WINDOWS\SYSTEM32\CRYPTBASE.dll
0x00007ff8d9bc0000 - 0x00007ff8d9bfb000 	C:\WINDOWS\SYSTEM32\IPHLPAPI.DLL
0x00007ff8db3d0000 - 0x00007ff8db3d8000 	C:\WINDOWS\System32\NSI.dll
0x00007ff8d2970000 - 0x00007ff8d2987000 	C:\WINDOWS\SYSTEM32\dhcpcsvc6.DLL
0x00007ff8d2610000 - 0x00007ff8d262d000 	C:\WINDOWS\SYSTEM32\dhcpcsvc.DLL
0x00007ff8d9c00000 - 0x00007ff8d9ccb000 	C:\WINDOWS\SYSTEM32\DNSAPI.dll

dbghelp: loaded successfully - version: 4.0.5 - missing functions: none
symbol engine: initialized successfully - sym options: 0x614 - pdb path: .;D:\Programs\Android Studio\jre\bin;C:\WINDOWS\SYSTEM32;C:\WINDOWS\WinSxS\amd64_microsoft.windows.common-controls_6595b64144ccf1df_6.0.19041.1110_none_60b5254171f9507e;D:\Programs\Android Studio\jre\bin\server;C:\Users\phung\.gradle\native\8bec1ad78214c89d9ad589b4d07fe93259594b29d510b10fafb7a158f7737e5d\windows-amd64;C:\Users\phung\.gradle\native\53dbd7edfb1c66fb8903c78663c9afc45aea4f116125fa6feffd364cf09443e8\windows-amd64

VM Arguments:
jvm_args: --add-opens=java.base/java.util=ALL-UNNAMED --add-opens=java.base/java.lang=ALL-UNNAMED --add-opens=java.base/java.lang.invoke=ALL-UNNAMED --add-opens=java.base/java.util=ALL-UNNAMED --add-opens=java.prefs/java.util.prefs=ALL-UNNAMED --add-opens=java.prefs/java.util.prefs=ALL-UNNAMED --add-opens=java.base/java.nio.charset=ALL-UNNAMED --add-opens=java.base/java.net=ALL-UNNAMED --add-opens=java.base/java.util.concurrent.atomic=ALL-UNNAMED -Xmx2048m -Dfile.encoding=UTF-8 -Duser.country=US -Duser.language=en -Duser.variant 
java_command: org.gradle.launcher.daemon.bootstrap.GradleDaemon 7.0.2
java_class_path (initial): C:\Users\phung\.gradle\wrapper\dists\gradle-7.0.2-bin\857tjihv64xamwrf0h14cai3r\gradle-7.0.2\lib\gradle-launcher-7.0.2.jar
Launcher Type: SUN_STANDARD

[Global flags]
     intx CICompilerCount                          = 3                                         {product} {ergonomic}
     uint ConcGCThreads                            = 1                                         {product} {ergonomic}
     uint G1ConcRefinementThreads                  = 4                                         {product} {ergonomic}
   size_t G1HeapRegionSize                         = 1048576                                   {product} {ergonomic}
    uintx GCDrainStackTargetSize                   = 64                                        {product} {ergonomic}
   size_t InitialHeapSize                          = 134217728                                 {product} {ergonomic}
   size_t MarkStackSize                            = 4194304                                   {product} {ergonomic}
   size_t MaxHeapSize                              = 2147483648                                {product} {command line}
   size_t MaxNewSize                               = 1287651328                                {product} {ergonomic}
   size_t MinHeapDeltaBytes                        = 1048576                                   {product} {ergonomic}
    uintx NonNMethodCodeHeapSize                   = 5830732                                {pd product} {ergonomic}
    uintx NonProfiledCodeHeapSize                  = 122913754                              {pd product} {ergonomic}
    uintx ProfiledCodeHeapSize                     = 122913754                              {pd product} {ergonomic}
    uintx ReservedCodeCacheSize                    = 251658240                              {pd product} {ergonomic}
     bool SegmentedCodeCache                       = true                                      {product} {ergonomic}
     bool UseCompressedClassPointers               = true                                 {lp64_product} {ergonomic}
     bool UseCompressedOops                        = true                                 {lp64_product} {ergonomic}
     bool UseG1GC                                  = true                                      {product} {ergonomic}
     bool UseLargePagesIndividualAllocation        = false                                  {pd product} {ergonomic}

Logging:
Log output configuration:
 #0: stdout all=warning uptime,level,tags
 #1: stderr all=off uptime,level,tags

Environment Variables:
PATH=C:\Program Files (x86)\Common Files\Oracle\Java\javapath;C:\Program Files (x86)\NVIDIA Corporation\PhysX\Common;C:\WINDOWS\system32;C:\WINDOWS;C:\WINDOWS\System32\Wbem;C:\WINDOWS\System32\WindowsPowerShell\v1.0\;C:\WINDOWS\System32\OpenSSH\;C:\Program Files\mingw-w64\x86_64-8.1.0-win32-seh-rt_v6-rev0\mingw64\bin;D:\Programs\Git\cmd;C:\ProgramData\chocolatey\bin;;C:\Program Files\Docker\Docker\resources\bin;C:\ProgramData\DockerDesktop\version-bin;D:\Programs\Node.js\;C:\Users\phung\AppData\Local\Microsoft\WindowsApps;D:\Programs\IntelliJ IDEA Community Edition 2020.3.1\bin;;D:\Programs\GitHub CLI\;C:\Users\phung\AppData\Roaming\npm;C:\Program Files\RabbitMQ Server\rabbitmq_server-3.9.8\sbin;
USERNAME=Vu
OS=Windows_NT
PROCESSOR_IDENTIFIER=Intel64 Family 6 Model 61 Stepping 4, GenuineIntel



---------------  S Y S T E M  ---------------

OS: Windows 10 , 64 bit Build 19041 (10.0.19041.1348)
OS uptime: 0 days 19:29 hours
Hyper-V role detected

CPU:total 4 (initial active 4) (2 cores per cpu, 2 threads per core) family 6 model 61 stepping 4 microcode 0x2d, cmov, cx8, fxsr, mmx, sse, sse2, sse3, ssse3, sse4.1, sse4.2, popcnt, avx, avx2, aes, clmul, erms, rtm, 3dnowpref, lzcnt, ht, tsc, tscinvbit, bmi1, bmi2, adx, fma

Memory: 4k page, system-wide physical 8072M (298M free)
TotalPageFile size 11072M (AvailPageFile size 7M)
current process WorkingSet (physical memory assigned to process): 309M, peak: 312M
current process commit charge ("private bytes"): 344M, peak: 346M

vm_info: OpenJDK 64-Bit Server VM (11.0.10+0-b96-7249189) for windows-amd64 JRE (11.0.10+0-b96-7249189), built on Mar 31 2021 21:44:00 by "builder" with MS VC++ 14.0 (VS2015)

END.
