#
# There is insufficient memory for the Java Runtime Environment to continue.
# Native memory allocation (malloc) failed to allocate 977616 bytes for Chunk::new
# Possible reasons:
#   The system is out of physical RAM or swap space
#   The process is running with CompressedOops enabled, and the Java Heap may be blocking the growth of the native heap
# Possible solutions:
#   Reduce memory load on the system
#   Increase physical memory or swap space
#   Check if swap backing store is full
#   Decrease Java heap size (-Xmx/-Xms)
#   Decrease number of Java threads
#   Decrease Java thread stack sizes (-Xss)
#   Set larger code cache with -XX:ReservedCodeCacheSize=
#   JVM is running with Unscaled Compressed Oops mode in which the Java heap is
#     placed in the first 4GB address space. The Java Heap base address is the
#     maximum limit for the native heap growth. Please use -XX:HeapBaseMinAddress
#     to set the Java Heap base and to place the Java Heap above 4GB virtual address.
# This output file may be truncated or incomplete.
#
#  Out of Memory Error (./src/hotspot/share/memory/arena.cpp:197), pid=7824, tid=11800
#
# JRE version: OpenJDK Runtime Environment (11.0.10) (build 11.0.10+0-b96-7249189)
# Java VM: OpenJDK 64-Bit Server VM (11.0.10+0-b96-7249189, mixed mode, tiered, compressed oops, g1 gc, windows-amd64)
# No core dump will be written. Minidumps are not enabled by default on client versions of Windows
#

---------------  S U M M A R Y ------------

Command Line: --add-opens=java.base/java.util=ALL-UNNAMED --add-opens=java.base/java.lang=ALL-UNNAMED --add-opens=java.base/java.lang.invoke=ALL-UNNAMED --add-opens=java.base/java.util=ALL-UNNAMED --add-opens=java.prefs/java.util.prefs=ALL-UNNAMED --add-opens=java.prefs/java.util.prefs=ALL-UNNAMED --add-opens=java.base/java.nio.charset=ALL-UNNAMED --add-opens=java.base/java.net=ALL-UNNAMED --add-opens=java.base/java.util.concurrent.atomic=ALL-UNNAMED -Xmx2048m -Dfile.encoding=UTF-8 -Duser.country=US -Duser.language=en -Duser.variant org.gradle.launcher.daemon.bootstrap.GradleDaemon 7.0.2

Host: Intel(R) Core(TM) i5-5300U CPU @ 2.30GHz, 4 cores, 7G,  Windows 10 , 64 bit Build 19041 (10.0.19041.1348)
Time: Sun Nov 28 20:58:56 2021 SE Asia Standard Time elapsed time: 22.415794 seconds (0d 0h 0m 22s)

---------------  T H R E A D  ---------------

Current thread (0x0000017b3af2f800):  JavaThread "C2 CompilerThread0" daemon [_thread_in_native, id=11800, stack(0x00000034a3900000,0x00000034a3a00000)]


Current CompileTask:
C2:  22415 5722       4       org.objectweb.asm.Frame::execute (2318 bytes)

Stack: [0x00000034a3900000,0x00000034a3a00000]
Native frames: (J=compiled Java code, j=interpreted, Vv=VM code, C=native code)
V  [jvm.dll+0x5ecfaa]
V  [jvm.dll+0x722bd5]
V  [jvm.dll+0x72412d]
V  [jvm.dll+0x7247e3]
V  [jvm.dll+0x242928]
V  [jvm.dll+0xbc4fc]
V  [jvm.dll+0xbca0c]
V  [jvm.dll+0x2b4fd4]
V  [jvm.dll+0x506028]
V  [jvm.dll+0x203253]
V  [jvm.dll+0x1fd07c]
V  [jvm.dll+0x1fa77f]
V  [jvm.dll+0x18354c]
V  [jvm.dll+0x208ee7]
V  [jvm.dll+0x207731]
V  [jvm.dll+0x6eb1cf]
V  [jvm.dll+0x6e3d45]
V  [jvm.dll+0x5ebe96]
C  [ucrtbase.dll+0x21bb2]
C  [KERNEL32.DLL+0x17034]
C  [ntdll.dll+0x52651]


---------------  P R O C E S S  ---------------

Threads class SMR info:
_java_thread_list=0x0000017b3e1851b0, length=42, elements={
0x0000017b1f3ea800, 0x0000017b3af0f800, 0x0000017b3af11000, 0x0000017b3af27800,
0x0000017b3af2b800, 0x0000017b3af2c800, 0x0000017b3af2f800, 0x0000017b3af32000,
0x0000017b3b8f1000, 0x0000017b3b9e8800, 0x0000017b3d1d0800, 0x0000017b3d077000,
0x0000017b3d51f000, 0x0000017b3d0c6000, 0x0000017b3d535000, 0x0000017b3bc6c000,
0x0000017b3c8e5000, 0x0000017b3bd5c800, 0x0000017b3bd5a000, 0x0000017b3bd5d800,
0x0000017b3bd5e000, 0x0000017b3bd5b000, 0x0000017b3bd5f000, 0x0000017b3bd59800,
0x0000017b3bd5b800, 0x0000017b3bd60000, 0x0000017b3dddf000, 0x0000017b3dddf800,
0x0000017b3ddda000, 0x0000017b3dddd000, 0x0000017b3ddde000, 0x0000017b3ddda800,
0x0000017b3dde1000, 0x0000017b3dde2000, 0x0000017b3dddc800, 0x0000017b3dde3800,
0x0000017b3dde6000, 0x0000017b3dde7000, 0x0000017b3dde7800, 0x0000017b3dde5800,
0x0000017b3dde8800, 0x0000017b3dde3000
}

Java Threads: ( => current thread )
  0x0000017b1f3ea800 JavaThread "main" [_thread_blocked, id=4776, stack(0x00000034a2d00000,0x00000034a2e00000)]
  0x0000017b3af0f800 JavaThread "Reference Handler" daemon [_thread_blocked, id=1660, stack(0x00000034a3400000,0x00000034a3500000)]
  0x0000017b3af11000 JavaThread "Finalizer" daemon [_thread_blocked, id=13288, stack(0x00000034a3500000,0x00000034a3600000)]
  0x0000017b3af27800 JavaThread "Signal Dispatcher" daemon [_thread_blocked, id=2460, stack(0x00000034a3600000,0x00000034a3700000)]
  0x0000017b3af2b800 JavaThread "Attach Listener" daemon [_thread_blocked, id=3824, stack(0x00000034a3700000,0x00000034a3800000)]
  0x0000017b3af2c800 JavaThread "Service Thread" daemon [_thread_blocked, id=8464, stack(0x00000034a3800000,0x00000034a3900000)]
=>0x0000017b3af2f800 JavaThread "C2 CompilerThread0" daemon [_thread_in_native, id=11800, stack(0x00000034a3900000,0x00000034a3a00000)]
  0x0000017b3af32000 JavaThread "C1 CompilerThread0" daemon [_thread_blocked, id=2424, stack(0x00000034a3a00000,0x00000034a3b00000)]
  0x0000017b3b8f1000 JavaThread "Sweeper thread" daemon [_thread_blocked, id=7324, stack(0x00000034a3b00000,0x00000034a3c00000)]
  0x0000017b3b9e8800 JavaThread "Common-Cleaner" daemon [_thread_blocked, id=7636, stack(0x00000034a3c00000,0x00000034a3d00000)]
  0x0000017b3d1d0800 JavaThread "Daemon health stats" [_thread_blocked, id=1184, stack(0x00000034a4000000,0x00000034a4100000)]
  0x0000017b3d077000 JavaThread "Incoming local TCP Connector on port 54813" [_thread_in_native, id=1448, stack(0x00000034a4100000,0x00000034a4200000)]
  0x0000017b3d51f000 JavaThread "Daemon periodic checks" [_thread_blocked, id=248, stack(0x00000034a4200000,0x00000034a4300000)]
  0x0000017b3d0c6000 JavaThread "Daemon" [_thread_blocked, id=12680, stack(0x00000034a4300000,0x00000034a4400000)]
  0x0000017b3d535000 JavaThread "Handler for socket connection from /127.0.0.1:54813 to /127.0.0.1:54814" [_thread_in_native, id=6748, stack(0x00000034a4400000,0x00000034a4500000)]
  0x0000017b3bc6c000 JavaThread "Cancel handler" [_thread_blocked, id=10740, stack(0x00000034a4500000,0x00000034a4600000)]
  0x0000017b3c8e5000 JavaThread "Daemon worker" [_thread_blocked, id=12652, stack(0x00000034a4600000,0x00000034a4700000)]
  0x0000017b3bd5c800 JavaThread "Asynchronous log dispatcher for DefaultDaemonConnection: socket connection from /127.0.0.1:54813 to /127.0.0.1:54814" [_thread_blocked, id=2504, stack(0x00000034a4700000,0x00000034a4800000)]
  0x0000017b3bd5a000 JavaThread "Stdin handler" [_thread_blocked, id=11968, stack(0x00000034a4800000,0x00000034a4900000)]
  0x0000017b3bd5d800 JavaThread "Daemon client event forwarder" [_thread_blocked, id=3960, stack(0x00000034a4900000,0x00000034a4a00000)]
  0x0000017b3bd5e000 JavaThread "Cache worker for file hash cache (C:\Users\phung\.gradle\caches\7.0.2\fileHashes)" [_thread_blocked, id=8148, stack(0x00000034a4a00000,0x00000034a4b00000)]
  0x0000017b3bd5b000 JavaThread "File lock request listener" [_thread_in_native, id=6060, stack(0x00000034a4b00000,0x00000034a4c00000)]
  0x0000017b3bd5f000 JavaThread "Cache worker for journal cache (C:\Users\phung\.gradle\caches\journal-1)" [_thread_blocked, id=6344, stack(0x00000034a4d00000,0x00000034a4e00000)]
  0x0000017b3bd59800 JavaThread "Cache worker for file hash cache (C:\Users\phung\AndroidStudioProjects\EmailApp\.gradle\7.0.2\fileHashes)" [_thread_blocked, id=12036, stack(0x00000034a4e00000,0x00000034a4f00000)]
  0x0000017b3bd5b800 JavaThread "File watcher server" daemon [_thread_in_native, id=9212, stack(0x00000034a4f00000,0x00000034a5000000)]
  0x0000017b3bd60000 JavaThread "File watcher consumer" daemon [_thread_blocked, id=844, stack(0x00000034a5000000,0x00000034a5100000)]
  0x0000017b3dddf000 JavaThread "Cache worker for checksums cache (C:\Users\phung\AndroidStudioProjects\EmailApp\.gradle\checksums)" [_thread_blocked, id=4224, stack(0x00000034a5100000,0x00000034a5200000)]
  0x0000017b3dddf800 JavaThread "Cache worker for cache directory md-supplier (C:\Users\phung\.gradle\caches\7.0.2\md-supplier)" [_thread_blocked, id=13264, stack(0x00000034a5200000,0x00000034a5300000)]
  0x0000017b3ddda000 JavaThread "Cache worker for cache directory md-rule (C:\Users\phung\.gradle\caches\7.0.2\md-rule)" [_thread_blocked, id=8768, stack(0x00000034a5300000,0x00000034a5400000)]
  0x0000017b3dddd000 JavaThread "Cache worker for execution history cache (C:\Users\phung\.gradle\caches\7.0.2\executionHistory)" [_thread_blocked, id=10592, stack(0x00000034a5400000,0x00000034a5500000)]
  0x0000017b3ddde000 JavaThread "jar transforms" [_thread_blocked, id=8176, stack(0x00000034a5500000,0x00000034a5600000)]
  0x0000017b3ddda800 JavaThread "jar transforms Thread 2" [_thread_blocked, id=6936, stack(0x00000034a5600000,0x00000034a5700000)]
  0x0000017b3dde1000 JavaThread "Cache worker for file content cache (C:\Users\phung\.gradle\caches\7.0.2\fileContent)" [_thread_blocked, id=12164, stack(0x00000034a5700000,0x00000034a5800000)]
  0x0000017b3dde2000 JavaThread "Cache worker for dependencies-accessors (C:\Users\phung\AndroidStudioProjects\EmailApp\.gradle\7.0.2\dependencies-accessors)" [_thread_blocked, id=1180, stack(0x00000034a5800000,0x00000034a5900000)]
  0x0000017b3dddc800 JavaThread "jar transforms Thread 3" [_thread_blocked, id=5220, stack(0x00000034a5900000,0x00000034a5a00000)]
  0x0000017b3dde3800 JavaThread "Cache worker for Build Output Cleanup Cache (C:\Users\phung\AndroidStudioProjects\EmailApp\.gradle\buildOutputCleanup)" [_thread_blocked, id=11376, stack(0x00000034a5a00000,0x00000034a5b00000)]
  0x0000017b3dde6000 JavaThread "Build operations" [_thread_blocked, id=9668, stack(0x00000034a5b00000,0x00000034a5c00000)]
  0x0000017b3dde7000 JavaThread "Build operations Thread 2" [_thread_blocked, id=11440, stack(0x00000034a5c00000,0x00000034a5d00000)]
  0x0000017b3dde7800 JavaThread "Build operations Thread 3" [_thread_blocked, id=1692, stack(0x00000034a5d00000,0x00000034a5e00000)]
  0x0000017b3dde5800 JavaThread "Build operations Thread 4" [_thread_blocked, id=9116, stack(0x00000034a5e00000,0x00000034a5f00000)]
  0x0000017b3dde8800 JavaThread "jar transforms Thread 4" [_thread_blocked, id=7380, stack(0x00000034a5f00000,0x00000034a6000000)]
  0x0000017b3dde3000 JavaThread "Memory manager" [_thread_blocked, id=3676, stack(0x00000034a6000000,0x00000034a6100000)]

Other Threads:
  0x0000017b3af09000 VMThread "VM Thread" [stack: 0x00000034a3300000,0x00000034a3400000] [id=6940]
  0x0000017b3ba56800 WatcherThread [stack: 0x00000034a3d00000,0x00000034a3e00000] [id=12284]
  0x0000017b1f404000 GCTaskThread "GC Thread#0" [stack: 0x00000034a2e00000,0x00000034a2f00000] [id=11020]
  0x0000017b3bd02000 GCTaskThread "GC Thread#1" [stack: 0x00000034a3e00000,0x00000034a3f00000] [id=10252]
  0x0000017b3badb000 GCTaskThread "GC Thread#2" [stack: 0x00000034a3f00000,0x00000034a4000000] [id=8652]
  0x0000017b3ba18800 GCTaskThread "GC Thread#3" [stack: 0x00000034a4c00000,0x00000034a4d00000] [id=7968]
  0x0000017b1f437000 ConcurrentGCThread "G1 Main Marker" [stack: 0x00000034a2f00000,0x00000034a3000000] [id=8480]
  0x0000017b1f438800 ConcurrentGCThread "G1 Conc#0" [stack: 0x00000034a3000000,0x00000034a3100000] [id=5188]
  0x0000017b1f4c4800 ConcurrentGCThread "G1 Refine#0" [stack: 0x00000034a3100000,0x00000034a3200000] [id=11708]
  0x0000017b1f4c5800 ConcurrentGCThread "G1 Young RemSet Sampling" [stack: 0x00000034a3200000,0x00000034a3300000] [id=6592]

Threads with active compile tasks:
C2 CompilerThread0  22469 5722       4       org.objectweb.asm.Frame::execute (2318 bytes)

VM state:not at safepoint (normal execution)

VM Mutex/Monitor currently owned by a thread: None

Heap address: 0x0000000080000000, size: 2048 MB, Compressed Oops mode: 32-bit
Narrow klass base: 0x0000000000000000, Narrow klass shift: 3
Compressed class space size: 1073741824 Address: 0x0000000100000000

Heap:
 garbage-first heap   total 157696K, used 45431K [0x0000000080000000, 0x0000000100000000)
  region size 1024K, 5 young (5120K), 3 survivors (3072K)
 Metaspace       used 59002K, capacity 60523K, committed 60912K, reserved 1101824K
  class space    used 7468K, capacity 8027K, committed 8140K, reserved 1048576K
Heap Regions: E=young(eden), S=young(survivor), O=old, HS=humongous(starts), HC=humongous(continues), CS=collection set, F=free, A=archive, TAMS=top-at-mark-start (previous, next)
|   0|0x0000000080000000, 0x0000000080100000, 0x0000000080100000|100%| O|  |TAMS 0x0000000080100000, 0x0000000080000000| Untracked 
|   1|0x0000000080100000, 0x0000000080200000, 0x0000000080200000|100%| O|  |TAMS 0x0000000080200000, 0x0000000080100000| Untracked 
|   2|0x0000000080200000, 0x0000000080300000, 0x0000000080300000|100%| O|  |TAMS 0x0000000080300000, 0x0000000080200000| Untracked 
|   3|0x0000000080300000, 0x0000000080400000, 0x0000000080400000|100%|HS|  |TAMS 0x0000000080400000, 0x0000000080300000| Complete 
|   4|0x0000000080400000, 0x0000000080500000, 0x0000000080500000|100%|HC|  |TAMS 0x0000000080500000, 0x0000000080400000| Complete 
|   5|0x0000000080500000, 0x0000000080600000, 0x0000000080600000|100%|HC|  |TAMS 0x0000000080600000, 0x0000000080500000| Complete 
|   6|0x0000000080600000, 0x0000000080700000, 0x0000000080700000|100%| O|  |TAMS 0x0000000080700000, 0x0000000080600000| Untracked 
|   7|0x0000000080700000, 0x0000000080800000, 0x0000000080800000|100%| O|  |TAMS 0x0000000080800000, 0x0000000080700000| Untracked 
|   8|0x0000000080800000, 0x0000000080900000, 0x0000000080900000|100%| O|  |TAMS 0x0000000080900000, 0x0000000080800000| Untracked 
|   9|0x0000000080900000, 0x0000000080a00000, 0x0000000080a00000|100%| O|  |TAMS 0x0000000080a00000, 0x0000000080900000| Untracked 
|  10|0x0000000080a00000, 0x0000000080b00000, 0x0000000080b00000|100%| O|  |TAMS 0x0000000080b00000, 0x0000000080a00000| Untracked 
|  11|0x0000000080b00000, 0x0000000080c00000, 0x0000000080c00000|100%| O|  |TAMS 0x0000000080c00000, 0x0000000080b00000| Untracked 
|  12|0x0000000080c00000, 0x0000000080d00000, 0x0000000080d00000|100%| O|  |TAMS 0x0000000080d00000, 0x0000000080c00000| Untracked 
|  13|0x0000000080d00000, 0x0000000080e00000, 0x0000000080e00000|100%| O|  |TAMS 0x0000000080e00000, 0x0000000080d00000| Untracked 
|  14|0x0000000080e00000, 0x0000000080f00000, 0x0000000080f00000|100%| O|  |TAMS 0x0000000080f00000, 0x0000000080e00000| Untracked 
|  15|0x0000000080f00000, 0x0000000081000000, 0x0000000081000000|100%| O|  |TAMS 0x0000000081000000, 0x0000000080f00000| Untracked 
|  16|0x0000000081000000, 0x0000000081100000, 0x0000000081100000|100%|HS|  |TAMS 0x0000000081100000, 0x0000000081000000| Complete 
|  17|0x0000000081100000, 0x0000000081200000, 0x0000000081200000|100%| O|  |TAMS 0x0000000081200000, 0x0000000081100000| Untracked 
|  18|0x0000000081200000, 0x0000000081300000, 0x0000000081300000|100%| O|  |TAMS 0x0000000081300000, 0x0000000081200000| Untracked 
|  19|0x0000000081300000, 0x0000000081400000, 0x0000000081400000|100%| O|  |TAMS 0x0000000081400000, 0x0000000081300000| Untracked 
|  20|0x0000000081400000, 0x0000000081500000, 0x0000000081500000|100%| O|  |TAMS 0x0000000081500000, 0x0000000081400000| Untracked 
|  21|0x0000000081500000, 0x0000000081600000, 0x0000000081600000|100%| O|  |TAMS 0x0000000081600000, 0x0000000081500000| Untracked 
|  22|0x0000000081600000, 0x0000000081700000, 0x0000000081700000|100%| O|  |TAMS 0x0000000081700000, 0x0000000081600000| Untracked 
|  23|0x0000000081700000, 0x0000000081800000, 0x0000000081800000|100%|HS|  |TAMS 0x0000000081800000, 0x0000000081700000| Complete 
|  24|0x0000000081800000, 0x0000000081900000, 0x0000000081900000|100%|HS|  |TAMS 0x0000000081900000, 0x0000000081800000| Complete 
|  25|0x0000000081900000, 0x0000000081a00000, 0x0000000081a00000|100%|HC|  |TAMS 0x0000000081a00000, 0x0000000081900000| Complete 
|  26|0x0000000081a00000, 0x0000000081b00000, 0x0000000081b00000|100%| O|  |TAMS 0x0000000081b00000, 0x0000000081a00000| Untracked 
|  27|0x0000000081b00000, 0x0000000081c00000, 0x0000000081c00000|100%| O|  |TAMS 0x0000000081c00000, 0x0000000081b00000| Untracked 
|  28|0x0000000081c00000, 0x0000000081d00000, 0x0000000081d00000|100%| O|  |TAMS 0x0000000081d00000, 0x0000000081c00000| Untracked 
|  29|0x0000000081d00000, 0x0000000081e00000, 0x0000000081e00000|100%| O|  |TAMS 0x0000000081e00000, 0x0000000081d00000| Untracked 
|  30|0x0000000081e00000, 0x0000000081f00000, 0x0000000081f00000|100%| O|  |TAMS 0x0000000081f00000, 0x0000000081e00000| Untracked 
|  31|0x0000000081f00000, 0x0000000082000000, 0x0000000082000000|100%| O|  |TAMS 0x0000000082000000, 0x0000000081f00000| Untracked 
|  32|0x0000000082000000, 0x0000000082100000, 0x0000000082100000|100%| O|  |TAMS 0x0000000082100000, 0x0000000082000000| Untracked 
|  33|0x0000000082100000, 0x0000000082200000, 0x0000000082200000|100%| O|  |TAMS 0x0000000082200000, 0x0000000082100000| Untracked 
|  34|0x0000000082200000, 0x0000000082300000, 0x0000000082300000|100%| O|  |TAMS 0x0000000082300000, 0x0000000082200000| Untracked 
|  35|0x0000000082300000, 0x0000000082400000, 0x0000000082400000|100%| O|  |TAMS 0x0000000082400000, 0x0000000082300000| Untracked 
|  36|0x0000000082400000, 0x0000000082500000, 0x0000000082500000|100%| O|  |TAMS 0x0000000082500000, 0x0000000082400000| Untracked 
|  37|0x0000000082500000, 0x0000000082600000, 0x0000000082600000|100%| O|  |TAMS 0x0000000082600000, 0x0000000082500000| Untracked 
|  38|0x0000000082600000, 0x0000000082700000, 0x0000000082700000|100%| O|  |TAMS 0x0000000082700000, 0x0000000082600000| Untracked 
|  39|0x0000000082700000, 0x0000000082800000, 0x0000000082800000|100%| O|  |TAMS 0x0000000082800000, 0x0000000082700000| Untracked 
|  40|0x0000000082800000, 0x0000000082899200, 0x0000000082900000| 59%| O|  |TAMS 0x0000000082899200, 0x0000000082800000| Untracked 
|  41|0x0000000082900000, 0x0000000082900000, 0x0000000082a00000|  0%| F|  |TAMS 0x0000000082900000, 0x0000000082900000| Untracked 
|  42|0x0000000082a00000, 0x0000000082a00000, 0x0000000082b00000|  0%| F|  |TAMS 0x0000000082a00000, 0x0000000082a00000| Untracked 
|  43|0x0000000082b00000, 0x0000000082b00000, 0x0000000082c00000|  0%| F|  |TAMS 0x0000000082b00000, 0x0000000082b00000| Untracked 
|  44|0x0000000082c00000, 0x0000000082c00000, 0x0000000082d00000|  0%| F|  |TAMS 0x0000000082c00000, 0x0000000082c00000| Untracked 
|  45|0x0000000082d00000, 0x0000000082d00000, 0x0000000082e00000|  0%| F|  |TAMS 0x0000000082d00000, 0x0000000082d00000| Untracked 
|  46|0x0000000082e00000, 0x0000000082e00000, 0x0000000082f00000|  0%| F|  |TAMS 0x0000000082e00000, 0x0000000082e00000| Untracked 
|  47|0x0000000082f00000, 0x0000000082f00000, 0x0000000083000000|  0%| F|  |TAMS 0x0000000082f00000, 0x0000000082f00000| Untracked 
|  48|0x0000000083000000, 0x0000000083000000, 0x0000000083100000|  0%| F|  |TAMS 0x0000000083000000, 0x0000000083000000| Untracked 
|  49|0x0000000083100000, 0x0000000083100000, 0x0000000083200000|  0%| F|  |TAMS 0x0000000083100000, 0x0000000083100000| Untracked 
|  50|0x0000000083200000, 0x0000000083200000, 0x0000000083300000|  0%| F|  |TAMS 0x0000000083200000, 0x0000000083200000| Untracked 
|  51|0x0000000083300000, 0x0000000083300000, 0x0000000083400000|  0%| F|  |TAMS 0x0000000083300000, 0x0000000083300000| Untracked 
|  52|0x0000000083400000, 0x0000000083400000, 0x0000000083500000|  0%| F|  |TAMS 0x0000000083400000, 0x0000000083400000| Untracked 
|  53|0x0000000083500000, 0x0000000083500000, 0x0000000083600000|  0%| F|  |TAMS 0x0000000083500000, 0x0000000083500000| Untracked 
|  54|0x0000000083600000, 0x0000000083600000, 0x0000000083700000|  0%| F|  |TAMS 0x0000000083600000, 0x0000000083600000| Untracked 
|  55|0x0000000083700000, 0x0000000083700000, 0x0000000083800000|  0%| F|  |TAMS 0x0000000083700000, 0x0000000083700000| Untracked 
|  56|0x0000000083800000, 0x0000000083800000, 0x0000000083900000|  0%| F|  |TAMS 0x0000000083800000, 0x0000000083800000| Untracked 
|  57|0x0000000083900000, 0x0000000083900000, 0x0000000083a00000|  0%| F|  |TAMS 0x0000000083900000, 0x0000000083900000| Untracked 
|  58|0x0000000083a00000, 0x0000000083a00000, 0x0000000083b00000|  0%| F|  |TAMS 0x0000000083a00000, 0x0000000083a00000| Untracked 
|  59|0x0000000083b00000, 0x0000000083b00000, 0x0000000083c00000|  0%| F|  |TAMS 0x0000000083b00000, 0x0000000083b00000| Untracked 
|  60|0x0000000083c00000, 0x0000000083c00000, 0x0000000083d00000|  0%| F|  |TAMS 0x0000000083c00000, 0x0000000083c00000| Untracked 
|  61|0x0000000083d00000, 0x0000000083d00000, 0x0000000083e00000|  0%| F|  |TAMS 0x0000000083d00000, 0x0000000083d00000| Untracked 
|  62|0x0000000083e00000, 0x0000000083e00000, 0x0000000083f00000|  0%| F|  |TAMS 0x0000000083e00000, 0x0000000083e00000| Untracked 
|  63|0x0000000083f00000, 0x0000000083f00000, 0x0000000084000000|  0%| F|  |TAMS 0x0000000083f00000, 0x0000000083f00000| Untracked 
|  64|0x0000000084000000, 0x0000000084000000, 0x0000000084100000|  0%| F|  |TAMS 0x0000000084000000, 0x0000000084000000| Untracked 
|  65|0x0000000084100000, 0x0000000084100000, 0x0000000084200000|  0%| F|  |TAMS 0x0000000084100000, 0x0000000084100000| Untracked 
|  66|0x0000000084200000, 0x0000000084200000, 0x0000000084300000|  0%| F|  |TAMS 0x0000000084200000, 0x0000000084200000| Untracked 
|  67|0x0000000084300000, 0x0000000084300000, 0x0000000084400000|  0%| F|  |TAMS 0x0000000084300000, 0x0000000084300000| Untracked 
|  68|0x0000000084400000, 0x0000000084400000, 0x0000000084500000|  0%| F|  |TAMS 0x0000000084400000, 0x0000000084400000| Untracked 
|  69|0x0000000084500000, 0x0000000084500000, 0x0000000084600000|  0%| F|  |TAMS 0x0000000084500000, 0x0000000084500000| Untracked 
|  70|0x0000000084600000, 0x0000000084600000, 0x0000000084700000|  0%| F|  |TAMS 0x0000000084600000, 0x0000000084600000| Untracked 
|  71|0x0000000084700000, 0x0000000084700000, 0x0000000084800000|  0%| F|  |TAMS 0x0000000084700000, 0x0000000084700000| Untracked 
|  72|0x0000000084800000, 0x0000000084800000, 0x0000000084900000|  0%| F|  |TAMS 0x0000000084800000, 0x0000000084800000| Untracked 
|  73|0x0000000084900000, 0x0000000084900000, 0x0000000084a00000|  0%| F|  |TAMS 0x0000000084900000, 0x0000000084900000| Untracked 
|  74|0x0000000084a00000, 0x0000000084a00000, 0x0000000084b00000|  0%| F|  |TAMS 0x0000000084a00000, 0x0000000084a00000| Untracked 
|  75|0x0000000084b00000, 0x0000000084b00000, 0x0000000084c00000|  0%| F|  |TAMS 0x0000000084b00000, 0x0000000084b00000| Untracked 
|  76|0x0000000084c00000, 0x0000000084c00000, 0x0000000084d00000|  0%| F|  |TAMS 0x0000000084c00000, 0x0000000084c00000| Untracked 
|  77|0x0000000084d00000, 0x0000000084d00000, 0x0000000084e00000|  0%| F|  |TAMS 0x0000000084d00000, 0x0000000084d00000| Untracked 
|  78|0x0000000084e00000, 0x0000000084e00000, 0x0000000084f00000|  0%| F|  |TAMS 0x0000000084e00000, 0x0000000084e00000| Untracked 
|  79|0x0000000084f00000, 0x0000000084f00000, 0x0000000085000000|  0%| F|  |TAMS 0x0000000084f00000, 0x0000000084f00000| Untracked 
|  80|0x0000000085000000, 0x0000000085000000, 0x0000000085100000|  0%| F|  |TAMS 0x0000000085000000, 0x0000000085000000| Untracked 
|  81|0x0000000085100000, 0x0000000085100000, 0x0000000085200000|  0%| F|  |TAMS 0x0000000085100000, 0x0000000085100000| Untracked 
|  82|0x0000000085200000, 0x0000000085200000, 0x0000000085300000|  0%| F|  |TAMS 0x0000000085200000, 0x0000000085200000| Untracked 
|  83|0x0000000085300000, 0x0000000085300000, 0x0000000085400000|  0%| F|  |TAMS 0x0000000085300000, 0x0000000085300000| Untracked 
|  84|0x0000000085400000, 0x0000000085400000, 0x0000000085500000|  0%| F|  |TAMS 0x0000000085400000, 0x0000000085400000| Untracked 
|  85|0x0000000085500000, 0x0000000085500000, 0x0000000085600000|  0%| F|  |TAMS 0x0000000085500000, 0x0000000085500000| Untracked 
|  86|0x0000000085600000, 0x0000000085600000, 0x0000000085700000|  0%| F|  |TAMS 0x0000000085600000, 0x0000000085600000| Untracked 
|  87|0x0000000085700000, 0x0000000085700000, 0x0000000085800000|  0%| F|  |TAMS 0x0000000085700000, 0x0000000085700000| Untracked 
|  88|0x0000000085800000, 0x0000000085800000, 0x0000000085900000|  0%| F|  |TAMS 0x0000000085800000, 0x0000000085800000| Untracked 
|  89|0x0000000085900000, 0x0000000085900000, 0x0000000085a00000|  0%| F|  |TAMS 0x0000000085900000, 0x0000000085900000| Untracked 
|  90|0x0000000085a00000, 0x0000000085a00000, 0x0000000085b00000|  0%| F|  |TAMS 0x0000000085a00000, 0x0000000085a00000| Untracked 
|  91|0x0000000085b00000, 0x0000000085b00000, 0x0000000085c00000|  0%| F|  |TAMS 0x0000000085b00000, 0x0000000085b00000| Untracked 
|  92|0x0000000085c00000, 0x0000000085c00000, 0x0000000085d00000|  0%| F|  |TAMS 0x0000000085c00000, 0x0000000085c00000| Untracked 
|  93|0x0000000085d00000, 0x0000000085d00000, 0x0000000085e00000|  0%| F|  |TAMS 0x0000000085d00000, 0x0000000085d00000| Untracked 
|  94|0x0000000085e00000, 0x0000000085e00000, 0x0000000085f00000|  0%| F|  |TAMS 0x0000000085e00000, 0x0000000085e00000| Untracked 
|  95|0x0000000085f00000, 0x0000000085f00000, 0x0000000086000000|  0%| F|  |TAMS 0x0000000085f00000, 0x0000000085f00000| Untracked 
|  96|0x0000000086000000, 0x0000000086000000, 0x0000000086100000|  0%| F|  |TAMS 0x0000000086000000, 0x0000000086000000| Untracked 
|  97|0x0000000086100000, 0x0000000086100000, 0x0000000086200000|  0%| F|  |TAMS 0x0000000086100000, 0x0000000086100000| Untracked 
|  98|0x0000000086200000, 0x0000000086200000, 0x0000000086300000|  0%| F|  |TAMS 0x0000000086200000, 0x0000000086200000| Untracked 
|  99|0x0000000086300000, 0x0000000086300000, 0x0000000086400000|  0%| F|  |TAMS 0x0000000086300000, 0x0000000086300000| Untracked 
| 100|0x0000000086400000, 0x0000000086400000, 0x0000000086500000|  0%| F|  |TAMS 0x0000000086400000, 0x0000000086400000| Untracked 
| 101|0x0000000086500000, 0x0000000086500000, 0x0000000086600000|  0%| F|  |TAMS 0x0000000086500000, 0x0000000086500000| Untracked 
| 102|0x0000000086600000, 0x0000000086600000, 0x0000000086700000|  0%| F|  |TAMS 0x0000000086600000, 0x0000000086600000| Untracked 
| 103|0x0000000086700000, 0x0000000086700000, 0x0000000086800000|  0%| F|  |TAMS 0x0000000086700000, 0x0000000086700000| Untracked 
| 104|0x0000000086800000, 0x0000000086800000, 0x0000000086900000|  0%| F|  |TAMS 0x0000000086800000, 0x0000000086800000| Untracked 
| 105|0x0000000086900000, 0x0000000086900000, 0x0000000086a00000|  0%| F|  |TAMS 0x0000000086900000, 0x0000000086900000| Untracked 
| 106|0x0000000086a00000, 0x0000000086a00000, 0x0000000086b00000|  0%| F|  |TAMS 0x0000000086a00000, 0x0000000086a00000| Untracked 
| 107|0x0000000086b00000, 0x0000000086b00000, 0x0000000086c00000|  0%| F|  |TAMS 0x0000000086b00000, 0x0000000086b00000| Untracked 
| 108|0x0000000086c00000, 0x0000000086c00000, 0x0000000086d00000|  0%| F|  |TAMS 0x0000000086c00000, 0x0000000086c00000| Untracked 
| 109|0x0000000086d00000, 0x0000000086d00000, 0x0000000086e00000|  0%| F|  |TAMS 0x0000000086d00000, 0x0000000086d00000| Untracked 
| 110|0x0000000086e00000, 0x0000000086e00000, 0x0000000086f00000|  0%| F|  |TAMS 0x0000000086e00000, 0x0000000086e00000| Untracked 
| 111|0x0000000086f00000, 0x0000000086f00000, 0x0000000087000000|  0%| F|  |TAMS 0x0000000086f00000, 0x0000000086f00000| Untracked 
| 112|0x0000000087000000, 0x0000000087000000, 0x0000000087100000|  0%| F|  |TAMS 0x0000000087000000, 0x0000000087000000| Untracked 
| 113|0x0000000087100000, 0x0000000087100000, 0x0000000087200000|  0%| F|  |TAMS 0x0000000087100000, 0x0000000087100000| Untracked 
| 114|0x0000000087200000, 0x00000000872c4bb0, 0x0000000087300000| 76%| S|CS|TAMS 0x0000000087200000, 0x0000000087200000| Complete 
| 115|0x0000000087300000, 0x0000000087400000, 0x0000000087400000|100%| S|CS|TAMS 0x0000000087300000, 0x0000000087300000| Complete 
| 116|0x0000000087400000, 0x0000000087500000, 0x0000000087500000|100%| S|CS|TAMS 0x0000000087400000, 0x0000000087400000| Complete 
| 117|0x0000000087500000, 0x0000000087500000, 0x0000000087600000|  0%| F|  |TAMS 0x0000000087500000, 0x0000000087500000| Untracked 
| 118|0x0000000087600000, 0x0000000087600000, 0x0000000087700000|  0%| F|  |TAMS 0x0000000087600000, 0x0000000087600000| Untracked 
| 119|0x0000000087700000, 0x0000000087700000, 0x0000000087800000|  0%| F|  |TAMS 0x0000000087700000, 0x0000000087700000| Untracked 
| 120|0x0000000087800000, 0x0000000087800000, 0x0000000087900000|  0%| F|  |TAMS 0x0000000087800000, 0x0000000087800000| Untracked 
| 121|0x0000000087900000, 0x0000000087900000, 0x0000000087a00000|  0%| F|  |TAMS 0x0000000087900000, 0x0000000087900000| Untracked 
| 122|0x0000000087a00000, 0x0000000087a00000, 0x0000000087b00000|  0%| F|  |TAMS 0x0000000087a00000, 0x0000000087a00000| Untracked 
| 123|0x0000000087b00000, 0x0000000087b00000, 0x0000000087c00000|  0%| F|  |TAMS 0x0000000087b00000, 0x0000000087b00000| Untracked 
| 124|0x0000000087c00000, 0x0000000087c00000, 0x0000000087d00000|  0%| F|  |TAMS 0x0000000087c00000, 0x0000000087c00000| Untracked 
| 125|0x0000000087d00000, 0x0000000087d00000, 0x0000000087e00000|  0%| F|  |TAMS 0x0000000087d00000, 0x0000000087d00000| Untracked 
| 126|0x0000000087e00000, 0x0000000087e00000, 0x0000000087f00000|  0%| F|  |TAMS 0x0000000087e00000, 0x0000000087e00000| Untracked 
| 127|0x0000000087f00000, 0x0000000087f00000, 0x0000000088000000|  0%| F|  |TAMS 0x0000000087f00000, 0x0000000087f00000| Untracked 
| 128|0x0000000088000000, 0x0000000088000000, 0x0000000088100000|  0%| F|  |TAMS 0x0000000088000000, 0x0000000088000000| Untracked 
| 129|0x0000000088100000, 0x0000000088100000, 0x0000000088200000|  0%| F|  |TAMS 0x0000000088100000, 0x0000000088100000| Untracked 
| 130|0x0000000088200000, 0x0000000088200000, 0x0000000088300000|  0%| F|  |TAMS 0x0000000088200000, 0x0000000088200000| Untracked 
| 131|0x0000000088300000, 0x0000000088300000, 0x0000000088400000|  0%| F|  |TAMS 0x0000000088300000, 0x0000000088300000| Untracked 
| 132|0x0000000088400000, 0x0000000088400000, 0x0000000088500000|  0%| F|  |TAMS 0x0000000088400000, 0x0000000088400000| Untracked 
| 133|0x0000000088500000, 0x0000000088500000, 0x0000000088600000|  0%| F|  |TAMS 0x0000000088500000, 0x0000000088500000| Untracked 
| 134|0x0000000088600000, 0x0000000088600000, 0x0000000088700000|  0%| F|  |TAMS 0x0000000088600000, 0x0000000088600000| Untracked 
| 135|0x0000000088700000, 0x0000000088700000, 0x0000000088800000|  0%| F|  |TAMS 0x0000000088700000, 0x0000000088700000| Untracked 
| 136|0x0000000088800000, 0x0000000088800000, 0x0000000088900000|  0%| F|  |TAMS 0x0000000088800000, 0x0000000088800000| Untracked 
| 137|0x0000000088900000, 0x0000000088900000, 0x0000000088a00000|  0%| F|  |TAMS 0x0000000088900000, 0x0000000088900000| Untracked 
| 138|0x0000000088a00000, 0x0000000088a00000, 0x0000000088b00000|  0%| F|  |TAMS 0x0000000088a00000, 0x0000000088a00000| Untracked 
| 139|0x0000000088b00000, 0x0000000088b00000, 0x0000000088c00000|  0%| F|  |TAMS 0x0000000088b00000, 0x0000000088b00000| Untracked 
| 140|0x0000000088c00000, 0x0000000088c00000, 0x0000000088d00000|  0%| F|  |TAMS 0x0000000088c00000, 0x0000000088c00000| Untracked 
| 141|0x0000000088d00000, 0x0000000088d00000, 0x0000000088e00000|  0%| F|  |TAMS 0x0000000088d00000, 0x0000000088d00000| Untracked 
| 142|0x0000000088e00000, 0x0000000088e00000, 0x0000000088f00000|  0%| F|  |TAMS 0x0000000088e00000, 0x0000000088e00000| Untracked 
| 143|0x0000000088f00000, 0x0000000088f00000, 0x0000000089000000|  0%| F|  |TAMS 0x0000000088f00000, 0x0000000088f00000| Untracked 
| 144|0x0000000089000000, 0x0000000089000000, 0x0000000089100000|  0%| F|  |TAMS 0x0000000089000000, 0x0000000089000000| Untracked 
| 145|0x0000000089100000, 0x0000000089100000, 0x0000000089200000|  0%| F|  |TAMS 0x0000000089100000, 0x0000000089100000| Untracked 
| 146|0x0000000089200000, 0x0000000089200000, 0x0000000089300000|  0%| F|  |TAMS 0x0000000089200000, 0x0000000089200000| Untracked 
| 147|0x0000000089300000, 0x0000000089300000, 0x0000000089400000|  0%| F|  |TAMS 0x0000000089300000, 0x0000000089300000| Untracked 
| 148|0x0000000089400000, 0x0000000089400000, 0x0000000089500000|  0%| F|  |TAMS 0x0000000089400000, 0x0000000089400000| Untracked 
| 149|0x0000000089500000, 0x0000000089500000, 0x0000000089600000|  0%| F|  |TAMS 0x0000000089500000, 0x0000000089500000| Untracked 
| 150|0x0000000089600000, 0x0000000089600000, 0x0000000089700000|  0%| F|  |TAMS 0x0000000089600000, 0x0000000089600000| Untracked 
| 151|0x0000000089700000, 0x0000000089700000, 0x0000000089800000|  0%| F|  |TAMS 0x0000000089700000, 0x0000000089700000| Untracked 
| 152|0x0000000089800000, 0x0000000089887040, 0x0000000089900000| 52%| E|  |TAMS 0x0000000089800000, 0x0000000089800000| Complete 
| 153|0x0000000089900000, 0x0000000089a00000, 0x0000000089a00000|100%| E|CS|TAMS 0x0000000089900000, 0x0000000089900000| Complete 

Card table byte_map: [0x0000017b340d0000,0x0000017b344d0000] _byte_map_base: 0x0000017b33cd0000

Marking Bits (Prev, Next): (CMBitMap*) 0x0000017b1f42e160, (CMBitMap*) 0x0000017b1f42e128
 Prev Bits: [0x0000017b368d0000, 0x0000017b388d0000)
 Next Bits: [0x0000017b348d0000, 0x0000017b368d0000)

Polling page: 0x0000017b1f2c0000

Metaspace:

Usage:
  Non-class:     51.27 MB capacity,    50.34 MB ( 98%) used,   798.62 KB (  2%) free+waste,   152.38 KB ( <1%) overhead. 
      Class:      7.84 MB capacity,     7.30 MB ( 93%) used,   483.90 KB (  6%) free+waste,    72.06 KB ( <1%) overhead. 
       Both:     59.10 MB capacity,    57.63 MB ( 98%) used,     1.25 MB (  2%) free+waste,   224.44 KB ( <1%) overhead. 

Virtual space:
  Non-class space:       52.00 MB reserved,      51.54 MB (>99%) committed 
      Class space:        1.00 GB reserved,       7.95 MB ( <1%) committed 
             Both:        1.05 GB reserved,      59.48 MB (  6%) committed 

Chunk freelists:
   Non-Class:  44.00 KB
       Class:  5.00 KB
        Both:  49.00 KB

MaxMetaspaceSize: 17179869184.00 GB
CompressedClassSpaceSize: 1.00 GB

CodeHeap 'non-profiled nmethods': size=120064Kb used=2794Kb max_used=2794Kb free=117269Kb
 bounds [0x0000017b2c160000, 0x0000017b2c420000, 0x0000017b336a0000]
CodeHeap 'profiled nmethods': size=120000Kb used=12380Kb max_used=12380Kb free=107619Kb
 bounds [0x0000017b24c30000, 0x0000017b25850000, 0x0000017b2c160000]
CodeHeap 'non-nmethods': size=5696Kb used=2251Kb max_used=2285Kb free=3445Kb
 bounds [0x0000017b246a0000, 0x0000017b24910000, 0x0000017b24c30000]
 total_blobs=6573 nmethods=5738 adapters=746
 compilation: enabled
              stopped_count=0, restarted_count=0
 full_count=0

Compilation events (20 events):
Event: 22.361 Thread 0x0000017b3af32000 5758       3       sun.security.util.CurveDB::bi (11 bytes)
Event: 22.361 Thread 0x0000017b3af32000 nmethod 5758 0x0000017b2583b810 code [0x0000017b2583b9c0, 0x0000017b2583bb48]
Event: 22.363 Thread 0x0000017b3af32000 5760       3       java.math.BigInteger::trustedStripLeadingZeroInts (37 bytes)
Event: 22.363 Thread 0x0000017b3af32000 nmethod 5760 0x0000017b2583bc10 code [0x0000017b2583bde0, 0x0000017b2583c048]
Event: 22.364 Thread 0x0000017b3af32000 5761       1       java.math.BigInteger::signum (5 bytes)
Event: 22.364 Thread 0x0000017b3af32000 nmethod 5761 0x0000017b2c41a410 code [0x0000017b2c41a5c0, 0x0000017b2c41a678]
Event: 22.369 Thread 0x0000017b3af32000 5762       3       sun.security.util.DerInputStream::getLength (243 bytes)
Event: 22.372 Thread 0x0000017b3af32000 nmethod 5762 0x0000017b2583c190 code [0x0000017b2583c6c0, 0x0000017b2583ebd8]
Event: 22.372 Thread 0x0000017b3af32000 5763       3       java.io.ByteArrayInputStream::<init> (26 bytes)
Event: 22.373 Thread 0x0000017b3af32000 nmethod 5763 0x0000017b2583f810 code [0x0000017b2583f9e0, 0x0000017b2583fc18]
Event: 22.373 Thread 0x0000017b3af32000 5764       3       sun.security.util.DerInputStream::available (8 bytes)
Event: 22.373 Thread 0x0000017b3af32000 nmethod 5764 0x0000017b2583fd10 code [0x0000017b2583fec0, 0x0000017b25840238]
Event: 22.375 Thread 0x0000017b3af32000 5765       3       java.io.ByteArrayOutputStream::<init> (43 bytes)
Event: 22.376 Thread 0x0000017b3af32000 nmethod 5765 0x0000017b25840310 code [0x0000017b25840580, 0x0000017b25840f98]
Event: 22.378 Thread 0x0000017b3af32000 5766       3       java.util.jar.Manifest::read (340 bytes)
Event: 22.381 Thread 0x0000017b3af32000 nmethod 5766 0x0000017b25841310 code [0x0000017b25841700, 0x0000017b25843338]
Event: 22.382 Thread 0x0000017b3af32000 5767       3       java.lang.ThreadLocal::get (38 bytes)
Event: 22.382 Thread 0x0000017b3af32000 nmethod 5767 0x0000017b25843e90 code [0x0000017b25844080, 0x0000017b25844348]
Event: 22.412 Thread 0x0000017b3af32000 5769       3       sun.security.util.DerInputStream::<init> (19 bytes)
Event: 22.412 Thread 0x0000017b3af32000 nmethod 5769 0x0000017b25844490 code [0x0000017b25844660, 0x0000017b258448f8]

GC Heap History (20 events):
Event: 1.330 GC heap before
{Heap before GC invocations=0 (full 0):
 garbage-first heap   total 131072K, used 19456K [0x0000000080000000, 0x0000000100000000)
  region size 1024K, 14 young (14336K), 0 survivors (0K)
 Metaspace       used 6738K, capacity 6929K, committed 7168K, reserved 1056768K
  class space    used 582K, capacity 650K, committed 768K, reserved 1048576K
}
Event: 1.349 GC heap after
{Heap after GC invocations=1 (full 0):
 garbage-first heap   total 131072K, used 7880K [0x0000000080000000, 0x0000000100000000)
  region size 1024K, 2 young (2048K), 2 survivors (2048K)
 Metaspace       used 6738K, capacity 6929K, committed 7168K, reserved 1056768K
  class space    used 582K, capacity 650K, committed 768K, reserved 1048576K
}
Event: 2.439 GC heap before
{Heap before GC invocations=1 (full 0):
 garbage-first heap   total 131072K, used 20168K [0x0000000080000000, 0x0000000100000000)
  region size 1024K, 14 young (14336K), 2 survivors (2048K)
 Metaspace       used 9856K, capacity 10058K, committed 10112K, reserved 1058816K
  class space    used 1021K, capacity 1102K, committed 1152K, reserved 1048576K
}
Event: 2.443 GC heap after
{Heap after GC invocations=2 (full 0):
 garbage-first heap   total 131072K, used 9042K [0x0000000080000000, 0x0000000100000000)
  region size 1024K, 2 young (2048K), 2 survivors (2048K)
 Metaspace       used 9856K, capacity 10058K, committed 10112K, reserved 1058816K
  class space    used 1021K, capacity 1102K, committed 1152K, reserved 1048576K
}
Event: 3.542 GC heap before
{Heap before GC invocations=2 (full 0):
 garbage-first heap   total 131072K, used 38738K [0x0000000080000000, 0x0000000100000000)
  region size 1024K, 31 young (31744K), 2 survivors (2048K)
 Metaspace       used 10782K, capacity 11011K, committed 11264K, reserved 1058816K
  class space    used 1124K, capacity 1206K, committed 1280K, reserved 1048576K
}
Event: 3.546 GC heap after
{Heap after GC invocations=3 (full 0):
 garbage-first heap   total 131072K, used 11425K [0x0000000080000000, 0x0000000100000000)
  region size 1024K, 4 young (4096K), 4 survivors (4096K)
 Metaspace       used 10782K, capacity 11011K, committed 11264K, reserved 1058816K
  class space    used 1124K, capacity 1206K, committed 1280K, reserved 1048576K
}
Event: 7.027 GC heap before
{Heap before GC invocations=3 (full 0):
 garbage-first heap   total 131072K, used 74913K [0x0000000080000000, 0x0000000100000000)
  region size 1024K, 67 young (68608K), 4 survivors (4096K)
 Metaspace       used 20637K, capacity 21158K, committed 21296K, reserved 1069056K
  class space    used 2513K, capacity 2688K, committed 2688K, reserved 1048576K
}
Event: 7.045 GC heap after
{Heap after GC invocations=4 (full 0):
 garbage-first heap   total 131072K, used 16485K [0x0000000080000000, 0x0000000100000000)
  region size 1024K, 9 young (9216K), 9 survivors (9216K)
 Metaspace       used 20637K, capacity 21158K, committed 21296K, reserved 1069056K
  class space    used 2513K, capacity 2688K, committed 2688K, reserved 1048576K
}
Event: 8.924 GC heap before
{Heap before GC invocations=5 (full 0):
 garbage-first heap   total 131072K, used 83045K [0x0000000080000000, 0x0000000100000000)
  region size 1024K, 74 young (75776K), 9 survivors (9216K)
 Metaspace       used 27087K, capacity 27741K, committed 27824K, reserved 1073152K
  class space    used 3577K, capacity 3825K, committed 3840K, reserved 1048576K
}
Event: 8.938 GC heap after
{Heap after GC invocations=6 (full 0):
 garbage-first heap   total 131072K, used 19170K [0x0000000080000000, 0x0000000100000000)
  region size 1024K, 3 young (3072K), 3 survivors (3072K)
 Metaspace       used 27087K, capacity 27741K, committed 27824K, reserved 1073152K
  class space    used 3577K, capacity 3825K, committed 3840K, reserved 1048576K
}
Event: 10.911 GC heap before
{Heap before GC invocations=6 (full 0):
 garbage-first heap   total 131072K, used 60130K [0x0000000080000000, 0x0000000100000000)
  region size 1024K, 45 young (46080K), 3 survivors (3072K)
 Metaspace       used 34863K, capacity 35614K, committed 35708K, reserved 1081344K
  class space    used 4535K, capacity 4832K, committed 4864K, reserved 1048576K
}
Event: 10.928 GC heap after
{Heap after GC invocations=7 (full 0):
 garbage-first heap   total 131072K, used 22420K [0x0000000080000000, 0x0000000100000000)
  region size 1024K, 6 young (6144K), 6 survivors (6144K)
 Metaspace       used 34863K, capacity 35614K, committed 35708K, reserved 1081344K
  class space    used 4535K, capacity 4832K, committed 4864K, reserved 1048576K
}
Event: 13.740 GC heap before
{Heap before GC invocations=8 (full 0):
 garbage-first heap   total 131072K, used 94100K [0x0000000080000000, 0x0000000100000000)
  region size 1024K, 74 young (75776K), 6 survivors (6144K)
 Metaspace       used 40224K, capacity 41168K, committed 41212K, reserved 1085440K
  class space    used 5159K, capacity 5499K, committed 5504K, reserved 1048576K
}
Event: 13.762 GC heap after
{Heap after GC invocations=9 (full 0):
 garbage-first heap   total 131072K, used 27266K [0x0000000080000000, 0x0000000100000000)
  region size 1024K, 9 young (9216K), 9 survivors (9216K)
 Metaspace       used 40224K, capacity 41168K, committed 41212K, reserved 1085440K
  class space    used 5159K, capacity 5499K, committed 5504K, reserved 1048576K
}
Event: 16.183 GC heap before
{Heap before GC invocations=9 (full 0):
 garbage-first heap   total 131072K, used 94850K [0x0000000080000000, 0x0000000100000000)
  region size 1024K, 75 young (76800K), 9 survivors (9216K)
 Metaspace       used 46021K, capacity 47216K, committed 47484K, reserved 1091584K
  class space    used 5890K, capacity 6300K, committed 6400K, reserved 1048576K
}
Event: 16.205 GC heap after
{Heap after GC invocations=10 (full 0):
 garbage-first heap   total 157696K, used 30225K [0x0000000080000000, 0x0000000100000000)
  region size 1024K, 9 young (9216K), 9 survivors (9216K)
 Metaspace       used 46021K, capacity 47216K, committed 47484K, reserved 1091584K
  class space    used 5890K, capacity 6300K, committed 6400K, reserved 1048576K
}
Event: 20.062 GC heap before
{Heap before GC invocations=10 (full 0):
 garbage-first heap   total 157696K, used 109073K [0x0000000080000000, 0x0000000100000000)
  region size 1024K, 83 young (84992K), 9 survivors (9216K)
 Metaspace       used 52595K, capacity 53990K, committed 54268K, reserved 1095680K
  class space    used 6715K, capacity 7219K, committed 7296K, reserved 1048576K
}
Event: 20.083 GC heap after
{Heap after GC invocations=11 (full 0):
 garbage-first heap   total 157696K, used 41896K [0x0000000080000000, 0x0000000100000000)
  region size 1024K, 11 young (11264K), 11 survivors (11264K)
 Metaspace       used 52595K, capacity 53990K, committed 54268K, reserved 1095680K
  class space    used 6715K, capacity 7219K, committed 7296K, reserved 1048576K
}
Event: 22.243 GC heap before
{Heap before GC invocations=11 (full 0):
 garbage-first heap   total 157696K, used 78760K [0x0000000080000000, 0x0000000100000000)
  region size 1024K, 48 young (49152K), 11 survivors (11264K)
 Metaspace       used 58410K, capacity 59851K, committed 59940K, reserved 1101824K
  class space    used 7398K, capacity 7931K, committed 7936K, reserved 1048576K
}
Event: 22.272 GC heap after
{Heap after GC invocations=12 (full 0):
 garbage-first heap   total 157696K, used 44407K [0x0000000080000000, 0x0000000100000000)
  region size 1024K, 3 young (3072K), 3 survivors (3072K)
 Metaspace       used 58410K, capacity 59851K, committed 59940K, reserved 1101824K
  class space    used 7398K, capacity 7931K, committed 7936K, reserved 1048576K
}

Deoptimization events (20 events):
Event: 22.306 Thread 0x0000017b3c8e5000 Uncommon trap: trap_request=0xffffff4d fr.pc=0x0000017b2c224e54 relative=0x00000000000004f4
Event: 22.306 Thread 0x0000017b3c8e5000 Uncommon trap: reason=unstable_if action=reinterpret pc=0x0000017b2c224e54 method=java.lang.String.regionMatches(ZILjava/lang/String;II)Z @ 36 c2
Event: 22.306 Thread 0x0000017b3c8e5000 DEOPT PACKING pc=0x0000017b2c224e54 sp=0x00000034a46f4020
Event: 22.306 Thread 0x0000017b3c8e5000 DEOPT UNPACKING pc=0x0000017b246c78af sp=0x00000034a46f3fd0 mode 2
Event: 22.310 Thread 0x0000017b3c8e5000 Uncommon trap: trap_request=0xffffffc6 fr.pc=0x0000017b2c31cef8 relative=0x0000000000000738
Event: 22.310 Thread 0x0000017b3c8e5000 Uncommon trap: reason=bimorphic_or_optimized_type_check action=maybe_recompile pc=0x0000017b2c31cef8 method=java.util.regex.Pattern$Start.match(Ljava/util/regex/Matcher;ILjava/lang/CharSequence;)Z @ 44 c2
Event: 22.310 Thread 0x0000017b3c8e5000 DEOPT PACKING pc=0x0000017b2c31cef8 sp=0x00000034a46f3220
Event: 22.310 Thread 0x0000017b3c8e5000 DEOPT UNPACKING pc=0x0000017b246c78af sp=0x00000034a46f3100 mode 2
Event: 22.310 Thread 0x0000017b3c8e5000 Uncommon trap: trap_request=0xffffffc6 fr.pc=0x0000017b2c31cef8 relative=0x0000000000000738
Event: 22.310 Thread 0x0000017b3c8e5000 Uncommon trap: reason=bimorphic_or_optimized_type_check action=maybe_recompile pc=0x0000017b2c31cef8 method=java.util.regex.Pattern$Start.match(Ljava/util/regex/Matcher;ILjava/lang/CharSequence;)Z @ 44 c2
Event: 22.310 Thread 0x0000017b3c8e5000 DEOPT PACKING pc=0x0000017b2c31cef8 sp=0x00000034a46f3220
Event: 22.310 Thread 0x0000017b3c8e5000 DEOPT UNPACKING pc=0x0000017b246c78af sp=0x00000034a46f3100 mode 2
Event: 22.311 Thread 0x0000017b3c8e5000 Uncommon trap: trap_request=0xffffffc6 fr.pc=0x0000017b2c31cef8 relative=0x0000000000000738
Event: 22.311 Thread 0x0000017b3c8e5000 Uncommon trap: reason=bimorphic_or_optimized_type_check action=maybe_recompile pc=0x0000017b2c31cef8 method=java.util.regex.Pattern$Start.match(Ljava/util/regex/Matcher;ILjava/lang/CharSequence;)Z @ 44 c2
Event: 22.311 Thread 0x0000017b3c8e5000 DEOPT PACKING pc=0x0000017b2c31cef8 sp=0x00000034a46f3220
Event: 22.311 Thread 0x0000017b3c8e5000 DEOPT UNPACKING pc=0x0000017b246c78af sp=0x00000034a46f3100 mode 2
Event: 22.311 Thread 0x0000017b3c8e5000 Uncommon trap: trap_request=0xffffffc6 fr.pc=0x0000017b2c31cef8 relative=0x0000000000000738
Event: 22.311 Thread 0x0000017b3c8e5000 Uncommon trap: reason=bimorphic_or_optimized_type_check action=maybe_recompile pc=0x0000017b2c31cef8 method=java.util.regex.Pattern$Start.match(Ljava/util/regex/Matcher;ILjava/lang/CharSequence;)Z @ 44 c2
Event: 22.311 Thread 0x0000017b3c8e5000 DEOPT PACKING pc=0x0000017b2c31cef8 sp=0x00000034a46f3220
Event: 22.311 Thread 0x0000017b3c8e5000 DEOPT UNPACKING pc=0x0000017b246c78af sp=0x00000034a46f3100 mode 2

Classes redefined (0 events):
No events

Internal exceptions (20 events):
Event: 18.269 Thread 0x0000017b3bd5d800 Exception <a 'java/lang/NoSuchMethodError'{0x00000000874aa478}: <clinit>> (0x00000000874aa478) thrown at [./src/hotspot/share/prims/jni.cpp, line 1362]
Event: 18.270 Thread 0x0000017b3bd5d800 Exception <a 'java/lang/NoSuchMethodError'{0x00000000874b48e8}: <clinit>> (0x00000000874b48e8) thrown at [./src/hotspot/share/prims/jni.cpp, line 1362]
Event: 18.278 Thread 0x0000017b3bd5d800 Exception <a 'java/lang/NoSuchMethodError'{0x00000000874c8480}: <clinit>> (0x00000000874c8480) thrown at [./src/hotspot/share/prims/jni.cpp, line 1362]
Event: 18.300 Thread 0x0000017b3c8e5000 Exception <a 'java/lang/ClassNotFoundException'{0x0000000087317870}: build_4la3qyrp6ywlcdrkotezfdieqBeanInfo> (0x0000000087317870) thrown at [./src/hotspot/share/classfile/systemDictionary.cpp, line 231]
Event: 18.301 Thread 0x0000017b3c8e5000 Exception <a 'java/lang/ClassNotFoundException'{0x0000000087322798}: build_4la3qyrp6ywlcdrkotezfdieqCustomizer> (0x0000000087322798) thrown at [./src/hotspot/share/classfile/systemDictionary.cpp, line 231]
Event: 18.316 Thread 0x0000017b3c8e5000 Exception <a 'java/lang/ClassNotFoundException'{0x00000000873a3d60}: org/gradle/plugin/use/internal/PluginRequestCollector$PluginDependenciesSpecImplBeanInfo> (0x00000000873a3d60) thrown at [./src/hotspot/share/classfile/systemDictionary.cpp, line 231]
Event: 18.317 Thread 0x0000017b3c8e5000 Exception <a 'java/lang/ClassNotFoundException'{0x00000000873d1c10}: org/gradle/plugin/use/internal/PluginRequestCollector$PluginDependenciesSpecImplCustomizer> (0x00000000873d1c10) thrown at [./src/hotspot/share/classfile/systemDictionary.cpp, line 231]
Event: 18.403 Thread 0x0000017b3c8e5000 Exception <a 'java/lang/ClassNotFoundException'{0x0000000087058fb0}: org/gradle/api/internal/plugins/DefaultObjectConfigurationActionBeanInfo> (0x0000000087058fb0) thrown at [./src/hotspot/share/classfile/systemDictionary.cpp, line 231]
Event: 18.404 Thread 0x0000017b3c8e5000 Exception <a 'java/lang/ClassNotFoundException'{0x000000008708c598}: org/gradle/api/internal/plugins/DefaultObjectConfigurationActionCustomizer> (0x000000008708c598) thrown at [./src/hotspot/share/classfile/systemDictionary.cpp, line 231]
Event: 19.038 Thread 0x0000017b3c8e5000 Exception <a 'java/lang/NoSuchMethodError'{0x0000000086684c98}: 'java.lang.Object java.lang.invoke.DirectMethodHandle$Holder.invokeStatic(java.lang.Object, java.lang.Object, java.lang.Object, java.lang.Object, int)'> (0x0000000086684c98) thrown at [./src/hotspot/share/interpreter/linkResolver.cpp, line 773]
Event: 19.039 Thread 0x0000017b3c8e5000 Exception <a 'java/lang/NoSuchMethodError'{0x0000000086689690}: 'java.lang.Object java.lang.invoke.DirectMethodHandle$Holder.invokeSpecial(java.lang.Object, java.lang.Object, java.lang.Object, java.lang.Object, java.lang.Object, int)'> (0x0000000086689690) thrown at [./src/hotspot/share/interpreter/linkResolver.cpp, line 773]
Event: 19.040 Thread 0x0000017b3c8e5000 Exception <a 'java/lang/NoSuchMethodError'{0x000000008668dcd0}: 'java.lang.Object java.lang.invoke.Invokers$Holder.linkToTargetMethod(java.lang.Object, java.lang.Object, java.lang.Object, int, java.lang.Object)'> (0x000000008668dcd0) thrown at [./src/hotspot/share/interpreter/linkResolver.cpp, line 773]
Event: 19.134 Thread 0x0000017b3c8e5000 Implicit null exception at 0x0000017b2c38c392 to 0x0000017b2c38c854
Event: 19.710 Thread 0x0000017b3c8e5000 Exception <a 'java/lang/NoSuchMethodError'{0x00000000858f6e10}: 'java.lang.Object java.lang.invoke.DirectMethodHandle$Holder.invokeSpecial(java.lang.Object, java.lang.Object, int, int, java.lang.Object, java.lang.Object, java.lang.Object)'> (0x00000000858f6e10) thrown at [./src/hotspot/share/interpreter/linkResolver.cpp, line 773]
Event: 19.711 Thread 0x0000017b3c8e5000 Exception <a 'java/lang/NoSuchMethodError'{0x00000000858fb390}: 'java.lang.Object java.lang.invoke.DelegatingMethodHandle$Holder.reinvoke_L(java.lang.Object, int, int, java.lang.Object, java.lang.Object, java.lang.Object)'> (0x00000000858fb390) thrown at [./src/hotspot/share/interpreter/linkResolver.cpp, line 773]
Event: 20.343 Thread 0x0000017b3c8e5000 Exception <a 'java/lang/NoSuchMethodError'{0x0000000089684428}: 'int java.lang.invoke.DirectMethodHandle$Holder.invokeInterface(java.lang.Object, java.lang.Object, java.lang.Object, java.lang.Object)'> (0x0000000089684428) thrown at [./src/hotspot/share/interpreter/linkResolver.cpp, line 773]
Event: 21.216 Thread 0x0000017b3c8e5000 Exception <a 'java/lang/NoSuchMethodError'{0x0000000088660ce8}: 'void java.lang.invoke.DirectMethodHandle$Holder.invokeInterface(java.lang.Object, java.lang.Object, java.lang.Object, java.lang.Object)'> (0x0000000088660ce8) thrown at [./src/hotspot/share/interpreter/linkResolver.cpp, line 773]
Event: 21.584 Thread 0x0000017b3c8e5000 Exception <a 'java/lang/IncompatibleClassChangeError'{0x0000000087e90c48}: Found class java.lang.Object, but interface was expected> (0x0000000087e90c48) thrown at [./src/hotspot/share/interpreter/linkResolver.cpp, line 839]
Event: 21.891 Thread 0x0000017b3c8e5000 Implicit null exception at 0x0000017b2c3d4cd4 to 0x0000017b2c3d4eb8
Event: 22.213 Thread 0x0000017b3c8e5000 Implicit null exception at 0x0000017b2c291f0b to 0x0000017b2c291fe4

Events (20 events):
Event: 22.310 loading class java/security/spec/AlgorithmParameterSpec done
Event: 22.310 loading class java/security/spec/ECParameterSpec done
Event: 22.310 loading class sun/security/util/NamedCurve done
Event: 22.350 loading class java/security/spec/ECFieldF2m
Event: 22.351 loading class java/security/spec/ECFieldF2m done
Event: 22.364 loading class sun/security/util/DisabledAlgorithmConstraints$KeySizeConstraint
Event: 22.366 loading class sun/security/util/DisabledAlgorithmConstraints$KeySizeConstraint done
Event: 22.366 loading class sun/security/util/DisabledAlgorithmConstraints$Constraint$Operator
Event: 22.368 loading class sun/security/util/DisabledAlgorithmConstraints$Constraint$Operator done
Event: 22.368 loading class sun/security/util/DisabledAlgorithmConstraints$1
Event: 22.368 loading class sun/security/util/DisabledAlgorithmConstraints$1 done
Event: 22.373 loading class sun/security/pkcs/PKCS9Attributes
Event: 22.374 loading class sun/security/pkcs/PKCS9Attributes done
Event: 22.374 loading class sun/security/pkcs/PKCS9Attribute
Event: 22.374 loading class sun/security/pkcs/PKCS9Attribute done
Event: 22.394 Executing VM operation: CGC_Operation
Event: 22.404 Executing VM operation: CGC_Operation done
Event: 22.412 Executing VM operation: RevokeBias
Event: 22.412 Executing VM operation: RevokeBias done
Event: 22.413 loading class sun/security/rsa/SunRsaSign


Dynamic libraries:
0x00007ff72c200000 - 0x00007ff72c20a000 	D:\Programs\Android Studio\jre\bin\java.exe
0x00007ff8dd090000 - 0x00007ff8dd285000 	C:\WINDOWS\SYSTEM32\ntdll.dll
0x00007ff8dcc30000 - 0x00007ff8dccee000 	C:\WINDOWS\System32\KERNEL32.DLL
0x00007ff8daba0000 - 0x00007ff8dae68000 	C:\WINDOWS\System32\KERNELBASE.dll
0x00007ff8daea0000 - 0x00007ff8dafa0000 	C:\WINDOWS\System32\ucrtbase.dll
0x00007ff8d2830000 - 0x00007ff8d2849000 	D:\Programs\Android Studio\jre\bin\jli.dll
0x00007ff8db6e0000 - 0x00007ff8db881000 	C:\WINDOWS\System32\USER32.dll
0x00007ff8dae70000 - 0x00007ff8dae92000 	C:\WINDOWS\System32\win32u.dll
0x00007ff8dcb30000 - 0x00007ff8dcb5b000 	C:\WINDOWS\System32\GDI32.dll
0x00007ff8daa90000 - 0x00007ff8dab9b000 	C:\WINDOWS\System32\gdi32full.dll
0x00007ff8da940000 - 0x00007ff8da9dd000 	C:\WINDOWS\System32\msvcp_win.dll
0x00007ff8d2810000 - 0x00007ff8d2827000 	D:\Programs\Android Studio\jre\bin\VCRUNTIME140.dll
0x00007ff8cd030000 - 0x00007ff8cd2ca000 	C:\WINDOWS\WinSxS\amd64_microsoft.windows.common-controls_6595b64144ccf1df_6.0.19041.1110_none_60b5254171f9507e\COMCTL32.dll
0x00007ff8db950000 - 0x00007ff8db9ee000 	C:\WINDOWS\System32\msvcrt.dll
0x00007ff8db380000 - 0x00007ff8db3b0000 	C:\WINDOWS\System32\IMM32.DLL
0x00007ff8a6ba0000 - 0x00007ff8a6c3d000 	D:\Programs\Android Studio\jre\bin\msvcp140.dll
0x00007ff893690000 - 0x00007ff89415f000 	D:\Programs\Android Studio\jre\bin\server\jvm.dll
0x00007ff8db0e0000 - 0x00007ff8db18c000 	C:\WINDOWS\System32\ADVAPI32.dll
0x00007ff8dce80000 - 0x00007ff8dcf1b000 	C:\WINDOWS\System32\sechost.dll
0x00007ff8dcf20000 - 0x00007ff8dd04a000 	C:\WINDOWS\System32\RPCRT4.dll
0x00007ff8db940000 - 0x00007ff8db948000 	C:\WINDOWS\System32\PSAPI.DLL
0x00007ff8cda90000 - 0x00007ff8cdab7000 	C:\WINDOWS\SYSTEM32\WINMM.dll
0x00007ff8cb8d0000 - 0x00007ff8cb8d9000 	C:\WINDOWS\SYSTEM32\WSOCK32.dll
0x00007ff8dc760000 - 0x00007ff8dc7cb000 	C:\WINDOWS\System32\WS2_32.dll
0x00007ff8ce320000 - 0x00007ff8ce32a000 	C:\WINDOWS\SYSTEM32\VERSION.dll
0x00007ff8d8670000 - 0x00007ff8d8682000 	C:\WINDOWS\SYSTEM32\kernel.appcore.dll
0x00007ff8d6670000 - 0x00007ff8d6681000 	D:\Programs\Android Studio\jre\bin\verify.dll
0x00007ff8d3c20000 - 0x00007ff8d3e04000 	C:\WINDOWS\SYSTEM32\DBGHELP.DLL
0x00007ff8c93b0000 - 0x00007ff8c93dc000 	C:\WINDOWS\SYSTEM32\dbgcore.DLL
0x00007ff8db050000 - 0x00007ff8db0d3000 	C:\WINDOWS\System32\bcryptPrimitives.dll
0x00007ff8d4b30000 - 0x00007ff8d4b59000 	D:\Programs\Android Studio\jre\bin\java.dll
0x00007ff8d6610000 - 0x00007ff8d661b000 	D:\Programs\Android Studio\jre\bin\jimage.dll
0x00007ff8d4d70000 - 0x00007ff8d4d88000 	D:\Programs\Android Studio\jre\bin\zip.dll
0x00007ff8dc020000 - 0x00007ff8dc75f000 	C:\WINDOWS\System32\SHELL32.dll
0x00007ff8d8870000 - 0x00007ff8d9000000 	C:\WINDOWS\SYSTEM32\windows.storage.dll
0x00007ff8dc7d0000 - 0x00007ff8dcb25000 	C:\WINDOWS\System32\combase.dll
0x00007ff8da120000 - 0x00007ff8da14e000 	C:\WINDOWS\SYSTEM32\Wldp.dll
0x00007ff8db270000 - 0x00007ff8db31d000 	C:\WINDOWS\System32\SHCORE.dll
0x00007ff8db320000 - 0x00007ff8db375000 	C:\WINDOWS\System32\shlwapi.dll
0x00007ff8da6f0000 - 0x00007ff8da70f000 	C:\WINDOWS\SYSTEM32\profapi.dll
0x00007ff8d4630000 - 0x00007ff8d464a000 	D:\Programs\Android Studio\jre\bin\net.dll
0x00007ff8ce910000 - 0x00007ff8cea1c000 	C:\WINDOWS\SYSTEM32\WINHTTP.dll
0x00007ff8d9f00000 - 0x00007ff8d9f6a000 	C:\WINDOWS\system32\mswsock.dll
0x00007ff8d4550000 - 0x00007ff8d4564000 	D:\Programs\Android Studio\jre\bin\nio.dll
0x00007ff8c3310000 - 0x00007ff8c3337000 	C:\Users\phung\.gradle\native\8bec1ad78214c89d9ad589b4d07fe93259594b29d510b10fafb7a158f7737e5d\windows-amd64\native-platform.dll
0x00007ff8a6c40000 - 0x00007ff8a6d7d000 	C:\Users\phung\.gradle\native\53dbd7edfb1c66fb8903c78663c9afc45aea4f116125fa6feffd364cf09443e8\windows-amd64\native-platform-file-events.dll
0x00007ff8d65a0000 - 0x00007ff8d65aa000 	D:\Programs\Android Studio\jre\bin\management.dll
0x00007ff8d6150000 - 0x00007ff8d615c000 	D:\Programs\Android Studio\jre\bin\management_ext.dll
0x00007ff8da460000 - 0x00007ff8da478000 	C:\WINDOWS\SYSTEM32\CRYPTSP.dll
0x00007ff8d9830000 - 0x00007ff8d9864000 	C:\WINDOWS\system32\rsaenh.dll
0x00007ff8da7b0000 - 0x00007ff8da7d7000 	C:\WINDOWS\System32\bcrypt.dll
0x00007ff8da6b0000 - 0x00007ff8da6de000 	C:\WINDOWS\SYSTEM32\USERENV.dll
0x00007ff8da090000 - 0x00007ff8da09c000 	C:\WINDOWS\SYSTEM32\CRYPTBASE.dll
0x00007ff8d9bc0000 - 0x00007ff8d9bfb000 	C:\WINDOWS\SYSTEM32\IPHLPAPI.DLL
0x00007ff8db3d0000 - 0x00007ff8db3d8000 	C:\WINDOWS\System32\NSI.dll
0x00007ff8d2970000 - 0x00007ff8d2987000 	C:\WINDOWS\SYSTEM32\dhcpcsvc6.DLL
0x00007ff8d2610000 - 0x00007ff8d262d000 	C:\WINDOWS\SYSTEM32\dhcpcsvc.DLL
0x00007ff8d9c00000 - 0x00007ff8d9ccb000 	C:\WINDOWS\SYSTEM32\DNSAPI.dll

dbghelp: loaded successfully - version: 4.0.5 - missing functions: none
symbol engine: initialized successfully - sym options: 0x614 - pdb path: .;D:\Programs\Android Studio\jre\bin;C:\WINDOWS\SYSTEM32;C:\WINDOWS\WinSxS\amd64_microsoft.windows.common-controls_6595b64144ccf1df_6.0.19041.1110_none_60b5254171f9507e;D:\Programs\Android Studio\jre\bin\server;C:\Users\phung\.gradle\native\8bec1ad78214c89d9ad589b4d07fe93259594b29d510b10fafb7a158f7737e5d\windows-amd64;C:\Users\phung\.gradle\native\53dbd7edfb1c66fb8903c78663c9afc45aea4f116125fa6feffd364cf09443e8\windows-amd64

VM Arguments:
jvm_args: --add-opens=java.base/java.util=ALL-UNNAMED --add-opens=java.base/java.lang=ALL-UNNAMED --add-opens=java.base/java.lang.invoke=ALL-UNNAMED --add-opens=java.base/java.util=ALL-UNNAMED --add-opens=java.prefs/java.util.prefs=ALL-UNNAMED --add-opens=java.prefs/java.util.prefs=ALL-UNNAMED --add-opens=java.base/java.nio.charset=ALL-UNNAMED --add-opens=java.base/java.net=ALL-UNNAMED --add-opens=java.base/java.util.concurrent.atomic=ALL-UNNAMED -Xmx2048m -Dfile.encoding=UTF-8 -Duser.country=US -Duser.language=en -Duser.variant 
java_command: org.gradle.launcher.daemon.bootstrap.GradleDaemon 7.0.2
java_class_path (initial): C:\Users\phung\.gradle\wrapper\dists\gradle-7.0.2-bin\857tjihv64xamwrf0h14cai3r\gradle-7.0.2\lib\gradle-launcher-7.0.2.jar
Launcher Type: SUN_STANDARD

[Global flags]
     intx CICompilerCount                          = 3                                         {product} {ergonomic}
     uint ConcGCThreads                            = 1                                         {product} {ergonomic}
     uint G1ConcRefinementThreads                  = 4                                         {product} {ergonomic}
   size_t G1HeapRegionSize                         = 1048576                                   {product} {ergonomic}
    uintx GCDrainStackTargetSize                   = 64                                        {product} {ergonomic}
   size_t InitialHeapSize                          = 134217728                                 {product} {ergonomic}
   size_t MarkStackSize                            = 4194304                                   {product} {ergonomic}
   size_t MaxHeapSize                              = 2147483648                                {product} {command line}
   size_t MaxNewSize                               = 1287651328                                {product} {ergonomic}
   size_t MinHeapDeltaBytes                        = 1048576                                   {product} {ergonomic}
    uintx NonNMethodCodeHeapSize                   = 5830732                                {pd product} {ergonomic}
    uintx NonProfiledCodeHeapSize                  = 122913754                              {pd product} {ergonomic}
    uintx ProfiledCodeHeapSize                     = 122913754                              {pd product} {ergonomic}
    uintx ReservedCodeCacheSize                    = 251658240                              {pd product} {ergonomic}
     bool SegmentedCodeCache                       = true                                      {product} {ergonomic}
     bool UseCompressedClassPointers               = true                                 {lp64_product} {ergonomic}
     bool UseCompressedOops                        = true                                 {lp64_product} {ergonomic}
     bool UseG1GC                                  = true                                      {product} {ergonomic}
     bool UseLargePagesIndividualAllocation        = false                                  {pd product} {ergonomic}

Logging:
Log output configuration:
 #0: stdout all=warning uptime,level,tags
 #1: stderr all=off uptime,level,tags

Environment Variables:
PATH=C:\Program Files (x86)\Common Files\Oracle\Java\javapath;C:\Program Files (x86)\NVIDIA Corporation\PhysX\Common;C:\WINDOWS\system32;C:\WINDOWS;C:\WINDOWS\System32\Wbem;C:\WINDOWS\System32\WindowsPowerShell\v1.0\;C:\WINDOWS\System32\OpenSSH\;C:\Program Files\mingw-w64\x86_64-8.1.0-win32-seh-rt_v6-rev0\mingw64\bin;D:\Programs\Git\cmd;C:\ProgramData\chocolatey\bin;;C:\Program Files\Docker\Docker\resources\bin;C:\ProgramData\DockerDesktop\version-bin;D:\Programs\Node.js\;C:\Users\phung\AppData\Local\Microsoft\WindowsApps;D:\Programs\IntelliJ IDEA Community Edition 2020.3.1\bin;;D:\Programs\GitHub CLI\;C:\Users\phung\AppData\Roaming\npm;C:\Program Files\RabbitMQ Server\rabbitmq_server-3.9.8\sbin;
USERNAME=Vu
OS=Windows_NT
PROCESSOR_IDENTIFIER=Intel64 Family 6 Model 61 Stepping 4, GenuineIntel



---------------  S Y S T E M  ---------------

OS: Windows 10 , 64 bit Build 19041 (10.0.19041.1348)
OS uptime: 0 days 19:32 hours
Hyper-V role detected

CPU:total 4 (initial active 4) (2 cores per cpu, 2 threads per core) family 6 model 61 stepping 4 microcode 0x2d, cmov, cx8, fxsr, mmx, sse, sse2, sse3, ssse3, sse4.1, sse4.2, popcnt, avx, avx2, aes, clmul, erms, rtm, 3dnowpref, lzcnt, ht, tsc, tscinvbit, bmi1, bmi2, adx, fma

Memory: 4k page, system-wide physical 8072M (295M free)
TotalPageFile size 11072M (AvailPageFile size 2M)
current process WorkingSet (physical memory assigned to process): 328M, peak: 328M
current process commit charge ("private bytes"): 362M, peak: 362M

vm_info: OpenJDK 64-Bit Server VM (11.0.10+0-b96-7249189) for windows-amd64 JRE (11.0.10+0-b96-7249189), built on Mar 31 2021 21:44:00 by "builder" with MS VC++ 14.0 (VS2015)

END.
