#
# There is insufficient memory for the Java Runtime Environment to continue.
# Native memory allocation (malloc) failed to allocate 1254096 bytes for Chunk::new
# Possible reasons:
#   The system is out of physical RAM or swap space
#   The process is running with CompressedOops enabled, and the Java Heap may be blocking the growth of the native heap
# Possible solutions:
#   Reduce memory load on the system
#   Increase physical memory or swap space
#   Check if swap backing store is full
#   Decrease Java heap size (-Xmx/-Xms)
#   Decrease number of Java threads
#   Decrease Java thread stack sizes (-Xss)
#   Set larger code cache with -XX:ReservedCodeCacheSize=
#   JVM is running with Unscaled Compressed Oops mode in which the Java heap is
#     placed in the first 4GB address space. The Java Heap base address is the
#     maximum limit for the native heap growth. Please use -XX:HeapBaseMinAddress
#     to set the Java Heap base and to place the Java Heap above 4GB virtual address.
# This output file may be truncated or incomplete.
#
#  Out of Memory Error (./src/hotspot/share/memory/arena.cpp:197), pid=220, tid=5092
#
# JRE version: OpenJDK Runtime Environment (11.0.10) (build 11.0.10+0-b96-7249189)
# Java VM: OpenJDK 64-Bit Server VM (11.0.10+0-b96-7249189, mixed mode, tiered, compressed oops, g1 gc, windows-amd64)
# No core dump will be written. Minidumps are not enabled by default on client versions of Windows
#

---------------  S U M M A R Y ------------

Command Line: --add-opens=java.base/java.util=ALL-UNNAMED --add-opens=java.base/java.lang=ALL-UNNAMED --add-opens=java.base/java.lang.invoke=ALL-UNNAMED --add-opens=java.base/java.util=ALL-UNNAMED --add-opens=java.prefs/java.util.prefs=ALL-UNNAMED --add-opens=java.prefs/java.util.prefs=ALL-UNNAMED --add-opens=java.base/java.nio.charset=ALL-UNNAMED --add-opens=java.base/java.net=ALL-UNNAMED --add-opens=java.base/java.util.concurrent.atomic=ALL-UNNAMED -Xmx2048m -Dfile.encoding=UTF-8 -Duser.country=US -Duser.language=en -Duser.variant org.gradle.launcher.daemon.bootstrap.GradleDaemon 7.0.2

Host: Intel(R) Core(TM) i5-5300U CPU @ 2.30GHz, 4 cores, 7G,  Windows 10 , 64 bit Build 19041 (10.0.19041.1348)
Time: Sun Nov 28 21:01:12 2021 SE Asia Standard Time elapsed time: 7.350068 seconds (0d 0h 0m 7s)

---------------  T H R E A D  ---------------

Current thread (0x0000014ce2852800):  JavaThread "C2 CompilerThread0" daemon [_thread_in_native, id=5092, stack(0x0000002997d00000,0x0000002997e00000)]


Current CompileTask:
C2:   7350 2825   !   4       jdk.internal.loader.URLClassPath$JarLoader::getResource (353 bytes)

Stack: [0x0000002997d00000,0x0000002997e00000]
Native frames: (J=compiled Java code, j=interpreted, Vv=VM code, C=native code)
V  [jvm.dll+0x5ecfaa]
V  [jvm.dll+0x722bd5]
V  [jvm.dll+0x72412d]
V  [jvm.dll+0x7247e3]
V  [jvm.dll+0x242928]
V  [jvm.dll+0xbc4fc]
V  [jvm.dll+0xbca0c]
V  [jvm.dll+0x352d3b]
V  [jvm.dll+0x320ad3]
V  [jvm.dll+0x31ffca]
V  [jvm.dll+0x1fb602]
V  [jvm.dll+0x1fa7f4]
V  [jvm.dll+0x18354c]
V  [jvm.dll+0x208ee7]
V  [jvm.dll+0x207731]
V  [jvm.dll+0x6eb1cf]
V  [jvm.dll+0x6e3d45]
V  [jvm.dll+0x5ebe96]
C  [ucrtbase.dll+0x21bb2]
C  [KERNEL32.DLL+0x17034]
C  [ntdll.dll+0x52651]


---------------  P R O C E S S  ---------------

Threads class SMR info:
_java_thread_list=0x0000014ce57a29e0, length=31, elements={
0x0000014cc8c5e800, 0x0000014ce2830800, 0x0000014ce2833000, 0x0000014ce284a000,
0x0000014ce284a800, 0x0000014ce284c000, 0x0000014ce2852800, 0x0000014ce2857800,
0x0000014ce285d800, 0x0000014ce32f8000, 0x0000014ce4842800, 0x0000014ce4b9c000,
0x0000014ce4bf3800, 0x0000014ce6a82000, 0x0000014ce684a800, 0x0000014ce55cb000,
0x0000014ce572d800, 0x0000014ce4fd9800, 0x0000014ce6b05800, 0x0000014ce5347000,
0x0000014ce5343800, 0x0000014ce5347800, 0x0000014ce5344800, 0x0000014ce5a9a800,
0x0000014ce5345800, 0x0000014ce5348800, 0x0000014ce5343000, 0x0000014ce5349800,
0x0000014ce5346000, 0x0000014ce74d2000, 0x0000014ce74cc800
}

Java Threads: ( => current thread )
  0x0000014cc8c5e800 JavaThread "main" [_thread_blocked, id=4304, stack(0x0000002997100000,0x0000002997200000)]
  0x0000014ce2830800 JavaThread "Reference Handler" daemon [_thread_blocked, id=8748, stack(0x0000002997800000,0x0000002997900000)]
  0x0000014ce2833000 JavaThread "Finalizer" daemon [_thread_blocked, id=9396, stack(0x0000002997900000,0x0000002997a00000)]
  0x0000014ce284a000 JavaThread "Signal Dispatcher" daemon [_thread_blocked, id=6036, stack(0x0000002997a00000,0x0000002997b00000)]
  0x0000014ce284a800 JavaThread "Attach Listener" daemon [_thread_blocked, id=2144, stack(0x0000002997b00000,0x0000002997c00000)]
  0x0000014ce284c000 JavaThread "Service Thread" daemon [_thread_blocked, id=2744, stack(0x0000002997c00000,0x0000002997d00000)]
=>0x0000014ce2852800 JavaThread "C2 CompilerThread0" daemon [_thread_in_native, id=5092, stack(0x0000002997d00000,0x0000002997e00000)]
  0x0000014ce2857800 JavaThread "C1 CompilerThread0" daemon [_thread_blocked, id=2168, stack(0x0000002997e00000,0x0000002997f00000)]
  0x0000014ce285d800 JavaThread "Sweeper thread" daemon [_thread_blocked, id=8396, stack(0x0000002997f00000,0x0000002998000000)]
  0x0000014ce32f8000 JavaThread "Common-Cleaner" daemon [_thread_blocked, id=3104, stack(0x0000002998000000,0x0000002998100000)]
  0x0000014ce4842800 JavaThread "Daemon health stats" [_thread_blocked, id=13160, stack(0x0000002998500000,0x0000002998600000)]
  0x0000014ce4b9c000 JavaThread "Incoming local TCP Connector on port 52752" [_thread_in_native, id=9948, stack(0x0000002998200000,0x0000002998300000)]
  0x0000014ce4bf3800 JavaThread "Daemon periodic checks" [_thread_blocked, id=11212, stack(0x0000002998600000,0x0000002998700000)]
  0x0000014ce6a82000 JavaThread "Daemon" [_thread_blocked, id=10232, stack(0x0000002998700000,0x0000002998800000)]
  0x0000014ce684a800 JavaThread "Handler for socket connection from /127.0.0.1:52752 to /127.0.0.1:52753" [_thread_in_native, id=3204, stack(0x0000002998800000,0x0000002998900000)]
  0x0000014ce55cb000 JavaThread "Cancel handler" [_thread_blocked, id=7292, stack(0x0000002998900000,0x0000002998a00000)]
  0x0000014ce572d800 JavaThread "Daemon worker" [_thread_in_vm, id=3716, stack(0x0000002998a00000,0x0000002998b00000)]
  0x0000014ce4fd9800 JavaThread "Asynchronous log dispatcher for DefaultDaemonConnection: socket connection from /127.0.0.1:52752 to /127.0.0.1:52753" [_thread_blocked, id=1876, stack(0x0000002998b00000,0x0000002998c00000)]
  0x0000014ce6b05800 JavaThread "Stdin handler" [_thread_blocked, id=12612, stack(0x0000002998c00000,0x0000002998d00000)]
  0x0000014ce5347000 JavaThread "Daemon client event forwarder" [_thread_blocked, id=1124, stack(0x0000002998d00000,0x0000002998e00000)]
  0x0000014ce5343800 JavaThread "Cache worker for file hash cache (C:\Users\phung\.gradle\caches\7.0.2\fileHashes)" [_thread_blocked, id=9016, stack(0x0000002998e00000,0x0000002998f00000)]
  0x0000014ce5347800 JavaThread "File lock request listener" [_thread_in_native, id=488, stack(0x0000002998f00000,0x0000002999000000)]
  0x0000014ce5344800 JavaThread "Cache worker for journal cache (C:\Users\phung\.gradle\caches\journal-1)" [_thread_blocked, id=11736, stack(0x0000002999100000,0x0000002999200000)]
  0x0000014ce5a9a800 JavaThread "C2 CompilerThread1" daemon [_thread_in_native, id=9624, stack(0x0000002999200000,0x0000002999300000)]
  0x0000014ce5345800 JavaThread "Cache worker for file hash cache (C:\Users\phung\AndroidStudioProjects\EmailApp\.gradle\7.0.2\fileHashes)" [_thread_blocked, id=5820, stack(0x0000002999300000,0x0000002999400000)]
  0x0000014ce5348800 JavaThread "File watcher server" daemon [_thread_in_native, id=8060, stack(0x0000002999400000,0x0000002999500000)]
  0x0000014ce5343000 JavaThread "File watcher consumer" daemon [_thread_blocked, id=7624, stack(0x0000002999500000,0x0000002999600000)]
  0x0000014ce5349800 JavaThread "Cache worker for checksums cache (C:\Users\phung\AndroidStudioProjects\EmailApp\.gradle\checksums)" [_thread_blocked, id=2184, stack(0x0000002999600000,0x0000002999700000)]
  0x0000014ce5346000 JavaThread "Cache worker for cache directory md-supplier (C:\Users\phung\.gradle\caches\7.0.2\md-supplier)" [_thread_blocked, id=12956, stack(0x0000002999700000,0x0000002999800000)]
  0x0000014ce74d2000 JavaThread "Cache worker for cache directory md-rule (C:\Users\phung\.gradle\caches\7.0.2\md-rule)" [_thread_blocked, id=11960, stack(0x0000002999800000,0x0000002999900000)]
  0x0000014ce74cc800 JavaThread "Cache worker for execution history cache (C:\Users\phung\.gradle\caches\7.0.2\executionHistory)" [_thread_blocked, id=6868, stack(0x0000002999900000,0x0000002999a00000)]

Other Threads:
  0x0000014ce282c000 VMThread "VM Thread" [stack: 0x0000002997700000,0x0000002997800000] [id=12116]
  0x0000014ce334e800 WatcherThread [stack: 0x0000002998100000,0x0000002998200000] [id=4240]
  0x0000014cc8c74000 GCTaskThread "GC Thread#0" [stack: 0x0000002997200000,0x0000002997300000] [id=4308]
  0x0000014ce3482800 GCTaskThread "GC Thread#1" [stack: 0x0000002998300000,0x0000002998400000] [id=11476]
  0x0000014ce3d80800 GCTaskThread "GC Thread#2" [stack: 0x0000002998400000,0x0000002998500000] [id=12464]
  0x0000014ce50c7800 GCTaskThread "GC Thread#3" [stack: 0x0000002999000000,0x0000002999100000] [id=9772]
  0x0000014cc8ca6800 ConcurrentGCThread "G1 Main Marker" [stack: 0x0000002997300000,0x0000002997400000] [id=9340]
  0x0000014cc8ca8800 ConcurrentGCThread "G1 Conc#0" [stack: 0x0000002997400000,0x0000002997500000] [id=4324]
  0x0000014cc8d37000 ConcurrentGCThread "G1 Refine#0" [stack: 0x0000002997500000,0x0000002997600000] [id=236]
  0x0000014cc8d38000 ConcurrentGCThread "G1 Young RemSet Sampling" [stack: 0x0000002997600000,0x0000002997700000] [id=9424]

Threads with active compile tasks:
C2 CompilerThread0   7382 2825   !   4       jdk.internal.loader.URLClassPath$JarLoader::getResource (353 bytes)
C2 CompilerThread1   7382 2537       4       jdk.internal.loader.URLClassPath::getResource (74 bytes)

VM state:not at safepoint (normal execution)

VM Mutex/Monitor currently owned by a thread: None

Heap address: 0x0000000080000000, size: 2048 MB, Compressed Oops mode: 32-bit
Narrow klass base: 0x0000000000000000, Narrow klass shift: 3
Compressed class space size: 1073741824 Address: 0x0000000100000000

Heap:
 garbage-first heap   total 131072K, used 60534K [0x0000000080000000, 0x0000000100000000)
  region size 1024K, 44 young (45056K), 3 survivors (3072K)
 Metaspace       used 34817K, capacity 35610K, committed 35840K, reserved 1081344K
  class space    used 4532K, capacity 4832K, committed 4864K, reserved 1048576K
Heap Regions: E=young(eden), S=young(survivor), O=old, HS=humongous(starts), HC=humongous(continues), CS=collection set, F=free, A=archive, TAMS=top-at-mark-start (previous, next)
|   0|0x0000000080000000, 0x0000000080100000, 0x0000000080100000|100%| O|  |TAMS 0x00000000800e9a00, 0x0000000080000000| Untracked 
|   1|0x0000000080100000, 0x0000000080200000, 0x0000000080200000|100%| O|  |TAMS 0x0000000080100000, 0x0000000080100000| Untracked 
|   2|0x0000000080200000, 0x0000000080300000, 0x0000000080300000|100%| O|  |TAMS 0x0000000080200000, 0x0000000080200000| Untracked 
|   3|0x0000000080300000, 0x0000000080400000, 0x0000000080400000|100%|HS|  |TAMS 0x0000000080400000, 0x0000000080300000| Complete 
|   4|0x0000000080400000, 0x0000000080500000, 0x0000000080500000|100%|HC|  |TAMS 0x0000000080500000, 0x0000000080400000| Complete 
|   5|0x0000000080500000, 0x0000000080600000, 0x0000000080600000|100%|HC|  |TAMS 0x0000000080600000, 0x0000000080500000| Complete 
|   6|0x0000000080600000, 0x0000000080700000, 0x0000000080700000|100%| O|  |TAMS 0x0000000080700000, 0x0000000080600000| Untracked 
|   7|0x0000000080700000, 0x0000000080800000, 0x0000000080800000|100%| O|  |TAMS 0x0000000080800000, 0x0000000080700000| Untracked 
|   8|0x0000000080800000, 0x0000000080900000, 0x0000000080900000|100%| O|  |TAMS 0x0000000080900000, 0x0000000080800000| Untracked 
|   9|0x0000000080900000, 0x0000000080a00000, 0x0000000080a00000|100%| O|  |TAMS 0x0000000080a00000, 0x0000000080900000| Untracked 
|  10|0x0000000080a00000, 0x0000000080b00000, 0x0000000080b00000|100%| O|  |TAMS 0x0000000080a00000, 0x0000000080a00000| Untracked 
|  11|0x0000000080b00000, 0x0000000080c00000, 0x0000000080c00000|100%| O|  |TAMS 0x0000000080b00000, 0x0000000080b00000| Untracked 
|  12|0x0000000080c00000, 0x0000000080d00000, 0x0000000080d00000|100%| O|  |TAMS 0x0000000080c00000, 0x0000000080c00000| Untracked 
|  13|0x0000000080d00000, 0x0000000080e00000, 0x0000000080e00000|100%| O|  |TAMS 0x0000000080d00000, 0x0000000080d00000| Untracked 
|  14|0x0000000080e00000, 0x0000000080f00000, 0x0000000080f00000|100%| O|  |TAMS 0x0000000080e00000, 0x0000000080e00000| Untracked 
|  15|0x0000000080f00000, 0x0000000081000000, 0x0000000081000000|100%| O|  |TAMS 0x0000000080f00000, 0x0000000080f00000| Untracked 
|  16|0x0000000081000000, 0x000000008103dc00, 0x0000000081100000| 24%| O|  |TAMS 0x0000000081000000, 0x0000000081000000| Untracked 
|  17|0x0000000081100000, 0x0000000081100000, 0x0000000081200000|  0%| F|  |TAMS 0x0000000081100000, 0x0000000081100000| Untracked 
|  18|0x0000000081200000, 0x0000000081200000, 0x0000000081300000|  0%| F|  |TAMS 0x0000000081200000, 0x0000000081200000| Untracked 
|  19|0x0000000081300000, 0x0000000081300000, 0x0000000081400000|  0%| F|  |TAMS 0x0000000081300000, 0x0000000081300000| Untracked 
|  20|0x0000000081400000, 0x0000000081400000, 0x0000000081500000|  0%| F|  |TAMS 0x0000000081400000, 0x0000000081400000| Untracked 
|  21|0x0000000081500000, 0x0000000081500000, 0x0000000081600000|  0%| F|  |TAMS 0x0000000081500000, 0x0000000081500000| Untracked 
|  22|0x0000000081600000, 0x0000000081600000, 0x0000000081700000|  0%| F|  |TAMS 0x0000000081600000, 0x0000000081600000| Untracked 
|  23|0x0000000081700000, 0x0000000081700000, 0x0000000081800000|  0%| F|  |TAMS 0x0000000081700000, 0x0000000081700000| Untracked 
|  24|0x0000000081800000, 0x0000000081800000, 0x0000000081900000|  0%| F|  |TAMS 0x0000000081800000, 0x0000000081800000| Untracked 
|  25|0x0000000081900000, 0x0000000081900000, 0x0000000081a00000|  0%| F|  |TAMS 0x0000000081900000, 0x0000000081900000| Untracked 
|  26|0x0000000081a00000, 0x0000000081a00000, 0x0000000081b00000|  0%| F|  |TAMS 0x0000000081a00000, 0x0000000081a00000| Untracked 
|  27|0x0000000081b00000, 0x0000000081b00000, 0x0000000081c00000|  0%| F|  |TAMS 0x0000000081b00000, 0x0000000081b00000| Untracked 
|  28|0x0000000081c00000, 0x0000000081c00000, 0x0000000081d00000|  0%| F|  |TAMS 0x0000000081c00000, 0x0000000081c00000| Untracked 
|  29|0x0000000081d00000, 0x0000000081d00000, 0x0000000081e00000|  0%| F|  |TAMS 0x0000000081d00000, 0x0000000081d00000| Untracked 
|  30|0x0000000081e00000, 0x0000000081e00000, 0x0000000081f00000|  0%| F|  |TAMS 0x0000000081e00000, 0x0000000081e00000| Untracked 
|  31|0x0000000081f00000, 0x0000000081f00000, 0x0000000082000000|  0%| F|  |TAMS 0x0000000081f00000, 0x0000000081f00000| Untracked 
|  32|0x0000000082000000, 0x0000000082000000, 0x0000000082100000|  0%| F|  |TAMS 0x0000000082000000, 0x0000000082000000| Untracked 
|  33|0x0000000082100000, 0x0000000082100000, 0x0000000082200000|  0%| F|  |TAMS 0x0000000082100000, 0x0000000082100000| Untracked 
|  34|0x0000000082200000, 0x0000000082200000, 0x0000000082300000|  0%| F|  |TAMS 0x0000000082200000, 0x0000000082200000| Untracked 
|  35|0x0000000082300000, 0x0000000082300000, 0x0000000082400000|  0%| F|  |TAMS 0x0000000082300000, 0x0000000082300000| Untracked 
|  36|0x0000000082400000, 0x0000000082400000, 0x0000000082500000|  0%| F|  |TAMS 0x0000000082400000, 0x0000000082400000| Untracked 
|  37|0x0000000082500000, 0x0000000082500000, 0x0000000082600000|  0%| F|  |TAMS 0x0000000082500000, 0x0000000082500000| Untracked 
|  38|0x0000000082600000, 0x0000000082600000, 0x0000000082700000|  0%| F|  |TAMS 0x0000000082600000, 0x0000000082600000| Untracked 
|  39|0x0000000082700000, 0x0000000082700000, 0x0000000082800000|  0%| F|  |TAMS 0x0000000082700000, 0x0000000082700000| Untracked 
|  40|0x0000000082800000, 0x0000000082800000, 0x0000000082900000|  0%| F|  |TAMS 0x0000000082800000, 0x0000000082800000| Untracked 
|  41|0x0000000082900000, 0x0000000082900000, 0x0000000082a00000|  0%| F|  |TAMS 0x0000000082900000, 0x0000000082900000| Untracked 
|  42|0x0000000082a00000, 0x0000000082a00000, 0x0000000082b00000|  0%| F|  |TAMS 0x0000000082a00000, 0x0000000082a00000| Untracked 
|  43|0x0000000082b00000, 0x0000000082b00000, 0x0000000082c00000|  0%| F|  |TAMS 0x0000000082b00000, 0x0000000082b00000| Untracked 
|  44|0x0000000082c00000, 0x0000000082c00000, 0x0000000082d00000|  0%| F|  |TAMS 0x0000000082c00000, 0x0000000082c00000| Untracked 
|  45|0x0000000082d00000, 0x0000000082d00000, 0x0000000082e00000|  0%| F|  |TAMS 0x0000000082d00000, 0x0000000082d00000| Untracked 
|  46|0x0000000082e00000, 0x0000000082e00000, 0x0000000082f00000|  0%| F|  |TAMS 0x0000000082e00000, 0x0000000082e00000| Untracked 
|  47|0x0000000082f00000, 0x0000000082f00000, 0x0000000083000000|  0%| F|  |TAMS 0x0000000082f00000, 0x0000000082f00000| Untracked 
|  48|0x0000000083000000, 0x0000000083000000, 0x0000000083100000|  0%| F|  |TAMS 0x0000000083000000, 0x0000000083000000| Untracked 
|  49|0x0000000083100000, 0x0000000083100000, 0x0000000083200000|  0%| F|  |TAMS 0x0000000083100000, 0x0000000083100000| Untracked 
|  50|0x0000000083200000, 0x0000000083200000, 0x0000000083300000|  0%| F|  |TAMS 0x0000000083200000, 0x0000000083200000| Untracked 
|  51|0x0000000083300000, 0x0000000083300000, 0x0000000083400000|  0%| F|  |TAMS 0x0000000083300000, 0x0000000083300000| Untracked 
|  52|0x0000000083400000, 0x0000000083400000, 0x0000000083500000|  0%| F|  |TAMS 0x0000000083400000, 0x0000000083400000| Untracked 
|  53|0x0000000083500000, 0x0000000083500000, 0x0000000083600000|  0%| F|  |TAMS 0x0000000083500000, 0x0000000083500000| Untracked 
|  54|0x0000000083600000, 0x0000000083600000, 0x0000000083700000|  0%| F|  |TAMS 0x0000000083600000, 0x0000000083600000| Untracked 
|  55|0x0000000083700000, 0x0000000083700000, 0x0000000083800000|  0%| F|  |TAMS 0x0000000083700000, 0x0000000083700000| Untracked 
|  56|0x0000000083800000, 0x0000000083800000, 0x0000000083900000|  0%| F|  |TAMS 0x0000000083800000, 0x0000000083800000| Untracked 
|  57|0x0000000083900000, 0x0000000083900000, 0x0000000083a00000|  0%| F|  |TAMS 0x0000000083900000, 0x0000000083900000| Untracked 
|  58|0x0000000083a00000, 0x0000000083a00000, 0x0000000083b00000|  0%| F|  |TAMS 0x0000000083a00000, 0x0000000083a00000| Untracked 
|  59|0x0000000083b00000, 0x0000000083bdfee0, 0x0000000083c00000| 87%| S|CS|TAMS 0x0000000083b00000, 0x0000000083b00000| Complete 
|  60|0x0000000083c00000, 0x0000000083d00000, 0x0000000083d00000|100%| S|CS|TAMS 0x0000000083c00000, 0x0000000083c00000| Complete 
|  61|0x0000000083d00000, 0x0000000083e00000, 0x0000000083e00000|100%| S|CS|TAMS 0x0000000083d00000, 0x0000000083d00000| Complete 
|  62|0x0000000083e00000, 0x0000000083e00000, 0x0000000083f00000|  0%| F|  |TAMS 0x0000000083e00000, 0x0000000083e00000| Untracked 
|  63|0x0000000083f00000, 0x0000000083f00000, 0x0000000084000000|  0%| F|  |TAMS 0x0000000083f00000, 0x0000000083f00000| Untracked 
|  64|0x0000000084000000, 0x0000000084000000, 0x0000000084100000|  0%| F|  |TAMS 0x0000000084000000, 0x0000000084000000| Untracked 
|  65|0x0000000084100000, 0x0000000084100000, 0x0000000084200000|  0%| F|  |TAMS 0x0000000084100000, 0x0000000084100000| Untracked 
|  66|0x0000000084200000, 0x0000000084200000, 0x0000000084300000|  0%| F|  |TAMS 0x0000000084200000, 0x0000000084200000| Untracked 
|  67|0x0000000084300000, 0x0000000084300000, 0x0000000084400000|  0%| F|  |TAMS 0x0000000084300000, 0x0000000084300000| Untracked 
|  68|0x0000000084400000, 0x0000000084400000, 0x0000000084500000|  0%| F|  |TAMS 0x0000000084400000, 0x0000000084400000| Untracked 
|  69|0x0000000084500000, 0x0000000084500000, 0x0000000084600000|  0%| F|  |TAMS 0x0000000084500000, 0x0000000084500000| Untracked 
|  70|0x0000000084600000, 0x0000000084600000, 0x0000000084700000|  0%| F|  |TAMS 0x0000000084600000, 0x0000000084600000| Untracked 
|  71|0x0000000084700000, 0x0000000084700000, 0x0000000084800000|  0%| F|  |TAMS 0x0000000084700000, 0x0000000084700000| Untracked 
|  72|0x0000000084800000, 0x0000000084800000, 0x0000000084900000|  0%| F|  |TAMS 0x0000000084800000, 0x0000000084800000| Untracked 
|  73|0x0000000084900000, 0x0000000084900000, 0x0000000084a00000|  0%| F|  |TAMS 0x0000000084900000, 0x0000000084900000| Untracked 
|  74|0x0000000084a00000, 0x0000000084a00000, 0x0000000084b00000|  0%| F|  |TAMS 0x0000000084a00000, 0x0000000084a00000| Untracked 
|  75|0x0000000084b00000, 0x0000000084b00000, 0x0000000084c00000|  0%| F|  |TAMS 0x0000000084b00000, 0x0000000084b00000| Untracked 
|  76|0x0000000084c00000, 0x0000000084c00000, 0x0000000084d00000|  0%| F|  |TAMS 0x0000000084c00000, 0x0000000084c00000| Untracked 
|  77|0x0000000084d00000, 0x0000000084d00000, 0x0000000084e00000|  0%| F|  |TAMS 0x0000000084d00000, 0x0000000084d00000| Untracked 
|  78|0x0000000084e00000, 0x0000000084e00000, 0x0000000084f00000|  0%| F|  |TAMS 0x0000000084e00000, 0x0000000084e00000| Untracked 
|  79|0x0000000084f00000, 0x0000000084f00000, 0x0000000085000000|  0%| F|  |TAMS 0x0000000084f00000, 0x0000000084f00000| Untracked 
|  80|0x0000000085000000, 0x0000000085000000, 0x0000000085100000|  0%| F|  |TAMS 0x0000000085000000, 0x0000000085000000| Untracked 
|  81|0x0000000085100000, 0x0000000085100000, 0x0000000085200000|  0%| F|  |TAMS 0x0000000085100000, 0x0000000085100000| Untracked 
|  82|0x0000000085200000, 0x0000000085200000, 0x0000000085300000|  0%| F|  |TAMS 0x0000000085200000, 0x0000000085200000| Untracked 
|  83|0x0000000085300000, 0x0000000085300000, 0x0000000085400000|  0%| F|  |TAMS 0x0000000085300000, 0x0000000085300000| Untracked 
|  84|0x0000000085400000, 0x0000000085400000, 0x0000000085500000|  0%| F|  |TAMS 0x0000000085400000, 0x0000000085400000| Untracked 
|  85|0x0000000085500000, 0x0000000085500000, 0x0000000085600000|  0%| F|  |TAMS 0x0000000085500000, 0x0000000085500000| Untracked 
|  86|0x0000000085600000, 0x000000008567e310, 0x0000000085700000| 49%| E|  |TAMS 0x0000000085600000, 0x0000000085600000| Complete 
|  87|0x0000000085700000, 0x00000000857c0410, 0x0000000085800000| 75%| E|  |TAMS 0x0000000085700000, 0x0000000085700000| Complete 
|  88|0x0000000085800000, 0x0000000085900000, 0x0000000085900000|100%| E|CS|TAMS 0x0000000085800000, 0x0000000085800000| Complete 
|  89|0x0000000085900000, 0x0000000085a00000, 0x0000000085a00000|100%| E|CS|TAMS 0x0000000085900000, 0x0000000085900000| Complete 
|  90|0x0000000085a00000, 0x0000000085b00000, 0x0000000085b00000|100%| E|CS|TAMS 0x0000000085a00000, 0x0000000085a00000| Complete 
|  91|0x0000000085b00000, 0x0000000085c00000, 0x0000000085c00000|100%| E|CS|TAMS 0x0000000085b00000, 0x0000000085b00000| Complete 
|  92|0x0000000085c00000, 0x0000000085d00000, 0x0000000085d00000|100%| E|CS|TAMS 0x0000000085c00000, 0x0000000085c00000| Complete 
|  93|0x0000000085d00000, 0x0000000085e00000, 0x0000000085e00000|100%| E|CS|TAMS 0x0000000085d00000, 0x0000000085d00000| Complete 
|  94|0x0000000085e00000, 0x0000000085f00000, 0x0000000085f00000|100%| E|CS|TAMS 0x0000000085e00000, 0x0000000085e00000| Complete 
|  95|0x0000000085f00000, 0x0000000086000000, 0x0000000086000000|100%| E|CS|TAMS 0x0000000085f00000, 0x0000000085f00000| Complete 
|  96|0x0000000086000000, 0x0000000086100000, 0x0000000086100000|100%| E|CS|TAMS 0x0000000086000000, 0x0000000086000000| Complete 
|  97|0x0000000086100000, 0x0000000086200000, 0x0000000086200000|100%| E|CS|TAMS 0x0000000086100000, 0x0000000086100000| Complete 
|  98|0x0000000086200000, 0x0000000086300000, 0x0000000086300000|100%| E|CS|TAMS 0x0000000086200000, 0x0000000086200000| Complete 
|  99|0x0000000086300000, 0x0000000086400000, 0x0000000086400000|100%| E|CS|TAMS 0x0000000086300000, 0x0000000086300000| Complete 
| 100|0x0000000086400000, 0x0000000086500000, 0x0000000086500000|100%| E|CS|TAMS 0x0000000086400000, 0x0000000086400000| Complete 
| 101|0x0000000086500000, 0x0000000086600000, 0x0000000086600000|100%| E|CS|TAMS 0x0000000086500000, 0x0000000086500000| Complete 
| 102|0x0000000086600000, 0x0000000086700000, 0x0000000086700000|100%| E|CS|TAMS 0x0000000086600000, 0x0000000086600000| Complete 
| 103|0x0000000086700000, 0x0000000086800000, 0x0000000086800000|100%| E|CS|TAMS 0x0000000086700000, 0x0000000086700000| Complete 
| 104|0x0000000086800000, 0x0000000086900000, 0x0000000086900000|100%| E|CS|TAMS 0x0000000086800000, 0x0000000086800000| Complete 
| 105|0x0000000086900000, 0x0000000086a00000, 0x0000000086a00000|100%| E|CS|TAMS 0x0000000086900000, 0x0000000086900000| Complete 
| 106|0x0000000086a00000, 0x0000000086b00000, 0x0000000086b00000|100%| E|CS|TAMS 0x0000000086a00000, 0x0000000086a00000| Complete 
| 107|0x0000000086b00000, 0x0000000086c00000, 0x0000000086c00000|100%| E|CS|TAMS 0x0000000086b00000, 0x0000000086b00000| Complete 
| 108|0x0000000086c00000, 0x0000000086d00000, 0x0000000086d00000|100%| E|CS|TAMS 0x0000000086c00000, 0x0000000086c00000| Complete 
| 109|0x0000000086d00000, 0x0000000086e00000, 0x0000000086e00000|100%| E|CS|TAMS 0x0000000086d00000, 0x0000000086d00000| Complete 
| 110|0x0000000086e00000, 0x0000000086f00000, 0x0000000086f00000|100%| E|CS|TAMS 0x0000000086e00000, 0x0000000086e00000| Complete 
| 111|0x0000000086f00000, 0x0000000087000000, 0x0000000087000000|100%| E|CS|TAMS 0x0000000086f00000, 0x0000000086f00000| Complete 
| 112|0x0000000087000000, 0x0000000087100000, 0x0000000087100000|100%| E|CS|TAMS 0x0000000087000000, 0x0000000087000000| Complete 
| 113|0x0000000087100000, 0x0000000087200000, 0x0000000087200000|100%| E|CS|TAMS 0x0000000087100000, 0x0000000087100000| Complete 
| 114|0x0000000087200000, 0x0000000087300000, 0x0000000087300000|100%| E|CS|TAMS 0x0000000087200000, 0x0000000087200000| Complete 
| 115|0x0000000087300000, 0x0000000087400000, 0x0000000087400000|100%| E|CS|TAMS 0x0000000087300000, 0x0000000087300000| Complete 
| 116|0x0000000087400000, 0x0000000087500000, 0x0000000087500000|100%| E|CS|TAMS 0x0000000087400000, 0x0000000087400000| Complete 
| 117|0x0000000087500000, 0x0000000087600000, 0x0000000087600000|100%| E|CS|TAMS 0x0000000087500000, 0x0000000087500000| Complete 
| 118|0x0000000087600000, 0x0000000087700000, 0x0000000087700000|100%| E|CS|TAMS 0x0000000087600000, 0x0000000087600000| Complete 
| 119|0x0000000087700000, 0x0000000087800000, 0x0000000087800000|100%| E|CS|TAMS 0x0000000087700000, 0x0000000087700000| Complete 
| 120|0x0000000087800000, 0x0000000087900000, 0x0000000087900000|100%| E|CS|TAMS 0x0000000087800000, 0x0000000087800000| Complete 
| 121|0x0000000087900000, 0x0000000087a00000, 0x0000000087a00000|100%| E|CS|TAMS 0x0000000087900000, 0x0000000087900000| Complete 
| 122|0x0000000087a00000, 0x0000000087b00000, 0x0000000087b00000|100%| E|CS|TAMS 0x0000000087a00000, 0x0000000087a00000| Complete 
| 123|0x0000000087b00000, 0x0000000087c00000, 0x0000000087c00000|100%| E|CS|TAMS 0x0000000087b00000, 0x0000000087b00000| Complete 
| 124|0x0000000087c00000, 0x0000000087d00000, 0x0000000087d00000|100%| E|CS|TAMS 0x0000000087c00000, 0x0000000087c00000| Complete 
| 125|0x0000000087d00000, 0x0000000087e00000, 0x0000000087e00000|100%| E|CS|TAMS 0x0000000087d00000, 0x0000000087d00000| Complete 
| 126|0x0000000087e00000, 0x0000000087f00000, 0x0000000087f00000|100%| E|CS|TAMS 0x0000000087e00000, 0x0000000087e00000| Complete 
| 127|0x0000000087f00000, 0x0000000088000000, 0x0000000088000000|100%| E|CS|TAMS 0x0000000087f00000, 0x0000000087f00000| Complete 

Card table byte_map: [0x0000014cdbb50000,0x0000014cdbf50000] _byte_map_base: 0x0000014cdb750000

Marking Bits (Prev, Next): (CMBitMap*) 0x0000014cc8c9d870, (CMBitMap*) 0x0000014cc8c9d838
 Prev Bits: [0x0000014cde350000, 0x0000014ce0350000)
 Next Bits: [0x0000014cdc350000, 0x0000014cde350000)

Polling page: 0x0000014cc69d0000

Metaspace:

Usage:
  Non-class:     30.06 MB capacity,    29.59 MB ( 98%) used,   398.98 KB (  1%) free+waste,    73.75 KB ( <1%) overhead. 
      Class:      4.72 MB capacity,     4.43 MB ( 94%) used,   263.13 KB (  5%) free+waste,    36.31 KB ( <1%) overhead. 
       Both:     34.78 MB capacity,    34.02 MB ( 98%) used,   662.10 KB (  2%) free+waste,   110.06 KB ( <1%) overhead. 

Virtual space:
  Non-class space:       32.00 MB reserved,      30.25 MB ( 95%) committed 
      Class space:        1.00 GB reserved,       4.75 MB ( <1%) committed 
             Both:        1.03 GB reserved,      35.00 MB (  3%) committed 

Chunk freelists:
   Non-Class:  6.00 KB
       Class:  0 bytes
        Both:  6.00 KB

MaxMetaspaceSize: 17179869184.00 GB
CompressedClassSpaceSize: 1.00 GB

CodeHeap 'non-profiled nmethods': size=120064Kb used=1441Kb max_used=1441Kb free=118622Kb
 bounds [0x0000014cd4210000, 0x0000014cd4480000, 0x0000014cdb750000]
CodeHeap 'profiled nmethods': size=120000Kb used=6108Kb max_used=6108Kb free=113891Kb
 bounds [0x0000014cccce0000, 0x0000014ccd2e0000, 0x0000014cd4210000]
CodeHeap 'non-nmethods': size=5696Kb used=1172Kb max_used=1200Kb free=4524Kb
 bounds [0x0000014ccc750000, 0x0000014ccc9c0000, 0x0000014cccce0000]
 total_blobs=3373 nmethods=2852 adapters=432
 compilation: enabled
              stopped_count=0, restarted_count=0
 full_count=0

Compilation events (20 events):
Event: 7.274 Thread 0x0000014ce2857800 2850       1       java.beans.FeatureDescriptor::setName (6 bytes)
Event: 7.274 Thread 0x0000014ce2857800 nmethod 2850 0x0000014cd4377a90 code [0x0000014cd4377c40, 0x0000014cd4377d38]
Event: 7.277 Thread 0x0000014ce2857800 2851       1       java.lang.Enum::name (5 bytes)
Event: 7.277 Thread 0x0000014ce2857800 nmethod 2851 0x0000014cd4377d90 code [0x0000014cd4377f40, 0x0000014cd4377ff8]
Event: 7.281 Thread 0x0000014ce2857800 2852       3       org.codehaus.groovy.reflection.ReflectionUtils::checkCanSetAccessible (11 bytes)
Event: 7.281 Thread 0x0000014ce2857800 nmethod 2852 0x0000014ccd2d3590 code [0x0000014ccd2d3740, 0x0000014ccd2d3868]
Event: 7.282 Thread 0x0000014ce2857800 2853       1       java.lang.reflect.Field::getDeclaringClass (5 bytes)
Event: 7.282 Thread 0x0000014ce2857800 nmethod 2853 0x0000014cd4378090 code [0x0000014cd4378240, 0x0000014cd43782f8]
Event: 7.289 Thread 0x0000014ce2857800 2854       1       groovy.lang.MetaProperty::getName (5 bytes)
Event: 7.289 Thread 0x0000014ce2857800 nmethod 2854 0x0000014cd4378390 code [0x0000014cd4378540, 0x0000014cd43785f8]
Event: 7.289 Thread 0x0000014ce2857800 2855       3       java.beans.MethodRef::get (91 bytes)
Event: 7.291 Thread 0x0000014ce2857800 nmethod 2855 0x0000014ccd2d3910 code [0x0000014ccd2d3b80, 0x0000014ccd2d4738]
Event: 7.293 Thread 0x0000014ce2857800 2856       3       org.codehaus.groovy.util.ReferenceManager$CallBackedManager::removeStallEntries0 (51 bytes)
Event: 7.293 Thread 0x0000014ce2857800 nmethod 2856 0x0000014ccd2d4a10 code [0x0000014ccd2d4c40, 0x0000014ccd2d5518]
Event: 7.294 Thread 0x0000014ce2857800 2857       3       org.codehaus.groovy.reflection.CachedMethod::getReturnType (8 bytes)
Event: 7.294 Thread 0x0000014ce2857800 nmethod 2857 0x0000014ccd2d5790 code [0x0000014ccd2d5940, 0x0000014ccd2d5a58]
Event: 7.295 Thread 0x0000014ce2857800 2858       3       org.codehaus.groovy.util.ComplexKeyHashMap::hash (31 bytes)
Event: 7.295 Thread 0x0000014ce2857800 nmethod 2858 0x0000014ccd2d5b10 code [0x0000014ccd2d5cc0, 0x0000014ccd2d5db8]
Event: 7.297 Thread 0x0000014ce2857800 2859       3       org.codehaus.groovy.util.SingleKeyHashMap::getOrPut (137 bytes)
Event: 7.298 Thread 0x0000014ce2857800 nmethod 2859 0x0000014ccd2d5e90 code [0x0000014ccd2d60e0, 0x0000014ccd2d6c48]

GC Heap History (10 events):
Event: 0.978 GC heap before
{Heap before GC invocations=0 (full 0):
 garbage-first heap   total 131072K, used 19456K [0x0000000080000000, 0x0000000100000000)
  region size 1024K, 14 young (14336K), 0 survivors (0K)
 Metaspace       used 6731K, capacity 6925K, committed 7168K, reserved 1056768K
  class space    used 582K, capacity 650K, committed 768K, reserved 1048576K
}
Event: 0.984 GC heap after
{Heap after GC invocations=1 (full 0):
 garbage-first heap   total 131072K, used 8300K [0x0000000080000000, 0x0000000100000000)
  region size 1024K, 2 young (2048K), 2 survivors (2048K)
 Metaspace       used 6731K, capacity 6925K, committed 7168K, reserved 1056768K
  class space    used 582K, capacity 650K, committed 768K, reserved 1048576K
}
Event: 1.419 GC heap before
{Heap before GC invocations=1 (full 0):
 garbage-first heap   total 131072K, used 19564K [0x0000000080000000, 0x0000000100000000)
  region size 1024K, 13 young (13312K), 2 survivors (2048K)
 Metaspace       used 9808K, capacity 9990K, committed 10112K, reserved 1058816K
  class space    used 1022K, capacity 1102K, committed 1152K, reserved 1048576K
}
Event: 1.423 GC heap after
{Heap after GC invocations=2 (full 0):
 garbage-first heap   total 131072K, used 9211K [0x0000000080000000, 0x0000000100000000)
  region size 1024K, 2 young (2048K), 2 survivors (2048K)
 Metaspace       used 9808K, capacity 9990K, committed 10112K, reserved 1058816K
  class space    used 1022K, capacity 1102K, committed 1152K, reserved 1048576K
}
Event: 2.107 GC heap before
{Heap before GC invocations=2 (full 0):
 garbage-first heap   total 131072K, used 37883K [0x0000000080000000, 0x0000000100000000)
  region size 1024K, 30 young (30720K), 2 survivors (2048K)
 Metaspace       used 10758K, capacity 11007K, committed 11264K, reserved 1058816K
  class space    used 1125K, capacity 1206K, committed 1280K, reserved 1048576K
}
Event: 2.111 GC heap after
{Heap after GC invocations=3 (full 0):
 garbage-first heap   total 131072K, used 12005K [0x0000000080000000, 0x0000000100000000)
  region size 1024K, 3 young (3072K), 3 survivors (3072K)
 Metaspace       used 10758K, capacity 11007K, committed 11264K, reserved 1058816K
  class space    used 1125K, capacity 1206K, committed 1280K, reserved 1048576K
}
Event: 4.319 GC heap before
{Heap before GC invocations=3 (full 0):
 garbage-first heap   total 131072K, used 78565K [0x0000000080000000, 0x0000000100000000)
  region size 1024K, 69 young (70656K), 3 survivors (3072K)
 Metaspace       used 20642K, capacity 21122K, committed 21248K, reserved 1067008K
  class space    used 2518K, capacity 2720K, committed 2816K, reserved 1048576K
}
Event: 4.334 GC heap after
{Heap after GC invocations=4 (full 0):
 garbage-first heap   total 131072K, used 16422K [0x0000000080000000, 0x0000000100000000)
  region size 1024K, 9 young (9216K), 9 survivors (9216K)
 Metaspace       used 20642K, capacity 21122K, committed 21248K, reserved 1067008K
  class space    used 2518K, capacity 2720K, committed 2816K, reserved 1048576K
}
Event: 5.653 GC heap before
{Heap before GC invocations=5 (full 0):
 garbage-first heap   total 131072K, used 84006K [0x0000000080000000, 0x0000000100000000)
  region size 1024K, 75 young (76800K), 9 survivors (9216K)
 Metaspace       used 26877K, capacity 27449K, committed 27648K, reserved 1073152K
  class space    used 3548K, capacity 3793K, committed 3840K, reserved 1048576K
}
Event: 5.667 GC heap after
{Heap after GC invocations=6 (full 0):
 garbage-first heap   total 131072K, used 19574K [0x0000000080000000, 0x0000000100000000)
  region size 1024K, 3 young (3072K), 3 survivors (3072K)
 Metaspace       used 26877K, capacity 27449K, committed 27648K, reserved 1073152K
  class space    used 3548K, capacity 3793K, committed 3840K, reserved 1048576K
}

Deoptimization events (20 events):
Event: 5.713 Thread 0x0000014ce572d800 DEOPT PACKING pc=0x0000014cd42fe5ac sp=0x0000002998af8d70
Event: 5.713 Thread 0x0000014ce572d800 DEOPT UNPACKING pc=0x0000014ccc7778af sp=0x0000002998af8d08 mode 2
Event: 6.471 Thread 0x0000014ce572d800 Uncommon trap: trap_request=0xffffff4d fr.pc=0x0000014cd43152d0 relative=0x00000000000001f0
Event: 6.471 Thread 0x0000014ce572d800 Uncommon trap: reason=unstable_if action=reinterpret pc=0x0000014cd43152d0 method=java.util.HashMap.putVal(ILjava/lang/Object;Ljava/lang/Object;ZZ)Ljava/lang/Object; @ 162 c2
Event: 6.471 Thread 0x0000014ce572d800 DEOPT PACKING pc=0x0000014cd43152d0 sp=0x0000002998afaaf0
Event: 6.471 Thread 0x0000014ce572d800 DEOPT UNPACKING pc=0x0000014ccc7778af sp=0x0000002998afaa70 mode 2
Event: 6.763 Thread 0x0000014ce572d800 Uncommon trap: trap_request=0xffffffcc fr.pc=0x0000014cd435b304 relative=0x00000000000002c4
Event: 6.763 Thread 0x0000014ce572d800 Uncommon trap: reason=intrinsic_or_type_checked_inlining action=make_not_entrant pc=0x0000014cd435b304 method=java.util.Arrays.copyOf([Ljava/lang/Object;ILjava/lang/Class;)[Ljava/lang/Object; @ 35 c2
Event: 6.763 Thread 0x0000014ce572d800 DEOPT PACKING pc=0x0000014cd435b304 sp=0x0000002998af8ed0
Event: 6.763 Thread 0x0000014ce572d800 DEOPT UNPACKING pc=0x0000014ccc7778af sp=0x0000002998af8e60 mode 2
Event: 7.002 Thread 0x0000014ce572d800 Uncommon trap: trap_request=0xffffff4d fr.pc=0x0000014cd4305be4 relative=0x0000000000005124
Event: 7.008 Thread 0x0000014ce572d800 Uncommon trap: reason=unstable_if action=reinterpret pc=0x0000014cd4305be4 method=jdk.internal.loader.BuiltinClassLoader.loadClassOrNull(Ljava/lang/String;Z)Ljava/lang/Class; @ 42 c2
Event: 7.008 Thread 0x0000014ce572d800 DEOPT PACKING pc=0x0000014cd4305be4 sp=0x0000002998af5680
Event: 7.009 Thread 0x0000014ce572d800 DEOPT UNPACKING pc=0x0000014ccc7778af sp=0x0000002998af5510 mode 2
Event: 7.198 Thread 0x0000014ce572d800 DEOPT PACKING pc=0x0000014ccd0e6279 sp=0x0000002998af63e0
Event: 7.198 Thread 0x0000014ce572d800 DEOPT UNPACKING pc=0x0000014ccc7776ce sp=0x0000002998af5928 mode 0
Event: 7.211 Thread 0x0000014ce572d800 Uncommon trap: trap_request=0xffffff5c fr.pc=0x0000014cd42adaa4 relative=0x0000000000000e64
Event: 7.211 Thread 0x0000014ce572d800 Uncommon trap: reason=speculate_null_assert action=make_not_entrant pc=0x0000014cd42adaa4 method=jdk.internal.loader.URLClassPath$JarLoader.getResource(Ljava/lang/String;ZLjava/util/Set;)Ljdk/internal/loader/Resource; @ 17 c2
Event: 7.211 Thread 0x0000014ce572d800 DEOPT PACKING pc=0x0000014cd42adaa4 sp=0x0000002998af5500
Event: 7.211 Thread 0x0000014ce572d800 DEOPT UNPACKING pc=0x0000014ccc7778af sp=0x0000002998af54a8 mode 2

Classes redefined (0 events):
No events

Internal exceptions (20 events):
Event: 5.516 Thread 0x0000014ce572d800 Exception <a 'java/lang/NoSuchMethodError'{0x00000000845f38e0}: 'java.lang.Object java.lang.invoke.Invokers$Holder.linkToTargetMethod(java.lang.Object, java.lang.Object, java.lang.Object, java.lang.Object, java.lang.Object, java.lang.Object, java.lang.Object, java.lang.Object, java.lang.Object, java.lang.Object, java.lang.Object, java.lang.Object)'> (0x00000000845f38e0) thrown at [./src/hotspot/share/interpreter/linkResolver.cpp, line 773]
Event: 5.526 Thread 0x0000014ce572d800 Exception <a 'java/lang/NoSuchMethodError'{0x0000000084484d08}: 'java.lang.Object java.lang.invoke.DirectMethodHandle$Holder.invokeStaticInit(java.lang.Object, java.lang.Object, java.lang.Object, java.lang.Object)'> (0x0000000084484d08) thrown at [./src/hotspot/share/interpreter/linkResolver.cpp, line 773]
Event: 5.712 Thread 0x0000014ce572d800 Implicit null exception at 0x0000014cd4316ef5 to 0x0000014cd43170bc
Event: 5.713 Thread 0x0000014ce572d800 Implicit null exception at 0x0000014cd42fe52f to 0x0000014cd42fe59d
Event: 6.651 Thread 0x0000014ce572d800 Exception <a 'java/lang/NoSuchMethodError'{0x000000008621b628}: 'void java.lang.invoke.DirectMethodHandle$Holder.invokeStaticInit(java.lang.Object, java.lang.Object, java.lang.Object)'> (0x000000008621b628) thrown at [./src/hotspot/share/interpreter/linkResolver.cpp, line 773]
Event: 6.652 Thread 0x0000014ce572d800 Exception <a 'java/lang/NoSuchMethodError'{0x0000000086222400}: 'void java.lang.invoke.DirectMethodHandle$Holder.invokeStaticInit(java.lang.Object, java.lang.Object, java.lang.Object, java.lang.Object)'> (0x0000000086222400) thrown at [./src/hotspot/share/interpreter/linkResolver.cpp, line 773]
Event: 6.660 Thread 0x0000014ce572d800 Exception <a 'java/lang/NoSuchMethodError'{0x0000000086244a38}: 'void java.lang.invoke.DirectMethodHandle$Holder.invokeStaticInit(java.lang.Object, java.lang.Object, java.lang.Object, java.lang.Object, java.lang.Object)'> (0x0000000086244a38) thrown at [./src/hotspot/share/interpreter/linkResolver.cpp, line 773]
Event: 6.661 Thread 0x0000014ce572d800 Exception <a 'java/lang/NoSuchMethodError'{0x000000008624c148}: 'int java.lang.invoke.DirectMethodHandle$Holder.invokeStaticInit(java.lang.Object, java.lang.Object, java.lang.Object)'> (0x000000008624c148) thrown at [./src/hotspot/share/interpreter/linkResolver.cpp, line 773]
Event: 6.734 Thread 0x0000014ce572d800 Exception <a 'java/lang/NoSuchMethodError'{0x00000000862aad70}: 'int java.lang.invoke.DirectMethodHandle$Holder.invokeStaticInit(java.lang.Object, java.lang.Object, java.lang.Object, java.lang.Object)'> (0x00000000862aad70) thrown at [./src/hotspot/share/interpreter/linkResolver.cpp, line 773]
Event: 6.737 Thread 0x0000014ce572d800 Exception <a 'java/lang/IncompatibleClassChangeError'{0x00000000862b42d0}: Found class java.lang.Object, but interface was expected> (0x00000000862b42d0) thrown at [./src/hotspot/share/interpreter/linkResolver.cpp, line 839]
Event: 7.194 Thread 0x0000014ce572d800 Exception <a 'java/lang/NoSuchMethodError'{0x0000000085bf59c8}: 'java.lang.Object java.lang.invoke.DirectMethodHandle$Holder.invokeStatic(java.lang.Object, java.lang.Object, java.lang.Object, java.lang.Object, java.lang.Object, java.lang.Object, java.lang.Object, java.lang.Object, java.lang.Object, java.lang.Object, java.lang.Object, int)'> (0x0000000085bf59c8) thrown at [./src/hotspot/share/interpreter/linkResolver.cpp, line 773]
Event: 7.199 Thread 0x0000014ce572d800 Exception <a 'java/lang/NoSuchMethodError'{0x0000000085a14ac0}: 'java.lang.Object java.lang.invoke.DirectMethodHandle$Holder.invokeStatic(java.lang.Object, java.lang.Object, java.lang.Object, java.lang.Object, java.lang.Object, java.lang.Object, java.lang.Object, java.lang.Object, java.lang.Object, java.lang.Object, java.lang.Object, int, int)'> (0x0000000085a14ac0) thrown at [./src/hotspot/share/interpreter/linkResolver.cpp, line 773]
Event: 7.202 Thread 0x0000014ce572d800 Exception <a 'java/lang/NoSuchMethodError'{0x0000000085a342f0}: 'java.lang.Object java.lang.invoke.DirectMethodHandle$Holder.invokeStatic(java.lang.Object, java.lang.Object, java.lang.Object, java.lang.Object, java.lang.Object, java.lang.Object, java.lang.Object, java.lang.Object, java.lang.Object, java.lang.Object, java.lang.Object, int, int, java.lang.Object)'> (0x0000000085a342f0) thrown at [./src/hotspot/share/interpreter/linkResolver.cpp, line 773]
Event: 7.208 Thread 0x0000014ce572d800 Exception <a 'java/lang/NoSuchMethodError'{0x0000000085a553e8}: 'java.lang.Object java.lang.invoke.DirectMethodHandle$Holder.invokeStatic(java.lang.Object, java.lang.Object, java.lang.Object, java.lang.Object, java.lang.Object, java.lang.Object, java.lang.Object, java.lang.Object, java.lang.Object, java.lang.Object, java.lang.Object, int, int, java.lang.Object, java.lang.Object)'> (0x0000000085a553e8) thrown at [./src/hotspot/share/interpreter/linkResolver.cpp, line 773]
Event: 7.213 Thread 0x0000014ce572d800 Exception <a 'java/lang/ClassNotFoundException'{0x0000000085a84378}: groovy/lang/ExpandoMetaClassBeanInfo> (0x0000000085a84378) thrown at [./src/hotspot/share/classfile/systemDictionary.cpp, line 231]
Event: 7.220 Thread 0x0000014ce572d800 Exception <a 'java/lang/ClassNotFoundException'{0x0000000085aa33c0}: groovy/lang/MetaClassImplBeanInfo> (0x0000000085aa33c0) thrown at [./src/hotspot/share/classfile/systemDictionary.cpp, line 231]
Event: 7.220 Thread 0x0000014ce572d800 Exception <a 'java/lang/ClassNotFoundException'{0x0000000085aabb68}: java/lang/ObjectBeanInfo> (0x0000000085aabb68) thrown at [./src/hotspot/share/classfile/systemDictionary.cpp, line 231]
Event: 7.224 Thread 0x0000014ce572d800 Exception <a 'java/lang/ClassNotFoundException'{0x0000000085ab6748}: java/lang/ObjectCustomizer> (0x0000000085ab6748) thrown at [./src/hotspot/share/classfile/systemDictionary.cpp, line 231]
Event: 7.250 Thread 0x0000014ce572d800 Exception <a 'java/lang/ClassNotFoundException'{0x0000000085adc4e8}: groovy/lang/MetaClassImplCustomizer> (0x0000000085adc4e8) thrown at [./src/hotspot/share/classfile/systemDictionary.cpp, line 231]
Event: 7.268 Thread 0x0000014ce572d800 Exception <a 'java/lang/ClassNotFoundException'{0x000000008591b350}: groovy/lang/ExpandoMetaClassCustomizer> (0x000000008591b350) thrown at [./src/hotspot/share/classfile/systemDictionary.cpp, line 231]

Events (20 events):
Event: 7.339 loading class org/codehaus/groovy/ast/expr/ElvisOperatorExpression
Event: 7.339 loading class org/codehaus/groovy/ast/expr/ElvisOperatorExpression done
Event: 7.340 loading class org/codehaus/groovy/ast/expr/ClosureExpression
Event: 7.340 loading class org/codehaus/groovy/ast/expr/ClosureExpression done
Event: 7.340 loading class org/codehaus/groovy/ast/expr/LambdaExpression
Event: 7.340 loading class org/codehaus/groovy/ast/expr/LambdaExpression done
Event: 7.341 loading class org/codehaus/groovy/ast/expr/TupleExpression
Event: 7.341 loading class org/codehaus/groovy/ast/expr/TupleExpression done
Event: 7.342 loading class org/codehaus/groovy/ast/expr/ArgumentListExpression
Event: 7.342 loading class org/codehaus/groovy/ast/expr/ArgumentListExpression done
Event: 7.343 loading class org/codehaus/groovy/ast/expr/MethodPointerExpression
Event: 7.343 loading class org/codehaus/groovy/ast/expr/MethodPointerExpression done
Event: 7.344 loading class org/codehaus/groovy/ast/expr/MethodReferenceExpression
Event: 7.344 loading class org/codehaus/groovy/ast/expr/MethodReferenceExpression done
Event: 7.345 loading class org/codehaus/groovy/ast/PropertyNode
Event: 7.345 loading class org/codehaus/groovy/ast/PropertyNode done
Event: 7.346 loading class org/codehaus/groovy/ast/ImportNode
Event: 7.346 loading class org/codehaus/groovy/ast/ImportNode done
Event: 7.347 loading class org/codehaus/groovy/control/messages/Message
Event: 7.347 loading class org/codehaus/groovy/control/messages/Message done


Dynamic libraries:
0x00007ff72c200000 - 0x00007ff72c20a000 	D:\Programs\Android Studio\jre\bin\java.exe
0x00007ff8dd090000 - 0x00007ff8dd285000 	C:\WINDOWS\SYSTEM32\ntdll.dll
0x00007ff8dcc30000 - 0x00007ff8dccee000 	C:\WINDOWS\System32\KERNEL32.DLL
0x00007ff8daba0000 - 0x00007ff8dae68000 	C:\WINDOWS\System32\KERNELBASE.dll
0x00007ff8daea0000 - 0x00007ff8dafa0000 	C:\WINDOWS\System32\ucrtbase.dll
0x00007ff8c6600000 - 0x00007ff8c6619000 	D:\Programs\Android Studio\jre\bin\jli.dll
0x00007ff8c65e0000 - 0x00007ff8c65f7000 	D:\Programs\Android Studio\jre\bin\VCRUNTIME140.dll
0x00007ff8db6e0000 - 0x00007ff8db881000 	C:\WINDOWS\System32\USER32.dll
0x00007ff8dae70000 - 0x00007ff8dae92000 	C:\WINDOWS\System32\win32u.dll
0x00007ff8dcb30000 - 0x00007ff8dcb5b000 	C:\WINDOWS\System32\GDI32.dll
0x00007ff8daa90000 - 0x00007ff8dab9b000 	C:\WINDOWS\System32\gdi32full.dll
0x00007ff8cd030000 - 0x00007ff8cd2ca000 	C:\WINDOWS\WinSxS\amd64_microsoft.windows.common-controls_6595b64144ccf1df_6.0.19041.1110_none_60b5254171f9507e\COMCTL32.dll
0x00007ff8da940000 - 0x00007ff8da9dd000 	C:\WINDOWS\System32\msvcp_win.dll
0x00007ff8db950000 - 0x00007ff8db9ee000 	C:\WINDOWS\System32\msvcrt.dll
0x00007ff8db380000 - 0x00007ff8db3b0000 	C:\WINDOWS\System32\IMM32.DLL
0x00007ff8a6ba0000 - 0x00007ff8a6c3d000 	D:\Programs\Android Studio\jre\bin\msvcp140.dll
0x00007ff893690000 - 0x00007ff89415f000 	D:\Programs\Android Studio\jre\bin\server\jvm.dll
0x00007ff8db0e0000 - 0x00007ff8db18c000 	C:\WINDOWS\System32\ADVAPI32.dll
0x00007ff8dce80000 - 0x00007ff8dcf1b000 	C:\WINDOWS\System32\sechost.dll
0x00007ff8dcf20000 - 0x00007ff8dd04a000 	C:\WINDOWS\System32\RPCRT4.dll
0x00007ff8db940000 - 0x00007ff8db948000 	C:\WINDOWS\System32\PSAPI.DLL
0x00007ff8cb8d0000 - 0x00007ff8cb8d9000 	C:\WINDOWS\SYSTEM32\WSOCK32.dll
0x00007ff8dc760000 - 0x00007ff8dc7cb000 	C:\WINDOWS\System32\WS2_32.dll
0x00007ff8cda90000 - 0x00007ff8cdab7000 	C:\WINDOWS\SYSTEM32\WINMM.dll
0x00007ff8ce320000 - 0x00007ff8ce32a000 	C:\WINDOWS\SYSTEM32\VERSION.dll
0x00007ff8d8670000 - 0x00007ff8d8682000 	C:\WINDOWS\SYSTEM32\kernel.appcore.dll
0x00007ff8d6670000 - 0x00007ff8d6681000 	D:\Programs\Android Studio\jre\bin\verify.dll
0x00007ff8d3c20000 - 0x00007ff8d3e04000 	C:\WINDOWS\SYSTEM32\DBGHELP.DLL
0x00007ff8c93b0000 - 0x00007ff8c93dc000 	C:\WINDOWS\SYSTEM32\dbgcore.DLL
0x00007ff8db050000 - 0x00007ff8db0d3000 	C:\WINDOWS\System32\bcryptPrimitives.dll
0x00007ff8d4b30000 - 0x00007ff8d4b59000 	D:\Programs\Android Studio\jre\bin\java.dll
0x00007ff8d6610000 - 0x00007ff8d661b000 	D:\Programs\Android Studio\jre\bin\jimage.dll
0x00007ff8d4d70000 - 0x00007ff8d4d88000 	D:\Programs\Android Studio\jre\bin\zip.dll
0x00007ff8dc020000 - 0x00007ff8dc75f000 	C:\WINDOWS\System32\SHELL32.dll
0x00007ff8d8870000 - 0x00007ff8d9000000 	C:\WINDOWS\SYSTEM32\windows.storage.dll
0x00007ff8dc7d0000 - 0x00007ff8dcb25000 	C:\WINDOWS\System32\combase.dll
0x00007ff8da120000 - 0x00007ff8da14e000 	C:\WINDOWS\SYSTEM32\Wldp.dll
0x00007ff8db270000 - 0x00007ff8db31d000 	C:\WINDOWS\System32\SHCORE.dll
0x00007ff8db320000 - 0x00007ff8db375000 	C:\WINDOWS\System32\shlwapi.dll
0x00007ff8da6f0000 - 0x00007ff8da70f000 	C:\WINDOWS\SYSTEM32\profapi.dll
0x00007ff8d4630000 - 0x00007ff8d464a000 	D:\Programs\Android Studio\jre\bin\net.dll
0x00007ff8ce910000 - 0x00007ff8cea1c000 	C:\WINDOWS\SYSTEM32\WINHTTP.dll
0x00007ff8d9f00000 - 0x00007ff8d9f6a000 	C:\WINDOWS\system32\mswsock.dll
0x00007ff8d4550000 - 0x00007ff8d4564000 	D:\Programs\Android Studio\jre\bin\nio.dll
0x00007ff8c3310000 - 0x00007ff8c3337000 	C:\Users\phung\.gradle\native\8bec1ad78214c89d9ad589b4d07fe93259594b29d510b10fafb7a158f7737e5d\windows-amd64\native-platform.dll
0x00007ff8a6c40000 - 0x00007ff8a6d7d000 	C:\Users\phung\.gradle\native\53dbd7edfb1c66fb8903c78663c9afc45aea4f116125fa6feffd364cf09443e8\windows-amd64\native-platform-file-events.dll
0x00007ff8d65a0000 - 0x00007ff8d65aa000 	D:\Programs\Android Studio\jre\bin\management.dll
0x00007ff8d6150000 - 0x00007ff8d615c000 	D:\Programs\Android Studio\jre\bin\management_ext.dll
0x00007ff8da460000 - 0x00007ff8da478000 	C:\WINDOWS\SYSTEM32\CRYPTSP.dll
0x00007ff8d9830000 - 0x00007ff8d9864000 	C:\WINDOWS\system32\rsaenh.dll
0x00007ff8da7b0000 - 0x00007ff8da7d7000 	C:\WINDOWS\System32\bcrypt.dll
0x00007ff8da6b0000 - 0x00007ff8da6de000 	C:\WINDOWS\SYSTEM32\USERENV.dll
0x00007ff8da090000 - 0x00007ff8da09c000 	C:\WINDOWS\SYSTEM32\CRYPTBASE.dll
0x00007ff8d9bc0000 - 0x00007ff8d9bfb000 	C:\WINDOWS\SYSTEM32\IPHLPAPI.DLL
0x00007ff8db3d0000 - 0x00007ff8db3d8000 	C:\WINDOWS\System32\NSI.dll
0x00007ff8d2970000 - 0x00007ff8d2987000 	C:\WINDOWS\SYSTEM32\dhcpcsvc6.DLL
0x00007ff8d2610000 - 0x00007ff8d262d000 	C:\WINDOWS\SYSTEM32\dhcpcsvc.DLL
0x00007ff8d9c00000 - 0x00007ff8d9ccb000 	C:\WINDOWS\SYSTEM32\DNSAPI.dll

dbghelp: loaded successfully - version: 4.0.5 - missing functions: none
symbol engine: initialized successfully - sym options: 0x614 - pdb path: .;D:\Programs\Android Studio\jre\bin;C:\WINDOWS\SYSTEM32;C:\WINDOWS\WinSxS\amd64_microsoft.windows.common-controls_6595b64144ccf1df_6.0.19041.1110_none_60b5254171f9507e;D:\Programs\Android Studio\jre\bin\server;C:\Users\phung\.gradle\native\8bec1ad78214c89d9ad589b4d07fe93259594b29d510b10fafb7a158f7737e5d\windows-amd64;C:\Users\phung\.gradle\native\53dbd7edfb1c66fb8903c78663c9afc45aea4f116125fa6feffd364cf09443e8\windows-amd64

VM Arguments:
jvm_args: --add-opens=java.base/java.util=ALL-UNNAMED --add-opens=java.base/java.lang=ALL-UNNAMED --add-opens=java.base/java.lang.invoke=ALL-UNNAMED --add-opens=java.base/java.util=ALL-UNNAMED --add-opens=java.prefs/java.util.prefs=ALL-UNNAMED --add-opens=java.prefs/java.util.prefs=ALL-UNNAMED --add-opens=java.base/java.nio.charset=ALL-UNNAMED --add-opens=java.base/java.net=ALL-UNNAMED --add-opens=java.base/java.util.concurrent.atomic=ALL-UNNAMED -Xmx2048m -Dfile.encoding=UTF-8 -Duser.country=US -Duser.language=en -Duser.variant 
java_command: org.gradle.launcher.daemon.bootstrap.GradleDaemon 7.0.2
java_class_path (initial): C:\Users\phung\.gradle\wrapper\dists\gradle-7.0.2-bin\857tjihv64xamwrf0h14cai3r\gradle-7.0.2\lib\gradle-launcher-7.0.2.jar
Launcher Type: SUN_STANDARD

[Global flags]
     intx CICompilerCount                          = 3                                         {product} {ergonomic}
     uint ConcGCThreads                            = 1                                         {product} {ergonomic}
     uint G1ConcRefinementThreads                  = 4                                         {product} {ergonomic}
   size_t G1HeapRegionSize                         = 1048576                                   {product} {ergonomic}
    uintx GCDrainStackTargetSize                   = 64                                        {product} {ergonomic}
   size_t InitialHeapSize                          = 134217728                                 {product} {ergonomic}
   size_t MarkStackSize                            = 4194304                                   {product} {ergonomic}
   size_t MaxHeapSize                              = 2147483648                                {product} {command line}
   size_t MaxNewSize                               = 1287651328                                {product} {ergonomic}
   size_t MinHeapDeltaBytes                        = 1048576                                   {product} {ergonomic}
    uintx NonNMethodCodeHeapSize                   = 5830732                                {pd product} {ergonomic}
    uintx NonProfiledCodeHeapSize                  = 122913754                              {pd product} {ergonomic}
    uintx ProfiledCodeHeapSize                     = 122913754                              {pd product} {ergonomic}
    uintx ReservedCodeCacheSize                    = 251658240                              {pd product} {ergonomic}
     bool SegmentedCodeCache                       = true                                      {product} {ergonomic}
     bool UseCompressedClassPointers               = true                                 {lp64_product} {ergonomic}
     bool UseCompressedOops                        = true                                 {lp64_product} {ergonomic}
     bool UseG1GC                                  = true                                      {product} {ergonomic}
     bool UseLargePagesIndividualAllocation        = false                                  {pd product} {ergonomic}

Logging:
Log output configuration:
 #0: stdout all=warning uptime,level,tags
 #1: stderr all=off uptime,level,tags

Environment Variables:
PATH=C:\Program Files (x86)\Common Files\Oracle\Java\javapath;C:\Program Files (x86)\NVIDIA Corporation\PhysX\Common;C:\WINDOWS\system32;C:\WINDOWS;C:\WINDOWS\System32\Wbem;C:\WINDOWS\System32\WindowsPowerShell\v1.0\;C:\WINDOWS\System32\OpenSSH\;C:\Program Files\mingw-w64\x86_64-8.1.0-win32-seh-rt_v6-rev0\mingw64\bin;D:\Programs\Git\cmd;C:\ProgramData\chocolatey\bin;;C:\Program Files\Docker\Docker\resources\bin;C:\ProgramData\DockerDesktop\version-bin;D:\Programs\Node.js\;C:\Users\phung\AppData\Local\Microsoft\WindowsApps;D:\Programs\IntelliJ IDEA Community Edition 2020.3.1\bin;;D:\Programs\GitHub CLI\;C:\Users\phung\AppData\Roaming\npm;C:\Program Files\RabbitMQ Server\rabbitmq_server-3.9.8\sbin;
USERNAME=Vu
OS=Windows_NT
PROCESSOR_IDENTIFIER=Intel64 Family 6 Model 61 Stepping 4, GenuineIntel



---------------  S Y S T E M  ---------------

OS: Windows 10 , 64 bit Build 19041 (10.0.19041.1348)
OS uptime: 0 days 19:34 hours
Hyper-V role detected

CPU:total 4 (initial active 4) (2 cores per cpu, 2 threads per core) family 6 model 61 stepping 4 microcode 0x2d, cmov, cx8, fxsr, mmx, sse, sse2, sse3, ssse3, sse4.1, sse4.2, popcnt, avx, avx2, aes, clmul, erms, rtm, 3dnowpref, lzcnt, ht, tsc, tscinvbit, bmi1, bmi2, adx, fma

Memory: 4k page, system-wide physical 8072M (642M free)
TotalPageFile size 11072M (AvailPageFile size 4M)
current process WorkingSet (physical memory assigned to process): 238M, peak: 238M
current process commit charge ("private bytes"): 303M, peak: 304M

vm_info: OpenJDK 64-Bit Server VM (11.0.10+0-b96-7249189) for windows-amd64 JRE (11.0.10+0-b96-7249189), built on Mar 31 2021 21:44:00 by "builder" with MS VC++ 14.0 (VS2015)

END.
