#
# There is insufficient memory for the Java Runtime Environment to continue.
# Native memory allocation (malloc) failed to allocate 620112 bytes for Chunk::new
# Possible reasons:
#   The system is out of physical RAM or swap space
#   The process is running with CompressedOops enabled, and the Java Heap may be blocking the growth of the native heap
# Possible solutions:
#   Reduce memory load on the system
#   Increase physical memory or swap space
#   Check if swap backing store is full
#   Decrease Java heap size (-Xmx/-Xms)
#   Decrease number of Java threads
#   Decrease Java thread stack sizes (-Xss)
#   Set larger code cache with -XX:ReservedCodeCacheSize=
#   JVM is running with Unscaled Compressed Oops mode in which the Java heap is
#     placed in the first 4GB address space. The Java Heap base address is the
#     maximum limit for the native heap growth. Please use -XX:HeapBaseMinAddress
#     to set the Java Heap base and to place the Java Heap above 4GB virtual address.
# This output file may be truncated or incomplete.
#
#  Out of Memory Error (./src/hotspot/share/memory/arena.cpp:197), pid=6016, tid=7520
#
# JRE version: OpenJDK Runtime Environment (11.0.10) (build 11.0.10+0-b96-7249189)
# Java VM: OpenJDK 64-Bit Server VM (11.0.10+0-b96-7249189, mixed mode, tiered, compressed oops, g1 gc, windows-amd64)
# No core dump will be written. Minidumps are not enabled by default on client versions of Windows
#

---------------  S U M M A R Y ------------

Command Line: --add-opens=java.base/java.util=ALL-UNNAMED --add-opens=java.base/java.lang=ALL-UNNAMED --add-opens=java.base/java.lang.invoke=ALL-UNNAMED --add-opens=java.base/java.util=ALL-UNNAMED --add-opens=java.prefs/java.util.prefs=ALL-UNNAMED --add-opens=java.prefs/java.util.prefs=ALL-UNNAMED --add-opens=java.base/java.nio.charset=ALL-UNNAMED --add-opens=java.base/java.net=ALL-UNNAMED --add-opens=java.base/java.util.concurrent.atomic=ALL-UNNAMED -Xmx2048m -Dfile.encoding=UTF-8 -Duser.country=US -Duser.language=en -Duser.variant org.gradle.launcher.daemon.bootstrap.GradleDaemon 7.0.2

Host: Intel(R) Core(TM) i5-5300U CPU @ 2.30GHz, 4 cores, 7G,  Windows 10 , 64 bit Build 19041 (10.0.19041.1348)
Time: Sun Nov 28 21:02:19 2021 SE Asia Standard Time elapsed time: 5.752314 seconds (0d 0h 0m 5s)

---------------  T H R E A D  ---------------

Current thread (0x000001d24aeb1000):  JavaThread "C2 CompilerThread0" daemon [_thread_in_native, id=7520, stack(0x0000003a7c800000,0x0000003a7c900000)]


Current CompileTask:
C2:   5752 2284   !   4       java.net.URLClassLoader$1::run (63 bytes)

Stack: [0x0000003a7c800000,0x0000003a7c900000]
Native frames: (J=compiled Java code, j=interpreted, Vv=VM code, C=native code)
V  [jvm.dll+0x5ecfaa]
V  [jvm.dll+0x722bd5]
V  [jvm.dll+0x72412d]
V  [jvm.dll+0x7247e3]
V  [jvm.dll+0x242928]
V  [jvm.dll+0xbc4fc]
V  [jvm.dll+0xbca0c]
V  [jvm.dll+0x1fae51]
V  [jvm.dll+0x584a45]
V  [jvm.dll+0x58380e]
V  [jvm.dll+0x1fb4a2]
V  [jvm.dll+0x1fa7f4]
V  [jvm.dll+0x18354c]
V  [jvm.dll+0x208ee7]
V  [jvm.dll+0x207731]
V  [jvm.dll+0x6eb1cf]
V  [jvm.dll+0x6e3d45]
V  [jvm.dll+0x5ebe96]
C  [ucrtbase.dll+0x21bb2]
C  [KERNEL32.DLL+0x17034]
C  [ntdll.dll+0x52651]


---------------  P R O C E S S  ---------------

Threads class SMR info:
_java_thread_list=0x000001d24e4b5df0, length=29, elements={
0x000001d2312bd800, 0x000001d24ae91000, 0x000001d24ae94800, 0x000001d24aeab800,
0x000001d24aeac800, 0x000001d24aeaf000, 0x000001d24aeb1000, 0x000001d24aeb6000,
0x000001d24aebe000, 0x000001d24b95a800, 0x000001d24d1ba800, 0x000001d24cb31000,
0x000001d24c697800, 0x000001d24c99a800, 0x000001d24d8d7800, 0x000001d24d089000,
0x000001d24cb5f000, 0x000001d24e57b800, 0x000001d24e57a800, 0x000001d24e57c000,
0x000001d24e579800, 0x000001d24ddd2800, 0x000001d24ddd1800, 0x000001d24dcd0000,
0x000001d24ddcd800, 0x000001d24ddcf000, 0x000001d24ddcc800, 0x000001d24ddd3000,
0x000001d24ddd1000
}

Java Threads: ( => current thread )
  0x000001d2312bd800 JavaThread "main" [_thread_blocked, id=9668, stack(0x0000003a7bc00000,0x0000003a7bd00000)]
  0x000001d24ae91000 JavaThread "Reference Handler" daemon [_thread_blocked, id=3928, stack(0x0000003a7c300000,0x0000003a7c400000)]
  0x000001d24ae94800 JavaThread "Finalizer" daemon [_thread_blocked, id=1988, stack(0x0000003a7c400000,0x0000003a7c500000)]
  0x000001d24aeab800 JavaThread "Signal Dispatcher" daemon [_thread_blocked, id=11296, stack(0x0000003a7c500000,0x0000003a7c600000)]
  0x000001d24aeac800 JavaThread "Attach Listener" daemon [_thread_blocked, id=12664, stack(0x0000003a7c600000,0x0000003a7c700000)]
  0x000001d24aeaf000 JavaThread "Service Thread" daemon [_thread_blocked, id=10972, stack(0x0000003a7c700000,0x0000003a7c800000)]
=>0x000001d24aeb1000 JavaThread "C2 CompilerThread0" daemon [_thread_in_native, id=7520, stack(0x0000003a7c800000,0x0000003a7c900000)]
  0x000001d24aeb6000 JavaThread "C1 CompilerThread0" daemon [_thread_in_native, id=9408, stack(0x0000003a7c900000,0x0000003a7ca00000)]
  0x000001d24aebe000 JavaThread "Sweeper thread" daemon [_thread_blocked, id=6828, stack(0x0000003a7ca00000,0x0000003a7cb00000)]
  0x000001d24b95a800 JavaThread "Common-Cleaner" daemon [_thread_blocked, id=12740, stack(0x0000003a7cb00000,0x0000003a7cc00000)]
  0x000001d24d1ba800 JavaThread "Daemon health stats" [_thread_blocked, id=10184, stack(0x0000003a7d000000,0x0000003a7d100000)]
  0x000001d24cb31000 JavaThread "Incoming local TCP Connector on port 52833" [_thread_in_native, id=6620, stack(0x0000003a7cd00000,0x0000003a7ce00000)]
  0x000001d24c697800 JavaThread "Daemon periodic checks" [_thread_blocked, id=10228, stack(0x0000003a7d100000,0x0000003a7d200000)]
  0x000001d24c99a800 JavaThread "Daemon" [_thread_blocked, id=4768, stack(0x0000003a7d200000,0x0000003a7d300000)]
  0x000001d24d8d7800 JavaThread "Handler for socket connection from /127.0.0.1:52833 to /127.0.0.1:52834" [_thread_in_native, id=4840, stack(0x0000003a7d300000,0x0000003a7d400000)]
  0x000001d24d089000 JavaThread "Cancel handler" [_thread_blocked, id=4836, stack(0x0000003a7d400000,0x0000003a7d500000)]
  0x000001d24cb5f000 JavaThread "Daemon worker" [_thread_in_vm, id=5748, stack(0x0000003a7d500000,0x0000003a7d600000)]
  0x000001d24e57b800 JavaThread "Asynchronous log dispatcher for DefaultDaemonConnection: socket connection from /127.0.0.1:52833 to /127.0.0.1:52834" [_thread_blocked, id=10492, stack(0x0000003a7d600000,0x0000003a7d700000)]
  0x000001d24e57a800 JavaThread "Stdin handler" [_thread_blocked, id=340, stack(0x0000003a7d700000,0x0000003a7d800000)]
  0x000001d24e57c000 JavaThread "Daemon client event forwarder" [_thread_blocked, id=11596, stack(0x0000003a7d800000,0x0000003a7d900000)]
  0x000001d24e579800 JavaThread "Cache worker for file hash cache (C:\Users\phung\.gradle\caches\7.0.2\fileHashes)" [_thread_blocked, id=3520, stack(0x0000003a7d900000,0x0000003a7da00000)]
  0x000001d24ddd2800 JavaThread "File lock request listener" [_thread_in_native, id=1948, stack(0x0000003a7da00000,0x0000003a7db00000)]
  0x000001d24ddd1800 JavaThread "Cache worker for journal cache (C:\Users\phung\.gradle\caches\journal-1)" [_thread_blocked, id=416, stack(0x0000003a7dc00000,0x0000003a7dd00000)]
  0x000001d24dcd0000 JavaThread "C2 CompilerThread1" daemon [_thread_in_native, id=2500, stack(0x0000003a7dd00000,0x0000003a7de00000)]
  0x000001d24ddcd800 JavaThread "Cache worker for file hash cache (C:\Users\phung\AndroidStudioProjects\EmailApp\.gradle\7.0.2\fileHashes)" [_thread_blocked, id=4608, stack(0x0000003a7de00000,0x0000003a7df00000)]
  0x000001d24ddcf000 JavaThread "File watcher server" daemon [_thread_in_native, id=3152, stack(0x0000003a7df00000,0x0000003a7e000000)]
  0x000001d24ddcc800 JavaThread "File watcher consumer" daemon [_thread_blocked, id=5620, stack(0x0000003a7e000000,0x0000003a7e100000)]
  0x000001d24ddd3000 JavaThread "Cache worker for checksums cache (C:\Users\phung\AndroidStudioProjects\EmailApp\.gradle\checksums)" [_thread_blocked, id=4672, stack(0x0000003a7e100000,0x0000003a7e200000)]
  0x000001d24ddd1000 JavaThread "Cache worker for cache directory md-supplier (C:\Users\phung\.gradle\caches\7.0.2\md-supplier)" [_thread_blocked, id=10252, stack(0x0000003a7e200000,0x0000003a7e300000)]

Other Threads:
  0x000001d24ae8c800 VMThread "VM Thread" [stack: 0x0000003a7c200000,0x0000003a7c300000] [id=7824]
  0x000001d24b985000 WatcherThread [stack: 0x0000003a7cc00000,0x0000003a7cd00000] [id=4612]
  0x000001d2312d5800 GCTaskThread "GC Thread#0" [stack: 0x0000003a7bd00000,0x0000003a7be00000] [id=11376]
  0x000001d24bce2000 GCTaskThread "GC Thread#1" [stack: 0x0000003a7ce00000,0x0000003a7cf00000] [id=4580]
  0x000001d24ba2f000 GCTaskThread "GC Thread#2" [stack: 0x0000003a7cf00000,0x0000003a7d000000] [id=3668]
  0x000001d24eb39800 GCTaskThread "GC Thread#3" [stack: 0x0000003a7db00000,0x0000003a7dc00000] [id=5252]
  0x000001d231308000 ConcurrentGCThread "G1 Main Marker" [stack: 0x0000003a7be00000,0x0000003a7bf00000] [id=11800]
  0x000001d231309000 ConcurrentGCThread "G1 Conc#0" [stack: 0x0000003a7bf00000,0x0000003a7c000000] [id=3676]
  0x000001d231397800 ConcurrentGCThread "G1 Refine#0" [stack: 0x0000003a7c000000,0x0000003a7c100000] [id=7380]
  0x000001d231398800 ConcurrentGCThread "G1 Young RemSet Sampling" [stack: 0x0000003a7c100000,0x0000003a7c200000] [id=9116]

Threads with active compile tasks:
C2 CompilerThread0   5781 2284   !   4       java.net.URLClassLoader$1::run (63 bytes)
C1 CompilerThread0   5781 2366       3       org.objectweb.asm.Frame::pop (53 bytes)
C2 CompilerThread1   5781 2213       4       java.net.URLClassLoader$1::run (5 bytes)

VM state:not at safepoint (normal execution)

VM Mutex/Monitor currently owned by a thread: None

Heap address: 0x0000000080000000, size: 2048 MB, Compressed Oops mode: 32-bit
Narrow klass base: 0x0000000000000000, Narrow klass shift: 3
Compressed class space size: 1073741824 Address: 0x0000000100000000

Heap:
 garbage-first heap   total 157696K, used 23178K [0x0000000080000000, 0x0000000100000000)
  region size 1024K, 8 young (8192K), 3 survivors (3072K)
 Metaspace       used 27496K, capacity 28133K, committed 28464K, reserved 1077248K
  class space    used 3645K, capacity 3892K, committed 3968K, reserved 1048576K
Heap Regions: E=young(eden), S=young(survivor), O=old, HS=humongous(starts), HC=humongous(continues), CS=collection set, F=free, A=archive, TAMS=top-at-mark-start (previous, next)
|   0|0x0000000080000000, 0x0000000080100000, 0x0000000080100000|100%| O|  |TAMS 0x0000000080100000, 0x0000000080000000| Untracked 
|   1|0x0000000080100000, 0x0000000080200000, 0x0000000080200000|100%| O|  |TAMS 0x0000000080200000, 0x0000000080100000| Untracked 
|   2|0x0000000080200000, 0x0000000080300000, 0x0000000080300000|100%| O|  |TAMS 0x0000000080208c00, 0x0000000080200000| Untracked 
|   3|0x0000000080300000, 0x0000000080400000, 0x0000000080400000|100%|HS|  |TAMS 0x0000000080400000, 0x0000000080300000| Complete 
|   4|0x0000000080400000, 0x0000000080500000, 0x0000000080500000|100%|HC|  |TAMS 0x0000000080500000, 0x0000000080400000| Complete 
|   5|0x0000000080500000, 0x0000000080600000, 0x0000000080600000|100%|HC|  |TAMS 0x0000000080600000, 0x0000000080500000| Complete 
|   6|0x0000000080600000, 0x0000000080700000, 0x0000000080700000|100%| O|  |TAMS 0x0000000080700000, 0x0000000080600000| Untracked 
|   7|0x0000000080700000, 0x0000000080800000, 0x0000000080800000|100%| O|  |TAMS 0x0000000080800000, 0x0000000080700000| Untracked 
|   8|0x0000000080800000, 0x0000000080900000, 0x0000000080900000|100%| O|  |TAMS 0x0000000080900000, 0x0000000080800000| Untracked 
|   9|0x0000000080900000, 0x0000000080a00000, 0x0000000080a00000|100%| O|  |TAMS 0x0000000080900000, 0x0000000080900000| Untracked 
|  10|0x0000000080a00000, 0x0000000080b00000, 0x0000000080b00000|100%| O|  |TAMS 0x0000000080a00000, 0x0000000080a00000| Untracked 
|  11|0x0000000080b00000, 0x0000000080c00000, 0x0000000080c00000|100%| O|  |TAMS 0x0000000080b00000, 0x0000000080b00000| Untracked 
|  12|0x0000000080c00000, 0x0000000080d00000, 0x0000000080d00000|100%| O|  |TAMS 0x0000000080c00000, 0x0000000080c00000| Untracked 
|  13|0x0000000080d00000, 0x0000000080e00000, 0x0000000080e00000|100%| O|  |TAMS 0x0000000080d00000, 0x0000000080d00000| Untracked 
|  14|0x0000000080e00000, 0x0000000080f00000, 0x0000000080f00000|100%| O|  |TAMS 0x0000000080e00000, 0x0000000080e00000| Untracked 
|  15|0x0000000080f00000, 0x0000000080feb800, 0x0000000081000000| 91%| O|  |TAMS 0x0000000080f00000, 0x0000000080f00000| Untracked 
|  16|0x0000000081000000, 0x0000000081000000, 0x0000000081100000|  0%| F|  |TAMS 0x0000000081000000, 0x0000000081000000| Untracked 
|  17|0x0000000081100000, 0x0000000081100000, 0x0000000081200000|  0%| F|  |TAMS 0x0000000081100000, 0x0000000081100000| Untracked 
|  18|0x0000000081200000, 0x0000000081200000, 0x0000000081300000|  0%| F|  |TAMS 0x0000000081200000, 0x0000000081200000| Untracked 
|  19|0x0000000081300000, 0x0000000081300000, 0x0000000081400000|  0%| F|  |TAMS 0x0000000081300000, 0x0000000081300000| Untracked 
|  20|0x0000000081400000, 0x0000000081400000, 0x0000000081500000|  0%| F|  |TAMS 0x0000000081400000, 0x0000000081400000| Untracked 
|  21|0x0000000081500000, 0x0000000081500000, 0x0000000081600000|  0%| F|  |TAMS 0x0000000081500000, 0x0000000081500000| Untracked 
|  22|0x0000000081600000, 0x0000000081600000, 0x0000000081700000|  0%| F|  |TAMS 0x0000000081600000, 0x0000000081600000| Untracked 
|  23|0x0000000081700000, 0x0000000081700000, 0x0000000081800000|  0%| F|  |TAMS 0x0000000081700000, 0x0000000081700000| Untracked 
|  24|0x0000000081800000, 0x0000000081800000, 0x0000000081900000|  0%| F|  |TAMS 0x0000000081800000, 0x0000000081800000| Untracked 
|  25|0x0000000081900000, 0x0000000081900000, 0x0000000081a00000|  0%| F|  |TAMS 0x0000000081900000, 0x0000000081900000| Untracked 
|  26|0x0000000081a00000, 0x0000000081a00000, 0x0000000081b00000|  0%| F|  |TAMS 0x0000000081a00000, 0x0000000081a00000| Untracked 
|  27|0x0000000081b00000, 0x0000000081b00000, 0x0000000081c00000|  0%| F|  |TAMS 0x0000000081b00000, 0x0000000081b00000| Untracked 
|  28|0x0000000081c00000, 0x0000000081c00000, 0x0000000081d00000|  0%| F|  |TAMS 0x0000000081c00000, 0x0000000081c00000| Untracked 
|  29|0x0000000081d00000, 0x0000000081d00000, 0x0000000081e00000|  0%| F|  |TAMS 0x0000000081d00000, 0x0000000081d00000| Untracked 
|  30|0x0000000081e00000, 0x0000000081e00000, 0x0000000081f00000|  0%| F|  |TAMS 0x0000000081e00000, 0x0000000081e00000| Untracked 
|  31|0x0000000081f00000, 0x0000000081f00000, 0x0000000082000000|  0%| F|  |TAMS 0x0000000081f00000, 0x0000000081f00000| Untracked 
|  32|0x0000000082000000, 0x0000000082000000, 0x0000000082100000|  0%| F|  |TAMS 0x0000000082000000, 0x0000000082000000| Untracked 
|  33|0x0000000082100000, 0x0000000082100000, 0x0000000082200000|  0%| F|  |TAMS 0x0000000082100000, 0x0000000082100000| Untracked 
|  34|0x0000000082200000, 0x0000000082200000, 0x0000000082300000|  0%| F|  |TAMS 0x0000000082200000, 0x0000000082200000| Untracked 
|  35|0x0000000082300000, 0x0000000082300000, 0x0000000082400000|  0%| F|  |TAMS 0x0000000082300000, 0x0000000082300000| Untracked 
|  36|0x0000000082400000, 0x0000000082400000, 0x0000000082500000|  0%| F|  |TAMS 0x0000000082400000, 0x0000000082400000| Untracked 
|  37|0x0000000082500000, 0x0000000082500000, 0x0000000082600000|  0%| F|  |TAMS 0x0000000082500000, 0x0000000082500000| Untracked 
|  38|0x0000000082600000, 0x0000000082600000, 0x0000000082700000|  0%| F|  |TAMS 0x0000000082600000, 0x0000000082600000| Untracked 
|  39|0x0000000082700000, 0x0000000082700000, 0x0000000082800000|  0%| F|  |TAMS 0x0000000082700000, 0x0000000082700000| Untracked 
|  40|0x0000000082800000, 0x0000000082800000, 0x0000000082900000|  0%| F|  |TAMS 0x0000000082800000, 0x0000000082800000| Untracked 
|  41|0x0000000082900000, 0x0000000082900000, 0x0000000082a00000|  0%| F|  |TAMS 0x0000000082900000, 0x0000000082900000| Untracked 
|  42|0x0000000082a00000, 0x0000000082a00000, 0x0000000082b00000|  0%| F|  |TAMS 0x0000000082a00000, 0x0000000082a00000| Untracked 
|  43|0x0000000082b00000, 0x0000000082b00000, 0x0000000082c00000|  0%| F|  |TAMS 0x0000000082b00000, 0x0000000082b00000| Untracked 
|  44|0x0000000082c00000, 0x0000000082c00000, 0x0000000082d00000|  0%| F|  |TAMS 0x0000000082c00000, 0x0000000082c00000| Untracked 
|  45|0x0000000082d00000, 0x0000000082d00000, 0x0000000082e00000|  0%| F|  |TAMS 0x0000000082d00000, 0x0000000082d00000| Untracked 
|  46|0x0000000082e00000, 0x0000000082e00000, 0x0000000082f00000|  0%| F|  |TAMS 0x0000000082e00000, 0x0000000082e00000| Untracked 
|  47|0x0000000082f00000, 0x0000000082f00000, 0x0000000083000000|  0%| F|  |TAMS 0x0000000082f00000, 0x0000000082f00000| Untracked 
|  48|0x0000000083000000, 0x0000000083000000, 0x0000000083100000|  0%| F|  |TAMS 0x0000000083000000, 0x0000000083000000| Untracked 
|  49|0x0000000083100000, 0x0000000083100000, 0x0000000083200000|  0%| F|  |TAMS 0x0000000083100000, 0x0000000083100000| Untracked 
|  50|0x0000000083200000, 0x0000000083200000, 0x0000000083300000|  0%| F|  |TAMS 0x0000000083200000, 0x0000000083200000| Untracked 
|  51|0x0000000083300000, 0x00000000833b7330, 0x0000000083400000| 71%| S|CS|TAMS 0x0000000083300000, 0x0000000083300000| Complete 
|  52|0x0000000083400000, 0x0000000083400000, 0x0000000083500000|  0%| F|  |TAMS 0x0000000083400000, 0x0000000083400000| Untracked 
|  53|0x0000000083500000, 0x0000000083500000, 0x0000000083600000|  0%| F|  |TAMS 0x0000000083500000, 0x0000000083500000| Untracked 
|  54|0x0000000083600000, 0x0000000083600000, 0x0000000083700000|  0%| F|  |TAMS 0x0000000083600000, 0x0000000083600000| Untracked 
|  55|0x0000000083700000, 0x0000000083700000, 0x0000000083800000|  0%| F|  |TAMS 0x0000000083700000, 0x0000000083700000| Untracked 
|  56|0x0000000083800000, 0x0000000083800000, 0x0000000083900000|  0%| F|  |TAMS 0x0000000083800000, 0x0000000083800000| Untracked 
|  57|0x0000000083900000, 0x0000000083900000, 0x0000000083a00000|  0%| F|  |TAMS 0x0000000083900000, 0x0000000083900000| Untracked 
|  58|0x0000000083a00000, 0x0000000083a00000, 0x0000000083b00000|  0%| F|  |TAMS 0x0000000083a00000, 0x0000000083a00000| Untracked 
|  59|0x0000000083b00000, 0x0000000083b00000, 0x0000000083c00000|  0%| F|  |TAMS 0x0000000083b00000, 0x0000000083b00000| Untracked 
|  60|0x0000000083c00000, 0x0000000083c00000, 0x0000000083d00000|  0%| F|  |TAMS 0x0000000083c00000, 0x0000000083c00000| Untracked 
|  61|0x0000000083d00000, 0x0000000083e00000, 0x0000000083e00000|100%| S|CS|TAMS 0x0000000083d00000, 0x0000000083d00000| Complete 
|  62|0x0000000083e00000, 0x0000000083f00000, 0x0000000083f00000|100%| S|CS|TAMS 0x0000000083e00000, 0x0000000083e00000| Complete 
|  63|0x0000000083f00000, 0x0000000083f00000, 0x0000000084000000|  0%| F|  |TAMS 0x0000000083f00000, 0x0000000083f00000| Untracked 
|  64|0x0000000084000000, 0x0000000084000000, 0x0000000084100000|  0%| F|  |TAMS 0x0000000084000000, 0x0000000084000000| Untracked 
|  65|0x0000000084100000, 0x0000000084100000, 0x0000000084200000|  0%| F|  |TAMS 0x0000000084100000, 0x0000000084100000| Untracked 
|  66|0x0000000084200000, 0x0000000084200000, 0x0000000084300000|  0%| F|  |TAMS 0x0000000084200000, 0x0000000084200000| Untracked 
|  67|0x0000000084300000, 0x0000000084300000, 0x0000000084400000|  0%| F|  |TAMS 0x0000000084300000, 0x0000000084300000| Untracked 
|  68|0x0000000084400000, 0x0000000084400000, 0x0000000084500000|  0%| F|  |TAMS 0x0000000084400000, 0x0000000084400000| Untracked 
|  69|0x0000000084500000, 0x0000000084500000, 0x0000000084600000|  0%| F|  |TAMS 0x0000000084500000, 0x0000000084500000| Untracked 
|  70|0x0000000084600000, 0x0000000084600000, 0x0000000084700000|  0%| F|  |TAMS 0x0000000084600000, 0x0000000084600000| Untracked 
|  71|0x0000000084700000, 0x0000000084700000, 0x0000000084800000|  0%| F|  |TAMS 0x0000000084700000, 0x0000000084700000| Untracked 
|  72|0x0000000084800000, 0x0000000084800000, 0x0000000084900000|  0%| F|  |TAMS 0x0000000084800000, 0x0000000084800000| Untracked 
|  73|0x0000000084900000, 0x0000000084900000, 0x0000000084a00000|  0%| F|  |TAMS 0x0000000084900000, 0x0000000084900000| Untracked 
|  74|0x0000000084a00000, 0x0000000084a00000, 0x0000000084b00000|  0%| F|  |TAMS 0x0000000084a00000, 0x0000000084a00000| Untracked 
|  75|0x0000000084b00000, 0x0000000084b00000, 0x0000000084c00000|  0%| F|  |TAMS 0x0000000084b00000, 0x0000000084b00000| Untracked 
|  76|0x0000000084c00000, 0x0000000084c00000, 0x0000000084d00000|  0%| F|  |TAMS 0x0000000084c00000, 0x0000000084c00000| Untracked 
|  77|0x0000000084d00000, 0x0000000084d00000, 0x0000000084e00000|  0%| F|  |TAMS 0x0000000084d00000, 0x0000000084d00000| Untracked 
|  78|0x0000000084e00000, 0x0000000084e00000, 0x0000000084f00000|  0%| F|  |TAMS 0x0000000084e00000, 0x0000000084e00000| Untracked 
|  79|0x0000000084f00000, 0x0000000084f00000, 0x0000000085000000|  0%| F|  |TAMS 0x0000000084f00000, 0x0000000084f00000| Untracked 
|  80|0x0000000085000000, 0x0000000085000000, 0x0000000085100000|  0%| F|  |TAMS 0x0000000085000000, 0x0000000085000000| Untracked 
|  81|0x0000000085100000, 0x0000000085100000, 0x0000000085200000|  0%| F|  |TAMS 0x0000000085100000, 0x0000000085100000| Untracked 
|  82|0x0000000085200000, 0x0000000085200000, 0x0000000085300000|  0%| F|  |TAMS 0x0000000085200000, 0x0000000085200000| Untracked 
|  83|0x0000000085300000, 0x0000000085300000, 0x0000000085400000|  0%| F|  |TAMS 0x0000000085300000, 0x0000000085300000| Untracked 
|  84|0x0000000085400000, 0x0000000085400000, 0x0000000085500000|  0%| F|  |TAMS 0x0000000085400000, 0x0000000085400000| Untracked 
|  85|0x0000000085500000, 0x0000000085500000, 0x0000000085600000|  0%| F|  |TAMS 0x0000000085500000, 0x0000000085500000| Untracked 
|  86|0x0000000085600000, 0x0000000085600000, 0x0000000085700000|  0%| F|  |TAMS 0x0000000085600000, 0x0000000085600000| Untracked 
|  87|0x0000000085700000, 0x0000000085700000, 0x0000000085800000|  0%| F|  |TAMS 0x0000000085700000, 0x0000000085700000| Untracked 
|  88|0x0000000085800000, 0x0000000085800000, 0x0000000085900000|  0%| F|  |TAMS 0x0000000085800000, 0x0000000085800000| Untracked 
|  89|0x0000000085900000, 0x0000000085900000, 0x0000000085a00000|  0%| F|  |TAMS 0x0000000085900000, 0x0000000085900000| Untracked 
|  90|0x0000000085a00000, 0x0000000085a00000, 0x0000000085b00000|  0%| F|  |TAMS 0x0000000085a00000, 0x0000000085a00000| Untracked 
|  91|0x0000000085b00000, 0x0000000085b00000, 0x0000000085c00000|  0%| F|  |TAMS 0x0000000085b00000, 0x0000000085b00000| Untracked 
|  92|0x0000000085c00000, 0x0000000085c00000, 0x0000000085d00000|  0%| F|  |TAMS 0x0000000085c00000, 0x0000000085c00000| Untracked 
|  93|0x0000000085d00000, 0x0000000085d00000, 0x0000000085e00000|  0%| F|  |TAMS 0x0000000085d00000, 0x0000000085d00000| Untracked 
|  94|0x0000000085e00000, 0x0000000085e00000, 0x0000000085f00000|  0%| F|  |TAMS 0x0000000085e00000, 0x0000000085e00000| Untracked 
|  95|0x0000000085f00000, 0x0000000085f00000, 0x0000000086000000|  0%| F|  |TAMS 0x0000000085f00000, 0x0000000085f00000| Untracked 
|  96|0x0000000086000000, 0x0000000086000000, 0x0000000086100000|  0%| F|  |TAMS 0x0000000086000000, 0x0000000086000000| Untracked 
|  97|0x0000000086100000, 0x0000000086100000, 0x0000000086200000|  0%| F|  |TAMS 0x0000000086100000, 0x0000000086100000| Untracked 
|  98|0x0000000086200000, 0x0000000086200000, 0x0000000086300000|  0%| F|  |TAMS 0x0000000086200000, 0x0000000086200000| Untracked 
|  99|0x0000000086300000, 0x0000000086300000, 0x0000000086400000|  0%| F|  |TAMS 0x0000000086300000, 0x0000000086300000| Untracked 
| 100|0x0000000086400000, 0x0000000086400000, 0x0000000086500000|  0%| F|  |TAMS 0x0000000086400000, 0x0000000086400000| Untracked 
| 101|0x0000000086500000, 0x0000000086500000, 0x0000000086600000|  0%| F|  |TAMS 0x0000000086500000, 0x0000000086500000| Untracked 
| 102|0x0000000086600000, 0x0000000086600000, 0x0000000086700000|  0%| F|  |TAMS 0x0000000086600000, 0x0000000086600000| Untracked 
| 103|0x0000000086700000, 0x0000000086700000, 0x0000000086800000|  0%| F|  |TAMS 0x0000000086700000, 0x0000000086700000| Untracked 
| 104|0x0000000086800000, 0x0000000086800000, 0x0000000086900000|  0%| F|  |TAMS 0x0000000086800000, 0x0000000086800000| Untracked 
| 105|0x0000000086900000, 0x0000000086900000, 0x0000000086a00000|  0%| F|  |TAMS 0x0000000086900000, 0x0000000086900000| Untracked 
| 106|0x0000000086a00000, 0x0000000086a00000, 0x0000000086b00000|  0%| F|  |TAMS 0x0000000086a00000, 0x0000000086a00000| Untracked 
| 107|0x0000000086b00000, 0x0000000086b00000, 0x0000000086c00000|  0%| F|  |TAMS 0x0000000086b00000, 0x0000000086b00000| Untracked 
| 108|0x0000000086c00000, 0x0000000086c00000, 0x0000000086d00000|  0%| F|  |TAMS 0x0000000086c00000, 0x0000000086c00000| Untracked 
| 109|0x0000000086d00000, 0x0000000086d00000, 0x0000000086e00000|  0%| F|  |TAMS 0x0000000086d00000, 0x0000000086d00000| Untracked 
| 110|0x0000000086e00000, 0x0000000086e00000, 0x0000000086f00000|  0%| F|  |TAMS 0x0000000086e00000, 0x0000000086e00000| Untracked 
| 111|0x0000000086f00000, 0x0000000086f00000, 0x0000000087000000|  0%| F|  |TAMS 0x0000000086f00000, 0x0000000086f00000| Untracked 
| 112|0x0000000087000000, 0x0000000087000000, 0x0000000087100000|  0%| F|  |TAMS 0x0000000087000000, 0x0000000087000000| Untracked 
| 113|0x0000000087100000, 0x0000000087100000, 0x0000000087200000|  0%| F|  |TAMS 0x0000000087100000, 0x0000000087100000| Untracked 
| 114|0x0000000087200000, 0x0000000087200000, 0x0000000087300000|  0%| F|  |TAMS 0x0000000087200000, 0x0000000087200000| Untracked 
| 115|0x0000000087300000, 0x0000000087300000, 0x0000000087400000|  0%| F|  |TAMS 0x0000000087300000, 0x0000000087300000| Untracked 
| 116|0x0000000087400000, 0x0000000087400000, 0x0000000087500000|  0%| F|  |TAMS 0x0000000087400000, 0x0000000087400000| Untracked 
| 117|0x0000000087500000, 0x0000000087500000, 0x0000000087600000|  0%| F|  |TAMS 0x0000000087500000, 0x0000000087500000| Untracked 
| 118|0x0000000087600000, 0x0000000087600000, 0x0000000087700000|  0%| F|  |TAMS 0x0000000087600000, 0x0000000087600000| Untracked 
| 119|0x0000000087700000, 0x0000000087700000, 0x0000000087800000|  0%| F|  |TAMS 0x0000000087700000, 0x0000000087700000| Untracked 
| 120|0x0000000087800000, 0x0000000087800000, 0x0000000087900000|  0%| F|  |TAMS 0x0000000087800000, 0x0000000087800000| Untracked 
| 121|0x0000000087900000, 0x0000000087900000, 0x0000000087a00000|  0%| F|  |TAMS 0x0000000087900000, 0x0000000087900000| Untracked 
| 122|0x0000000087a00000, 0x0000000087a00000, 0x0000000087b00000|  0%| F|  |TAMS 0x0000000087a00000, 0x0000000087a00000| Untracked 
| 123|0x0000000087b00000, 0x0000000087b00000, 0x0000000087c00000|  0%| F|  |TAMS 0x0000000087b00000, 0x0000000087b00000| Untracked 
| 124|0x0000000087c00000, 0x0000000087c00000, 0x0000000087d00000|  0%| F|  |TAMS 0x0000000087c00000, 0x0000000087c00000| Untracked 
| 125|0x0000000087d00000, 0x0000000087d00000, 0x0000000087e00000|  0%| F|  |TAMS 0x0000000087d00000, 0x0000000087d00000| Untracked 
| 126|0x0000000087e00000, 0x0000000087e00000, 0x0000000087f00000|  0%| F|  |TAMS 0x0000000087e00000, 0x0000000087e00000| Untracked 
| 127|0x0000000087f00000, 0x0000000087f00000, 0x0000000088000000|  0%| F|  |TAMS 0x0000000087f00000, 0x0000000087f00000| Untracked 
| 128|0x0000000088000000, 0x0000000088000000, 0x0000000088100000|  0%| F|  |TAMS 0x0000000088000000, 0x0000000088000000| Untracked 
| 129|0x0000000088100000, 0x0000000088100000, 0x0000000088200000|  0%| F|  |TAMS 0x0000000088100000, 0x0000000088100000| Untracked 
| 130|0x0000000088200000, 0x0000000088200000, 0x0000000088300000|  0%| F|  |TAMS 0x0000000088200000, 0x0000000088200000| Untracked 
| 131|0x0000000088300000, 0x0000000088300000, 0x0000000088400000|  0%| F|  |TAMS 0x0000000088300000, 0x0000000088300000| Untracked 
| 132|0x0000000088400000, 0x0000000088400000, 0x0000000088500000|  0%| F|  |TAMS 0x0000000088400000, 0x0000000088400000| Untracked 
| 133|0x0000000088500000, 0x0000000088500000, 0x0000000088600000|  0%| F|  |TAMS 0x0000000088500000, 0x0000000088500000| Untracked 
| 134|0x0000000088600000, 0x0000000088600000, 0x0000000088700000|  0%| F|  |TAMS 0x0000000088600000, 0x0000000088600000| Untracked 
| 135|0x0000000088700000, 0x0000000088700000, 0x0000000088800000|  0%| F|  |TAMS 0x0000000088700000, 0x0000000088700000| Untracked 
| 136|0x0000000088800000, 0x0000000088800000, 0x0000000088900000|  0%| F|  |TAMS 0x0000000088800000, 0x0000000088800000| Untracked 
| 137|0x0000000088900000, 0x0000000088900000, 0x0000000088a00000|  0%| F|  |TAMS 0x0000000088900000, 0x0000000088900000| Untracked 
| 138|0x0000000088a00000, 0x0000000088a00000, 0x0000000088b00000|  0%| F|  |TAMS 0x0000000088a00000, 0x0000000088a00000| Untracked 
| 139|0x0000000088b00000, 0x0000000088b00000, 0x0000000088c00000|  0%| F|  |TAMS 0x0000000088b00000, 0x0000000088b00000| Untracked 
| 140|0x0000000088c00000, 0x0000000088c00000, 0x0000000088d00000|  0%| F|  |TAMS 0x0000000088c00000, 0x0000000088c00000| Untracked 
| 141|0x0000000088d00000, 0x0000000088d00000, 0x0000000088e00000|  0%| F|  |TAMS 0x0000000088d00000, 0x0000000088d00000| Untracked 
| 142|0x0000000088e00000, 0x0000000088e00000, 0x0000000088f00000|  0%| F|  |TAMS 0x0000000088e00000, 0x0000000088e00000| Untracked 
| 143|0x0000000088f00000, 0x0000000088f00000, 0x0000000089000000|  0%| F|  |TAMS 0x0000000088f00000, 0x0000000088f00000| Untracked 
| 144|0x0000000089000000, 0x0000000089000000, 0x0000000089100000|  0%| F|  |TAMS 0x0000000089000000, 0x0000000089000000| Untracked 
| 145|0x0000000089100000, 0x0000000089100000, 0x0000000089200000|  0%| F|  |TAMS 0x0000000089100000, 0x0000000089100000| Untracked 
| 146|0x0000000089200000, 0x0000000089200000, 0x0000000089300000|  0%| F|  |TAMS 0x0000000089200000, 0x0000000089200000| Untracked 
| 147|0x0000000089300000, 0x0000000089300000, 0x0000000089400000|  0%| F|  |TAMS 0x0000000089300000, 0x0000000089300000| Untracked 
| 148|0x0000000089400000, 0x0000000089400000, 0x0000000089500000|  0%| F|  |TAMS 0x0000000089400000, 0x0000000089400000| Untracked 
| 149|0x0000000089500000, 0x0000000089600000, 0x0000000089600000|100%| E|  |TAMS 0x0000000089500000, 0x0000000089500000| Complete 
| 150|0x0000000089600000, 0x0000000089700000, 0x0000000089700000|100%| E|CS|TAMS 0x0000000089600000, 0x0000000089600000| Complete 
| 151|0x0000000089700000, 0x0000000089800000, 0x0000000089800000|100%| E|CS|TAMS 0x0000000089700000, 0x0000000089700000| Complete 
| 152|0x0000000089800000, 0x0000000089900000, 0x0000000089900000|100%| E|CS|TAMS 0x0000000089800000, 0x0000000089800000| Complete 
| 153|0x0000000089900000, 0x0000000089a00000, 0x0000000089a00000|100%| E|CS|TAMS 0x0000000089900000, 0x0000000089900000| Complete 

Card table byte_map: [0x000001d2441b0000,0x000001d2445b0000] _byte_map_base: 0x000001d243db0000

Marking Bits (Prev, Next): (CMBitMap*) 0x000001d2312ff2f0, (CMBitMap*) 0x000001d2312ff2b8
 Prev Bits: [0x000001d2469b0000, 0x000001d2489b0000)
 Next Bits: [0x000001d2449b0000, 0x000001d2469b0000)

Polling page: 0x000001d22f460000

Metaspace:

Usage:
  Non-class:     23.67 MB capacity,    23.29 MB ( 98%) used,   334.70 KB (  1%) free+waste,    55.38 KB ( <1%) overhead. 
      Class:      3.80 MB capacity,     3.56 MB ( 94%) used,   218.47 KB (  6%) free+waste,    28.13 KB ( <1%) overhead. 
       Both:     27.47 MB capacity,    26.85 MB ( 98%) used,   553.17 KB (  2%) free+waste,    83.50 KB ( <1%) overhead. 

Virtual space:
  Non-class space:       28.00 MB reserved,      23.92 MB ( 85%) committed 
      Class space:        1.00 GB reserved,       3.88 MB ( <1%) committed 
             Both:        1.03 GB reserved,      27.80 MB (  3%) committed 

Chunk freelists:
   Non-Class:  3.00 KB
       Class:  12.00 KB
        Both:  15.00 KB

MaxMetaspaceSize: 17179869184.00 GB
CompressedClassSpaceSize: 1.00 GB

CodeHeap 'non-profiled nmethods': size=120064Kb used=1079Kb max_used=1079Kb free=118984Kb
 bounds [0x000001d23c870000, 0x000001d23cae0000, 0x000001d243db0000]
CodeHeap 'profiled nmethods': size=120000Kb used=5137Kb max_used=5137Kb free=114862Kb
 bounds [0x000001d235340000, 0x000001d235850000, 0x000001d23c870000]
CodeHeap 'non-nmethods': size=5696Kb used=1156Kb max_used=1186Kb free=4539Kb
 bounds [0x000001d234db0000, 0x000001d235020000, 0x000001d235340000]
 total_blobs=2862 nmethods=2359 adapters=414
 compilation: enabled
              stopped_count=0, restarted_count=0
 full_count=0

Compilation events (20 events):
Event: 5.701 Thread 0x000001d24aeb6000 nmethod 2349 0x000001d23583e810 code [0x000001d23583e9c0, 0x000001d23583eaf8]
Event: 5.714 Thread 0x000001d24aeb6000 2350       3       java.util.TreeMap::leftOf (13 bytes)
Event: 5.714 Thread 0x000001d24aeb6000 nmethod 2350 0x000001d23583eb90 code [0x000001d23583ed40, 0x000001d23583ee98]
Event: 5.725 Thread 0x000001d24aeb6000 2351       1       java.util.Collections$SingletonList::size (2 bytes)
Event: 5.726 Thread 0x000001d24aeb6000 nmethod 2351 0x000001d23c97d690 code [0x000001d23c97d840, 0x000001d23c97d8f8]
Event: 5.726 Thread 0x000001d24aeb6000 2352       3       java.lang.PublicMethods$Key::hashCode (19 bytes)
Event: 5.726 Thread 0x000001d24aeb6000 nmethod 2352 0x000001d23583ef90 code [0x000001d23583f160, 0x000001d23583f2d8]
Event: 5.727 Thread 0x000001d24aeb6000 2353       3       org.gradle.internal.instantiation.generator.AbstractClassGenerator$MethodMetadata::getReturnType (8 bytes)
Event: 5.727 Thread 0x000001d24aeb6000 nmethod 2353 0x000001d23583f390 code [0x000001d23583f540, 0x000001d23583f658]
Event: 5.727 Thread 0x000001d24aeb6000 2355       3       org.gradle.internal.instantiation.generator.AbstractClassGenerator$PropertyMetadata::isReadOnly (25 bytes)
Event: 5.728 Thread 0x000001d24aeb6000 nmethod 2355 0x000001d23583f710 code [0x000001d23583f8e0, 0x000001d23583fb48]
Event: 5.728 Thread 0x000001d24aeb6000 2354       1       org.gradle.internal.reflect.MutablePropertyDetails::getName (5 bytes)
Event: 5.728 Thread 0x000001d24aeb6000 nmethod 2354 0x000001d23c97d990 code [0x000001d23c97db40, 0x000001d23c97dbf8]
Event: 5.728 Thread 0x000001d24aeb6000 2356       1       org.gradle.internal.instantiation.generator.AbstractClassGenerator$PropertyMetadata::access$1900 (5 bytes)
Event: 5.728 Thread 0x000001d24aeb6000 nmethod 2356 0x000001d23c97dc90 code [0x000001d23c97de40, 0x000001d23c97ded8]
Event: 5.736 Thread 0x000001d24aeb6000 2358       3       org.objectweb.asm.ByteVector::<init> (13 bytes)
Event: 5.736 Thread 0x000001d24aeb6000 nmethod 2358 0x000001d23583fc10 code [0x000001d23583fdc0, 0x000001d235840018]
Event: 5.736 Thread 0x000001d24aeb6000 2359       3       org.objectweb.asm.Label::getCanonicalInstance (19 bytes)
Event: 5.736 Thread 0x000001d24aeb6000 nmethod 2359 0x000001d235840110 code [0x000001d2358402c0, 0x000001d235840418]
Event: 5.736 Thread 0x000001d24aeb6000 2361       3       org.objectweb.asm.Frame::accept (264 bytes)

GC Heap History (10 events):
Event: 0.794 GC heap before
{Heap before GC invocations=0 (full 0):
 garbage-first heap   total 131072K, used 19456K [0x0000000080000000, 0x0000000100000000)
  region size 1024K, 14 young (14336K), 0 survivors (0K)
 Metaspace       used 6739K, capacity 6925K, committed 7168K, reserved 1056768K
  class space    used 582K, capacity 650K, committed 768K, reserved 1048576K
}
Event: 0.801 GC heap after
{Heap after GC invocations=1 (full 0):
 garbage-first heap   total 131072K, used 8085K [0x0000000080000000, 0x0000000100000000)
  region size 1024K, 2 young (2048K), 2 survivors (2048K)
 Metaspace       used 6739K, capacity 6925K, committed 7168K, reserved 1056768K
  class space    used 582K, capacity 650K, committed 768K, reserved 1048576K
}
Event: 1.256 GC heap before
{Heap before GC invocations=1 (full 0):
 garbage-first heap   total 131072K, used 19349K [0x0000000080000000, 0x0000000100000000)
  region size 1024K, 13 young (13312K), 2 survivors (2048K)
 Metaspace       used 9840K, capacity 10054K, committed 10112K, reserved 1058816K
  class space    used 1022K, capacity 1102K, committed 1152K, reserved 1048576K
}
Event: 1.261 GC heap after
{Heap after GC invocations=2 (full 0):
 garbage-first heap   total 131072K, used 9330K [0x0000000080000000, 0x0000000100000000)
  region size 1024K, 2 young (2048K), 2 survivors (2048K)
 Metaspace       used 9840K, capacity 10054K, committed 10112K, reserved 1058816K
  class space    used 1022K, capacity 1102K, committed 1152K, reserved 1048576K
}
Event: 1.894 GC heap before
{Heap before GC invocations=2 (full 0):
 garbage-first heap   total 131072K, used 40050K [0x0000000080000000, 0x0000000100000000)
  region size 1024K, 32 young (32768K), 2 survivors (2048K)
 Metaspace       used 10777K, capacity 11007K, committed 11264K, reserved 1058816K
  class space    used 1125K, capacity 1206K, committed 1280K, reserved 1048576K
}
Event: 1.901 GC heap after
{Heap after GC invocations=3 (full 0):
 garbage-first heap   total 131072K, used 11728K [0x0000000080000000, 0x0000000100000000)
  region size 1024K, 4 young (4096K), 4 survivors (4096K)
 Metaspace       used 10777K, capacity 11007K, committed 11264K, reserved 1058816K
  class space    used 1125K, capacity 1206K, committed 1280K, reserved 1048576K
}
Event: 4.211 GC heap before
{Heap before GC invocations=3 (full 0):
 garbage-first heap   total 131072K, used 75216K [0x0000000080000000, 0x0000000100000000)
  region size 1024K, 67 young (68608K), 4 survivors (4096K)
 Metaspace       used 20624K, capacity 21154K, committed 21296K, reserved 1069056K
  class space    used 2513K, capacity 2688K, committed 2688K, reserved 1048576K
}
Event: 4.227 GC heap after
{Heap after GC invocations=4 (full 0):
 garbage-first heap   total 131072K, used 16621K [0x0000000080000000, 0x0000000100000000)
  region size 1024K, 9 young (9216K), 9 survivors (9216K)
 Metaspace       used 20624K, capacity 21154K, committed 21296K, reserved 1069056K
  class space    used 2513K, capacity 2688K, committed 2688K, reserved 1048576K
}
Event: 5.528 GC heap before
{Heap before GC invocations=5 (full 0):
 garbage-first heap   total 131072K, used 83181K [0x0000000080000000, 0x0000000100000000)
  region size 1024K, 74 young (75776K), 9 survivors (9216K)
 Metaspace       used 26819K, capacity 27513K, committed 27568K, reserved 1073152K
  class space    used 3542K, capacity 3793K, committed 3840K, reserved 1048576K
}
Event: 5.543 GC heap after
{Heap after GC invocations=6 (full 0):
 garbage-first heap   total 157696K, used 19082K [0x0000000080000000, 0x0000000100000000)
  region size 1024K, 3 young (3072K), 3 survivors (3072K)
 Metaspace       used 26819K, capacity 27513K, committed 27568K, reserved 1073152K
  class space    used 3542K, capacity 3793K, committed 3840K, reserved 1048576K
}

Deoptimization events (20 events):
Event: 5.151 Thread 0x000001d24cb5f000 Uncommon trap: trap_request=0xffffffde fr.pc=0x000001d23c94ab28 relative=0x00000000000002e8
Event: 5.151 Thread 0x000001d24cb5f000 Uncommon trap: reason=class_check action=maybe_recompile pc=0x000001d23c94ab28 method=java.util.Collections$SetFromMap.remove(Ljava/lang/Object;)Z @ 5 c2
Event: 5.151 Thread 0x000001d24cb5f000 DEOPT PACKING pc=0x000001d23c94ab28 sp=0x0000003a7d5fc810
Event: 5.151 Thread 0x000001d24cb5f000 DEOPT UNPACKING pc=0x000001d234dd78af sp=0x0000003a7d5fc808 mode 2
Event: 5.151 Thread 0x000001d24cb5f000 Uncommon trap: trap_request=0xffffffde fr.pc=0x000001d23c94ab28 relative=0x00000000000002e8
Event: 5.151 Thread 0x000001d24cb5f000 Uncommon trap: reason=class_check action=maybe_recompile pc=0x000001d23c94ab28 method=java.util.Collections$SetFromMap.remove(Ljava/lang/Object;)Z @ 5 c2
Event: 5.151 Thread 0x000001d24cb5f000 DEOPT PACKING pc=0x000001d23c94ab28 sp=0x0000003a7d5fc790
Event: 5.151 Thread 0x000001d24cb5f000 DEOPT UNPACKING pc=0x000001d234dd78af sp=0x0000003a7d5fc788 mode 2
Event: 5.433 Thread 0x000001d24cb5f000 Uncommon trap: trap_request=0xffffffcc fr.pc=0x000001d23c976c04 relative=0x00000000000002c4
Event: 5.433 Thread 0x000001d24cb5f000 Uncommon trap: reason=intrinsic_or_type_checked_inlining action=make_not_entrant pc=0x000001d23c976c04 method=java.util.Arrays.copyOf([Ljava/lang/Object;ILjava/lang/Class;)[Ljava/lang/Object; @ 35 c2
Event: 5.433 Thread 0x000001d24cb5f000 DEOPT PACKING pc=0x000001d23c976c04 sp=0x0000003a7d5f9ea0
Event: 5.433 Thread 0x000001d24cb5f000 DEOPT UNPACKING pc=0x000001d234dd78af sp=0x0000003a7d5f9e30 mode 2
Event: 5.630 Thread 0x000001d24cb5f000 Uncommon trap: trap_request=0xffffff4d fr.pc=0x000001d23c96accc relative=0x000000000000020c
Event: 5.630 Thread 0x000001d24cb5f000 Uncommon trap: reason=unstable_if action=reinterpret pc=0x000001d23c96accc method=java.util.HashMap.hash(Ljava/lang/Object;)I @ 1 c2
Event: 5.630 Thread 0x000001d24cb5f000 DEOPT PACKING pc=0x000001d23c96accc sp=0x0000003a7d5f94a0
Event: 5.630 Thread 0x000001d24cb5f000 DEOPT UNPACKING pc=0x000001d234dd78af sp=0x0000003a7d5f93d8 mode 2
Event: 5.631 Thread 0x000001d24cb5f000 Uncommon trap: trap_request=0xffffff4d fr.pc=0x000001d23c92402c relative=0x000000000000008c
Event: 5.631 Thread 0x000001d24cb5f000 Uncommon trap: reason=unstable_if action=reinterpret pc=0x000001d23c92402c method=java.util.HashMap.hash(Ljava/lang/Object;)I @ 1 c2
Event: 5.631 Thread 0x000001d24cb5f000 DEOPT PACKING pc=0x000001d23c92402c sp=0x0000003a7d5f9220
Event: 5.631 Thread 0x000001d24cb5f000 DEOPT UNPACKING pc=0x000001d234dd78af sp=0x0000003a7d5f91b8 mode 2

Classes redefined (0 events):
No events

Internal exceptions (20 events):
Event: 4.266 Thread 0x000001d24cb5f000 Exception <a 'java/lang/NoSuchMethodError'{0x0000000087e8fbd8}: 'void java.lang.invoke.DirectMethodHandle$Holder.invokeStatic(java.lang.Object, java.lang.Object, java.lang.Object, java.lang.Object, java.lang.Object)'> (0x0000000087e8fbd8) thrown at [./src/hotspot/share/interpreter/linkResolver.cpp, line 773]
Event: 4.396 Thread 0x000001d24cb5f000 Exception <a 'java/lang/NoSuchMethodError'{0x0000000087912308}: 'void java.lang.invoke.DirectMethodHandle$Holder.invokeSpecial(java.lang.Object, java.lang.Object)'> (0x0000000087912308) thrown at [./src/hotspot/share/interpreter/linkResolver.cpp, line 773]
Event: 4.444 Thread 0x000001d24cb5f000 Exception <a 'java/lang/NoSuchMethodError'{0x000000008774bb88}: 'java.lang.Object java.lang.invoke.DirectMethodHandle$Holder.invokeSpecial(java.lang.Object, java.lang.Object, java.lang.Object, java.lang.Object, java.lang.Object, java.lang.Object, java.lang.Object, java.lang.Object, java.lang.Object)'> (0x000000008774bb88) thrown at [./src/hotspot/share/interpreter/linkResolver.cpp, line 773]
Event: 4.572 Thread 0x000001d24cb5f000 Exception <a 'java/lang/NoSuchMethodError'{0x0000000086ef7a58}: 'java.lang.Object java.lang.invoke.DirectMethodHandle$Holder.invokeVirtual(java.lang.Object, java.lang.Object, java.lang.Object, java.lang.Object)'> (0x0000000086ef7a58) thrown at [./src/hotspot/share/interpreter/linkResolver.cpp, line 773]
Event: 4.607 Thread 0x000001d24cb5f000 Exception <a 'java/lang/NoSuchMethodError'{0x0000000086bc09a8}: 'java.lang.Object java.lang.invoke.Invokers$Holder.invoker(java.lang.Object, java.lang.Object, java.lang.Object, java.lang.Object, java.lang.Object)'> (0x0000000086bc09a8) thrown at [./src/hotspot/share/interpreter/linkResolver.cpp, line 773]
Event: 4.734 Thread 0x000001d24cb5f000 Exception <a 'java/lang/NoSuchMethodError'{0x000000008660e3b8}: 'void java.lang.invoke.DirectMethodHandle$Holder.invokeSpecial(java.lang.Object, java.lang.Object, java.lang.Object, java.lang.Object, java.lang.Object, java.lang.Object)'> (0x000000008660e3b8) thrown at [./src/hotspot/share/interpreter/linkResolver.cpp, line 773]
Event: 4.749 Thread 0x000001d24cb5f000 Exception <a 'java/lang/NoSuchMethodError'{0x0000000086673948}: 'void java.lang.invoke.DirectMethodHandle$Holder.invokeSpecial(java.lang.Object, java.lang.Object, java.lang.Object, java.lang.Object, java.lang.Object, java.lang.Object, java.lang.Object)'> (0x0000000086673948) thrown at [./src/hotspot/share/interpreter/linkResolver.cpp, line 773]
Event: 4.751 Thread 0x000001d24cb5f000 Exception <a 'java/lang/NoSuchMethodError'{0x000000008667bb90}: 'java.lang.Object java.lang.invoke.Invokers$Holder.linkToTargetMethod(java.lang.Object, java.lang.Object, java.lang.Object, java.lang.Object, java.lang.Object, java.lang.Object)'> (0x000000008667bb90) thrown at [./src/hotspot/share/interpreter/linkResolver.cpp, line 773]
Event: 4.978 Thread 0x000001d24cb5f000 Exception <a 'java/lang/NoSuchMethodError'{0x00000000859ad768}: 'void java.lang.invoke.DirectMethodHandle$Holder.invokeStaticInit(java.lang.Object, java.lang.Object)'> (0x00000000859ad768) thrown at [./src/hotspot/share/interpreter/linkResolver.cpp, line 773]
Event: 5.132 Thread 0x000001d24cb5f000 Exception <a 'java/lang/NoSuchMethodError'{0x0000000085223700}: 'void java.lang.invoke.DirectMethodHandle$Holder.invokeStatic(java.lang.Object, java.lang.Object, java.lang.Object, java.lang.Object)'> (0x0000000085223700) thrown at [./src/hotspot/share/interpreter/linkResolver.cpp, line 773]
Event: 5.141 Thread 0x000001d24cb5f000 Exception <a 'java/lang/NoSuchMethodError'{0x0000000085237160}: 'int java.lang.invoke.DirectMethodHandle$Holder.invokeInterface(java.lang.Object, java.lang.Object)'> (0x0000000085237160) thrown at [./src/hotspot/share/interpreter/linkResolver.cpp, line 773]
Event: 5.378 Thread 0x000001d24cb5f000 Exception <a 'java/lang/NoSuchMethodError'{0x0000000084773b70}: 'java.lang.Object java.lang.invoke.DirectMethodHandle$Holder.invokeSpecialIFC(java.lang.Object, java.lang.Object, java.lang.Object, java.lang.Object)'> (0x0000000084773b70) thrown at [./src/hotspot/share/interpreter/linkResolver.cpp, line 773]
Event: 5.393 Thread 0x000001d24cb5f000 Exception <a 'java/lang/NoSuchMethodError'{0x0000000084689198}: 'java.lang.Object java.lang.invoke.DirectMethodHandle$Holder.invokeSpecial(java.lang.Object, java.lang.Object, java.lang.Object, java.lang.Object, java.lang.Object, java.lang.Object, java.lang.Object, java.lang.Object, java.lang.Object, java.lang.Object, java.lang.Object, java.lang.Object, java.lang.Object)'> (0x0000000084689198) thrown at [./src/hotspot/share/interpreter/linkResolver.cpp, line 773]
Event: 5.394 Thread 0x000001d24cb5f000 Exception <a 'java/lang/NoSuchMethodError'{0x000000008469a420}: 'java.lang.Object java.lang.invoke.DirectMethodHandle$Holder.invokeSpecial(java.lang.Object, java.lang.Object, java.lang.Object, java.lang.Object, java.lang.Object, java.lang.Object, java.lang.Object, java.lang.Object, java.lang.Object, java.lang.Object, java.lang.Object, java.lang.Object)'> (0x000000008469a420) thrown at [./src/hotspot/share/interpreter/linkResolver.cpp, line 773]
Event: 5.395 Thread 0x000001d24cb5f000 Exception <a 'java/lang/NoSuchMethodError'{0x000000008469f548}: 'java.lang.Object java.lang.invoke.Invokers$Holder.linkToTargetMethod(java.lang.Object, java.lang.Object, java.lang.Object, java.lang.Object, java.lang.Object, java.lang.Object, java.lang.Object, java.lang.Object, java.lang.Object, java.lang.Object, java.lang.Object)'> (0x000000008469f548) thrown at [./src/hotspot/share/interpreter/linkResolver.cpp, line 773]
Event: 5.411 Thread 0x000001d24cb5f000 Exception <a 'java/lang/NoSuchMethodError'{0x00000000845df758}: 'java.lang.Object java.lang.invoke.DirectMethodHandle$Holder.invokeSpecial(java.lang.Object, java.lang.Object, java.lang.Object, java.lang.Object, java.lang.Object, java.lang.Object, java.lang.Object, java.lang.Object, java.lang.Object, java.lang.Object, java.lang.Object, java.lang.Object, java.lang.Object, java.lang.Object)'> (0x00000000845df758) thrown at [./src/hotspot/share/interpreter/linkResolver.cpp, line 773]
Event: 5.413 Thread 0x000001d24cb5f000 Exception <a 'java/lang/NoSuchMethodError'{0x00000000845f0d50}: 'java.lang.Object java.lang.invoke.Invokers$Holder.linkToTargetMethod(java.lang.Object, java.lang.Object, java.lang.Object, java.lang.Object, java.lang.Object, java.lang.Object, java.lang.Object, java.lang.Object, java.lang.Object, java.lang.Object, java.lang.Object, java.lang.Object)'> (0x00000000845f0d50) thrown at [./src/hotspot/share/interpreter/linkResolver.cpp, line 773]
Event: 5.426 Thread 0x000001d24cb5f000 Exception <a 'java/lang/NoSuchMethodError'{0x0000000084482240}: 'java.lang.Object java.lang.invoke.DirectMethodHandle$Holder.invokeStaticInit(java.lang.Object, java.lang.Object, java.lang.Object, java.lang.Object)'> (0x0000000084482240) thrown at [./src/hotspot/share/interpreter/linkResolver.cpp, line 773]
Event: 5.630 Thread 0x000001d24cb5f000 Implicit null exception at 0x000001d23c96aaf5 to 0x000001d23c96acbc
Event: 5.631 Thread 0x000001d24cb5f000 Implicit null exception at 0x000001d23c923faf to 0x000001d23c92401d

Events (20 events):
Event: 5.717 loading class org/gradle/api/reflect/HasPublicType
Event: 5.717 loading class org/gradle/api/reflect/HasPublicType done
Event: 5.718 loading class org/gradle/api/internal/DefaultNamedDomainObjectSet
Event: 5.718 loading class org/gradle/api/internal/DefaultNamedDomainObjectSet done
Event: 5.722 loading class org/gradle/api/initialization/dsl/VersionCatalogBuilder
Event: 5.722 loading class org/gradle/api/initialization/dsl/VersionCatalogBuilder done
Event: 5.723 loading class org/gradle/api/initialization/resolve/RepositoriesMode
Event: 5.723 loading class org/gradle/api/initialization/resolve/RepositoriesMode done
Event: 5.723 loading class org/gradle/api/initialization/resolve/RulesMode
Event: 5.723 loading class org/gradle/api/initialization/resolve/RulesMode done
Event: 5.724 loading class org/gradle/api/NonNullApi
Event: 5.724 loading class org/gradle/api/NonNullApi done
Event: 5.724 loading class javax/annotation/meta/TypeQualifierDefault
Event: 5.724 loading class javax/annotation/meta/TypeQualifierDefault done
Event: 5.728 loading class javax/annotation/meta/When
Event: 5.728 loading class javax/annotation/meta/When done
Event: 5.731 loading class javax/annotation/meta/TypeQualifier
Event: 5.731 loading class javax/annotation/meta/TypeQualifier done
Event: 5.732 Executing VM operation: CollectForMetadataAllocation
Event: 5.732 Executing VM operation: CollectForMetadataAllocation done


Dynamic libraries:
0x00007ff72c200000 - 0x00007ff72c20a000 	D:\Programs\Android Studio\jre\bin\java.exe
0x00007ff8dd090000 - 0x00007ff8dd285000 	C:\WINDOWS\SYSTEM32\ntdll.dll
0x00007ff8dcc30000 - 0x00007ff8dccee000 	C:\WINDOWS\System32\KERNEL32.DLL
0x00007ff8daba0000 - 0x00007ff8dae68000 	C:\WINDOWS\System32\KERNELBASE.dll
0x00007ff8daea0000 - 0x00007ff8dafa0000 	C:\WINDOWS\System32\ucrtbase.dll
0x00007ff8c6600000 - 0x00007ff8c6617000 	D:\Programs\Android Studio\jre\bin\VCRUNTIME140.dll
0x00007ff8c65e0000 - 0x00007ff8c65f9000 	D:\Programs\Android Studio\jre\bin\jli.dll
0x00007ff8db6e0000 - 0x00007ff8db881000 	C:\WINDOWS\System32\USER32.dll
0x00007ff8dae70000 - 0x00007ff8dae92000 	C:\WINDOWS\System32\win32u.dll
0x00007ff8dcb30000 - 0x00007ff8dcb5b000 	C:\WINDOWS\System32\GDI32.dll
0x00007ff8cd030000 - 0x00007ff8cd2ca000 	C:\WINDOWS\WinSxS\amd64_microsoft.windows.common-controls_6595b64144ccf1df_6.0.19041.1110_none_60b5254171f9507e\COMCTL32.dll
0x00007ff8daa90000 - 0x00007ff8dab9b000 	C:\WINDOWS\System32\gdi32full.dll
0x00007ff8db950000 - 0x00007ff8db9ee000 	C:\WINDOWS\System32\msvcrt.dll
0x00007ff8da940000 - 0x00007ff8da9dd000 	C:\WINDOWS\System32\msvcp_win.dll
0x00007ff8db380000 - 0x00007ff8db3b0000 	C:\WINDOWS\System32\IMM32.DLL
0x00007ff8a6ba0000 - 0x00007ff8a6c3d000 	D:\Programs\Android Studio\jre\bin\msvcp140.dll
0x00007ff893690000 - 0x00007ff89415f000 	D:\Programs\Android Studio\jre\bin\server\jvm.dll
0x00007ff8db0e0000 - 0x00007ff8db18c000 	C:\WINDOWS\System32\ADVAPI32.dll
0x00007ff8dce80000 - 0x00007ff8dcf1b000 	C:\WINDOWS\System32\sechost.dll
0x00007ff8dcf20000 - 0x00007ff8dd04a000 	C:\WINDOWS\System32\RPCRT4.dll
0x00007ff8db940000 - 0x00007ff8db948000 	C:\WINDOWS\System32\PSAPI.DLL
0x00007ff8cb8d0000 - 0x00007ff8cb8d9000 	C:\WINDOWS\SYSTEM32\WSOCK32.dll
0x00007ff8cda90000 - 0x00007ff8cdab7000 	C:\WINDOWS\SYSTEM32\WINMM.dll
0x00007ff8ce320000 - 0x00007ff8ce32a000 	C:\WINDOWS\SYSTEM32\VERSION.dll
0x00007ff8dc760000 - 0x00007ff8dc7cb000 	C:\WINDOWS\System32\WS2_32.dll
0x00007ff8d8670000 - 0x00007ff8d8682000 	C:\WINDOWS\SYSTEM32\kernel.appcore.dll
0x00007ff8d6670000 - 0x00007ff8d6681000 	D:\Programs\Android Studio\jre\bin\verify.dll
0x00007ff8d3c20000 - 0x00007ff8d3e04000 	C:\WINDOWS\SYSTEM32\DBGHELP.DLL
0x00007ff8c93b0000 - 0x00007ff8c93dc000 	C:\WINDOWS\SYSTEM32\dbgcore.DLL
0x00007ff8db050000 - 0x00007ff8db0d3000 	C:\WINDOWS\System32\bcryptPrimitives.dll
0x00007ff8d4b30000 - 0x00007ff8d4b59000 	D:\Programs\Android Studio\jre\bin\java.dll
0x00007ff8d6610000 - 0x00007ff8d661b000 	D:\Programs\Android Studio\jre\bin\jimage.dll
0x00007ff8d4d70000 - 0x00007ff8d4d88000 	D:\Programs\Android Studio\jre\bin\zip.dll
0x00007ff8dc020000 - 0x00007ff8dc75f000 	C:\WINDOWS\System32\SHELL32.dll
0x00007ff8d8870000 - 0x00007ff8d9000000 	C:\WINDOWS\SYSTEM32\windows.storage.dll
0x00007ff8dc7d0000 - 0x00007ff8dcb25000 	C:\WINDOWS\System32\combase.dll
0x00007ff8da120000 - 0x00007ff8da14e000 	C:\WINDOWS\SYSTEM32\Wldp.dll
0x00007ff8db270000 - 0x00007ff8db31d000 	C:\WINDOWS\System32\SHCORE.dll
0x00007ff8db320000 - 0x00007ff8db375000 	C:\WINDOWS\System32\shlwapi.dll
0x00007ff8da6f0000 - 0x00007ff8da70f000 	C:\WINDOWS\SYSTEM32\profapi.dll
0x00007ff8d4630000 - 0x00007ff8d464a000 	D:\Programs\Android Studio\jre\bin\net.dll
0x00007ff8ce910000 - 0x00007ff8cea1c000 	C:\WINDOWS\SYSTEM32\WINHTTP.dll
0x00007ff8d9f00000 - 0x00007ff8d9f6a000 	C:\WINDOWS\system32\mswsock.dll
0x00007ff8d4550000 - 0x00007ff8d4564000 	D:\Programs\Android Studio\jre\bin\nio.dll
0x00007ff8c3310000 - 0x00007ff8c3337000 	C:\Users\phung\.gradle\native\8bec1ad78214c89d9ad589b4d07fe93259594b29d510b10fafb7a158f7737e5d\windows-amd64\native-platform.dll
0x00007ff8a6c40000 - 0x00007ff8a6d7d000 	C:\Users\phung\.gradle\native\53dbd7edfb1c66fb8903c78663c9afc45aea4f116125fa6feffd364cf09443e8\windows-amd64\native-platform-file-events.dll
0x00007ff8d65a0000 - 0x00007ff8d65aa000 	D:\Programs\Android Studio\jre\bin\management.dll
0x00007ff8d6150000 - 0x00007ff8d615c000 	D:\Programs\Android Studio\jre\bin\management_ext.dll
0x00007ff8da460000 - 0x00007ff8da478000 	C:\WINDOWS\SYSTEM32\CRYPTSP.dll
0x00007ff8d9830000 - 0x00007ff8d9864000 	C:\WINDOWS\system32\rsaenh.dll
0x00007ff8da7b0000 - 0x00007ff8da7d7000 	C:\WINDOWS\System32\bcrypt.dll
0x00007ff8da6b0000 - 0x00007ff8da6de000 	C:\WINDOWS\SYSTEM32\USERENV.dll
0x00007ff8da090000 - 0x00007ff8da09c000 	C:\WINDOWS\SYSTEM32\CRYPTBASE.dll
0x00007ff8d9bc0000 - 0x00007ff8d9bfb000 	C:\WINDOWS\SYSTEM32\IPHLPAPI.DLL
0x00007ff8db3d0000 - 0x00007ff8db3d8000 	C:\WINDOWS\System32\NSI.dll
0x00007ff8d2970000 - 0x00007ff8d2987000 	C:\WINDOWS\SYSTEM32\dhcpcsvc6.DLL
0x00007ff8d2610000 - 0x00007ff8d262d000 	C:\WINDOWS\SYSTEM32\dhcpcsvc.DLL
0x00007ff8d9c00000 - 0x00007ff8d9ccb000 	C:\WINDOWS\SYSTEM32\DNSAPI.dll

dbghelp: loaded successfully - version: 4.0.5 - missing functions: none
symbol engine: initialized successfully - sym options: 0x614 - pdb path: .;D:\Programs\Android Studio\jre\bin;C:\WINDOWS\SYSTEM32;C:\WINDOWS\WinSxS\amd64_microsoft.windows.common-controls_6595b64144ccf1df_6.0.19041.1110_none_60b5254171f9507e;D:\Programs\Android Studio\jre\bin\server;C:\Users\phung\.gradle\native\8bec1ad78214c89d9ad589b4d07fe93259594b29d510b10fafb7a158f7737e5d\windows-amd64;C:\Users\phung\.gradle\native\53dbd7edfb1c66fb8903c78663c9afc45aea4f116125fa6feffd364cf09443e8\windows-amd64

VM Arguments:
jvm_args: --add-opens=java.base/java.util=ALL-UNNAMED --add-opens=java.base/java.lang=ALL-UNNAMED --add-opens=java.base/java.lang.invoke=ALL-UNNAMED --add-opens=java.base/java.util=ALL-UNNAMED --add-opens=java.prefs/java.util.prefs=ALL-UNNAMED --add-opens=java.prefs/java.util.prefs=ALL-UNNAMED --add-opens=java.base/java.nio.charset=ALL-UNNAMED --add-opens=java.base/java.net=ALL-UNNAMED --add-opens=java.base/java.util.concurrent.atomic=ALL-UNNAMED -Xmx2048m -Dfile.encoding=UTF-8 -Duser.country=US -Duser.language=en -Duser.variant 
java_command: org.gradle.launcher.daemon.bootstrap.GradleDaemon 7.0.2
java_class_path (initial): C:\Users\phung\.gradle\wrapper\dists\gradle-7.0.2-bin\857tjihv64xamwrf0h14cai3r\gradle-7.0.2\lib\gradle-launcher-7.0.2.jar
Launcher Type: SUN_STANDARD

[Global flags]
     intx CICompilerCount                          = 3                                         {product} {ergonomic}
     uint ConcGCThreads                            = 1                                         {product} {ergonomic}
     uint G1ConcRefinementThreads                  = 4                                         {product} {ergonomic}
   size_t G1HeapRegionSize                         = 1048576                                   {product} {ergonomic}
    uintx GCDrainStackTargetSize                   = 64                                        {product} {ergonomic}
   size_t InitialHeapSize                          = 134217728                                 {product} {ergonomic}
   size_t MarkStackSize                            = 4194304                                   {product} {ergonomic}
   size_t MaxHeapSize                              = 2147483648                                {product} {command line}
   size_t MaxNewSize                               = 1287651328                                {product} {ergonomic}
   size_t MinHeapDeltaBytes                        = 1048576                                   {product} {ergonomic}
    uintx NonNMethodCodeHeapSize                   = 5830732                                {pd product} {ergonomic}
    uintx NonProfiledCodeHeapSize                  = 122913754                              {pd product} {ergonomic}
    uintx ProfiledCodeHeapSize                     = 122913754                              {pd product} {ergonomic}
    uintx ReservedCodeCacheSize                    = 251658240                              {pd product} {ergonomic}
     bool SegmentedCodeCache                       = true                                      {product} {ergonomic}
     bool UseCompressedClassPointers               = true                                 {lp64_product} {ergonomic}
     bool UseCompressedOops                        = true                                 {lp64_product} {ergonomic}
     bool UseG1GC                                  = true                                      {product} {ergonomic}
     bool UseLargePagesIndividualAllocation        = false                                  {pd product} {ergonomic}

Logging:
Log output configuration:
 #0: stdout all=warning uptime,level,tags
 #1: stderr all=off uptime,level,tags

Environment Variables:
PATH=C:\Program Files (x86)\Common Files\Oracle\Java\javapath;C:\Program Files (x86)\NVIDIA Corporation\PhysX\Common;C:\WINDOWS\system32;C:\WINDOWS;C:\WINDOWS\System32\Wbem;C:\WINDOWS\System32\WindowsPowerShell\v1.0\;C:\WINDOWS\System32\OpenSSH\;C:\Program Files\mingw-w64\x86_64-8.1.0-win32-seh-rt_v6-rev0\mingw64\bin;D:\Programs\Git\cmd;C:\ProgramData\chocolatey\bin;;C:\Program Files\Docker\Docker\resources\bin;C:\ProgramData\DockerDesktop\version-bin;D:\Programs\Node.js\;C:\Users\phung\AppData\Local\Microsoft\WindowsApps;D:\Programs\IntelliJ IDEA Community Edition 2020.3.1\bin;;D:\Programs\GitHub CLI\;C:\Users\phung\AppData\Roaming\npm;C:\Program Files\RabbitMQ Server\rabbitmq_server-3.9.8\sbin;
USERNAME=Vu
OS=Windows_NT
PROCESSOR_IDENTIFIER=Intel64 Family 6 Model 61 Stepping 4, GenuineIntel



---------------  S Y S T E M  ---------------

OS: Windows 10 , 64 bit Build 19041 (10.0.19041.1348)
OS uptime: 0 days 19:35 hours
Hyper-V role detected

CPU:total 4 (initial active 4) (2 cores per cpu, 2 threads per core) family 6 model 61 stepping 4 microcode 0x2d, cmov, cx8, fxsr, mmx, sse, sse2, sse3, ssse3, sse4.1, sse4.2, popcnt, avx, avx2, aes, clmul, erms, rtm, 3dnowpref, lzcnt, ht, tsc, tscinvbit, bmi1, bmi2, adx, fma

Memory: 4k page, system-wide physical 8072M (551M free)
TotalPageFile size 11072M (AvailPageFile size 3M)
current process WorkingSet (physical memory assigned to process): 226M, peak: 226M
current process commit charge ("private bytes"): 316M, peak: 316M

vm_info: OpenJDK 64-Bit Server VM (11.0.10+0-b96-7249189) for windows-amd64 JRE (11.0.10+0-b96-7249189), built on Mar 31 2021 21:44:00 by "builder" with MS VC++ 14.0 (VS2015)

END.
