#
# There is insufficient memory for the Java Runtime Environment to continue.
# Native memory allocation (malloc) failed to allocate 1049536 bytes for Chunk::new
# Possible reasons:
#   The system is out of physical RAM or swap space
#   The process is running with CompressedOops enabled, and the Java Heap may be blocking the growth of the native heap
# Possible solutions:
#   Reduce memory load on the system
#   Increase physical memory or swap space
#   Check if swap backing store is full
#   Decrease Java heap size (-Xmx/-Xms)
#   Decrease number of Java threads
#   Decrease Java thread stack sizes (-Xss)
#   Set larger code cache with -XX:ReservedCodeCacheSize=
#   JVM is running with Unscaled Compressed Oops mode in which the Java heap is
#     placed in the first 4GB address space. The Java Heap base address is the
#     maximum limit for the native heap growth. Please use -XX:HeapBaseMinAddress
#     to set the Java Heap base and to place the Java Heap above 4GB virtual address.
# This output file may be truncated or incomplete.
#
#  Out of Memory Error (./src/hotspot/share/memory/arena.cpp:197), pid=11472, tid=11772
#
# JRE version: OpenJDK Runtime Environment (11.0.10) (build 11.0.10+0-b96-7249189)
# Java VM: OpenJDK 64-Bit Server VM (11.0.10+0-b96-7249189, mixed mode, tiered, compressed oops, g1 gc, windows-amd64)
# No core dump will be written. Minidumps are not enabled by default on client versions of Windows
#

---------------  S U M M A R Y ------------

Command Line: --add-opens=java.base/java.util=ALL-UNNAMED --add-opens=java.base/java.lang=ALL-UNNAMED --add-opens=java.base/java.lang.invoke=ALL-UNNAMED --add-opens=java.base/java.util=ALL-UNNAMED --add-opens=java.prefs/java.util.prefs=ALL-UNNAMED --add-opens=java.prefs/java.util.prefs=ALL-UNNAMED --add-opens=java.base/java.nio.charset=ALL-UNNAMED --add-opens=java.base/java.net=ALL-UNNAMED --add-opens=java.base/java.util.concurrent.atomic=ALL-UNNAMED -Xmx2048m -Dfile.encoding=UTF-8 -Duser.country=US -Duser.language=en -Duser.variant org.gradle.launcher.daemon.bootstrap.GradleDaemon 7.0.2

Host: Intel(R) Core(TM) i5-5300U CPU @ 2.30GHz, 4 cores, 7G,  Windows 10 , 64 bit Build 19041 (10.0.19041.1348)
Time: Sun Nov 28 21:01:45 2021 SE Asia Standard Time elapsed time: 12.008689 seconds (0d 0h 0m 12s)

---------------  T H R E A D  ---------------

Current thread (0x0000022b02659000):  JavaThread "C2 CompilerThread1" daemon [_thread_in_native, id=11772, stack(0x0000005133f00000,0x0000005134000000)]


Current CompileTask:
C2:  12008 3268       4       java.net.URLClassLoader$1::run (5 bytes)

Stack: [0x0000005133f00000,0x0000005134000000]
Native frames: (J=compiled Java code, j=interpreted, Vv=VM code, C=native code)
V  [jvm.dll+0x5ecfaa]
V  [jvm.dll+0x722bd5]
V  [jvm.dll+0x72412d]
V  [jvm.dll+0x7247e3]
V  [jvm.dll+0x242928]
V  [jvm.dll+0xbc4fc]
V  [jvm.dll+0xbca0c]
V  [jvm.dll+0x2b4fd4]
V  [jvm.dll+0x506028]
V  [jvm.dll+0x203253]
V  [jvm.dll+0x1fd07c]
V  [jvm.dll+0x1fa77f]
V  [jvm.dll+0x18354c]
V  [jvm.dll+0x208ee7]
V  [jvm.dll+0x207731]
V  [jvm.dll+0x6eb1cf]
V  [jvm.dll+0x6e3d45]
V  [jvm.dll+0x5ebe96]
C  [ucrtbase.dll+0x21bb2]
C  [KERNEL32.DLL+0x17034]
C  [ntdll.dll+0x52651]


---------------  P R O C E S S  ---------------

Threads class SMR info:
_java_thread_list=0x0000022b7d0a3320, length=33, elements={
0x0000022b6186b000, 0x0000022b7b449000, 0x0000022b7b44a800, 0x0000022b7bdd3800,
0x0000022b7b463800, 0x0000022b7b464800, 0x0000022b7b475000, 0x0000022b7b476000,
0x0000022b7b47b800, 0x0000022b7bf37800, 0x0000022b7e164000, 0x0000022b7e854800,
0x0000022b7e1c1000, 0x0000022b7ea92000, 0x0000022b7d68e000, 0x0000022b7eb9f000,
0x0000022b7d8bf800, 0x0000022b7d34e800, 0x0000022b7dcbf800, 0x0000022b7eb43800,
0x0000022b7eb44800, 0x0000022b7eb45000, 0x0000022b7eb46000, 0x0000022b7eb40800,
0x0000022b7eb47000, 0x0000022b7eb41000, 0x0000022b7eb42000, 0x0000022b7eb43000,
0x0000022b7d04f800, 0x0000022b7d050800, 0x0000022b02659000, 0x0000022b7d04e800,
0x0000022b7d051000
}

Java Threads: ( => current thread )
  0x0000022b6186b000 JavaThread "main" [_thread_blocked, id=3496, stack(0x0000005131700000,0x0000005131800000)]
  0x0000022b7b449000 JavaThread "Reference Handler" daemon [_thread_blocked, id=6160, stack(0x0000005131e00000,0x0000005131f00000)]
  0x0000022b7b44a800 JavaThread "Finalizer" daemon [_thread_blocked, id=5460, stack(0x0000005131f00000,0x0000005132000000)]
  0x0000022b7bdd3800 JavaThread "Signal Dispatcher" daemon [_thread_blocked, id=1600, stack(0x0000005132000000,0x0000005132100000)]
  0x0000022b7b463800 JavaThread "Attach Listener" daemon [_thread_blocked, id=7504, stack(0x0000005132100000,0x0000005132200000)]
  0x0000022b7b464800 JavaThread "Service Thread" daemon [_thread_blocked, id=6288, stack(0x0000005132200000,0x0000005132300000)]
  0x0000022b7b475000 JavaThread "C2 CompilerThread0" daemon [_thread_in_native, id=1644, stack(0x0000005132300000,0x0000005132400000)]
  0x0000022b7b476000 JavaThread "C1 CompilerThread0" daemon [_thread_blocked, id=2024, stack(0x0000005132400000,0x0000005132500000)]
  0x0000022b7b47b800 JavaThread "Sweeper thread" daemon [_thread_blocked, id=10208, stack(0x0000005132500000,0x0000005132600000)]
  0x0000022b7bf37800 JavaThread "Common-Cleaner" daemon [_thread_blocked, id=10856, stack(0x0000005132600000,0x0000005132700000)]
  0x0000022b7e164000 JavaThread "Daemon health stats" [_thread_blocked, id=9520, stack(0x0000005132b00000,0x0000005132c00000)]
  0x0000022b7e854800 JavaThread "Incoming local TCP Connector on port 52781" [_thread_in_native, id=3276, stack(0x0000005132800000,0x0000005132900000)]
  0x0000022b7e1c1000 JavaThread "Daemon periodic checks" [_thread_blocked, id=8712, stack(0x0000005132c00000,0x0000005132d00000)]
  0x0000022b7ea92000 JavaThread "Daemon" [_thread_blocked, id=9716, stack(0x0000005132d00000,0x0000005132e00000)]
  0x0000022b7d68e000 JavaThread "Handler for socket connection from /127.0.0.1:52781 to /127.0.0.1:52782" [_thread_in_native, id=4456, stack(0x0000005132e00000,0x0000005132f00000)]
  0x0000022b7eb9f000 JavaThread "Cancel handler" [_thread_blocked, id=7136, stack(0x0000005132f00000,0x0000005133000000)]
  0x0000022b7d8bf800 JavaThread "Daemon worker" [_thread_in_Java, id=9184, stack(0x0000005133000000,0x0000005133100000)]
  0x0000022b7d34e800 JavaThread "Asynchronous log dispatcher for DefaultDaemonConnection: socket connection from /127.0.0.1:52781 to /127.0.0.1:52782" [_thread_blocked, id=10060, stack(0x0000005133100000,0x0000005133200000)]
  0x0000022b7dcbf800 JavaThread "Stdin handler" [_thread_blocked, id=5764, stack(0x0000005133200000,0x0000005133300000)]
  0x0000022b7eb43800 JavaThread "Daemon client event forwarder" [_thread_blocked, id=5240, stack(0x0000005133300000,0x0000005133400000)]
  0x0000022b7eb44800 JavaThread "Cache worker for file hash cache (C:\Users\phung\.gradle\caches\7.0.2\fileHashes)" [_thread_blocked, id=10724, stack(0x0000005133500000,0x0000005133600000)]
  0x0000022b7eb45000 JavaThread "File lock request listener" [_thread_in_native, id=5624, stack(0x0000005133600000,0x0000005133700000)]
  0x0000022b7eb46000 JavaThread "Cache worker for journal cache (C:\Users\phung\.gradle\caches\journal-1)" [_thread_blocked, id=2584, stack(0x0000005133700000,0x0000005133800000)]
  0x0000022b7eb40800 JavaThread "Cache worker for file hash cache (C:\Users\phung\AndroidStudioProjects\EmailApp\.gradle\7.0.2\fileHashes)" [_thread_blocked, id=12400, stack(0x0000005133900000,0x0000005133a00000)]
  0x0000022b7eb47000 JavaThread "File watcher server" daemon [_thread_in_native, id=10676, stack(0x0000005133a00000,0x0000005133b00000)]
  0x0000022b7eb41000 JavaThread "File watcher consumer" daemon [_thread_blocked, id=11260, stack(0x0000005133b00000,0x0000005133c00000)]
  0x0000022b7eb42000 JavaThread "Cache worker for checksums cache (C:\Users\phung\AndroidStudioProjects\EmailApp\.gradle\checksums)" [_thread_blocked, id=7912, stack(0x0000005133c00000,0x0000005133d00000)]
  0x0000022b7eb43000 JavaThread "Cache worker for cache directory md-supplier (C:\Users\phung\.gradle\caches\7.0.2\md-supplier)" [_thread_blocked, id=10396, stack(0x0000005133d00000,0x0000005133e00000)]
  0x0000022b7d04f800 JavaThread "Cache worker for cache directory md-rule (C:\Users\phung\.gradle\caches\7.0.2\md-rule)" [_thread_blocked, id=5976, stack(0x0000005133e00000,0x0000005133f00000)]
  0x0000022b7d050800 JavaThread "Cache worker for execution history cache (C:\Users\phung\.gradle\caches\7.0.2\executionHistory)" [_thread_blocked, id=11676, stack(0x0000005133800000,0x0000005133900000)]
=>0x0000022b02659000 JavaThread "C2 CompilerThread1" daemon [_thread_in_native, id=11772, stack(0x0000005133f00000,0x0000005134000000)]
  0x0000022b7d04e800 JavaThread "jar transforms" [_thread_blocked, id=6032, stack(0x0000005134000000,0x0000005134100000)]
  0x0000022b7d051000 JavaThread "jar transforms Thread 2" [_thread_blocked, id=7008, stack(0x0000005134100000,0x0000005134200000)]

Other Threads:
  0x0000022b7b445800 VMThread "VM Thread" [stack: 0x0000005131d00000,0x0000005131e00000] [id=5264]
  0x0000022b7bf4b800 WatcherThread [stack: 0x0000005132700000,0x0000005132800000] [id=12000]
  0x0000022b61885800 GCTaskThread "GC Thread#0" [stack: 0x0000005131800000,0x0000005131900000] [id=10412]
  0x0000022b7c484000 GCTaskThread "GC Thread#1" [stack: 0x0000005132900000,0x0000005132a00000] [id=3500]
  0x0000022b7c9f6800 GCTaskThread "GC Thread#2" [stack: 0x0000005132a00000,0x0000005132b00000] [id=6740]
  0x0000022b7d748000 GCTaskThread "GC Thread#3" [stack: 0x0000005133400000,0x0000005133500000] [id=8960]
  0x0000022b618b6800 ConcurrentGCThread "G1 Main Marker" [stack: 0x0000005131900000,0x0000005131a00000] [id=964]
  0x0000022b618b8800 ConcurrentGCThread "G1 Conc#0" [stack: 0x0000005131a00000,0x0000005131b00000] [id=4556]
  0x0000022b7b295800 ConcurrentGCThread "G1 Refine#0" [stack: 0x0000005131b00000,0x0000005131c00000] [id=12084]
  0x0000022b7b298800 ConcurrentGCThread "G1 Young RemSet Sampling" [stack: 0x0000005131c00000,0x0000005131d00000] [id=3632]

Threads with active compile tasks:
C2 CompilerThread0  12043 3269   !   4       java.net.URLClassLoader$1::run (63 bytes)
C2 CompilerThread1  12043 3268       4       java.net.URLClassLoader$1::run (5 bytes)

VM state:not at safepoint (normal execution)

VM Mutex/Monitor currently owned by a thread: None

Heap address: 0x0000000080000000, size: 2048 MB, Compressed Oops mode: 32-bit
Narrow klass base: 0x0000000000000000, Narrow klass shift: 3
Compressed class space size: 1073741824 Address: 0x0000000100000000

Heap:
 garbage-first heap   total 131072K, used 51672K [0x0000000080000000, 0x0000000100000000)
  region size 1024K, 37 young (37888K), 7 survivors (7168K)
 Metaspace       used 37138K, capacity 38039K, committed 38396K, reserved 1083392K
  class space    used 4793K, capacity 5126K, committed 5248K, reserved 1048576K
Heap Regions: E=young(eden), S=young(survivor), O=old, HS=humongous(starts), HC=humongous(continues), CS=collection set, F=free, A=archive, TAMS=top-at-mark-start (previous, next)
|   0|0x0000000080000000, 0x0000000080100000, 0x0000000080100000|100%| O|  |TAMS 0x0000000080100000, 0x0000000080000000| Untracked 
|   1|0x0000000080100000, 0x0000000080200000, 0x0000000080200000|100%| O|  |TAMS 0x0000000080200000, 0x0000000080100000| Untracked 
|   2|0x0000000080200000, 0x0000000080300000, 0x0000000080300000|100%| O|  |TAMS 0x0000000080300000, 0x0000000080200000| Untracked 
|   3|0x0000000080300000, 0x0000000080400000, 0x0000000080400000|100%|HS|  |TAMS 0x0000000080400000, 0x0000000080300000| Complete 
|   4|0x0000000080400000, 0x0000000080500000, 0x0000000080500000|100%|HC|  |TAMS 0x0000000080500000, 0x0000000080400000| Complete 
|   5|0x0000000080500000, 0x0000000080600000, 0x0000000080600000|100%|HC|  |TAMS 0x0000000080600000, 0x0000000080500000| Complete 
|   6|0x0000000080600000, 0x0000000080700000, 0x0000000080700000|100%| O|  |TAMS 0x0000000080700000, 0x0000000080600000| Untracked 
|   7|0x0000000080700000, 0x0000000080800000, 0x0000000080800000|100%| O|  |TAMS 0x0000000080800000, 0x0000000080700000| Untracked 
|   8|0x0000000080800000, 0x0000000080900000, 0x0000000080900000|100%| O|  |TAMS 0x0000000080900000, 0x0000000080800000| Untracked 
|   9|0x0000000080900000, 0x0000000080a00000, 0x0000000080a00000|100%| O|  |TAMS 0x0000000080a00000, 0x0000000080900000| Untracked 
|  10|0x0000000080a00000, 0x0000000080b00000, 0x0000000080b00000|100%| O|  |TAMS 0x0000000080b00000, 0x0000000080a00000| Untracked 
|  11|0x0000000080b00000, 0x0000000080c00000, 0x0000000080c00000|100%| O|  |TAMS 0x0000000080c00000, 0x0000000080b00000| Untracked 
|  12|0x0000000080c00000, 0x0000000080d00000, 0x0000000080d00000|100%| O|  |TAMS 0x0000000080d00000, 0x0000000080c00000| Untracked 
|  13|0x0000000080d00000, 0x0000000080e00000, 0x0000000080e00000|100%| O|  |TAMS 0x0000000080e00000, 0x0000000080d00000| Untracked 
|  14|0x0000000080e00000, 0x0000000080ed7c00, 0x0000000080f00000| 84%| O|  |TAMS 0x0000000080ed7c00, 0x0000000080e00000| Untracked 
|  15|0x0000000080f00000, 0x0000000080f00000, 0x0000000081000000|  0%| F|  |TAMS 0x0000000080f00000, 0x0000000080f00000| Untracked 
|  16|0x0000000081000000, 0x0000000081000000, 0x0000000081100000|  0%| F|  |TAMS 0x0000000081000000, 0x0000000081000000| Untracked 
|  17|0x0000000081100000, 0x0000000081100000, 0x0000000081200000|  0%| F|  |TAMS 0x0000000081100000, 0x0000000081100000| Untracked 
|  18|0x0000000081200000, 0x0000000081200000, 0x0000000081300000|  0%| F|  |TAMS 0x0000000081200000, 0x0000000081200000| Untracked 
|  19|0x0000000081300000, 0x0000000081300000, 0x0000000081400000|  0%| F|  |TAMS 0x0000000081300000, 0x0000000081300000| Untracked 
|  20|0x0000000081400000, 0x0000000081400000, 0x0000000081500000|  0%| F|  |TAMS 0x0000000081400000, 0x0000000081400000| Untracked 
|  21|0x0000000081500000, 0x0000000081500000, 0x0000000081600000|  0%| F|  |TAMS 0x0000000081500000, 0x0000000081500000| Untracked 
|  22|0x0000000081600000, 0x0000000081600000, 0x0000000081700000|  0%| F|  |TAMS 0x0000000081600000, 0x0000000081600000| Untracked 
|  23|0x0000000081700000, 0x0000000081700000, 0x0000000081800000|  0%| F|  |TAMS 0x0000000081700000, 0x0000000081700000| Untracked 
|  24|0x0000000081800000, 0x0000000081800000, 0x0000000081900000|  0%| F|  |TAMS 0x0000000081800000, 0x0000000081800000| Untracked 
|  25|0x0000000081900000, 0x0000000081900000, 0x0000000081a00000|  0%| F|  |TAMS 0x0000000081900000, 0x0000000081900000| Untracked 
|  26|0x0000000081a00000, 0x0000000081a00000, 0x0000000081b00000|  0%| F|  |TAMS 0x0000000081a00000, 0x0000000081a00000| Untracked 
|  27|0x0000000081b00000, 0x0000000081b00000, 0x0000000081c00000|  0%| F|  |TAMS 0x0000000081b00000, 0x0000000081b00000| Untracked 
|  28|0x0000000081c00000, 0x0000000081c00000, 0x0000000081d00000|  0%| F|  |TAMS 0x0000000081c00000, 0x0000000081c00000| Untracked 
|  29|0x0000000081d00000, 0x0000000081d00000, 0x0000000081e00000|  0%| F|  |TAMS 0x0000000081d00000, 0x0000000081d00000| Untracked 
|  30|0x0000000081e00000, 0x0000000081e00000, 0x0000000081f00000|  0%| F|  |TAMS 0x0000000081e00000, 0x0000000081e00000| Untracked 
|  31|0x0000000081f00000, 0x0000000081f00000, 0x0000000082000000|  0%| F|  |TAMS 0x0000000081f00000, 0x0000000081f00000| Untracked 
|  32|0x0000000082000000, 0x0000000082000000, 0x0000000082100000|  0%| F|  |TAMS 0x0000000082000000, 0x0000000082000000| Untracked 
|  33|0x0000000082100000, 0x0000000082100000, 0x0000000082200000|  0%| F|  |TAMS 0x0000000082100000, 0x0000000082100000| Untracked 
|  34|0x0000000082200000, 0x0000000082200000, 0x0000000082300000|  0%| F|  |TAMS 0x0000000082200000, 0x0000000082200000| Untracked 
|  35|0x0000000082300000, 0x0000000082300000, 0x0000000082400000|  0%| F|  |TAMS 0x0000000082300000, 0x0000000082300000| Untracked 
|  36|0x0000000082400000, 0x0000000082400000, 0x0000000082500000|  0%| F|  |TAMS 0x0000000082400000, 0x0000000082400000| Untracked 
|  37|0x0000000082500000, 0x0000000082500000, 0x0000000082600000|  0%| F|  |TAMS 0x0000000082500000, 0x0000000082500000| Untracked 
|  38|0x0000000082600000, 0x0000000082600000, 0x0000000082700000|  0%| F|  |TAMS 0x0000000082600000, 0x0000000082600000| Untracked 
|  39|0x0000000082700000, 0x0000000082700000, 0x0000000082800000|  0%| F|  |TAMS 0x0000000082700000, 0x0000000082700000| Untracked 
|  40|0x0000000082800000, 0x0000000082800000, 0x0000000082900000|  0%| F|  |TAMS 0x0000000082800000, 0x0000000082800000| Untracked 
|  41|0x0000000082900000, 0x0000000082900000, 0x0000000082a00000|  0%| F|  |TAMS 0x0000000082900000, 0x0000000082900000| Untracked 
|  42|0x0000000082a00000, 0x0000000082a00000, 0x0000000082b00000|  0%| F|  |TAMS 0x0000000082a00000, 0x0000000082a00000| Untracked 
|  43|0x0000000082b00000, 0x0000000082b00000, 0x0000000082c00000|  0%| F|  |TAMS 0x0000000082b00000, 0x0000000082b00000| Untracked 
|  44|0x0000000082c00000, 0x0000000082c00000, 0x0000000082d00000|  0%| F|  |TAMS 0x0000000082c00000, 0x0000000082c00000| Untracked 
|  45|0x0000000082d00000, 0x0000000082d00000, 0x0000000082e00000|  0%| F|  |TAMS 0x0000000082d00000, 0x0000000082d00000| Untracked 
|  46|0x0000000082e00000, 0x0000000082e00000, 0x0000000082f00000|  0%| F|  |TAMS 0x0000000082e00000, 0x0000000082e00000| Untracked 
|  47|0x0000000082f00000, 0x0000000082f00000, 0x0000000083000000|  0%| F|  |TAMS 0x0000000082f00000, 0x0000000082f00000| Untracked 
|  48|0x0000000083000000, 0x0000000083000000, 0x0000000083100000|  0%| F|  |TAMS 0x0000000083000000, 0x0000000083000000| Untracked 
|  49|0x0000000083100000, 0x0000000083100000, 0x0000000083200000|  0%| F|  |TAMS 0x0000000083100000, 0x0000000083100000| Untracked 
|  50|0x0000000083200000, 0x0000000083200000, 0x0000000083300000|  0%| F|  |TAMS 0x0000000083200000, 0x0000000083200000| Untracked 
|  51|0x0000000083300000, 0x0000000083300000, 0x0000000083400000|  0%| F|  |TAMS 0x0000000083300000, 0x0000000083300000| Untracked 
|  52|0x0000000083400000, 0x0000000083400000, 0x0000000083500000|  0%| F|  |TAMS 0x0000000083400000, 0x0000000083400000| Untracked 
|  53|0x0000000083500000, 0x0000000083500000, 0x0000000083600000|  0%| F|  |TAMS 0x0000000083500000, 0x0000000083500000| Untracked 
|  54|0x0000000083600000, 0x0000000083600000, 0x0000000083700000|  0%| F|  |TAMS 0x0000000083600000, 0x0000000083600000| Untracked 
|  55|0x0000000083700000, 0x0000000083700000, 0x0000000083800000|  0%| F|  |TAMS 0x0000000083700000, 0x0000000083700000| Untracked 
|  56|0x0000000083800000, 0x0000000083800000, 0x0000000083900000|  0%| F|  |TAMS 0x0000000083800000, 0x0000000083800000| Untracked 
|  57|0x0000000083900000, 0x0000000083900000, 0x0000000083a00000|  0%| F|  |TAMS 0x0000000083900000, 0x0000000083900000| Untracked 
|  58|0x0000000083a00000, 0x0000000083a00000, 0x0000000083b00000|  0%| F|  |TAMS 0x0000000083a00000, 0x0000000083a00000| Untracked 
|  59|0x0000000083b00000, 0x0000000083b00000, 0x0000000083c00000|  0%| F|  |TAMS 0x0000000083b00000, 0x0000000083b00000| Untracked 
|  60|0x0000000083c00000, 0x0000000083c00000, 0x0000000083d00000|  0%| F|  |TAMS 0x0000000083c00000, 0x0000000083c00000| Untracked 
|  61|0x0000000083d00000, 0x0000000083d00000, 0x0000000083e00000|  0%| F|  |TAMS 0x0000000083d00000, 0x0000000083d00000| Untracked 
|  62|0x0000000083e00000, 0x0000000083e00000, 0x0000000083f00000|  0%| F|  |TAMS 0x0000000083e00000, 0x0000000083e00000| Untracked 
|  63|0x0000000083f00000, 0x0000000083f00000, 0x0000000084000000|  0%| F|  |TAMS 0x0000000083f00000, 0x0000000083f00000| Untracked 
|  64|0x0000000084000000, 0x0000000084000000, 0x0000000084100000|  0%| F|  |TAMS 0x0000000084000000, 0x0000000084000000| Untracked 
|  65|0x0000000084100000, 0x0000000084100000, 0x0000000084200000|  0%| F|  |TAMS 0x0000000084100000, 0x0000000084100000| Untracked 
|  66|0x0000000084200000, 0x000000008429e4a8, 0x0000000084300000| 61%| S|CS|TAMS 0x0000000084200000, 0x0000000084200000| Complete 
|  67|0x0000000084300000, 0x0000000084400000, 0x0000000084400000|100%| S|CS|TAMS 0x0000000084300000, 0x0000000084300000| Complete 
|  68|0x0000000084400000, 0x0000000084500000, 0x0000000084500000|100%| S|CS|TAMS 0x0000000084400000, 0x0000000084400000| Complete 
|  69|0x0000000084500000, 0x0000000084600000, 0x0000000084600000|100%| S|CS|TAMS 0x0000000084500000, 0x0000000084500000| Complete 
|  70|0x0000000084600000, 0x0000000084600000, 0x0000000084700000|  0%| F|  |TAMS 0x0000000084600000, 0x0000000084600000| Untracked 
|  71|0x0000000084700000, 0x0000000084700000, 0x0000000084800000|  0%| F|  |TAMS 0x0000000084700000, 0x0000000084700000| Untracked 
|  72|0x0000000084800000, 0x0000000084800000, 0x0000000084900000|  0%| F|  |TAMS 0x0000000084800000, 0x0000000084800000| Untracked 
|  73|0x0000000084900000, 0x0000000084a00000, 0x0000000084a00000|100%| S|CS|TAMS 0x0000000084900000, 0x0000000084900000| Complete 
|  74|0x0000000084a00000, 0x0000000084b00000, 0x0000000084b00000|100%| S|CS|TAMS 0x0000000084a00000, 0x0000000084a00000| Complete 
|  75|0x0000000084b00000, 0x0000000084c00000, 0x0000000084c00000|100%| S|CS|TAMS 0x0000000084b00000, 0x0000000084b00000| Complete 
|  76|0x0000000084c00000, 0x0000000084c00000, 0x0000000084d00000|  0%| F|  |TAMS 0x0000000084c00000, 0x0000000084c00000| Untracked 
|  77|0x0000000084d00000, 0x0000000084d00000, 0x0000000084e00000|  0%| F|  |TAMS 0x0000000084d00000, 0x0000000084d00000| Untracked 
|  78|0x0000000084e00000, 0x0000000084e00000, 0x0000000084f00000|  0%| F|  |TAMS 0x0000000084e00000, 0x0000000084e00000| Untracked 
|  79|0x0000000084f00000, 0x0000000084f00000, 0x0000000085000000|  0%| F|  |TAMS 0x0000000084f00000, 0x0000000084f00000| Untracked 
|  80|0x0000000085000000, 0x0000000085000000, 0x0000000085100000|  0%| F|  |TAMS 0x0000000085000000, 0x0000000085000000| Untracked 
|  81|0x0000000085100000, 0x0000000085100000, 0x0000000085200000|  0%| F|  |TAMS 0x0000000085100000, 0x0000000085100000| Untracked 
|  82|0x0000000085200000, 0x0000000085200000, 0x0000000085300000|  0%| F|  |TAMS 0x0000000085200000, 0x0000000085200000| Untracked 
|  83|0x0000000085300000, 0x0000000085300000, 0x0000000085400000|  0%| F|  |TAMS 0x0000000085300000, 0x0000000085300000| Untracked 
|  84|0x0000000085400000, 0x0000000085400000, 0x0000000085500000|  0%| F|  |TAMS 0x0000000085400000, 0x0000000085400000| Untracked 
|  85|0x0000000085500000, 0x0000000085500000, 0x0000000085600000|  0%| F|  |TAMS 0x0000000085500000, 0x0000000085500000| Untracked 
|  86|0x0000000085600000, 0x0000000085600000, 0x0000000085700000|  0%| F|  |TAMS 0x0000000085600000, 0x0000000085600000| Untracked 
|  87|0x0000000085700000, 0x0000000085700000, 0x0000000085800000|  0%| F|  |TAMS 0x0000000085700000, 0x0000000085700000| Untracked 
|  88|0x0000000085800000, 0x0000000085800000, 0x0000000085900000|  0%| F|  |TAMS 0x0000000085800000, 0x0000000085800000| Untracked 
|  89|0x0000000085900000, 0x0000000085900000, 0x0000000085a00000|  0%| F|  |TAMS 0x0000000085900000, 0x0000000085900000| Untracked 
|  90|0x0000000085a00000, 0x0000000085a00000, 0x0000000085b00000|  0%| F|  |TAMS 0x0000000085a00000, 0x0000000085a00000| Untracked 
|  91|0x0000000085b00000, 0x0000000085b00000, 0x0000000085c00000|  0%| F|  |TAMS 0x0000000085b00000, 0x0000000085b00000| Untracked 
|  92|0x0000000085c00000, 0x0000000085c00000, 0x0000000085d00000|  0%| F|  |TAMS 0x0000000085c00000, 0x0000000085c00000| Untracked 
|  93|0x0000000085d00000, 0x0000000085d00000, 0x0000000085e00000|  0%| F|  |TAMS 0x0000000085d00000, 0x0000000085d00000| Untracked 
|  94|0x0000000085e00000, 0x0000000085e00000, 0x0000000085f00000|  0%| F|  |TAMS 0x0000000085e00000, 0x0000000085e00000| Untracked 
|  95|0x0000000085f00000, 0x0000000085f00000, 0x0000000086000000|  0%| F|  |TAMS 0x0000000085f00000, 0x0000000085f00000| Untracked 
|  96|0x0000000086000000, 0x0000000086000000, 0x0000000086100000|  0%| F|  |TAMS 0x0000000086000000, 0x0000000086000000| Untracked 
|  97|0x0000000086100000, 0x0000000086100000, 0x0000000086200000|  0%| F|  |TAMS 0x0000000086100000, 0x0000000086100000| Untracked 
|  98|0x0000000086200000, 0x0000000086280800, 0x0000000086300000| 50%| E|  |TAMS 0x0000000086200000, 0x0000000086200000| Complete 
|  99|0x0000000086300000, 0x0000000086400000, 0x0000000086400000|100%| E|CS|TAMS 0x0000000086300000, 0x0000000086300000| Complete 
| 100|0x0000000086400000, 0x0000000086500000, 0x0000000086500000|100%| E|CS|TAMS 0x0000000086400000, 0x0000000086400000| Complete 
| 101|0x0000000086500000, 0x0000000086600000, 0x0000000086600000|100%| E|CS|TAMS 0x0000000086500000, 0x0000000086500000| Complete 
| 102|0x0000000086600000, 0x0000000086700000, 0x0000000086700000|100%| E|CS|TAMS 0x0000000086600000, 0x0000000086600000| Complete 
| 103|0x0000000086700000, 0x0000000086800000, 0x0000000086800000|100%| E|CS|TAMS 0x0000000086700000, 0x0000000086700000| Complete 
| 104|0x0000000086800000, 0x0000000086900000, 0x0000000086900000|100%| E|CS|TAMS 0x0000000086800000, 0x0000000086800000| Complete 
| 105|0x0000000086900000, 0x0000000086a00000, 0x0000000086a00000|100%| E|CS|TAMS 0x0000000086900000, 0x0000000086900000| Complete 
| 106|0x0000000086a00000, 0x0000000086b00000, 0x0000000086b00000|100%| E|CS|TAMS 0x0000000086a00000, 0x0000000086a00000| Complete 
| 107|0x0000000086b00000, 0x0000000086c00000, 0x0000000086c00000|100%| E|CS|TAMS 0x0000000086b00000, 0x0000000086b00000| Complete 
| 108|0x0000000086c00000, 0x0000000086d00000, 0x0000000086d00000|100%| E|CS|TAMS 0x0000000086c00000, 0x0000000086c00000| Complete 
| 109|0x0000000086d00000, 0x0000000086e00000, 0x0000000086e00000|100%| E|CS|TAMS 0x0000000086d00000, 0x0000000086d00000| Complete 
| 110|0x0000000086e00000, 0x0000000086f00000, 0x0000000086f00000|100%| E|CS|TAMS 0x0000000086e00000, 0x0000000086e00000| Complete 
| 111|0x0000000086f00000, 0x0000000087000000, 0x0000000087000000|100%| E|CS|TAMS 0x0000000086f00000, 0x0000000086f00000| Complete 
| 112|0x0000000087000000, 0x0000000087100000, 0x0000000087100000|100%| E|CS|TAMS 0x0000000087000000, 0x0000000087000000| Complete 
| 113|0x0000000087100000, 0x0000000087200000, 0x0000000087200000|100%| E|CS|TAMS 0x0000000087100000, 0x0000000087100000| Complete 
| 114|0x0000000087200000, 0x0000000087300000, 0x0000000087300000|100%| E|CS|TAMS 0x0000000087200000, 0x0000000087200000| Complete 
| 115|0x0000000087300000, 0x0000000087400000, 0x0000000087400000|100%| E|CS|TAMS 0x0000000087300000, 0x0000000087300000| Complete 
| 116|0x0000000087400000, 0x0000000087500000, 0x0000000087500000|100%| E|CS|TAMS 0x0000000087400000, 0x0000000087400000| Complete 
| 117|0x0000000087500000, 0x0000000087600000, 0x0000000087600000|100%| E|CS|TAMS 0x0000000087500000, 0x0000000087500000| Complete 
| 118|0x0000000087600000, 0x0000000087700000, 0x0000000087700000|100%| E|CS|TAMS 0x0000000087600000, 0x0000000087600000| Complete 
| 119|0x0000000087700000, 0x0000000087800000, 0x0000000087800000|100%| E|CS|TAMS 0x0000000087700000, 0x0000000087700000| Complete 
| 120|0x0000000087800000, 0x0000000087900000, 0x0000000087900000|100%| E|CS|TAMS 0x0000000087800000, 0x0000000087800000| Complete 
| 121|0x0000000087900000, 0x0000000087a00000, 0x0000000087a00000|100%| E|CS|TAMS 0x0000000087900000, 0x0000000087900000| Complete 
| 122|0x0000000087a00000, 0x0000000087b00000, 0x0000000087b00000|100%| E|CS|TAMS 0x0000000087a00000, 0x0000000087a00000| Complete 
| 123|0x0000000087b00000, 0x0000000087c00000, 0x0000000087c00000|100%| E|CS|TAMS 0x0000000087b00000, 0x0000000087b00000| Complete 
| 124|0x0000000087c00000, 0x0000000087d00000, 0x0000000087d00000|100%| E|CS|TAMS 0x0000000087c00000, 0x0000000087c00000| Complete 
| 125|0x0000000087d00000, 0x0000000087e00000, 0x0000000087e00000|100%| E|CS|TAMS 0x0000000087d00000, 0x0000000087d00000| Complete 
| 126|0x0000000087e00000, 0x0000000087f00000, 0x0000000087f00000|100%| E|CS|TAMS 0x0000000087e00000, 0x0000000087e00000| Complete 
| 127|0x0000000087f00000, 0x0000000088000000, 0x0000000088000000|100%| E|CS|TAMS 0x0000000087f00000, 0x0000000087f00000| Complete 

Card table byte_map: [0x0000022b74760000,0x0000022b74b60000] _byte_map_base: 0x0000022b74360000

Marking Bits (Prev, Next): (CMBitMap*) 0x0000022b618ad128, (CMBitMap*) 0x0000022b618ad160
 Prev Bits: [0x0000022b74f60000, 0x0000022b76f60000)
 Next Bits: [0x0000022b76f60000, 0x0000022b78f60000)

Polling page: 0x0000022b61050000

Metaspace:

Usage:
  Non-class:     32.14 MB capacity,    31.59 MB ( 98%) used,   483.30 KB (  1%) free+waste,    84.94 KB ( <1%) overhead. 
      Class:      5.01 MB capacity,     4.68 MB ( 94%) used,   291.55 KB (  6%) free+waste,    41.06 KB ( <1%) overhead. 
       Both:     37.15 MB capacity,    36.27 MB ( 98%) used,   774.84 KB (  2%) free+waste,   126.00 KB ( <1%) overhead. 

Virtual space:
  Non-class space:       34.00 MB reserved,      32.37 MB ( 95%) committed 
      Class space:        1.00 GB reserved,       5.13 MB ( <1%) committed 
             Both:        1.03 GB reserved,      37.50 MB (  4%) committed 

Chunk freelists:
   Non-Class:  43.00 KB
       Class:  26.00 KB
        Both:  69.00 KB

MaxMetaspaceSize: 17179869184.00 GB
CompressedClassSpaceSize: 1.00 GB

CodeHeap 'non-profiled nmethods': size=120064Kb used=1815Kb max_used=1815Kb free=118249Kb
 bounds [0x0000022b6ce20000, 0x0000022b6d090000, 0x0000022b74360000]
CodeHeap 'profiled nmethods': size=120000Kb used=6963Kb max_used=6963Kb free=113036Kb
 bounds [0x0000022b658f0000, 0x0000022b65fc0000, 0x0000022b6ce20000]
CodeHeap 'non-nmethods': size=5696Kb used=1510Kb max_used=1537Kb free=4185Kb
 bounds [0x0000022b65360000, 0x0000022b655d0000, 0x0000022b658f0000]
 total_blobs=3952 nmethods=3331 adapters=532
 compilation: enabled
              stopped_count=0, restarted_count=0
 full_count=0

Compilation events (20 events):
Event: 11.976 Thread 0x0000022b7b476000 3333  s    3       java.lang.ClassValue$ClassValueMap::startEntry (106 bytes)
Event: 11.977 Thread 0x0000022b7b476000 nmethod 3333 0x0000022b65fb1d10 code [0x0000022b65fb1fe0, 0x0000022b65fb3388]
Event: 11.977 Thread 0x0000022b7b476000 3334       3       java.lang.ClassValue::makeEntry (10 bytes)
Event: 11.977 Thread 0x0000022b7b476000 nmethod 3334 0x0000022b65fb3810 code [0x0000022b65fb39e0, 0x0000022b65fb3d08]
Event: 11.977 Thread 0x0000022b7b476000 3335  s    3       java.lang.ClassValue$ClassValueMap::finishEntry (117 bytes)
Event: 11.979 Thread 0x0000022b7b476000 nmethod 3335 0x0000022b65fb3e90 code [0x0000022b65fb4160, 0x0000022b65fb5638]
Event: 11.979 Thread 0x0000022b7b476000 3336       3       java.lang.ClassValue$ClassValueMap::placeInCache (28 bytes)
Event: 11.980 Thread 0x0000022b7b476000 nmethod 3336 0x0000022b65fb5b10 code [0x0000022b65fb5d20, 0x0000022b65fb66f8]
Event: 11.980 Thread 0x0000022b7b476000 3337       3       java.lang.ClassValue$ClassValueMap::<init> (11 bytes)
Event: 11.981 Thread 0x0000022b7b476000 nmethod 3337 0x0000022b65fb6990 code [0x0000022b65fb6b80, 0x0000022b65fb6d58]
Event: 11.981 Thread 0x0000022b7b476000 3338       3       org.codehaus.groovy.reflection.v7.GroovyClassValueJava7::computeValue (11 bytes)
Event: 11.982 Thread 0x0000022b7b476000 nmethod 3338 0x0000022b65fb6e90 code [0x0000022b65fb70c0, 0x0000022b65fb7748]
Event: 11.982 Thread 0x0000022b7b476000 3339       3       org.codehaus.groovy.reflection.ClassInfo$LazyCachedClassRef::<init> (11 bytes)
Event: 11.983 Thread 0x0000022b7b476000 nmethod 3339 0x0000022b65fb7a90 code [0x0000022b65fb7c80, 0x0000022b65fb8078]
Event: 11.983 Thread 0x0000022b7b476000 3340       3       org.codehaus.groovy.reflection.ClassInfo$LazyClassLoaderRef::<init> (11 bytes)
Event: 11.983 Thread 0x0000022b7b476000 nmethod 3340 0x0000022b65fb8210 code [0x0000022b65fb8400, 0x0000022b65fb87f8]
Event: 11.983 Thread 0x0000022b7b476000 3341       3       org.codehaus.groovy.reflection.ClassInfo$LazyCachedClassRef::initValue (5 bytes)
Event: 11.984 Thread 0x0000022b7b476000 nmethod 3341 0x0000022b65fb8990 code [0x0000022b65fb8b80, 0x0000022b65fb8f38]
Event: 12.006 Thread 0x0000022b7b476000 3342       3       groovy.lang.MetaMethod::isStatic (16 bytes)
Event: 12.006 Thread 0x0000022b7b476000 nmethod 3342 0x0000022b65fb9090 code [0x0000022b65fb9240, 0x0000022b65fb9448]

GC Heap History (10 events):
Event: 0.774 GC heap before
{Heap before GC invocations=0 (full 0):
 garbage-first heap   total 131072K, used 19456K [0x0000000080000000, 0x0000000100000000)
  region size 1024K, 14 young (14336K), 0 survivors (0K)
 Metaspace       used 6722K, capacity 6921K, committed 7168K, reserved 1056768K
  class space    used 582K, capacity 650K, committed 768K, reserved 1048576K
}
Event: 0.778 GC heap after
{Heap after GC invocations=1 (full 0):
 garbage-first heap   total 131072K, used 8019K [0x0000000080000000, 0x0000000100000000)
  region size 1024K, 2 young (2048K), 2 survivors (2048K)
 Metaspace       used 6722K, capacity 6921K, committed 7168K, reserved 1056768K
  class space    used 582K, capacity 650K, committed 768K, reserved 1048576K
}
Event: 3.791 GC heap before
{Heap before GC invocations=1 (full 0):
 garbage-first heap   total 131072K, used 83795K [0x0000000080000000, 0x0000000100000000)
  region size 1024K, 76 young (77824K), 2 survivors (2048K)
 Metaspace       used 17181K, capacity 17615K, committed 17792K, reserved 1064960K
  class space    used 1978K, capacity 2118K, committed 2176K, reserved 1048576K
}
Event: 3.808 GC heap after
{Heap after GC invocations=2 (full 0):
 garbage-first heap   total 131072K, used 15855K [0x0000000080000000, 0x0000000100000000)
  region size 1024K, 10 young (10240K), 10 survivors (10240K)
 Metaspace       used 17181K, capacity 17615K, committed 17792K, reserved 1064960K
  class space    used 1978K, capacity 2118K, committed 2176K, reserved 1048576K
}
Event: 4.351 GC heap before
{Heap before GC invocations=2 (full 0):
 garbage-first heap   total 131072K, used 44527K [0x0000000080000000, 0x0000000100000000)
  region size 1024K, 39 young (39936K), 10 survivors (10240K)
 Metaspace       used 20635K, capacity 21150K, committed 21296K, reserved 1069056K
  class space    used 2513K, capacity 2688K, committed 2688K, reserved 1048576K
}
Event: 4.363 GC heap after
{Heap after GC invocations=3 (full 0):
 garbage-first heap   total 131072K, used 16597K [0x0000000080000000, 0x0000000100000000)
  region size 1024K, 2 young (2048K), 2 survivors (2048K)
 Metaspace       used 20635K, capacity 21150K, committed 21296K, reserved 1069056K
  class space    used 2513K, capacity 2688K, committed 2688K, reserved 1048576K
}
Event: 5.716 GC heap before
{Heap before GC invocations=4 (full 0):
 garbage-first heap   total 131072K, used 70869K [0x0000000080000000, 0x0000000100000000)
  region size 1024K, 55 young (56320K), 2 survivors (2048K)
 Metaspace       used 26144K, capacity 26813K, committed 26928K, reserved 1073152K
  class space    used 3425K, capacity 3666K, committed 3712K, reserved 1048576K
}
Event: 5.723 GC heap after
{Heap after GC invocations=5 (full 0):
 garbage-first heap   total 131072K, used 18271K [0x0000000080000000, 0x0000000100000000)
  region size 1024K, 3 young (3072K), 3 survivors (3072K)
 Metaspace       used 26144K, capacity 26813K, committed 26928K, reserved 1073152K
  class space    used 3425K, capacity 3666K, committed 3712K, reserved 1048576K
}
Event: 10.471 GC heap before
{Heap before GC invocations=5 (full 0):
 garbage-first heap   total 131072K, used 70495K [0x0000000080000000, 0x0000000100000000)
  region size 1024K, 55 young (56320K), 3 survivors (3072K)
 Metaspace       used 34828K, capacity 35606K, committed 35708K, reserved 1081344K
  class space    used 4529K, capacity 4832K, committed 4864K, reserved 1048576K
}
Event: 10.487 GC heap after
{Heap after GC invocations=6 (full 0):
 garbage-first heap   total 131072K, used 21976K [0x0000000080000000, 0x0000000100000000)
  region size 1024K, 7 young (7168K), 7 survivors (7168K)
 Metaspace       used 34828K, capacity 35606K, committed 35708K, reserved 1081344K
  class space    used 4529K, capacity 4832K, committed 4864K, reserved 1048576K
}

Deoptimization events (20 events):
Event: 11.858 Thread 0x0000022b7e164000 Uncommon trap: trap_request=0xffffffbe fr.pc=0x0000022b6cf85994 relative=0x0000000000000394
Event: 11.858 Thread 0x0000022b7e164000 Uncommon trap: reason=profile_predicate action=maybe_recompile pc=0x0000022b6cf85994 method=java.util.stream.ReferencePipeline.forEachWithCancel(Ljava/util/Spliterator;Ljava/util/stream/Sink;)Z @ 8 c2
Event: 11.858 Thread 0x0000022b7e164000 DEOPT PACKING pc=0x0000022b6cf85994 sp=0x0000005132bfed90
Event: 11.858 Thread 0x0000022b7e164000 DEOPT UNPACKING pc=0x0000022b653878af sp=0x0000005132bfed30 mode 2
Event: 11.905 Thread 0x0000022b7d8bf800 Uncommon trap: trap_request=0xffffff4d fr.pc=0x0000022b6ceaa854 relative=0x0000000000001994
Event: 11.905 Thread 0x0000022b7d8bf800 Uncommon trap: reason=unstable_if action=reinterpret pc=0x0000022b6ceaa854 method=java.util.zip.ZipFile$Source.initCEN(ILjava/util/zip/ZipCoder;)V @ 582 c2
Event: 11.905 Thread 0x0000022b7d8bf800 DEOPT PACKING pc=0x0000022b6ceaa854 sp=0x00000051330f5a70
Event: 11.905 Thread 0x0000022b7d8bf800 DEOPT UNPACKING pc=0x0000022b653878af sp=0x00000051330f5a58 mode 2
Event: 11.910 Thread 0x0000022b7d8bf800 Uncommon trap: trap_request=0xffffff4d fr.pc=0x0000022b6cf727fc relative=0x000000000000071c
Event: 11.910 Thread 0x0000022b7d8bf800 Uncommon trap: reason=unstable_if action=reinterpret pc=0x0000022b6cf727fc method=java.lang.Class.getPackageName()Ljava/lang/String; @ 55 c2
Event: 11.910 Thread 0x0000022b7d8bf800 DEOPT PACKING pc=0x0000022b6cf727fc sp=0x00000051330f9230
Event: 11.910 Thread 0x0000022b7d8bf800 DEOPT UNPACKING pc=0x0000022b653878af sp=0x00000051330f91f0 mode 2
Event: 11.946 Thread 0x0000022b7d8bf800 Uncommon trap: trap_request=0xffffff4d fr.pc=0x0000022b6cfd366c relative=0x000000000000004c
Event: 11.946 Thread 0x0000022b7d8bf800 Uncommon trap: reason=unstable_if action=reinterpret pc=0x0000022b6cfd366c method=java.util.stream.StreamOpFlag.fromCharacteristics(Ljava/util/Spliterator;)I @ 10 c2
Event: 11.946 Thread 0x0000022b7d8bf800 DEOPT PACKING pc=0x0000022b6cfd366c sp=0x00000051330fa260
Event: 11.946 Thread 0x0000022b7d8bf800 DEOPT UNPACKING pc=0x0000022b653878af sp=0x00000051330fa1f8 mode 2
Event: 11.963 Thread 0x0000022b7d8bf800 Uncommon trap: trap_request=0xffffffbe fr.pc=0x0000022b6cfa1f70 relative=0x0000000000003c50
Event: 11.963 Thread 0x0000022b7d8bf800 Uncommon trap: reason=profile_predicate action=maybe_recompile pc=0x0000022b6cfa1f70 method=java.util.AbstractCollection.addAll(Ljava/util/Collection;)Z @ 15 c2
Event: 11.963 Thread 0x0000022b7d8bf800 DEOPT PACKING pc=0x0000022b6cfa1f70 sp=0x00000051330f9cb0
Event: 11.963 Thread 0x0000022b7d8bf800 DEOPT UNPACKING pc=0x0000022b653878af sp=0x00000051330f9cc8 mode 2

Classes redefined (0 events):
No events

Internal exceptions (20 events):
Event: 8.503 Thread 0x0000022b7d8bf800 Exception <a 'java/lang/NoSuchMethodError'{0x000000008576cb90}: 'int java.lang.invoke.DirectMethodHandle$Holder.invokeStaticInit(java.lang.Object, java.lang.Object, java.lang.Object, java.lang.Object)'> (0x000000008576cb90) thrown at [./src/hotspot/share/interpreter/linkResolver.cpp, line 773]
Event: 8.506 Thread 0x0000022b7d8bf800 Exception <a 'java/lang/IncompatibleClassChangeError'{0x00000000857760f0}: Found class java.lang.Object, but interface was expected> (0x00000000857760f0) thrown at [./src/hotspot/share/interpreter/linkResolver.cpp, line 839]
Event: 9.163 Thread 0x0000022b7d8bf800 Exception <a 'java/lang/NoSuchMethodError'{0x00000000850ae708}: 'java.lang.Object java.lang.invoke.DirectMethodHandle$Holder.invokeStatic(java.lang.Object, java.lang.Object, java.lang.Object, java.lang.Object, java.lang.Object, java.lang.Object, java.lang.Object, java.lang.Object, java.lang.Object, java.lang.Object, java.lang.Object, int)'> (0x00000000850ae708) thrown at [./src/hotspot/share/interpreter/linkResolver.cpp, line 773]
Event: 9.169 Thread 0x0000022b7d8bf800 Exception <a 'java/lang/NoSuchMethodError'{0x00000000850cd0a8}: 'java.lang.Object java.lang.invoke.DirectMethodHandle$Holder.invokeStatic(java.lang.Object, java.lang.Object, java.lang.Object, java.lang.Object, java.lang.Object, java.lang.Object, java.lang.Object, java.lang.Object, java.lang.Object, java.lang.Object, java.lang.Object, int, int)'> (0x00000000850cd0a8) thrown at [./src/hotspot/share/interpreter/linkResolver.cpp, line 773]
Event: 9.299 Thread 0x0000022b7d8bf800 Exception <a 'java/lang/NoSuchMethodError'{0x00000000850ec9b8}: 'java.lang.Object java.lang.invoke.DirectMethodHandle$Holder.invokeStatic(java.lang.Object, java.lang.Object, java.lang.Object, java.lang.Object, java.lang.Object, java.lang.Object, java.lang.Object, java.lang.Object, java.lang.Object, java.lang.Object, java.lang.Object, int, int, java.lang.Object)'> (0x00000000850ec9b8) thrown at [./src/hotspot/share/interpreter/linkResolver.cpp, line 773]
Event: 9.305 Thread 0x0000022b7d8bf800 Exception <a 'java/lang/NoSuchMethodError'{0x0000000084f0e480}: 'java.lang.Object java.lang.invoke.DirectMethodHandle$Holder.invokeStatic(java.lang.Object, java.lang.Object, java.lang.Object, java.lang.Object, java.lang.Object, java.lang.Object, java.lang.Object, java.lang.Object, java.lang.Object, java.lang.Object, java.lang.Object, int, int, java.lang.Object, java.lang.Object)'> (0x0000000084f0e480) thrown at [./src/hotspot/share/interpreter/linkResolver.cpp, line 773]
Event: 9.313 Thread 0x0000022b7d8bf800 Exception <a 'java/lang/ClassNotFoundException'{0x0000000084f3d408}: groovy/lang/ExpandoMetaClassBeanInfo> (0x0000000084f3d408) thrown at [./src/hotspot/share/classfile/systemDictionary.cpp, line 231]
Event: 9.317 Thread 0x0000022b7d8bf800 Exception <a 'java/lang/ClassNotFoundException'{0x0000000084f5c648}: groovy/lang/MetaClassImplBeanInfo> (0x0000000084f5c648) thrown at [./src/hotspot/share/classfile/systemDictionary.cpp, line 231]
Event: 9.318 Thread 0x0000022b7d8bf800 Exception <a 'java/lang/ClassNotFoundException'{0x0000000084f64f70}: java/lang/ObjectBeanInfo> (0x0000000084f64f70) thrown at [./src/hotspot/share/classfile/systemDictionary.cpp, line 231]
Event: 9.328 Thread 0x0000022b7d8bf800 Exception <a 'java/lang/ClassNotFoundException'{0x0000000084f6fcd0}: java/lang/ObjectCustomizer> (0x0000000084f6fcd0) thrown at [./src/hotspot/share/classfile/systemDictionary.cpp, line 231]
Event: 9.339 Thread 0x0000022b7d8bf800 Exception <a 'java/lang/ClassNotFoundException'{0x0000000084f95f98}: groovy/lang/MetaClassImplCustomizer> (0x0000000084f95f98) thrown at [./src/hotspot/share/classfile/systemDictionary.cpp, line 231]
Event: 9.394 Thread 0x0000022b7d8bf800 Exception <a 'java/lang/ClassNotFoundException'{0x0000000084fd4b98}: groovy/lang/ExpandoMetaClassCustomizer> (0x0000000084fd4b98) thrown at [./src/hotspot/share/classfile/systemDictionary.cpp, line 231]
Event: 11.555 Thread 0x0000022b7d8bf800 Exception <a 'java/lang/ClassNotFoundException'{0x0000000086bb7668}: org/gradle/internal/extensibility/DefaultExtraPropertiesExtensionBeanInfo> (0x0000000086bb7668) thrown at [./src/hotspot/share/classfile/systemDictionary.cpp, line 231]
Event: 11.557 Thread 0x0000022b7d8bf800 Exception <a 'java/lang/ClassNotFoundException'{0x0000000086bd7ad8}: groovy/lang/GroovyObjectSupportBeanInfo> (0x0000000086bd7ad8) thrown at [./src/hotspot/share/classfile/systemDictionary.cpp, line 231]
Event: 11.558 Thread 0x0000022b7d8bf800 Exception <a 'java/lang/ClassNotFoundException'{0x0000000086bf7f90}: groovy/lang/GroovyObjectSupportCustomizer> (0x0000000086bf7f90) thrown at [./src/hotspot/share/classfile/systemDictionary.cpp, line 231]
Event: 11.562 Thread 0x0000022b7d8bf800 Exception <a 'java/lang/ClassNotFoundException'{0x0000000086a1f0d0}: org/gradle/internal/extensibility/DefaultExtraPropertiesExtensionCustomizer> (0x0000000086a1f0d0) thrown at [./src/hotspot/share/classfile/systemDictionary.cpp, line 231]
Event: 11.668 Thread 0x0000022b7d8bf800 Exception <a 'java/lang/NoSuchMethodError'{0x0000000086862808}: 'int java.lang.invoke.DirectMethodHandle$Holder.invokeStatic(java.lang.Object, java.lang.Object, java.lang.Object, java.lang.Object, java.lang.Object)'> (0x0000000086862808) thrown at [./src/hotspot/share/interpreter/linkResolver.cpp, line 773]
Event: 11.905 Thread 0x0000022b7d8bf800 Implicit null exception at 0x0000022b6cea9cc2 to 0x0000022b6ceaa832
Event: 11.960 Thread 0x0000022b7d8bf800 Exception <a 'java/lang/ClassNotFoundException'{0x00000000864d5840}: groovy/lang/BindingBeanInfo> (0x00000000864d5840) thrown at [./src/hotspot/share/classfile/systemDictionary.cpp, line 231]
Event: 11.963 Thread 0x0000022b7d8bf800 Exception <a 'java/lang/ClassNotFoundException'{0x00000000864f5a60}: groovy/lang/BindingCustomizer> (0x00000000864f5a60) thrown at [./src/hotspot/share/classfile/systemDictionary.cpp, line 231]

Events (20 events):
Event: 11.953 loading class org/gradle/internal/classpath/Instrumented$DecoratingProperties
Event: 11.953 loading class org/gradle/internal/classpath/Instrumented$DecoratingProperties done
Event: 11.954 loading class org/gradle/internal/classpath/Instrumented$Listener
Event: 11.954 loading class org/gradle/internal/classpath/Instrumented$Listener done
Event: 11.954 loading class groovy/runtime/metaclass/groovy/lang/BindingMetaClass
Event: 11.954 loading class groovy/runtime/metaclass/groovy/lang/BindingMetaClass done
Event: 11.959 loading class groovy/lang/BindingBeanInfo
Event: 11.959 loading class groovy/lang/BindingBeanInfo done
Event: 11.959 loading class groovy/lang/BindingBeanInfo
Event: 11.959 loading class groovy/lang/BindingBeanInfo done
Event: 11.960 loading class groovy/lang/BindingBeanInfo
Event: 11.960 loading class groovy/lang/BindingBeanInfo done
Event: 11.960 loading class groovy/lang/BindingCustomizer
Event: 11.960 loading class groovy/lang/BindingCustomizer done
Event: 11.960 loading class groovy/lang/BindingCustomizer
Event: 11.960 loading class groovy/lang/BindingCustomizer done
Event: 11.963 loading class groovy/lang/BindingCustomizer
Event: 11.963 loading class groovy/lang/BindingCustomizer done
Event: 11.964 loading class groovy/runtime/metaclass/settings_8w4n22mmum6nno6lzv6x4qu1dMetaClass
Event: 11.964 loading class groovy/runtime/metaclass/settings_8w4n22mmum6nno6lzv6x4qu1dMetaClass done


Dynamic libraries:
0x00007ff72c200000 - 0x00007ff72c20a000 	D:\Programs\Android Studio\jre\bin\java.exe
0x00007ff8dd090000 - 0x00007ff8dd285000 	C:\WINDOWS\SYSTEM32\ntdll.dll
0x00007ff8dcc30000 - 0x00007ff8dccee000 	C:\WINDOWS\System32\KERNEL32.DLL
0x00007ff8daba0000 - 0x00007ff8dae68000 	C:\WINDOWS\System32\KERNELBASE.dll
0x00007ff8daea0000 - 0x00007ff8dafa0000 	C:\WINDOWS\System32\ucrtbase.dll
0x00007ff8c6600000 - 0x00007ff8c6619000 	D:\Programs\Android Studio\jre\bin\jli.dll
0x00007ff8c65e0000 - 0x00007ff8c65f7000 	D:\Programs\Android Studio\jre\bin\VCRUNTIME140.dll
0x00007ff8db6e0000 - 0x00007ff8db881000 	C:\WINDOWS\System32\USER32.dll
0x00007ff8dae70000 - 0x00007ff8dae92000 	C:\WINDOWS\System32\win32u.dll
0x00007ff8dcb30000 - 0x00007ff8dcb5b000 	C:\WINDOWS\System32\GDI32.dll
0x00007ff8cd030000 - 0x00007ff8cd2ca000 	C:\WINDOWS\WinSxS\amd64_microsoft.windows.common-controls_6595b64144ccf1df_6.0.19041.1110_none_60b5254171f9507e\COMCTL32.dll
0x00007ff8daa90000 - 0x00007ff8dab9b000 	C:\WINDOWS\System32\gdi32full.dll
0x00007ff8db950000 - 0x00007ff8db9ee000 	C:\WINDOWS\System32\msvcrt.dll
0x00007ff8da940000 - 0x00007ff8da9dd000 	C:\WINDOWS\System32\msvcp_win.dll
0x00007ff8db380000 - 0x00007ff8db3b0000 	C:\WINDOWS\System32\IMM32.DLL
0x00007ff8a6ba0000 - 0x00007ff8a6c3d000 	D:\Programs\Android Studio\jre\bin\msvcp140.dll
0x00007ff893690000 - 0x00007ff89415f000 	D:\Programs\Android Studio\jre\bin\server\jvm.dll
0x00007ff8db0e0000 - 0x00007ff8db18c000 	C:\WINDOWS\System32\ADVAPI32.dll
0x00007ff8dce80000 - 0x00007ff8dcf1b000 	C:\WINDOWS\System32\sechost.dll
0x00007ff8dcf20000 - 0x00007ff8dd04a000 	C:\WINDOWS\System32\RPCRT4.dll
0x00007ff8db940000 - 0x00007ff8db948000 	C:\WINDOWS\System32\PSAPI.DLL
0x00007ff8cb8d0000 - 0x00007ff8cb8d9000 	C:\WINDOWS\SYSTEM32\WSOCK32.dll
0x00007ff8dc760000 - 0x00007ff8dc7cb000 	C:\WINDOWS\System32\WS2_32.dll
0x00007ff8cda90000 - 0x00007ff8cdab7000 	C:\WINDOWS\SYSTEM32\WINMM.dll
0x00007ff8ce320000 - 0x00007ff8ce32a000 	C:\WINDOWS\SYSTEM32\VERSION.dll
0x00007ff8d8670000 - 0x00007ff8d8682000 	C:\WINDOWS\SYSTEM32\kernel.appcore.dll
0x00007ff8d6670000 - 0x00007ff8d6681000 	D:\Programs\Android Studio\jre\bin\verify.dll
0x00007ff8d3c20000 - 0x00007ff8d3e04000 	C:\WINDOWS\SYSTEM32\DBGHELP.DLL
0x00007ff8c93b0000 - 0x00007ff8c93dc000 	C:\WINDOWS\SYSTEM32\dbgcore.DLL
0x00007ff8db050000 - 0x00007ff8db0d3000 	C:\WINDOWS\System32\bcryptPrimitives.dll
0x00007ff8d4b30000 - 0x00007ff8d4b59000 	D:\Programs\Android Studio\jre\bin\java.dll
0x00007ff8d6610000 - 0x00007ff8d661b000 	D:\Programs\Android Studio\jre\bin\jimage.dll
0x00007ff8d4d70000 - 0x00007ff8d4d88000 	D:\Programs\Android Studio\jre\bin\zip.dll
0x00007ff8dc020000 - 0x00007ff8dc75f000 	C:\WINDOWS\System32\SHELL32.dll
0x00007ff8d8870000 - 0x00007ff8d9000000 	C:\WINDOWS\SYSTEM32\windows.storage.dll
0x00007ff8dc7d0000 - 0x00007ff8dcb25000 	C:\WINDOWS\System32\combase.dll
0x00007ff8da120000 - 0x00007ff8da14e000 	C:\WINDOWS\SYSTEM32\Wldp.dll
0x00007ff8db270000 - 0x00007ff8db31d000 	C:\WINDOWS\System32\SHCORE.dll
0x00007ff8db320000 - 0x00007ff8db375000 	C:\WINDOWS\System32\shlwapi.dll
0x00007ff8da6f0000 - 0x00007ff8da70f000 	C:\WINDOWS\SYSTEM32\profapi.dll
0x00007ff8d4630000 - 0x00007ff8d464a000 	D:\Programs\Android Studio\jre\bin\net.dll
0x00007ff8ce910000 - 0x00007ff8cea1c000 	C:\WINDOWS\SYSTEM32\WINHTTP.dll
0x00007ff8d9f00000 - 0x00007ff8d9f6a000 	C:\WINDOWS\system32\mswsock.dll
0x00007ff8d4550000 - 0x00007ff8d4564000 	D:\Programs\Android Studio\jre\bin\nio.dll
0x00007ff8c3310000 - 0x00007ff8c3337000 	C:\Users\phung\.gradle\native\8bec1ad78214c89d9ad589b4d07fe93259594b29d510b10fafb7a158f7737e5d\windows-amd64\native-platform.dll
0x00007ff8a6c40000 - 0x00007ff8a6d7d000 	C:\Users\phung\.gradle\native\53dbd7edfb1c66fb8903c78663c9afc45aea4f116125fa6feffd364cf09443e8\windows-amd64\native-platform-file-events.dll
0x00007ff8d65a0000 - 0x00007ff8d65aa000 	D:\Programs\Android Studio\jre\bin\management.dll
0x00007ff8d6150000 - 0x00007ff8d615c000 	D:\Programs\Android Studio\jre\bin\management_ext.dll
0x00007ff8da460000 - 0x00007ff8da478000 	C:\WINDOWS\SYSTEM32\CRYPTSP.dll
0x00007ff8d9830000 - 0x00007ff8d9864000 	C:\WINDOWS\system32\rsaenh.dll
0x00007ff8da7b0000 - 0x00007ff8da7d7000 	C:\WINDOWS\System32\bcrypt.dll
0x00007ff8da6b0000 - 0x00007ff8da6de000 	C:\WINDOWS\SYSTEM32\USERENV.dll
0x00007ff8da090000 - 0x00007ff8da09c000 	C:\WINDOWS\SYSTEM32\CRYPTBASE.dll
0x00007ff8d9bc0000 - 0x00007ff8d9bfb000 	C:\WINDOWS\SYSTEM32\IPHLPAPI.DLL
0x00007ff8db3d0000 - 0x00007ff8db3d8000 	C:\WINDOWS\System32\NSI.dll
0x00007ff8d2970000 - 0x00007ff8d2987000 	C:\WINDOWS\SYSTEM32\dhcpcsvc6.DLL
0x00007ff8d2610000 - 0x00007ff8d262d000 	C:\WINDOWS\SYSTEM32\dhcpcsvc.DLL
0x00007ff8d9c00000 - 0x00007ff8d9ccb000 	C:\WINDOWS\SYSTEM32\DNSAPI.dll

dbghelp: loaded successfully - version: 4.0.5 - missing functions: none
symbol engine: initialized successfully - sym options: 0x614 - pdb path: .;D:\Programs\Android Studio\jre\bin;C:\WINDOWS\SYSTEM32;C:\WINDOWS\WinSxS\amd64_microsoft.windows.common-controls_6595b64144ccf1df_6.0.19041.1110_none_60b5254171f9507e;D:\Programs\Android Studio\jre\bin\server;C:\Users\phung\.gradle\native\8bec1ad78214c89d9ad589b4d07fe93259594b29d510b10fafb7a158f7737e5d\windows-amd64;C:\Users\phung\.gradle\native\53dbd7edfb1c66fb8903c78663c9afc45aea4f116125fa6feffd364cf09443e8\windows-amd64

VM Arguments:
jvm_args: --add-opens=java.base/java.util=ALL-UNNAMED --add-opens=java.base/java.lang=ALL-UNNAMED --add-opens=java.base/java.lang.invoke=ALL-UNNAMED --add-opens=java.base/java.util=ALL-UNNAMED --add-opens=java.prefs/java.util.prefs=ALL-UNNAMED --add-opens=java.prefs/java.util.prefs=ALL-UNNAMED --add-opens=java.base/java.nio.charset=ALL-UNNAMED --add-opens=java.base/java.net=ALL-UNNAMED --add-opens=java.base/java.util.concurrent.atomic=ALL-UNNAMED -Xmx2048m -Dfile.encoding=UTF-8 -Duser.country=US -Duser.language=en -Duser.variant 
java_command: org.gradle.launcher.daemon.bootstrap.GradleDaemon 7.0.2
java_class_path (initial): C:\Users\phung\.gradle\wrapper\dists\gradle-7.0.2-bin\857tjihv64xamwrf0h14cai3r\gradle-7.0.2\lib\gradle-launcher-7.0.2.jar
Launcher Type: SUN_STANDARD

[Global flags]
     intx CICompilerCount                          = 3                                         {product} {ergonomic}
     uint ConcGCThreads                            = 1                                         {product} {ergonomic}
     uint G1ConcRefinementThreads                  = 4                                         {product} {ergonomic}
   size_t G1HeapRegionSize                         = 1048576                                   {product} {ergonomic}
    uintx GCDrainStackTargetSize                   = 64                                        {product} {ergonomic}
   size_t InitialHeapSize                          = 134217728                                 {product} {ergonomic}
   size_t MarkStackSize                            = 4194304                                   {product} {ergonomic}
   size_t MaxHeapSize                              = 2147483648                                {product} {command line}
   size_t MaxNewSize                               = 1287651328                                {product} {ergonomic}
   size_t MinHeapDeltaBytes                        = 1048576                                   {product} {ergonomic}
    uintx NonNMethodCodeHeapSize                   = 5830732                                {pd product} {ergonomic}
    uintx NonProfiledCodeHeapSize                  = 122913754                              {pd product} {ergonomic}
    uintx ProfiledCodeHeapSize                     = 122913754                              {pd product} {ergonomic}
    uintx ReservedCodeCacheSize                    = 251658240                              {pd product} {ergonomic}
     bool SegmentedCodeCache                       = true                                      {product} {ergonomic}
     bool UseCompressedClassPointers               = true                                 {lp64_product} {ergonomic}
     bool UseCompressedOops                        = true                                 {lp64_product} {ergonomic}
     bool UseG1GC                                  = true                                      {product} {ergonomic}
     bool UseLargePagesIndividualAllocation        = false                                  {pd product} {ergonomic}

Logging:
Log output configuration:
 #0: stdout all=warning uptime,level,tags
 #1: stderr all=off uptime,level,tags

Environment Variables:
PATH=C:\Program Files (x86)\Common Files\Oracle\Java\javapath;C:\Program Files (x86)\NVIDIA Corporation\PhysX\Common;C:\WINDOWS\system32;C:\WINDOWS;C:\WINDOWS\System32\Wbem;C:\WINDOWS\System32\WindowsPowerShell\v1.0\;C:\WINDOWS\System32\OpenSSH\;C:\Program Files\mingw-w64\x86_64-8.1.0-win32-seh-rt_v6-rev0\mingw64\bin;D:\Programs\Git\cmd;C:\ProgramData\chocolatey\bin;;C:\Program Files\Docker\Docker\resources\bin;C:\ProgramData\DockerDesktop\version-bin;D:\Programs\Node.js\;C:\Users\phung\AppData\Local\Microsoft\WindowsApps;D:\Programs\IntelliJ IDEA Community Edition 2020.3.1\bin;;D:\Programs\GitHub CLI\;C:\Users\phung\AppData\Roaming\npm;C:\Program Files\RabbitMQ Server\rabbitmq_server-3.9.8\sbin;
USERNAME=Vu
OS=Windows_NT
PROCESSOR_IDENTIFIER=Intel64 Family 6 Model 61 Stepping 4, GenuineIntel



---------------  S Y S T E M  ---------------

OS: Windows 10 , 64 bit Build 19041 (10.0.19041.1348)
OS uptime: 0 days 19:34 hours
Hyper-V role detected

CPU:total 4 (initial active 4) (2 cores per cpu, 2 threads per core) family 6 model 61 stepping 4 microcode 0x2d, cmov, cx8, fxsr, mmx, sse, sse2, sse3, ssse3, sse4.1, sse4.2, popcnt, avx, avx2, aes, clmul, erms, rtm, 3dnowpref, lzcnt, ht, tsc, tscinvbit, bmi1, bmi2, adx, fma

Memory: 4k page, system-wide physical 8072M (723M free)
TotalPageFile size 11072M (AvailPageFile size 6M)
current process WorkingSet (physical memory assigned to process): 238M, peak: 247M
current process commit charge ("private bytes"): 296M, peak: 306M

vm_info: OpenJDK 64-Bit Server VM (11.0.10+0-b96-7249189) for windows-amd64 JRE (11.0.10+0-b96-7249189), built on Mar 31 2021 21:44:00 by "builder" with MS VC++ 14.0 (VS2015)

END.
