#
# There is insufficient memory for the Java Runtime Environment to continue.
# Native memory allocation (malloc) failed to allocate 138272 bytes for Chunk::new
# Possible reasons:
#   The system is out of physical RAM or swap space
#   The process is running with CompressedOops enabled, and the Java Heap may be blocking the growth of the native heap
# Possible solutions:
#   Reduce memory load on the system
#   Increase physical memory or swap space
#   Check if swap backing store is full
#   Decrease Java heap size (-Xmx/-Xms)
#   Decrease number of Java threads
#   Decrease Java thread stack sizes (-Xss)
#   Set larger code cache with -XX:ReservedCodeCacheSize=
#   JVM is running with Unscaled Compressed Oops mode in which the Java heap is
#     placed in the first 4GB address space. The Java Heap base address is the
#     maximum limit for the native heap growth. Please use -XX:HeapBaseMinAddress
#     to set the Java Heap base and to place the Java Heap above 4GB virtual address.
# This output file may be truncated or incomplete.
#
#  Out of Memory Error (./src/hotspot/share/memory/arena.cpp:197), pid=3376, tid=6480
#
# JRE version: OpenJDK Runtime Environment (11.0.10) (build 11.0.10+0-b96-7249189)
# Java VM: OpenJDK 64-Bit Server VM (11.0.10+0-b96-7249189, mixed mode, tiered, compressed oops, g1 gc, windows-amd64)
# No core dump will be written. Minidumps are not enabled by default on client versions of Windows
#

---------------  S U M M A R Y ------------

Command Line: --add-opens=java.base/java.util=ALL-UNNAMED --add-opens=java.base/java.lang=ALL-UNNAMED --add-opens=java.base/java.lang.invoke=ALL-UNNAMED --add-opens=java.base/java.util=ALL-UNNAMED --add-opens=java.prefs/java.util.prefs=ALL-UNNAMED --add-opens=java.prefs/java.util.prefs=ALL-UNNAMED --add-opens=java.base/java.nio.charset=ALL-UNNAMED --add-opens=java.base/java.net=ALL-UNNAMED --add-opens=java.base/java.util.concurrent.atomic=ALL-UNNAMED -Xmx2048m -Dfile.encoding=UTF-8 -Duser.country=US -Duser.language=en -Duser.variant org.gradle.launcher.daemon.bootstrap.GradleDaemon 7.0.2

Host: Intel(R) Core(TM) i5-5300U CPU @ 2.30GHz, 4 cores, 7G,  Windows 10 , 64 bit Build 19041 (10.0.19041.1348)
Time: Sun Nov 28 21:00:18 2021 SE Asia Standard Time elapsed time: 66.629201 seconds (0d 0h 1m 6s)

---------------  T H R E A D  ---------------

Current thread (0x00000188f99b0000):  JavaThread "C2 CompilerThread0" daemon [_thread_in_native, id=6480, stack(0x0000002535800000,0x0000002535900000)]


Current CompileTask:
C2:  66629 11222       4       com.android.tools.build.apkzlib.zip.ZipField::verify (77 bytes)

Stack: [0x0000002535800000,0x0000002535900000]
Native frames: (J=compiled Java code, j=interpreted, Vv=VM code, C=native code)
V  [jvm.dll+0x5ecfaa]
V  [jvm.dll+0x722bd5]
V  [jvm.dll+0x72412d]
V  [jvm.dll+0x7247e3]
V  [jvm.dll+0x242928]
V  [jvm.dll+0xbc4fc]
V  [jvm.dll+0xbca0c]
V  [jvm.dll+0xbc608]
V  [jvm.dll+0x648abc]
V  [jvm.dll+0x50d264]
V  [jvm.dll+0x515462]
V  [jvm.dll+0x5026d2]
V  [jvm.dll+0x50247c]
V  [jvm.dll+0x50237b]
V  [jvm.dll+0x6b066b]
V  [jvm.dll+0x6a87c8]
V  [jvm.dll+0x6b3002]
V  [jvm.dll+0x50677a]
V  [jvm.dll+0x203253]
V  [jvm.dll+0x1fd07c]
V  [jvm.dll+0x1fa77f]
V  [jvm.dll+0x18354c]
V  [jvm.dll+0x208ee7]
V  [jvm.dll+0x207731]
V  [jvm.dll+0x6eb1cf]
V  [jvm.dll+0x6e3d45]
V  [jvm.dll+0x5ebe96]
C  [ucrtbase.dll+0x21bb2]
C  [KERNEL32.DLL+0x17034]
C  [ntdll.dll+0x52651]


---------------  P R O C E S S  ---------------

Threads class SMR info:
_java_thread_list=0x00000188fdddce80, length=50, elements={
0x00000188dde6e800, 0x00000188f9990000, 0x00000188f9992800, 0x00000188f99aa000,
0x00000188f99ab000, 0x00000188f99ad000, 0x00000188f99b0000, 0x00000188f99dc800,
0x00000188f99de000, 0x00000188fa465000, 0x00000188fd8fa800, 0x00000188fb3e7800,
0x00000188fbb95000, 0x00000188fc160800, 0x00000188fc100800, 0x00000188fb959800,
0x00000188fca52800, 0x00000188fc3d6800, 0x00000188fd969000, 0x00000188fcb83000,
0x00000188fcb7d000, 0x00000188fcb80800, 0x00000188fcb82000, 0x00000188fcb7e000,
0x00000188fcb83800, 0x00000188fcb7f000, 0x00000188fcb7f800, 0x00000188fcb81800,
0x00000188fd9bd800, 0x00000188fd9ba000, 0x00000188fd9be000, 0x00000188fd9c0800,
0x00000188fd9bb000, 0x00000188fd9bc000, 0x00000188fd9c2800, 0x00000188fd9bc800,
0x00000188fd9c4000, 0x00000188fd9c3000, 0x00000188fd9c5000, 0x00000188fd9c0000,
0x00000188fd9c6800, 0x00000188fd9c5800, 0x00000188fd9c9000, 0x00000188fd9c8000,
0x00000188811da000, 0x00000188811db000, 0x00000188811dc000, 0x00000188811dd800,
0x00000188811de000, 0x0000018880d56000
}

Java Threads: ( => current thread )
  0x00000188dde6e800 JavaThread "main" [_thread_blocked, id=13156, stack(0x0000002534c00000,0x0000002534d00000)]
  0x00000188f9990000 JavaThread "Reference Handler" daemon [_thread_blocked, id=7912, stack(0x0000002535300000,0x0000002535400000)]
  0x00000188f9992800 JavaThread "Finalizer" daemon [_thread_blocked, id=10396, stack(0x0000002535400000,0x0000002535500000)]
  0x00000188f99aa000 JavaThread "Signal Dispatcher" daemon [_thread_blocked, id=2768, stack(0x0000002535500000,0x0000002535600000)]
  0x00000188f99ab000 JavaThread "Attach Listener" daemon [_thread_blocked, id=4200, stack(0x0000002535600000,0x0000002535700000)]
  0x00000188f99ad000 JavaThread "Service Thread" daemon [_thread_blocked, id=5976, stack(0x0000002535700000,0x0000002535800000)]
=>0x00000188f99b0000 JavaThread "C2 CompilerThread0" daemon [_thread_in_native, id=6480, stack(0x0000002535800000,0x0000002535900000)]
  0x00000188f99dc800 JavaThread "C1 CompilerThread0" daemon [_thread_blocked, id=11676, stack(0x0000002535900000,0x0000002535a00000)]
  0x00000188f99de000 JavaThread "Sweeper thread" daemon [_thread_blocked, id=7872, stack(0x0000002535a00000,0x0000002535b00000)]
  0x00000188fa465000 JavaThread "Common-Cleaner" daemon [_thread_blocked, id=12936, stack(0x0000002535b00000,0x0000002535c00000)]
  0x00000188fd8fa800 JavaThread "Daemon health stats" [_thread_blocked, id=8048, stack(0x0000002536000000,0x0000002536100000)]
  0x00000188fb3e7800 JavaThread "Incoming local TCP Connector on port 54869" [_thread_in_native, id=7612, stack(0x0000002535d00000,0x0000002535e00000)]
  0x00000188fbb95000 JavaThread "Daemon periodic checks" [_thread_blocked, id=7792, stack(0x0000002536100000,0x0000002536200000)]
  0x00000188fc160800 JavaThread "Daemon" [_thread_blocked, id=5656, stack(0x0000002536200000,0x0000002536300000)]
  0x00000188fc100800 JavaThread "Handler for socket connection from /127.0.0.1:54869 to /127.0.0.1:54871" [_thread_in_native, id=2980, stack(0x0000002536300000,0x0000002536400000)]
  0x00000188fb959800 JavaThread "Cancel handler" [_thread_blocked, id=12012, stack(0x0000002536400000,0x0000002536500000)]
  0x00000188fca52800 JavaThread "Daemon worker" [_thread_blocked, id=7604, stack(0x0000002536500000,0x0000002536600000)]
  0x00000188fc3d6800 JavaThread "Asynchronous log dispatcher for DefaultDaemonConnection: socket connection from /127.0.0.1:54869 to /127.0.0.1:54871" [_thread_blocked, id=6688, stack(0x0000002536600000,0x0000002536700000)]
  0x00000188fd969000 JavaThread "Stdin handler" [_thread_blocked, id=6444, stack(0x0000002536700000,0x0000002536800000)]
  0x00000188fcb83000 JavaThread "Daemon client event forwarder" [_thread_blocked, id=3492, stack(0x0000002536800000,0x0000002536900000)]
  0x00000188fcb7d000 JavaThread "Cache worker for file hash cache (C:\Users\phung\.gradle\caches\7.0.2\fileHashes)" [_thread_blocked, id=1316, stack(0x0000002536900000,0x0000002536a00000)]
  0x00000188fcb80800 JavaThread "File lock request listener" [_thread_in_native, id=11948, stack(0x0000002536a00000,0x0000002536b00000)]
  0x00000188fcb82000 JavaThread "Cache worker for journal cache (C:\Users\phung\.gradle\caches\journal-1)" [_thread_blocked, id=11040, stack(0x0000002536c00000,0x0000002536d00000)]
  0x00000188fcb7e000 JavaThread "Cache worker for file hash cache (C:\Users\phung\AndroidStudioProjects\EmailApp\.gradle\7.0.2\fileHashes)" [_thread_blocked, id=6616, stack(0x0000002536d00000,0x0000002536e00000)]
  0x00000188fcb83800 JavaThread "File watcher server" daemon [_thread_in_native, id=7008, stack(0x0000002536e00000,0x0000002536f00000)]
  0x00000188fcb7f000 JavaThread "File watcher consumer" daemon [_thread_blocked, id=12700, stack(0x0000002536f00000,0x0000002537000000)]
  0x00000188fcb7f800 JavaThread "Cache worker for checksums cache (C:\Users\phung\AndroidStudioProjects\EmailApp\.gradle\checksums)" [_thread_blocked, id=492, stack(0x0000002537000000,0x0000002537100000)]
  0x00000188fcb81800 JavaThread "Cache worker for cache directory md-supplier (C:\Users\phung\.gradle\caches\7.0.2\md-supplier)" [_thread_blocked, id=13068, stack(0x0000002537100000,0x0000002537200000)]
  0x00000188fd9bd800 JavaThread "Cache worker for cache directory md-rule (C:\Users\phung\.gradle\caches\7.0.2\md-rule)" [_thread_blocked, id=11872, stack(0x0000002537200000,0x0000002537300000)]
  0x00000188fd9ba000 JavaThread "Cache worker for execution history cache (C:\Users\phung\.gradle\caches\7.0.2\executionHistory)" [_thread_blocked, id=13028, stack(0x0000002537300000,0x0000002537400000)]
  0x00000188fd9be000 JavaThread "jar transforms" [_thread_blocked, id=6384, stack(0x0000002537400000,0x0000002537500000)]
  0x00000188fd9c0800 JavaThread "jar transforms Thread 2" [_thread_blocked, id=9276, stack(0x0000002537500000,0x0000002537600000)]
  0x00000188fd9bb000 JavaThread "Cache worker for file content cache (C:\Users\phung\.gradle\caches\7.0.2\fileContent)" [_thread_blocked, id=2176, stack(0x0000002537600000,0x0000002537700000)]
  0x00000188fd9bc000 JavaThread "Cache worker for dependencies-accessors (C:\Users\phung\AndroidStudioProjects\EmailApp\.gradle\7.0.2\dependencies-accessors)" [_thread_blocked, id=12640, stack(0x0000002537700000,0x0000002537800000)]
  0x00000188fd9c2800 JavaThread "jar transforms Thread 3" [_thread_blocked, id=2700, stack(0x0000002537800000,0x0000002537900000)]
  0x00000188fd9bc800 JavaThread "Cache worker for Build Output Cleanup Cache (C:\Users\phung\AndroidStudioProjects\EmailApp\.gradle\buildOutputCleanup)" [_thread_in_native, id=13040, stack(0x0000002537900000,0x0000002537a00000)]
  0x00000188fd9c4000 JavaThread "Build operations" [_thread_in_native, id=7936, stack(0x0000002537a00000,0x0000002537b00000)]
  0x00000188fd9c3000 JavaThread "Build operations Thread 2" [_thread_blocked, id=8352, stack(0x0000002537b00000,0x0000002537c00000)]
  0x00000188fd9c5000 JavaThread "Build operations Thread 3" [_thread_in_native, id=8972, stack(0x0000002537c00000,0x0000002537d00000)]
  0x00000188fd9c0000 JavaThread "Build operations Thread 4" [_thread_in_native, id=10256, stack(0x0000002537d00000,0x0000002537e00000)]
  0x00000188fd9c6800 JavaThread "jar transforms Thread 4" [_thread_blocked, id=7964, stack(0x0000002537e00000,0x0000002537f00000)]
  0x00000188fd9c5800 JavaThread "Memory manager" [_thread_blocked, id=10732, stack(0x0000002534900000,0x0000002534a00000)]
  0x00000188fd9c9000 JavaThread "build event listener" [_thread_blocked, id=8240, stack(0x0000002538100000,0x0000002538200000)]
  0x00000188fd9c8000 JavaThread "Execution worker for ':'" [_thread_blocked, id=4976, stack(0x0000002538200000,0x0000002538300000)]
  0x00000188811da000 JavaThread "Execution worker for ':' Thread 2" [_thread_blocked, id=8324, stack(0x0000002538300000,0x0000002538400000)]
  0x00000188811db000 JavaThread "Execution worker for ':' Thread 3" [_thread_blocked, id=10116, stack(0x0000002538400000,0x0000002538500000)]
  0x00000188811dc000 JavaThread "Cache worker for execution history cache (C:\Users\phung\AndroidStudioProjects\EmailApp\.gradle\7.0.2\executionHistory)" [_thread_blocked, id=7808, stack(0x0000002538500000,0x0000002538600000)]
  0x00000188811dd800 JavaThread "WorkerExecutor Queue" [_thread_in_vm, id=10636, stack(0x0000002534b00000,0x0000002534c00000)]
  0x00000188811de000 JavaThread "WorkerExecutor Queue Thread 2" [_thread_blocked, id=11808, stack(0x0000002534a00000,0x0000002534b00000)]
  0x0000018880d56000 JavaThread "C2 CompilerThread1" daemon [_thread_blocked, id=10388, stack(0x0000002538600000,0x0000002538700000)]

Other Threads:
  0x00000188f998b800 VMThread "VM Thread" [stack: 0x0000002535200000,0x0000002535300000] [id=2328]
  0x00000188fa497000 WatcherThread [stack: 0x0000002535c00000,0x0000002535d00000] [id=3008]
  0x00000188dde86000 GCTaskThread "GC Thread#0" [stack: 0x0000002534d00000,0x0000002534e00000] [id=11260]
  0x00000188fa73a800 GCTaskThread "GC Thread#1" [stack: 0x0000002535e00000,0x0000002535f00000] [id=11772]
  0x00000188fa8f2800 GCTaskThread "GC Thread#2" [stack: 0x0000002535f00000,0x0000002536000000] [id=7272]
  0x00000188fc138000 GCTaskThread "GC Thread#3" [stack: 0x0000002536b00000,0x0000002536c00000] [id=9780]
  0x00000188ddeb7000 ConcurrentGCThread "G1 Main Marker" [stack: 0x0000002534e00000,0x0000002534f00000] [id=10720]
  0x00000188ddeb8000 ConcurrentGCThread "G1 Conc#0" [stack: 0x0000002534f00000,0x0000002535000000] [id=13244]
  0x00000188ddf46800 ConcurrentGCThread "G1 Refine#0" [stack: 0x0000002535000000,0x0000002535100000] [id=8252]
  0x00000188ddf47800 ConcurrentGCThread "G1 Young RemSet Sampling" [stack: 0x0000002535100000,0x0000002535200000] [id=10736]

Threads with active compile tasks:
C2 CompilerThread0  66712 11222       4       com.android.tools.build.apkzlib.zip.ZipField::verify (77 bytes)

VM state:not at safepoint (normal execution)

VM Mutex/Monitor currently owned by a thread: None

Heap address: 0x0000000080000000, size: 2048 MB, Compressed Oops mode: 32-bit
Narrow klass base: 0x0000000000000000, Narrow klass shift: 3
Compressed class space size: 1073741824 Address: 0x0000000100000000

Heap:
 garbage-first heap   total 131072K, used 88362K [0x0000000080000000, 0x0000000100000000)
  region size 1024K, 20 young (20480K), 4 survivors (4096K)
 Metaspace       used 87616K, capacity 89773K, committed 90044K, reserved 1128448K
  class space    used 11266K, capacity 12051K, committed 12160K, reserved 1048576K
Heap Regions: E=young(eden), S=young(survivor), O=old, HS=humongous(starts), HC=humongous(continues), CS=collection set, F=free, A=archive, TAMS=top-at-mark-start (previous, next)
|   0|0x0000000080000000, 0x0000000080100000, 0x0000000080100000|100%| O|  |TAMS 0x0000000080100000, 0x0000000080000000| Untracked 
|   1|0x0000000080100000, 0x0000000080200000, 0x0000000080200000|100%| O|  |TAMS 0x0000000080200000, 0x0000000080100000| Untracked 
|   2|0x0000000080200000, 0x0000000080300000, 0x0000000080300000|100%| O|  |TAMS 0x0000000080300000, 0x0000000080200000| Untracked 
|   3|0x0000000080300000, 0x0000000080400000, 0x0000000080400000|100%|HS|  |TAMS 0x0000000080400000, 0x0000000080300000| Complete 
|   4|0x0000000080400000, 0x0000000080500000, 0x0000000080500000|100%|HC|  |TAMS 0x0000000080500000, 0x0000000080400000| Complete 
|   5|0x0000000080500000, 0x0000000080600000, 0x0000000080600000|100%|HC|  |TAMS 0x0000000080600000, 0x0000000080500000| Complete 
|   6|0x0000000080600000, 0x0000000080700000, 0x0000000080700000|100%| O|  |TAMS 0x0000000080700000, 0x0000000080600000| Untracked 
|   7|0x0000000080700000, 0x0000000080800000, 0x0000000080800000|100%| O|  |TAMS 0x0000000080800000, 0x0000000080700000| Untracked 
|   8|0x0000000080800000, 0x0000000080900000, 0x0000000080900000|100%| O|  |TAMS 0x0000000080900000, 0x0000000080800000| Untracked 
|   9|0x0000000080900000, 0x0000000080a00000, 0x0000000080a00000|100%| O|  |TAMS 0x0000000080a00000, 0x0000000080900000| Untracked 
|  10|0x0000000080a00000, 0x0000000080b00000, 0x0000000080b00000|100%| O|  |TAMS 0x0000000080b00000, 0x0000000080a00000| Untracked 
|  11|0x0000000080b00000, 0x0000000080c00000, 0x0000000080c00000|100%| O|  |TAMS 0x0000000080c00000, 0x0000000080b00000| Untracked 
|  12|0x0000000080c00000, 0x0000000080d00000, 0x0000000080d00000|100%| O|  |TAMS 0x0000000080d00000, 0x0000000080c00000| Untracked 
|  13|0x0000000080d00000, 0x0000000080e00000, 0x0000000080e00000|100%| O|  |TAMS 0x0000000080e00000, 0x0000000080d00000| Untracked 
|  14|0x0000000080e00000, 0x0000000080f00000, 0x0000000080f00000|100%| O|  |TAMS 0x0000000080f00000, 0x0000000080e00000| Untracked 
|  15|0x0000000080f00000, 0x0000000081000000, 0x0000000081000000|100%| O|  |TAMS 0x0000000081000000, 0x0000000080f00000| Untracked 
|  16|0x0000000081000000, 0x0000000081100000, 0x0000000081100000|100%|HS|  |TAMS 0x0000000081100000, 0x0000000081000000| Complete 
|  17|0x0000000081100000, 0x0000000081200000, 0x0000000081200000|100%| O|  |TAMS 0x0000000081200000, 0x0000000081100000| Untracked 
|  18|0x0000000081200000, 0x0000000081300000, 0x0000000081300000|100%| O|  |TAMS 0x0000000081300000, 0x0000000081200000| Untracked 
|  19|0x0000000081300000, 0x0000000081400000, 0x0000000081400000|100%| O|  |TAMS 0x0000000081400000, 0x0000000081300000| Untracked 
|  20|0x0000000081400000, 0x0000000081500000, 0x0000000081500000|100%| O|  |TAMS 0x0000000081500000, 0x0000000081400000| Untracked 
|  21|0x0000000081500000, 0x0000000081600000, 0x0000000081600000|100%| O|  |TAMS 0x0000000081600000, 0x0000000081500000| Untracked 
|  22|0x0000000081600000, 0x0000000081700000, 0x0000000081700000|100%| O|  |TAMS 0x0000000081700000, 0x0000000081600000| Untracked 
|  23|0x0000000081700000, 0x0000000081800000, 0x0000000081800000|100%|HS|  |TAMS 0x0000000081800000, 0x0000000081700000| Complete 
|  24|0x0000000081800000, 0x0000000081900000, 0x0000000081900000|100%|HS|  |TAMS 0x0000000081900000, 0x0000000081800000| Complete 
|  25|0x0000000081900000, 0x0000000081a00000, 0x0000000081a00000|100%|HC|  |TAMS 0x0000000081a00000, 0x0000000081900000| Complete 
|  26|0x0000000081a00000, 0x0000000081b00000, 0x0000000081b00000|100%| O|  |TAMS 0x0000000081b00000, 0x0000000081a00000| Untracked 
|  27|0x0000000081b00000, 0x0000000081c00000, 0x0000000081c00000|100%| O|  |TAMS 0x0000000081c00000, 0x0000000081b00000| Untracked 
|  28|0x0000000081c00000, 0x0000000081d00000, 0x0000000081d00000|100%| O|  |TAMS 0x0000000081d00000, 0x0000000081c00000| Untracked 
|  29|0x0000000081d00000, 0x0000000081e00000, 0x0000000081e00000|100%| O|  |TAMS 0x0000000081e00000, 0x0000000081d00000| Untracked 
|  30|0x0000000081e00000, 0x0000000081f00000, 0x0000000081f00000|100%| O|  |TAMS 0x0000000081f00000, 0x0000000081e00000| Untracked 
|  31|0x0000000081f00000, 0x0000000082000000, 0x0000000082000000|100%| O|  |TAMS 0x0000000082000000, 0x0000000081f00000| Untracked 
|  32|0x0000000082000000, 0x0000000082100000, 0x0000000082100000|100%| O|  |TAMS 0x0000000082100000, 0x0000000082000000| Untracked 
|  33|0x0000000082100000, 0x0000000082200000, 0x0000000082200000|100%| O|  |TAMS 0x0000000082200000, 0x0000000082100000| Untracked 
|  34|0x0000000082200000, 0x0000000082300000, 0x0000000082300000|100%| O|  |TAMS 0x0000000082300000, 0x0000000082200000| Untracked 
|  35|0x0000000082300000, 0x0000000082400000, 0x0000000082400000|100%| O|  |TAMS 0x0000000082400000, 0x0000000082300000| Untracked 
|  36|0x0000000082400000, 0x0000000082500000, 0x0000000082500000|100%| O|  |TAMS 0x0000000082500000, 0x0000000082400000| Untracked 
|  37|0x0000000082500000, 0x0000000082600000, 0x0000000082600000|100%| O|  |TAMS 0x0000000082600000, 0x0000000082500000| Untracked 
|  38|0x0000000082600000, 0x0000000082700000, 0x0000000082700000|100%| O|  |TAMS 0x0000000082700000, 0x0000000082600000| Untracked 
|  39|0x0000000082700000, 0x0000000082800000, 0x0000000082800000|100%| O|  |TAMS 0x0000000082800000, 0x0000000082700000| Untracked 
|  40|0x0000000082800000, 0x0000000082900000, 0x0000000082900000|100%| O|  |TAMS 0x0000000082900000, 0x0000000082800000| Untracked 
|  41|0x0000000082900000, 0x0000000082a00000, 0x0000000082a00000|100%| O|  |TAMS 0x0000000082a00000, 0x0000000082900000| Untracked 
|  42|0x0000000082a00000, 0x0000000082b00000, 0x0000000082b00000|100%| O|  |TAMS 0x0000000082b00000, 0x0000000082a00000| Untracked 
|  43|0x0000000082b00000, 0x0000000082c00000, 0x0000000082c00000|100%| O|  |TAMS 0x0000000082c00000, 0x0000000082b00000| Untracked 
|  44|0x0000000082c00000, 0x0000000082d00000, 0x0000000082d00000|100%| O|  |TAMS 0x0000000082d00000, 0x0000000082c00000| Untracked 
|  45|0x0000000082d00000, 0x0000000082e00000, 0x0000000082e00000|100%| O|  |TAMS 0x0000000082e00000, 0x0000000082d00000| Untracked 
|  46|0x0000000082e00000, 0x0000000082f00000, 0x0000000082f00000|100%| O|  |TAMS 0x0000000082f00000, 0x0000000082e00000| Untracked 
|  47|0x0000000082f00000, 0x0000000083000000, 0x0000000083000000|100%| O|  |TAMS 0x0000000083000000, 0x0000000082f00000| Untracked 
|  48|0x0000000083000000, 0x0000000083100000, 0x0000000083100000|100%| O|  |TAMS 0x0000000083100000, 0x0000000083000000| Untracked 
|  49|0x0000000083100000, 0x0000000083200000, 0x0000000083200000|100%| O|  |TAMS 0x0000000083200000, 0x0000000083100000| Untracked 
|  50|0x0000000083200000, 0x0000000083300000, 0x0000000083300000|100%| O|  |TAMS 0x0000000083300000, 0x0000000083200000| Untracked 
|  51|0x0000000083300000, 0x0000000083400000, 0x0000000083400000|100%| O|  |TAMS 0x0000000083400000, 0x0000000083300000| Untracked 
|  52|0x0000000083400000, 0x0000000083500000, 0x0000000083500000|100%| O|  |TAMS 0x0000000083500000, 0x0000000083400000| Untracked 
|  53|0x0000000083500000, 0x0000000083600000, 0x0000000083600000|100%| O|  |TAMS 0x0000000083600000, 0x0000000083500000| Untracked 
|  54|0x0000000083600000, 0x0000000083700000, 0x0000000083700000|100%| O|  |TAMS 0x0000000083700000, 0x0000000083600000| Untracked 
|  55|0x0000000083700000, 0x0000000083800000, 0x0000000083800000|100%| O|  |TAMS 0x0000000083800000, 0x0000000083700000| Untracked 
|  56|0x0000000083800000, 0x0000000083900000, 0x0000000083900000|100%| O|  |TAMS 0x0000000083900000, 0x0000000083800000| Untracked 
|  57|0x0000000083900000, 0x0000000083a00000, 0x0000000083a00000|100%| O|  |TAMS 0x0000000083a00000, 0x0000000083900000| Untracked 
|  58|0x0000000083a00000, 0x0000000083b00000, 0x0000000083b00000|100%| O|  |TAMS 0x0000000083b00000, 0x0000000083a00000| Untracked 
|  59|0x0000000083b00000, 0x0000000083c00000, 0x0000000083c00000|100%| O|  |TAMS 0x0000000083c00000, 0x0000000083b00000| Untracked 
|  60|0x0000000083c00000, 0x0000000083d00000, 0x0000000083d00000|100%| O|  |TAMS 0x0000000083d00000, 0x0000000083c00000| Untracked 
|  61|0x0000000083d00000, 0x0000000083e00000, 0x0000000083e00000|100%| O|  |TAMS 0x0000000083e00000, 0x0000000083d00000| Untracked 
|  62|0x0000000083e00000, 0x0000000083f00000, 0x0000000083f00000|100%| O|  |TAMS 0x0000000083f00000, 0x0000000083e00000| Untracked 
|  63|0x0000000083f00000, 0x0000000083f4a800, 0x0000000084000000| 29%| O|  |TAMS 0x0000000083f4a800, 0x0000000083f00000| Untracked 
|  64|0x0000000084000000, 0x0000000084100000, 0x0000000084100000|100%| O|  |TAMS 0x0000000084100000, 0x0000000084000000| Untracked 
|  65|0x0000000084100000, 0x0000000084200000, 0x0000000084200000|100%| O|  |TAMS 0x0000000084200000, 0x0000000084100000| Untracked 
|  66|0x0000000084200000, 0x0000000084300000, 0x0000000084300000|100%| O|  |TAMS 0x0000000084300000, 0x0000000084200000| Untracked 
|  67|0x0000000084300000, 0x0000000084400000, 0x0000000084400000|100%| O|  |TAMS 0x0000000084400000, 0x0000000084300000| Untracked 
|  68|0x0000000084400000, 0x0000000084400000, 0x0000000084500000|  0%| F|  |TAMS 0x0000000084400000, 0x0000000084400000| Untracked 
|  69|0x0000000084500000, 0x0000000084500000, 0x0000000084600000|  0%| F|  |TAMS 0x0000000084500000, 0x0000000084500000| Untracked 
|  70|0x0000000084600000, 0x0000000084600000, 0x0000000084700000|  0%| F|  |TAMS 0x0000000084600000, 0x0000000084600000| Untracked 
|  71|0x0000000084700000, 0x0000000084700000, 0x0000000084800000|  0%| F|  |TAMS 0x0000000084700000, 0x0000000084700000| Untracked 
|  72|0x0000000084800000, 0x0000000084800000, 0x0000000084900000|  0%| F|  |TAMS 0x0000000084800000, 0x0000000084800000| Untracked 
|  73|0x0000000084900000, 0x0000000084900000, 0x0000000084a00000|  0%| F|  |TAMS 0x0000000084900000, 0x0000000084900000| Untracked 
|  74|0x0000000084a00000, 0x0000000084a00000, 0x0000000084b00000|  0%| F|  |TAMS 0x0000000084a00000, 0x0000000084a00000| Untracked 
|  75|0x0000000084b00000, 0x0000000084b00000, 0x0000000084c00000|  0%| F|  |TAMS 0x0000000084b00000, 0x0000000084b00000| Untracked 
|  76|0x0000000084c00000, 0x0000000084c00000, 0x0000000084d00000|  0%| F|  |TAMS 0x0000000084c00000, 0x0000000084c00000| Untracked 
|  77|0x0000000084d00000, 0x0000000084d00000, 0x0000000084e00000|  0%| F|  |TAMS 0x0000000084d00000, 0x0000000084d00000| Untracked 
|  78|0x0000000084e00000, 0x0000000084f00000, 0x0000000084f00000|100%| O|  |TAMS 0x0000000084f00000, 0x0000000084e00000| Untracked 
|  79|0x0000000084f00000, 0x0000000084f00000, 0x0000000085000000|  0%| F|  |TAMS 0x0000000084f00000, 0x0000000084f00000| Untracked 
|  80|0x0000000085000000, 0x0000000085000000, 0x0000000085100000|  0%| F|  |TAMS 0x0000000085000000, 0x0000000085000000| Untracked 
|  81|0x0000000085100000, 0x0000000085100000, 0x0000000085200000|  0%| F|  |TAMS 0x0000000085100000, 0x0000000085100000| Untracked 
|  82|0x0000000085200000, 0x0000000085200000, 0x0000000085300000|  0%| F|  |TAMS 0x0000000085200000, 0x0000000085200000| Untracked 
|  83|0x0000000085300000, 0x0000000085300000, 0x0000000085400000|  0%| F|  |TAMS 0x0000000085300000, 0x0000000085300000| Untracked 
|  84|0x0000000085400000, 0x0000000085400000, 0x0000000085500000|  0%| F|  |TAMS 0x0000000085400000, 0x0000000085400000| Untracked 
|  85|0x0000000085500000, 0x0000000085500000, 0x0000000085600000|  0%| F|  |TAMS 0x0000000085500000, 0x0000000085500000| Untracked 
|  86|0x0000000085600000, 0x0000000085600000, 0x0000000085700000|  0%| F|  |TAMS 0x0000000085600000, 0x0000000085600000| Untracked 
|  87|0x0000000085700000, 0x0000000085700000, 0x0000000085800000|  0%| F|  |TAMS 0x0000000085700000, 0x0000000085700000| Untracked 
|  88|0x0000000085800000, 0x0000000085800000, 0x0000000085900000|  0%| F|  |TAMS 0x0000000085800000, 0x0000000085800000| Untracked 
|  89|0x0000000085900000, 0x0000000085900000, 0x0000000085a00000|  0%| F|  |TAMS 0x0000000085900000, 0x0000000085900000| Untracked 
|  90|0x0000000085a00000, 0x0000000085a00000, 0x0000000085b00000|  0%| F|  |TAMS 0x0000000085a00000, 0x0000000085a00000| Untracked 
|  91|0x0000000085b00000, 0x0000000085b00000, 0x0000000085c00000|  0%| F|  |TAMS 0x0000000085b00000, 0x0000000085b00000| Untracked 
|  92|0x0000000085c00000, 0x0000000085c00000, 0x0000000085d00000|  0%| F|  |TAMS 0x0000000085c00000, 0x0000000085c00000| Untracked 
|  93|0x0000000085d00000, 0x0000000085d00000, 0x0000000085e00000|  0%| F|  |TAMS 0x0000000085d00000, 0x0000000085d00000| Untracked 
|  94|0x0000000085e00000, 0x0000000085f00000, 0x0000000085f00000|100%| S|CS|TAMS 0x0000000085e00000, 0x0000000085e00000| Complete 
|  95|0x0000000085f00000, 0x0000000086000000, 0x0000000086000000|100%| S|CS|TAMS 0x0000000085f00000, 0x0000000085f00000| Complete 
|  96|0x0000000086000000, 0x0000000086100000, 0x0000000086100000|100%| S|CS|TAMS 0x0000000086000000, 0x0000000086000000| Complete 
|  97|0x0000000086100000, 0x0000000086100000, 0x0000000086200000|  0%| F|  |TAMS 0x0000000086100000, 0x0000000086100000| Untracked 
|  98|0x0000000086200000, 0x0000000086200000, 0x0000000086300000|  0%| F|  |TAMS 0x0000000086200000, 0x0000000086200000| Untracked 
|  99|0x0000000086300000, 0x0000000086400000, 0x0000000086400000|100%| S|CS|TAMS 0x0000000086300000, 0x0000000086300000| Complete 
| 100|0x0000000086400000, 0x0000000086400000, 0x0000000086500000|  0%| F|  |TAMS 0x0000000086400000, 0x0000000086400000| Untracked 
| 101|0x0000000086500000, 0x0000000086500000, 0x0000000086600000|  0%| F|  |TAMS 0x0000000086500000, 0x0000000086500000| Untracked 
| 102|0x0000000086600000, 0x0000000086600000, 0x0000000086700000|  0%| F|  |TAMS 0x0000000086600000, 0x0000000086600000| Untracked 
| 103|0x0000000086700000, 0x0000000086700000, 0x0000000086800000|  0%| F|  |TAMS 0x0000000086700000, 0x0000000086700000| Untracked 
| 104|0x0000000086800000, 0x0000000086800000, 0x0000000086900000|  0%| F|  |TAMS 0x0000000086800000, 0x0000000086800000| Untracked 
| 105|0x0000000086900000, 0x0000000086900000, 0x0000000086a00000|  0%| F|  |TAMS 0x0000000086900000, 0x0000000086900000| Untracked 
| 106|0x0000000086a00000, 0x0000000086a00000, 0x0000000086b00000|  0%| F|  |TAMS 0x0000000086a00000, 0x0000000086a00000| Untracked 
| 107|0x0000000086b00000, 0x0000000086b00000, 0x0000000086c00000|  0%| F|  |TAMS 0x0000000086b00000, 0x0000000086b00000| Untracked 
| 108|0x0000000086c00000, 0x0000000086c00000, 0x0000000086d00000|  0%| F|  |TAMS 0x0000000086c00000, 0x0000000086c00000| Untracked 
| 109|0x0000000086d00000, 0x0000000086d00000, 0x0000000086e00000|  0%| F|  |TAMS 0x0000000086d00000, 0x0000000086d00000| Untracked 
| 110|0x0000000086e00000, 0x0000000086e00000, 0x0000000086f00000|  0%| F|  |TAMS 0x0000000086e00000, 0x0000000086e00000| Untracked 
| 111|0x0000000086f00000, 0x0000000086f00000, 0x0000000087000000|  0%| F|  |TAMS 0x0000000086f00000, 0x0000000086f00000| Untracked 
| 112|0x0000000087000000, 0x00000000870d1928, 0x0000000087100000| 81%| E|  |TAMS 0x0000000087000000, 0x0000000087000000| Complete 
| 113|0x0000000087100000, 0x0000000087200000, 0x0000000087200000|100%| E|CS|TAMS 0x0000000087100000, 0x0000000087100000| Complete 
| 114|0x0000000087200000, 0x0000000087300000, 0x0000000087300000|100%| E|CS|TAMS 0x0000000087200000, 0x0000000087200000| Complete 
| 115|0x0000000087300000, 0x0000000087400000, 0x0000000087400000|100%| E|CS|TAMS 0x0000000087300000, 0x0000000087300000| Complete 
| 116|0x0000000087400000, 0x0000000087500000, 0x0000000087500000|100%| E|CS|TAMS 0x0000000087400000, 0x0000000087400000| Complete 
| 117|0x0000000087500000, 0x0000000087600000, 0x0000000087600000|100%| E|CS|TAMS 0x0000000087500000, 0x0000000087500000| Complete 
| 118|0x0000000087600000, 0x0000000087700000, 0x0000000087700000|100%| E|CS|TAMS 0x0000000087600000, 0x0000000087600000| Complete 
| 119|0x0000000087700000, 0x0000000087800000, 0x0000000087800000|100%| E|CS|TAMS 0x0000000087700000, 0x0000000087700000| Complete 
| 120|0x0000000087800000, 0x0000000087900000, 0x0000000087900000|100%| E|CS|TAMS 0x0000000087800000, 0x0000000087800000| Complete 
| 121|0x0000000087900000, 0x0000000087a00000, 0x0000000087a00000|100%| E|CS|TAMS 0x0000000087900000, 0x0000000087900000| Complete 
| 122|0x0000000087a00000, 0x0000000087b00000, 0x0000000087b00000|100%| E|CS|TAMS 0x0000000087a00000, 0x0000000087a00000| Complete 
| 123|0x0000000087b00000, 0x0000000087bffe68, 0x0000000087c00000| 99%| E|  |TAMS 0x0000000087b00000, 0x0000000087b00000| Complete 
| 124|0x0000000087c00000, 0x0000000087d00000, 0x0000000087d00000|100%| E|CS|TAMS 0x0000000087c00000, 0x0000000087c00000| Complete 
| 125|0x0000000087d00000, 0x0000000087e00000, 0x0000000087e00000|100%| E|CS|TAMS 0x0000000087d00000, 0x0000000087d00000| Complete 
| 126|0x0000000087e00000, 0x0000000087f00000, 0x0000000087f00000|100%| E|CS|TAMS 0x0000000087e00000, 0x0000000087e00000| Complete 
| 127|0x0000000087f00000, 0x0000000088000000, 0x0000000088000000|100%| E|CS|TAMS 0x0000000087f00000, 0x0000000087f00000| Complete 

Card table byte_map: [0x00000188f2b50000,0x00000188f2f50000] _byte_map_base: 0x00000188f2750000

Marking Bits (Prev, Next): (CMBitMap*) 0x00000188ddeadf60, (CMBitMap*) 0x00000188ddeadf28
 Prev Bits: [0x00000188f5350000, 0x00000188f7350000)
 Next Bits: [0x00000188f3350000, 0x00000188f5350000)

Polling page: 0x00000188ddd40000

Metaspace:

Usage:
  Non-class:     75.90 MB capacity,    74.58 MB ( 98%) used,     1.08 MB (  1%) free+waste,   245.50 KB ( <1%) overhead. 
      Class:     11.77 MB capacity,    11.01 MB ( 94%) used,   671.43 KB (  6%) free+waste,   110.19 KB ( <1%) overhead. 
       Both:     87.67 MB capacity,    85.58 MB ( 98%) used,     1.74 MB (  2%) free+waste,   355.69 KB ( <1%) overhead. 

Virtual space:
  Non-class space:       78.00 MB reserved,      76.06 MB ( 98%) committed 
      Class space:        1.00 GB reserved,      11.88 MB (  1%) committed 
             Both:        1.08 GB reserved,      87.93 MB (  8%) committed 

Chunk freelists:
   Non-Class:  34.00 KB
       Class:  0 bytes
        Both:  34.00 KB

MaxMetaspaceSize: 17179869184.00 GB
CompressedClassSpaceSize: 1.00 GB

CodeHeap 'non-profiled nmethods': size=120064Kb used=6992Kb max_used=6992Kb free=113071Kb
 bounds [0x00000188eabe0000, 0x00000188eb2c0000, 0x00000188f2120000]
CodeHeap 'profiled nmethods': size=120000Kb used=24568Kb max_used=24568Kb free=95432Kb
 bounds [0x00000188e36b0000, 0x00000188e4eb0000, 0x00000188eabe0000]
CodeHeap 'non-nmethods': size=5696Kb used=2286Kb max_used=2342Kb free=3409Kb
 bounds [0x00000188e3120000, 0x00000188e3390000, 0x00000188e36b0000]
 total_blobs=12118 nmethods=11227 adapters=802
 compilation: enabled
              stopped_count=0, restarted_count=0
 full_count=0

Compilation events (20 events):
Event: 66.560 Thread 0x00000188f99dc800 11286       3       java.util.LinkedHashSet::spliterator (7 bytes)
Event: 66.561 Thread 0x00000188f99dc800 nmethod 11286 0x00000188e4ea1410 code [0x00000188e4ea15e0, 0x00000188e4ea1848]
Event: 66.561 Thread 0x00000188f99dc800 11281       1       kotlin.collections.EmptySet::getSize (2 bytes)
Event: 66.561 Thread 0x00000188f99dc800 nmethod 11281 0x00000188eb2ad590 code [0x00000188eb2ad740, 0x00000188eb2ad7f8]
Event: 66.561 Thread 0x00000188f99dc800 11282       1       com.android.build.gradle.internal.tasks.MergeJavaResourcesDelegate::access$getPackagingOptions$p (5 bytes)
Event: 66.561 Thread 0x00000188f99dc800 nmethod 11282 0x00000188eb2ad890 code [0x00000188eb2ada40, 0x00000188eb2adad8]
Event: 66.561 Thread 0x00000188f99dc800 11287       3       com.google.common.collect.ImmutableSet::maxRunBeforeFallback (11 bytes)
Event: 66.561 Thread 0x00000188f99dc800 nmethod 11287 0x00000188e4ea1990 code [0x00000188e4ea1b40, 0x00000188e4ea1c68]
Event: 66.568 Thread 0x00000188f99dc800 11288       3       com.google.common.collect.RegularImmutableMap::fromEntryArray (201 bytes)
Event: 66.570 Thread 0x00000188f99dc800 nmethod 11288 0x00000188e4ea1d10 code [0x00000188e4ea2060, 0x00000188e4ea35c8]
Event: 66.571 Thread 0x00000188f99dc800 11289       3       com.google.common.collect.ImmutableMap$Builder::<init> (23 bytes)
Event: 66.572 Thread 0x00000188f99dc800 nmethod 11289 0x00000188e4ea3e90 code [0x00000188e4ea4040, 0x00000188e4ea4298]
Event: 66.572 Thread 0x00000188f99dc800 11291       3       com.google.common.collect.ImmutableMap$Builder::<init> (6 bytes)
Event: 66.572 Thread 0x00000188f99dc800 nmethod 11291 0x00000188e4ea4390 code [0x00000188e4ea4560, 0x00000188e4ea4818]
Event: 66.572 Thread 0x00000188f99dc800 11292       3       com.google.common.collect.ImmutableMap$Builder::build (135 bytes)
Event: 66.574 Thread 0x00000188f99dc800 nmethod 11292 0x00000188e4ea4910 code [0x00000188e4ea4c40, 0x00000188e4ea6138]
Event: 66.574 Thread 0x00000188f99dc800 11290       3       com.google.common.collect.ImmutableMap::builder (8 bytes)
Event: 66.574 Thread 0x00000188f99dc800 nmethod 11290 0x00000188e4ea6790 code [0x00000188e4ea6960, 0x00000188e4ea6cb8]
Event: 66.575 Thread 0x00000188f99dc800 11293       3       com.google.common.collect.SingletonImmutableSet::iterator (8 bytes)
Event: 66.575 Thread 0x00000188f99dc800 nmethod 11293 0x00000188e4ea6e10 code [0x00000188e4ea6fe0, 0x00000188e4ea7318]

GC Heap History (20 events):
Event: 59.241 GC heap before
{Heap before GC invocations=25 (full 0):
 garbage-first heap   total 131072K, used 95763K [0x0000000080000000, 0x0000000100000000)
  region size 1024K, 19 young (19456K), 2 survivors (2048K)
 Metaspace       used 82645K, capacity 84717K, committed 85052K, reserved 1122304K
  class space    used 10675K, capacity 11432K, committed 11520K, reserved 1048576K
}
Event: 59.250 GC heap after
{Heap after GC invocations=26 (full 0):
 garbage-first heap   total 131072K, used 80001K [0x0000000080000000, 0x0000000100000000)
  region size 1024K, 1 young (1024K), 1 survivors (1024K)
 Metaspace       used 82645K, capacity 84717K, committed 85052K, reserved 1122304K
  class space    used 10675K, capacity 11432K, committed 11520K, reserved 1048576K
}
Event: 59.364 GC heap before
{Heap before GC invocations=26 (full 0):
 garbage-first heap   total 131072K, used 85121K [0x0000000080000000, 0x0000000100000000)
  region size 1024K, 6 young (6144K), 1 survivors (1024K)
 Metaspace       used 82944K, capacity 85037K, committed 85308K, reserved 1124352K
  class space    used 10724K, capacity 11496K, committed 11520K, reserved 1048576K
}
Event: 59.368 GC heap after
{Heap after GC invocations=27 (full 0):
 garbage-first heap   total 131072K, used 78180K [0x0000000080000000, 0x0000000100000000)
  region size 1024K, 1 young (1024K), 1 survivors (1024K)
 Metaspace       used 82944K, capacity 85037K, committed 85308K, reserved 1124352K
  class space    used 10724K, capacity 11496K, committed 11520K, reserved 1048576K
}
Event: 59.821 GC heap before
{Heap before GC invocations=27 (full 0):
 garbage-first heap   total 131072K, used 98660K [0x0000000080000000, 0x0000000100000000)
  region size 1024K, 21 young (21504K), 1 survivors (1024K)
 Metaspace       used 84453K, capacity 86573K, committed 86844K, reserved 1124352K
  class space    used 10930K, capacity 11688K, committed 11776K, reserved 1048576K
}
Event: 59.826 GC heap after
{Heap after GC invocations=28 (full 0):
 garbage-first heap   total 131072K, used 78379K [0x0000000080000000, 0x0000000100000000)
  region size 1024K, 1 young (1024K), 1 survivors (1024K)
 Metaspace       used 84453K, capacity 86573K, committed 86844K, reserved 1124352K
  class space    used 10930K, capacity 11688K, committed 11776K, reserved 1048576K
}
Event: 61.205 GC heap before
{Heap before GC invocations=29 (full 0):
 garbage-first heap   total 131072K, used 91691K [0x0000000080000000, 0x0000000100000000)
  region size 1024K, 22 young (22528K), 1 survivors (1024K)
 Metaspace       used 85831K, capacity 87883K, committed 87996K, reserved 1126400K
  class space    used 11084K, capacity 11823K, committed 11904K, reserved 1048576K
}
Event: 61.218 GC heap after
{Heap after GC invocations=30 (full 0):
 garbage-first heap   total 131072K, used 73102K [0x0000000080000000, 0x0000000100000000)
  region size 1024K, 3 young (3072K), 3 survivors (3072K)
 Metaspace       used 85831K, capacity 87883K, committed 87996K, reserved 1126400K
  class space    used 11084K, capacity 11823K, committed 11904K, reserved 1048576K
}
Event: 61.361 GC heap before
{Heap before GC invocations=30 (full 0):
 garbage-first heap   total 131072K, used 75150K [0x0000000080000000, 0x0000000100000000)
  region size 1024K, 6 young (6144K), 3 survivors (3072K)
 Metaspace       used 85853K, capacity 87888K, committed 87996K, reserved 1126400K
  class space    used 11084K, capacity 11823K, committed 11904K, reserved 1048576K
}
Event: 61.368 GC heap after
{Heap after GC invocations=31 (full 0):
 garbage-first heap   total 131072K, used 70443K [0x0000000080000000, 0x0000000100000000)
  region size 1024K, 1 young (1024K), 1 survivors (1024K)
 Metaspace       used 85853K, capacity 87888K, committed 87996K, reserved 1126400K
  class space    used 11084K, capacity 11823K, committed 11904K, reserved 1048576K
}
Event: 63.217 GC heap before
{Heap before GC invocations=31 (full 0):
 garbage-first heap   total 131072K, used 95019K [0x0000000080000000, 0x0000000100000000)
  region size 1024K, 26 young (26624K), 1 survivors (1024K)
 Metaspace       used 86209K, capacity 88321K, committed 88508K, reserved 1126400K
  class space    used 11107K, capacity 11870K, committed 11904K, reserved 1048576K
}
Event: 63.224 GC heap after
{Heap after GC invocations=32 (full 0):
 garbage-first heap   total 131072K, used 70981K [0x0000000080000000, 0x0000000100000000)
  region size 1024K, 1 young (1024K), 1 survivors (1024K)
 Metaspace       used 86209K, capacity 88321K, committed 88508K, reserved 1126400K
  class space    used 11107K, capacity 11870K, committed 11904K, reserved 1048576K
}
Event: 63.780 GC heap before
{Heap before GC invocations=33 (full 0):
 garbage-first heap   total 131072K, used 96581K [0x0000000080000000, 0x0000000100000000)
  region size 1024K, 27 young (27648K), 1 survivors (1024K)
 Metaspace       used 86223K, capacity 88395K, committed 88508K, reserved 1126400K
  class space    used 11109K, capacity 11873K, committed 11904K, reserved 1048576K
}
Event: 63.787 GC heap after
{Heap after GC invocations=34 (full 0):
 garbage-first heap   total 131072K, used 71008K [0x0000000080000000, 0x0000000100000000)
  region size 1024K, 1 young (1024K), 1 survivors (1024K)
 Metaspace       used 86223K, capacity 88395K, committed 88508K, reserved 1126400K
  class space    used 11109K, capacity 11873K, committed 11904K, reserved 1048576K
}
Event: 63.916 GC heap before
{Heap before GC invocations=34 (full 0):
 garbage-first heap   total 131072K, used 75104K [0x0000000080000000, 0x0000000100000000)
  region size 1024K, 6 young (6144K), 1 survivors (1024K)
 Metaspace       used 86273K, capacity 88409K, committed 88508K, reserved 1126400K
  class space    used 11118K, capacity 11878K, committed 11904K, reserved 1048576K
}
Event: 63.921 GC heap after
{Heap after GC invocations=35 (full 0):
 garbage-first heap   total 131072K, used 70058K [0x0000000080000000, 0x0000000100000000)
  region size 1024K, 1 young (1024K), 1 survivors (1024K)
 Metaspace       used 86273K, capacity 88409K, committed 88508K, reserved 1126400K
  class space    used 11118K, capacity 11878K, committed 11904K, reserved 1048576K
}
Event: 64.818 GC heap before
{Heap before GC invocations=35 (full 0):
 garbage-first heap   total 131072K, used 97706K [0x0000000080000000, 0x0000000100000000)
  region size 1024K, 29 young (29696K), 1 survivors (1024K)
 Metaspace       used 87370K, capacity 89578K, committed 89788K, reserved 1126400K
  class space    used 11239K, capacity 12033K, committed 12160K, reserved 1048576K
}
Event: 64.830 GC heap after
{Heap after GC invocations=36 (full 0):
 garbage-first heap   total 131072K, used 71605K [0x0000000080000000, 0x0000000100000000)
  region size 1024K, 2 young (2048K), 2 survivors (2048K)
 Metaspace       used 87370K, capacity 89578K, committed 89788K, reserved 1126400K
  class space    used 11239K, capacity 12033K, committed 12160K, reserved 1048576K
}
Event: 66.063 GC heap before
{Heap before GC invocations=37 (full 0):
 garbage-first heap   total 131072K, used 99253K [0x0000000080000000, 0x0000000100000000)
  region size 1024K, 30 young (30720K), 2 survivors (2048K)
 Metaspace       used 87410K, capacity 89584K, committed 89788K, reserved 1126400K
  class space    used 11241K, capacity 12034K, committed 12160K, reserved 1048576K
}
Event: 66.073 GC heap after
{Heap after GC invocations=38 (full 0):
 garbage-first heap   total 131072K, used 74026K [0x0000000080000000, 0x0000000100000000)
  region size 1024K, 4 young (4096K), 4 survivors (4096K)
 Metaspace       used 87410K, capacity 89584K, committed 89788K, reserved 1126400K
  class space    used 11241K, capacity 12034K, committed 12160K, reserved 1048576K
}

Deoptimization events (20 events):
Event: 65.146 Thread 0x00000188811dd800 DEOPT PACKING pc=0x00000188eb261ae0 sp=0x0000002534bfd670
Event: 65.146 Thread 0x00000188811dd800 DEOPT UNPACKING pc=0x00000188e31478af sp=0x0000002534bfd638 mode 2
Event: 65.837 Thread 0x00000188fd9c0000 DEOPT PACKING pc=0x00000188e4db16c4 sp=0x0000002537dfd6d0
Event: 65.837 Thread 0x00000188fd9c0000 DEOPT UNPACKING pc=0x00000188e31476ce sp=0x0000002537dfcc70 mode 0
Event: 66.031 Thread 0x00000188fd9c4000 Uncommon trap: trap_request=0xffffff7e fr.pc=0x00000188eb29403c relative=0x000000000000007c
Event: 66.031 Thread 0x00000188fd9c4000 Uncommon trap: reason=predicate action=maybe_recompile pc=0x00000188eb29403c method=java.util.ComparableTimSort.binarySort([Ljava/lang/Object;III)V @ 34 c2
Event: 66.031 Thread 0x00000188fd9c4000 DEOPT PACKING pc=0x00000188eb29403c sp=0x0000002537afb690
Event: 66.031 Thread 0x00000188fd9c4000 DEOPT UNPACKING pc=0x00000188e31478af sp=0x0000002537afb638 mode 2
Event: 66.129 Thread 0x00000188811dd800 Uncommon trap: trap_request=0xffffff4d fr.pc=0x00000188eb266258 relative=0x0000000000000098
Event: 66.129 Thread 0x00000188811dd800 Uncommon trap: reason=unstable_if action=reinterpret pc=0x00000188eb266258 method=com.android.tools.build.apkzlib.zip.ZipField.verify(Ljava/nio/ByteBuffer;JLcom/android/tools/build/apkzlib/zip/VerifyLog;)V @ 16 c2
Event: 66.129 Thread 0x00000188811dd800 DEOPT PACKING pc=0x00000188eb266258 sp=0x0000002534bfd100
Event: 66.129 Thread 0x00000188811dd800 DEOPT UNPACKING pc=0x00000188e31478af sp=0x0000002534bfd070 mode 2
Event: 66.215 Thread 0x00000188fd9c4000 DEOPT PACKING pc=0x00000188e4db16c4 sp=0x0000002537afbc60
Event: 66.215 Thread 0x00000188fd9c4000 DEOPT UNPACKING pc=0x00000188e31476ce sp=0x0000002537afb200 mode 0
Event: 66.526 Thread 0x00000188811dd800 Uncommon trap: trap_request=0xffffff4d fr.pc=0x00000188eb2aaa28 relative=0x00000000000023e8
Event: 66.526 Thread 0x00000188811dd800 Uncommon trap: reason=unstable_if action=reinterpret pc=0x00000188eb2aaa28 method=sun.nio.fs.WindowsPathParser.parse(Ljava/lang/String;Z)Lsun/nio/fs/WindowsPathParser$Result; @ 45 c2
Event: 66.526 Thread 0x00000188811dd800 DEOPT PACKING pc=0x00000188eb2aaa28 sp=0x0000002534bfd300
Event: 66.526 Thread 0x00000188811dd800 DEOPT UNPACKING pc=0x00000188e31478af sp=0x0000002534bfd2f8 mode 2
Event: 66.572 Thread 0x00000188811dd800 DEOPT PACKING pc=0x00000188e4db16c4 sp=0x0000002534bfd130
Event: 66.572 Thread 0x00000188811dd800 DEOPT UNPACKING pc=0x00000188e31476ce sp=0x0000002534bfc6d0 mode 0

Classes redefined (0 events):
No events

Internal exceptions (20 events):
Event: 64.407 Thread 0x00000188fd9c0000 Exception <a 'sun/nio/fs/WindowsException'{0x00000000876dafe0}> (0x00000000876dafe0) thrown at [./src/hotspot/share/prims/jni.cpp, line 615]
Event: 64.434 Thread 0x00000188fd9c0000 Exception <a 'sun/nio/fs/WindowsException'{0x000000008715cc30}> (0x000000008715cc30) thrown at [./src/hotspot/share/prims/jni.cpp, line 615]
Event: 64.519 Thread 0x00000188fd9c0000 Exception <a 'sun/nio/fs/WindowsException'{0x0000000086d0d488}> (0x0000000086d0d488) thrown at [./src/hotspot/share/prims/jni.cpp, line 615]
Event: 64.625 Thread 0x00000188fd9c5000 Implicit null exception at 0x00000188eb25a548 to 0x00000188eb25adf4
Event: 64.633 Thread 0x00000188fd9c4000 Exception <a 'sun/nio/fs/WindowsException'{0x0000000086aab498}> (0x0000000086aab498) thrown at [./src/hotspot/share/prims/jni.cpp, line 615]
Event: 64.657 Thread 0x00000188fd9c5000 Exception <a 'sun/nio/fs/WindowsException'{0x00000000869880e8}> (0x00000000869880e8) thrown at [./src/hotspot/share/prims/jni.cpp, line 615]
Event: 64.915 Thread 0x00000188fd9c5000 Exception <a 'sun/nio/fs/WindowsException'{0x0000000087f0cd78}> (0x0000000087f0cd78) thrown at [./src/hotspot/share/prims/jni.cpp, line 615]
Event: 65.005 Thread 0x00000188fd9c4000 Exception <a 'sun/nio/fs/WindowsException'{0x0000000087e6f680}> (0x0000000087e6f680) thrown at [./src/hotspot/share/prims/jni.cpp, line 615]
Event: 65.621 Thread 0x00000188fd9c4000 Exception <a 'sun/nio/fs/WindowsException'{0x0000000086911730}> (0x0000000086911730) thrown at [./src/hotspot/share/prims/jni.cpp, line 615]
Event: 65.994 Thread 0x00000188fd9c0000 Exception <a 'sun/nio/fs/WindowsException'{0x00000000865aaeb8}> (0x00000000865aaeb8) thrown at [./src/hotspot/share/prims/jni.cpp, line 615]
Event: 66.018 Thread 0x00000188fd9c5000 Exception <a 'sun/nio/fs/WindowsException'{0x000000008658d818}> (0x000000008658d818) thrown at [./src/hotspot/share/prims/jni.cpp, line 615]
Event: 66.031 Thread 0x00000188fd9c4000 Exception <a 'sun/nio/fs/WindowsException'{0x00000000866a9500}> (0x00000000866a9500) thrown at [./src/hotspot/share/prims/jni.cpp, line 615]
Event: 66.110 Thread 0x00000188fd9c5000 Exception <a 'sun/nio/fs/WindowsException'{0x0000000087f5a200}> (0x0000000087f5a200) thrown at [./src/hotspot/share/prims/jni.cpp, line 615]
Event: 66.218 Thread 0x00000188fd9c5000 Exception <a 'sun/nio/fs/WindowsException'{0x0000000087bbf880}> (0x0000000087bbf880) thrown at [./src/hotspot/share/prims/jni.cpp, line 615]
Event: 66.219 Thread 0x00000188fd9c0000 Exception <a 'sun/nio/fs/WindowsException'{0x0000000087bed2d8}> (0x0000000087bed2d8) thrown at [./src/hotspot/share/prims/jni.cpp, line 615]
Event: 66.229 Thread 0x00000188fd9c4000 Exception <a 'sun/nio/fs/WindowsException'{0x0000000087be6a30}> (0x0000000087be6a30) thrown at [./src/hotspot/share/prims/jni.cpp, line 615]
Event: 66.476 Thread 0x00000188811dd800 Exception <a 'java/lang/NoSuchMethodError'{0x000000008768a880}: 'java.lang.Object java.lang.invoke.DirectMethodHandle$Holder.invokeVirtual(java.lang.Object, java.lang.Object, int)'> (0x000000008768a880) thrown at [./src/hotspot/share/interpreter/linkResolver.cpp, line 773]
Event: 66.482 Thread 0x00000188fd9c4000 Exception <a 'sun/nio/fs/WindowsException'{0x00000000877b6cb0}> (0x00000000877b6cb0) thrown at [./src/hotspot/share/prims/jni.cpp, line 615]
Event: 66.518 Thread 0x00000188811dd800 Exception <a 'java/lang/NoSuchMethodError'{0x00000000876a8d68}: 'void java.lang.invoke.DirectMethodHandle$Holder.invokeStatic(java.lang.Object, java.lang.Object, java.lang.Object, int)'> (0x00000000876a8d68) thrown at [./src/hotspot/share/interpreter/linkResolver.cpp, line 773]
Event: 66.537 Thread 0x00000188fd9c5000 Exception <a 'sun/nio/fs/WindowsException'{0x00000000875d2508}> (0x00000000875d2508) thrown at [./src/hotspot/share/prims/jni.cpp, line 615]

Events (20 events):
Event: 66.480 loading class com/google/common/collect/ImmutableSet$Builder done
Event: 66.515 loading class com/google/common/collect/ImmutableSet$Builder
Event: 66.515 loading class com/google/common/collect/ImmutableSet$Builder done
Event: 66.515 loading class com/google/common/collect/ImmutableSet$Builder
Event: 66.515 loading class com/google/common/collect/ImmutableSet$Builder done
Event: 66.515 loading class com/google/common/collect/ImmutableSet
Event: 66.515 loading class com/google/common/collect/ImmutableSet done
Event: 66.515 loading class com/google/common/collect/ImmutableSet$Builder
Event: 66.515 loading class com/google/common/collect/ImmutableSet$Builder done
Event: 66.518 Executing VM operation: RevokeBias
Event: 66.523 Executing VM operation: RevokeBias done
Event: 66.526 loading class com/android/build/gradle/internal/packaging/ParsedPackagingOptions$getAction$1
Event: 66.526 loading class com/android/build/gradle/internal/packaging/ParsedPackagingOptions$getAction$1 done
Event: 66.527 loading class com/android/build/gradle/internal/packaging/ParsedPackagingOptions$getAction$2
Event: 66.527 loading class com/android/build/gradle/internal/packaging/ParsedPackagingOptions$getAction$2 done
Event: 66.528 loading class com/android/build/gradle/internal/packaging/ParsedPackagingOptions$getAction$3
Event: 66.528 loading class com/android/build/gradle/internal/packaging/ParsedPackagingOptions$getAction$3 done
Event: 66.529 loading class com/android/build/gradle/internal/packaging/PackagingFileAction
Event: 66.529 loading class com/android/build/gradle/internal/packaging/PackagingFileAction done
Event: 66.537 Thread 0x0000018880d56000 Thread added: 0x0000018880d56000


Dynamic libraries:
0x00007ff72c200000 - 0x00007ff72c20a000 	D:\Programs\Android Studio\jre\bin\java.exe
0x00007ff8dd090000 - 0x00007ff8dd285000 	C:\WINDOWS\SYSTEM32\ntdll.dll
0x00007ff8dcc30000 - 0x00007ff8dccee000 	C:\WINDOWS\System32\KERNEL32.DLL
0x00007ff8daba0000 - 0x00007ff8dae68000 	C:\WINDOWS\System32\KERNELBASE.dll
0x00007ff8daea0000 - 0x00007ff8dafa0000 	C:\WINDOWS\System32\ucrtbase.dll
0x00007ff8c6600000 - 0x00007ff8c6619000 	D:\Programs\Android Studio\jre\bin\jli.dll
0x00007ff8c65e0000 - 0x00007ff8c65f7000 	D:\Programs\Android Studio\jre\bin\VCRUNTIME140.dll
0x00007ff8db6e0000 - 0x00007ff8db881000 	C:\WINDOWS\System32\USER32.dll
0x00007ff8dae70000 - 0x00007ff8dae92000 	C:\WINDOWS\System32\win32u.dll
0x00007ff8dcb30000 - 0x00007ff8dcb5b000 	C:\WINDOWS\System32\GDI32.dll
0x00007ff8cd030000 - 0x00007ff8cd2ca000 	C:\WINDOWS\WinSxS\amd64_microsoft.windows.common-controls_6595b64144ccf1df_6.0.19041.1110_none_60b5254171f9507e\COMCTL32.dll
0x00007ff8daa90000 - 0x00007ff8dab9b000 	C:\WINDOWS\System32\gdi32full.dll
0x00007ff8db950000 - 0x00007ff8db9ee000 	C:\WINDOWS\System32\msvcrt.dll
0x00007ff8da940000 - 0x00007ff8da9dd000 	C:\WINDOWS\System32\msvcp_win.dll
0x00007ff8db380000 - 0x00007ff8db3b0000 	C:\WINDOWS\System32\IMM32.DLL
0x00007ff8a6ba0000 - 0x00007ff8a6c3d000 	D:\Programs\Android Studio\jre\bin\msvcp140.dll
0x00007ff893690000 - 0x00007ff89415f000 	D:\Programs\Android Studio\jre\bin\server\jvm.dll
0x00007ff8db0e0000 - 0x00007ff8db18c000 	C:\WINDOWS\System32\ADVAPI32.dll
0x00007ff8dce80000 - 0x00007ff8dcf1b000 	C:\WINDOWS\System32\sechost.dll
0x00007ff8dcf20000 - 0x00007ff8dd04a000 	C:\WINDOWS\System32\RPCRT4.dll
0x00007ff8db940000 - 0x00007ff8db948000 	C:\WINDOWS\System32\PSAPI.DLL
0x00007ff8cb8d0000 - 0x00007ff8cb8d9000 	C:\WINDOWS\SYSTEM32\WSOCK32.dll
0x00007ff8cda90000 - 0x00007ff8cdab7000 	C:\WINDOWS\SYSTEM32\WINMM.dll
0x00007ff8ce320000 - 0x00007ff8ce32a000 	C:\WINDOWS\SYSTEM32\VERSION.dll
0x00007ff8dc760000 - 0x00007ff8dc7cb000 	C:\WINDOWS\System32\WS2_32.dll
0x00007ff8d8670000 - 0x00007ff8d8682000 	C:\WINDOWS\SYSTEM32\kernel.appcore.dll
0x00007ff8d6670000 - 0x00007ff8d6681000 	D:\Programs\Android Studio\jre\bin\verify.dll
0x00007ff8d3c20000 - 0x00007ff8d3e04000 	C:\WINDOWS\SYSTEM32\DBGHELP.DLL
0x00007ff8c93b0000 - 0x00007ff8c93dc000 	C:\WINDOWS\SYSTEM32\dbgcore.DLL
0x00007ff8db050000 - 0x00007ff8db0d3000 	C:\WINDOWS\System32\bcryptPrimitives.dll
0x00007ff8d4b30000 - 0x00007ff8d4b59000 	D:\Programs\Android Studio\jre\bin\java.dll
0x00007ff8d6610000 - 0x00007ff8d661b000 	D:\Programs\Android Studio\jre\bin\jimage.dll
0x00007ff8d4d70000 - 0x00007ff8d4d88000 	D:\Programs\Android Studio\jre\bin\zip.dll
0x00007ff8dc020000 - 0x00007ff8dc75f000 	C:\WINDOWS\System32\SHELL32.dll
0x00007ff8d8870000 - 0x00007ff8d9000000 	C:\WINDOWS\SYSTEM32\windows.storage.dll
0x00007ff8dc7d0000 - 0x00007ff8dcb25000 	C:\WINDOWS\System32\combase.dll
0x00007ff8da120000 - 0x00007ff8da14e000 	C:\WINDOWS\SYSTEM32\Wldp.dll
0x00007ff8db270000 - 0x00007ff8db31d000 	C:\WINDOWS\System32\SHCORE.dll
0x00007ff8db320000 - 0x00007ff8db375000 	C:\WINDOWS\System32\shlwapi.dll
0x00007ff8da6f0000 - 0x00007ff8da70f000 	C:\WINDOWS\SYSTEM32\profapi.dll
0x00007ff8d4630000 - 0x00007ff8d464a000 	D:\Programs\Android Studio\jre\bin\net.dll
0x00007ff8ce910000 - 0x00007ff8cea1c000 	C:\WINDOWS\SYSTEM32\WINHTTP.dll
0x00007ff8d9f00000 - 0x00007ff8d9f6a000 	C:\WINDOWS\system32\mswsock.dll
0x00007ff8d4550000 - 0x00007ff8d4564000 	D:\Programs\Android Studio\jre\bin\nio.dll
0x00007ff8c3310000 - 0x00007ff8c3337000 	C:\Users\phung\.gradle\native\8bec1ad78214c89d9ad589b4d07fe93259594b29d510b10fafb7a158f7737e5d\windows-amd64\native-platform.dll
0x00007ff8a6c40000 - 0x00007ff8a6d7d000 	C:\Users\phung\.gradle\native\53dbd7edfb1c66fb8903c78663c9afc45aea4f116125fa6feffd364cf09443e8\windows-amd64\native-platform-file-events.dll
0x00007ff8d65a0000 - 0x00007ff8d65aa000 	D:\Programs\Android Studio\jre\bin\management.dll
0x00007ff8d6150000 - 0x00007ff8d615c000 	D:\Programs\Android Studio\jre\bin\management_ext.dll
0x00007ff8da460000 - 0x00007ff8da478000 	C:\WINDOWS\SYSTEM32\CRYPTSP.dll
0x00007ff8d9830000 - 0x00007ff8d9864000 	C:\WINDOWS\system32\rsaenh.dll
0x00007ff8da7b0000 - 0x00007ff8da7d7000 	C:\WINDOWS\System32\bcrypt.dll
0x00007ff8da6b0000 - 0x00007ff8da6de000 	C:\WINDOWS\SYSTEM32\USERENV.dll
0x00007ff8da090000 - 0x00007ff8da09c000 	C:\WINDOWS\SYSTEM32\CRYPTBASE.dll
0x00007ff8d9bc0000 - 0x00007ff8d9bfb000 	C:\WINDOWS\SYSTEM32\IPHLPAPI.DLL
0x00007ff8db3d0000 - 0x00007ff8db3d8000 	C:\WINDOWS\System32\NSI.dll
0x00007ff8d2970000 - 0x00007ff8d2987000 	C:\WINDOWS\SYSTEM32\dhcpcsvc6.DLL
0x00007ff8d2610000 - 0x00007ff8d262d000 	C:\WINDOWS\SYSTEM32\dhcpcsvc.DLL
0x00007ff8d9c00000 - 0x00007ff8d9ccb000 	C:\WINDOWS\SYSTEM32\DNSAPI.dll

dbghelp: loaded successfully - version: 4.0.5 - missing functions: none
symbol engine: initialized successfully - sym options: 0x614 - pdb path: .;D:\Programs\Android Studio\jre\bin;C:\WINDOWS\SYSTEM32;C:\WINDOWS\WinSxS\amd64_microsoft.windows.common-controls_6595b64144ccf1df_6.0.19041.1110_none_60b5254171f9507e;D:\Programs\Android Studio\jre\bin\server;C:\Users\phung\.gradle\native\8bec1ad78214c89d9ad589b4d07fe93259594b29d510b10fafb7a158f7737e5d\windows-amd64;C:\Users\phung\.gradle\native\53dbd7edfb1c66fb8903c78663c9afc45aea4f116125fa6feffd364cf09443e8\windows-amd64

VM Arguments:
jvm_args: --add-opens=java.base/java.util=ALL-UNNAMED --add-opens=java.base/java.lang=ALL-UNNAMED --add-opens=java.base/java.lang.invoke=ALL-UNNAMED --add-opens=java.base/java.util=ALL-UNNAMED --add-opens=java.prefs/java.util.prefs=ALL-UNNAMED --add-opens=java.prefs/java.util.prefs=ALL-UNNAMED --add-opens=java.base/java.nio.charset=ALL-UNNAMED --add-opens=java.base/java.net=ALL-UNNAMED --add-opens=java.base/java.util.concurrent.atomic=ALL-UNNAMED -Xmx2048m -Dfile.encoding=UTF-8 -Duser.country=US -Duser.language=en -Duser.variant 
java_command: org.gradle.launcher.daemon.bootstrap.GradleDaemon 7.0.2
java_class_path (initial): C:\Users\phung\.gradle\wrapper\dists\gradle-7.0.2-bin\857tjihv64xamwrf0h14cai3r\gradle-7.0.2\lib\gradle-launcher-7.0.2.jar
Launcher Type: SUN_STANDARD

[Global flags]
     intx CICompilerCount                          = 3                                         {product} {ergonomic}
     uint ConcGCThreads                            = 1                                         {product} {ergonomic}
     uint G1ConcRefinementThreads                  = 4                                         {product} {ergonomic}
   size_t G1HeapRegionSize                         = 1048576                                   {product} {ergonomic}
    uintx GCDrainStackTargetSize                   = 64                                        {product} {ergonomic}
   size_t InitialHeapSize                          = 134217728                                 {product} {ergonomic}
   size_t MarkStackSize                            = 4194304                                   {product} {ergonomic}
   size_t MaxHeapSize                              = 2147483648                                {product} {command line}
   size_t MaxNewSize                               = 1287651328                                {product} {ergonomic}
   size_t MinHeapDeltaBytes                        = 1048576                                   {product} {ergonomic}
    uintx NonNMethodCodeHeapSize                   = 5830732                                {pd product} {ergonomic}
    uintx NonProfiledCodeHeapSize                  = 122913754                              {pd product} {ergonomic}
    uintx ProfiledCodeHeapSize                     = 122913754                              {pd product} {ergonomic}
    uintx ReservedCodeCacheSize                    = 251658240                              {pd product} {ergonomic}
     bool SegmentedCodeCache                       = true                                      {product} {ergonomic}
     bool UseCompressedClassPointers               = true                                 {lp64_product} {ergonomic}
     bool UseCompressedOops                        = true                                 {lp64_product} {ergonomic}
     bool UseG1GC                                  = true                                      {product} {ergonomic}
     bool UseLargePagesIndividualAllocation        = false                                  {pd product} {ergonomic}

Logging:
Log output configuration:
 #0: stdout all=warning uptime,level,tags
 #1: stderr all=off uptime,level,tags

Environment Variables:
PATH=C:\Program Files (x86)\Common Files\Oracle\Java\javapath;C:\Program Files (x86)\NVIDIA Corporation\PhysX\Common;C:\WINDOWS\system32;C:\WINDOWS;C:\WINDOWS\System32\Wbem;C:\WINDOWS\System32\WindowsPowerShell\v1.0\;C:\WINDOWS\System32\OpenSSH\;C:\Program Files\mingw-w64\x86_64-8.1.0-win32-seh-rt_v6-rev0\mingw64\bin;D:\Programs\Git\cmd;C:\ProgramData\chocolatey\bin;;C:\Program Files\Docker\Docker\resources\bin;C:\ProgramData\DockerDesktop\version-bin;D:\Programs\Node.js\;C:\Users\phung\AppData\Local\Microsoft\WindowsApps;D:\Programs\IntelliJ IDEA Community Edition 2020.3.1\bin;;D:\Programs\GitHub CLI\;C:\Users\phung\AppData\Roaming\npm;C:\Program Files\RabbitMQ Server\rabbitmq_server-3.9.8\sbin;
USERNAME=Vu
OS=Windows_NT
PROCESSOR_IDENTIFIER=Intel64 Family 6 Model 61 Stepping 4, GenuineIntel



---------------  S Y S T E M  ---------------

OS: Windows 10 , 64 bit Build 19041 (10.0.19041.1348)
OS uptime: 0 days 19:33 hours
Hyper-V role detected

CPU:total 4 (initial active 4) (2 cores per cpu, 2 threads per core) family 6 model 61 stepping 4 microcode 0x2d, cmov, cx8, fxsr, mmx, sse, sse2, sse3, ssse3, sse4.1, sse4.2, popcnt, avx, avx2, aes, clmul, erms, rtm, 3dnowpref, lzcnt, ht, tsc, tscinvbit, bmi1, bmi2, adx, fma

Memory: 4k page, system-wide physical 8072M (440M free)
TotalPageFile size 11072M (AvailPageFile size 2M)
current process WorkingSet (physical memory assigned to process): 362M, peak: 366M
current process commit charge ("private bytes"): 392M, peak: 394M

vm_info: OpenJDK 64-Bit Server VM (11.0.10+0-b96-7249189) for windows-amd64 JRE (11.0.10+0-b96-7249189), built on Mar 31 2021 21:44:00 by "builder" with MS VC++ 14.0 (VS2015)

END.
