#
# There is insufficient memory for the Java Runtime Environment to continue.
# Native memory allocation (malloc) failed to allocate 1052656 bytes for Chunk::new
# Possible reasons:
#   The system is out of physical RAM or swap space
#   The process is running with CompressedOops enabled, and the Java Heap may be blocking the growth of the native heap
# Possible solutions:
#   Reduce memory load on the system
#   Increase physical memory or swap space
#   Check if swap backing store is full
#   Decrease Java heap size (-Xmx/-Xms)
#   Decrease number of Java threads
#   Decrease Java thread stack sizes (-Xss)
#   Set larger code cache with -XX:ReservedCodeCacheSize=
#   JVM is running with Unscaled Compressed Oops mode in which the Java heap is
#     placed in the first 4GB address space. The Java Heap base address is the
#     maximum limit for the native heap growth. Please use -XX:HeapBaseMinAddress
#     to set the Java Heap base and to place the Java Heap above 4GB virtual address.
# This output file may be truncated or incomplete.
#
#  Out of Memory Error (./src/hotspot/share/memory/arena.cpp:197), pid=7552, tid=7972
#
# JRE version: OpenJDK Runtime Environment (11.0.10) (build 11.0.10+0-b96-7249189)
# Java VM: OpenJDK 64-Bit Server VM (11.0.10+0-b96-7249189, mixed mode, tiered, compressed oops, g1 gc, windows-amd64)
# No core dump will be written. Minidumps are not enabled by default on client versions of Windows
#

---------------  S U M M A R Y ------------

Command Line: --add-opens=java.base/java.util=ALL-UNNAMED --add-opens=java.base/java.lang=ALL-UNNAMED --add-opens=java.base/java.lang.invoke=ALL-UNNAMED --add-opens=java.base/java.util=ALL-UNNAMED --add-opens=java.prefs/java.util.prefs=ALL-UNNAMED --add-opens=java.prefs/java.util.prefs=ALL-UNNAMED --add-opens=java.base/java.nio.charset=ALL-UNNAMED --add-opens=java.base/java.net=ALL-UNNAMED --add-opens=java.base/java.util.concurrent.atomic=ALL-UNNAMED -Xmx2048m -Dfile.encoding=UTF-8 -Duser.country=US -Duser.language=en -Duser.variant org.gradle.launcher.daemon.bootstrap.GradleDaemon 7.0.2

Host: Intel(R) Core(TM) i5-5300U CPU @ 2.30GHz, 4 cores, 7G,  Windows 10 , 64 bit Build 19041 (10.0.19041.1348)
Time: Sun Nov 28 20:38:39 2021 SE Asia Standard Time elapsed time: 16156.588169 seconds (0d 4h 29m 16s)

---------------  T H R E A D  ---------------

Current thread (0x0000023834a5e800):  JavaThread "C2 CompilerThread1" daemon [_thread_in_native, id=7972, stack(0x000000a019400000,0x000000a019500000)]


Current CompileTask:
C2:16156588 25241       4       org.apache.xerces.impl.XMLNSDocumentScannerImpl::scanStartElement (873 bytes)

Stack: [0x000000a019400000,0x000000a019500000]
Native frames: (J=compiled Java code, j=interpreted, Vv=VM code, C=native code)
V  [jvm.dll+0x5ecfaa]
V  [jvm.dll+0x722bd5]
V  [jvm.dll+0x72412d]
V  [jvm.dll+0x7247e3]
V  [jvm.dll+0x242928]
V  [jvm.dll+0xbc4fc]
V  [jvm.dll+0xbca0c]
V  [jvm.dll+0x2b4fd4]
V  [jvm.dll+0x506028]
V  [jvm.dll+0x203253]
V  [jvm.dll+0x1fd07c]
V  [jvm.dll+0x1fa77f]
V  [jvm.dll+0x18354c]
V  [jvm.dll+0x208ee7]
V  [jvm.dll+0x207731]
V  [jvm.dll+0x6eb1cf]
V  [jvm.dll+0x6e3d45]
V  [jvm.dll+0x5ebe96]
C  [ucrtbase.dll+0x21bb2]
C  [KERNEL32.DLL+0x17034]
C  [ntdll.dll+0x52651]


---------------  P R O C E S S  ---------------

Threads class SMR info:
_java_thread_list=0x0000023834989e00, length=50, elements={
0x00000238170ac800, 0x0000023830c80000, 0x0000023830c81800, 0x0000023830c98000,
0x0000023830c99000, 0x0000023830c9b800, 0x0000023830c9e800, 0x0000023830ca7000,
0x0000023831669800, 0x000002383175f000, 0x0000023833e5b000, 0x0000023832856800,
0x000002383492d800, 0x0000023831b26800, 0x0000023831b23000, 0x0000023831b25800,
0x0000023831b24000, 0x0000023831b28000, 0x0000023831b22800, 0x0000023831b29000,
0x0000023834a54800, 0x0000023834a57000, 0x0000023834a56800, 0x0000023834a52000,
0x0000023834a59800, 0x00000238395e4000, 0x00000238395e2800, 0x00000238395e3000,
0x00000238395de000, 0x00000238395e4800, 0x00000238395df000, 0x00000238395e0000,
0x00000238395e6800, 0x00000238395ea800, 0x00000238395e7000, 0x00000238395e9800,
0x00000238395e8000, 0x00000238395eb800, 0x00000238395e9000, 0x00000238395e5800,
0x00000238395ec000, 0x00000238395ed000, 0x0000023834a58800, 0x0000023834a53000,
0x0000023834a5f800, 0x0000023834a60000, 0x0000023834a5d800, 0x0000023834a5c000,
0x0000023834a55800, 0x0000023834a5e800
}

Java Threads: ( => current thread )
  0x00000238170ac800 JavaThread "main" [_thread_blocked, id=6096, stack(0x000000a016400000,0x000000a016500000)]
  0x0000023830c80000 JavaThread "Reference Handler" daemon [_thread_blocked, id=416, stack(0x000000a016b00000,0x000000a016c00000)]
  0x0000023830c81800 JavaThread "Finalizer" daemon [_thread_blocked, id=992, stack(0x000000a016c00000,0x000000a016d00000)]
  0x0000023830c98000 JavaThread "Signal Dispatcher" daemon [_thread_blocked, id=10260, stack(0x000000a016d00000,0x000000a016e00000)]
  0x0000023830c99000 JavaThread "Attach Listener" daemon [_thread_blocked, id=4192, stack(0x000000a016e00000,0x000000a016f00000)]
  0x0000023830c9b800 JavaThread "Service Thread" daemon [_thread_blocked, id=4804, stack(0x000000a016f00000,0x000000a017000000)]
  0x0000023830c9e800 JavaThread "C2 CompilerThread0" daemon [_thread_in_native, id=3900, stack(0x000000a017000000,0x000000a017100000)]
  0x0000023830ca7000 JavaThread "C1 CompilerThread0" daemon [_thread_blocked, id=11664, stack(0x000000a017100000,0x000000a017200000)]
  0x0000023831669800 JavaThread "Sweeper thread" daemon [_thread_blocked, id=11952, stack(0x000000a017200000,0x000000a017300000)]
  0x000002383175f000 JavaThread "Common-Cleaner" daemon [_thread_blocked, id=6896, stack(0x000000a017300000,0x000000a017400000)]
  0x0000023833e5b000 JavaThread "Daemon health stats" [_thread_blocked, id=7820, stack(0x000000a017800000,0x000000a017900000)]
  0x0000023832856800 JavaThread "Incoming local TCP Connector on port 57849" [_thread_in_native, id=10412, stack(0x000000a017500000,0x000000a017600000)]
  0x000002383492d800 JavaThread "Daemon periodic checks" [_thread_blocked, id=7368, stack(0x000000a017900000,0x000000a017a00000)]
  0x0000023831b26800 JavaThread "Cache worker for file hash cache (C:\Users\phung\.gradle\caches\7.0.2\fileHashes)" [_thread_blocked, id=11292, stack(0x000000a018100000,0x000000a018200000)]
  0x0000023831b23000 JavaThread "File lock request listener" [_thread_in_native, id=12964, stack(0x000000a018200000,0x000000a018300000)]
  0x0000023831b25800 JavaThread "Cache worker for journal cache (C:\Users\phung\.gradle\caches\journal-1)" [_thread_blocked, id=12324, stack(0x000000a018400000,0x000000a018500000)]
  0x0000023831b24000 JavaThread "File watcher server" daemon [_thread_in_native, id=6016, stack(0x000000a018700000,0x000000a018800000)]
  0x0000023831b28000 JavaThread "File watcher consumer" daemon [_thread_blocked, id=4424, stack(0x000000a018800000,0x000000a018900000)]
  0x0000023831b22800 JavaThread "jar transforms" [_thread_blocked, id=10564, stack(0x000000a018900000,0x000000a018a00000)]
  0x0000023831b29000 JavaThread "jar transforms Thread 2" [_thread_blocked, id=5528, stack(0x000000a018a00000,0x000000a018b00000)]
  0x0000023834a54800 JavaThread "jar transforms Thread 3" [_thread_blocked, id=3508, stack(0x000000a018b00000,0x000000a018c00000)]
  0x0000023834a57000 JavaThread "jar transforms Thread 4" [_thread_blocked, id=9148, stack(0x000000a018c00000,0x000000a018d00000)]
  0x0000023834a56800 JavaThread "Cache worker for execution history cache (C:\Users\phung\.gradle\caches\7.0.2\executionHistory)" [_thread_blocked, id=13140, stack(0x000000a019000000,0x000000a019100000)]
  0x0000023834a52000 JavaThread "Cache worker for file content cache (C:\Users\phung\.gradle\caches\7.0.2\fileContent)" [_thread_blocked, id=5004, stack(0x000000a019100000,0x000000a019200000)]
  0x0000023834a59800 JavaThread "Memory manager" [_thread_blocked, id=1040, stack(0x000000a019800000,0x000000a019900000)]
  0x00000238395e4000 JavaThread "Daemon Thread 14" [_thread_blocked, id=7128, stack(0x000000a016100000,0x000000a016200000)]
  0x00000238395e2800 JavaThread "Handler for socket connection from /127.0.0.1:57849 to /127.0.0.1:53053" [_thread_in_native, id=9232, stack(0x000000a016200000,0x000000a016300000)]
  0x00000238395e3000 JavaThread "Cancel handler" [_thread_blocked, id=13168, stack(0x000000a016300000,0x000000a016400000)]
  0x00000238395de000 JavaThread "Daemon worker Thread 14" [_thread_in_native, id=7892, stack(0x000000a017a00000,0x000000a017b00000)]
  0x00000238395e4800 JavaThread "Asynchronous log dispatcher for DefaultDaemonConnection: socket connection from /127.0.0.1:57849 to /127.0.0.1:53053" [_thread_blocked, id=12956, stack(0x000000a017b00000,0x000000a017c00000)]
  0x00000238395df000 JavaThread "Stdin handler" [_thread_blocked, id=7244, stack(0x000000a017c00000,0x000000a017d00000)]
  0x00000238395e0000 JavaThread "Daemon client event forwarder" [_thread_blocked, id=1092, stack(0x000000a017d00000,0x000000a017e00000)]
  0x00000238395e6800 JavaThread "Cache worker for file hash cache (C:\Users\phung\AndroidStudioProjects\EmailApp\.gradle\7.0.2\fileHashes)" [_thread_blocked, id=10396, stack(0x000000a017e00000,0x000000a017f00000)]
  0x00000238395ea800 JavaThread "Cache worker for checksums cache (C:\Users\phung\AndroidStudioProjects\EmailApp\.gradle\checksums)" [_thread_blocked, id=10936, stack(0x000000a017f00000,0x000000a018000000)]
  0x00000238395e7000 JavaThread "Cache worker for cache directory md-supplier (C:\Users\phung\.gradle\caches\7.0.2\md-supplier)" [_thread_blocked, id=2644, stack(0x000000a018000000,0x000000a018100000)]
  0x00000238395e9800 JavaThread "Cache worker for cache directory md-rule (C:\Users\phung\.gradle\caches\7.0.2\md-rule)" [_thread_blocked, id=1308, stack(0x000000a018500000,0x000000a018600000)]
  0x00000238395e8000 JavaThread "Cache worker for dependencies-accessors (C:\Users\phung\AndroidStudioProjects\EmailApp\.gradle\7.0.2\dependencies-accessors)" [_thread_blocked, id=6344, stack(0x000000a018600000,0x000000a018700000)]
  0x00000238395eb800 JavaThread "Cache worker for Build Output Cleanup Cache (C:\Users\phung\AndroidStudioProjects\EmailApp\.gradle\buildOutputCleanup)" [_thread_blocked, id=12016, stack(0x000000a018d00000,0x000000a018e00000)]
  0x00000238395e9000 JavaThread "Build operations" [_thread_blocked, id=9420, stack(0x000000a018e00000,0x000000a018f00000)]
  0x00000238395e5800 JavaThread "Build operations Thread 2" [_thread_blocked, id=5628, stack(0x000000a018f00000,0x000000a019000000)]
  0x00000238395ec000 JavaThread "Build operations Thread 3" [_thread_blocked, id=8436, stack(0x000000a019200000,0x000000a019300000)]
  0x00000238395ed000 JavaThread "Build operations Thread 4" [_thread_blocked, id=1756, stack(0x000000a019300000,0x000000a019400000)]
  0x0000023834a58800 JavaThread "build event listener" [_thread_blocked, id=12304, stack(0x000000a019500000,0x000000a019600000)]
  0x0000023834a53000 JavaThread "Execution worker for ':'" [_thread_blocked, id=7712, stack(0x000000a019600000,0x000000a019700000)]
  0x0000023834a5f800 JavaThread "Execution worker for ':' Thread 2" [_thread_blocked, id=11348, stack(0x000000a019700000,0x000000a019800000)]
  0x0000023834a60000 JavaThread "Execution worker for ':' Thread 3" [_thread_blocked, id=11588, stack(0x000000a019900000,0x000000a019a00000)]
  0x0000023834a5d800 JavaThread "Cache worker for execution history cache (C:\Users\phung\AndroidStudioProjects\EmailApp\.gradle\7.0.2\executionHistory)" [_thread_blocked, id=1528, stack(0x000000a019a00000,0x000000a019b00000)]
  0x0000023834a5c000 JavaThread "WorkerExecutor Queue" [_thread_blocked, id=12696, stack(0x000000a019b00000,0x000000a019c00000)]
  0x0000023834a55800 JavaThread "WorkerExecutor Queue Thread 2" [_thread_blocked, id=9744, stack(0x000000a019c00000,0x000000a019d00000)]
=>0x0000023834a5e800 JavaThread "C2 CompilerThread1" daemon [_thread_in_native, id=7972, stack(0x000000a019400000,0x000000a019500000)]

Other Threads:
  0x0000023830c7c800 VMThread "VM Thread" [stack: 0x000000a016a00000,0x000000a016b00000] [id=9116]
  0x0000023831794800 WatcherThread [stack: 0x000000a017400000,0x000000a017500000] [id=5196]
  0x00000238170c5000 GCTaskThread "GC Thread#0" [stack: 0x000000a016500000,0x000000a016600000] [id=12928]
  0x0000023831b0e800 GCTaskThread "GC Thread#1" [stack: 0x000000a017600000,0x000000a017700000] [id=13000]
  0x000002383189e000 GCTaskThread "GC Thread#2" [stack: 0x000000a017700000,0x000000a017800000] [id=2584]
  0x0000023832f80800 GCTaskThread "GC Thread#3" [stack: 0x000000a018300000,0x000000a018400000] [id=9916]
  0x00000238170f5800 ConcurrentGCThread "G1 Main Marker" [stack: 0x000000a016600000,0x000000a016700000] [id=2168]
  0x00000238170f7000 ConcurrentGCThread "G1 Conc#0" [stack: 0x000000a016700000,0x000000a016800000] [id=5916]
  0x0000023817187000 ConcurrentGCThread "G1 Refine#0" [stack: 0x000000a016800000,0x000000a016900000] [id=4172]
  0x0000023817188000 ConcurrentGCThread "G1 Young RemSet Sampling" [stack: 0x000000a016900000,0x000000a016a00000] [id=2808]

Threads with active compile tasks:
C2 CompilerThread016156652 25283       4       org.apache.xerces.dom.NodeImpl::setUserData (12 bytes)
C2 CompilerThread116156652 25241       4       org.apache.xerces.impl.XMLNSDocumentScannerImpl::scanStartElement (873 bytes)

VM state:not at safepoint (normal execution)

VM Mutex/Monitor currently owned by a thread: None

Heap address: 0x0000000080000000, size: 2048 MB, Compressed Oops mode: 32-bit
Narrow klass base: 0x0000000000000000, Narrow klass shift: 3
Compressed class space size: 1073741824 Address: 0x0000000100000000

Heap:
 garbage-first heap   total 189440K, used 131033K [0x0000000080000000, 0x0000000100000000)
  region size 1024K, 18 young (18432K), 6 survivors (6144K)
 Metaspace       used 141687K, capacity 145894K, committed 147876K, reserved 1177600K
  class space    used 17805K, capacity 19375K, committed 19876K, reserved 1048576K
Heap Regions: E=young(eden), S=young(survivor), O=old, HS=humongous(starts), HC=humongous(continues), CS=collection set, F=free, A=archive, TAMS=top-at-mark-start (previous, next)
|   0|0x0000000080000000, 0x0000000080100000, 0x0000000080100000|100%| O|  |TAMS 0x0000000080100000, 0x0000000080000000| Untracked 
|   1|0x0000000080100000, 0x0000000080200000, 0x0000000080200000|100%| O|  |TAMS 0x0000000080200000, 0x0000000080100000| Untracked 
|   2|0x0000000080200000, 0x0000000080300000, 0x0000000080300000|100%| O|  |TAMS 0x0000000080300000, 0x0000000080200000| Untracked 
|   3|0x0000000080300000, 0x0000000080400000, 0x0000000080400000|100%|HS|  |TAMS 0x0000000080400000, 0x0000000080300000| Complete 
|   4|0x0000000080400000, 0x0000000080500000, 0x0000000080500000|100%|HC|  |TAMS 0x0000000080500000, 0x0000000080400000| Complete 
|   5|0x0000000080500000, 0x0000000080600000, 0x0000000080600000|100%|HC|  |TAMS 0x0000000080600000, 0x0000000080500000| Complete 
|   6|0x0000000080600000, 0x0000000080700000, 0x0000000080700000|100%| O|  |TAMS 0x0000000080700000, 0x0000000080600000| Untracked 
|   7|0x0000000080700000, 0x0000000080800000, 0x0000000080800000|100%| O|  |TAMS 0x0000000080800000, 0x0000000080700000| Complete 
|   8|0x0000000080800000, 0x0000000080900000, 0x0000000080900000|100%| O|  |TAMS 0x0000000080900000, 0x0000000080800000| Untracked 
|   9|0x0000000080900000, 0x0000000080a00000, 0x0000000080a00000|100%|HS|  |TAMS 0x0000000080a00000, 0x0000000080900000| Complete 
|  10|0x0000000080a00000, 0x0000000080b00000, 0x0000000080b00000|100%|HC|  |TAMS 0x0000000080b00000, 0x0000000080a00000| Complete 
|  11|0x0000000080b00000, 0x0000000080c00000, 0x0000000080c00000|100%|HS|  |TAMS 0x0000000080c00000, 0x0000000080b00000| Complete 
|  12|0x0000000080c00000, 0x0000000080d00000, 0x0000000080d00000|100%|HC|  |TAMS 0x0000000080d00000, 0x0000000080c00000| Complete 
|  13|0x0000000080d00000, 0x0000000080e00000, 0x0000000080e00000|100%|HC|  |TAMS 0x0000000080e00000, 0x0000000080d00000| Complete 
|  14|0x0000000080e00000, 0x0000000080f00000, 0x0000000080f00000|100%|HS|  |TAMS 0x0000000080f00000, 0x0000000080e00000| Complete 
|  15|0x0000000080f00000, 0x0000000081000000, 0x0000000081000000|100%|HC|  |TAMS 0x0000000081000000, 0x0000000080f00000| Complete 
|  16|0x0000000081000000, 0x0000000081100000, 0x0000000081100000|100%|HC|  |TAMS 0x0000000081100000, 0x0000000081000000| Complete 
|  17|0x0000000081100000, 0x0000000081200000, 0x0000000081200000|100%|HC|  |TAMS 0x0000000081200000, 0x0000000081100000| Complete 
|  18|0x0000000081200000, 0x0000000081300000, 0x0000000081300000|100%|HC|  |TAMS 0x0000000081300000, 0x0000000081200000| Complete 
|  19|0x0000000081300000, 0x0000000081400000, 0x0000000081400000|100%| O|  |TAMS 0x0000000081400000, 0x0000000081300000| Untracked 
|  20|0x0000000081400000, 0x0000000081500000, 0x0000000081500000|100%| O|  |TAMS 0x0000000081500000, 0x0000000081400000| Untracked 
|  21|0x0000000081500000, 0x0000000081600000, 0x0000000081600000|100%| O|  |TAMS 0x0000000081600000, 0x0000000081500000| Untracked 
|  22|0x0000000081600000, 0x0000000081700000, 0x0000000081700000|100%| O|  |TAMS 0x0000000081700000, 0x0000000081600000| Complete 
|  23|0x0000000081700000, 0x0000000081800000, 0x0000000081800000|100%| O|  |TAMS 0x0000000081800000, 0x0000000081700000| Complete 
|  24|0x0000000081800000, 0x0000000081900000, 0x0000000081900000|100%| O|  |TAMS 0x0000000081900000, 0x0000000081800000| Complete 
|  25|0x0000000081900000, 0x0000000081a00000, 0x0000000081a00000|100%| O|  |TAMS 0x0000000081a00000, 0x0000000081900000| Untracked 
|  26|0x0000000081a00000, 0x0000000081b00000, 0x0000000081b00000|100%|HS|  |TAMS 0x0000000081b00000, 0x0000000081a00000| Complete 
|  27|0x0000000081b00000, 0x0000000081c00000, 0x0000000081c00000|100%|HC|  |TAMS 0x0000000081c00000, 0x0000000081b00000| Complete 
|  28|0x0000000081c00000, 0x0000000081d00000, 0x0000000081d00000|100%|HC|  |TAMS 0x0000000081d00000, 0x0000000081c00000| Complete 
|  29|0x0000000081d00000, 0x0000000081e00000, 0x0000000081e00000|100%| O|  |TAMS 0x0000000081e00000, 0x0000000081d00000| Untracked 
|  30|0x0000000081e00000, 0x0000000081f00000, 0x0000000081f00000|100%| O|  |TAMS 0x0000000081f00000, 0x0000000081e00000| Untracked 
|  31|0x0000000081f00000, 0x0000000082000000, 0x0000000082000000|100%| O|  |TAMS 0x0000000082000000, 0x0000000081f00000| Complete 
|  32|0x0000000082000000, 0x0000000082100000, 0x0000000082100000|100%| O|  |TAMS 0x0000000082100000, 0x0000000082000000| Complete 
|  33|0x0000000082100000, 0x0000000082200000, 0x0000000082200000|100%| O|  |TAMS 0x0000000082200000, 0x0000000082100000| Complete 
|  34|0x0000000082200000, 0x0000000082300000, 0x0000000082300000|100%|HS|  |TAMS 0x0000000082300000, 0x0000000082200000| Complete 
|  35|0x0000000082300000, 0x0000000082400000, 0x0000000082400000|100%|HC|  |TAMS 0x0000000082400000, 0x0000000082300000| Complete 
|  36|0x0000000082400000, 0x0000000082500000, 0x0000000082500000|100%|HC|  |TAMS 0x0000000082500000, 0x0000000082400000| Complete 
|  37|0x0000000082500000, 0x0000000082600000, 0x0000000082600000|100%|HC|  |TAMS 0x0000000082600000, 0x0000000082500000| Complete 
|  38|0x0000000082600000, 0x0000000082700000, 0x0000000082700000|100%|HC|  |TAMS 0x0000000082700000, 0x0000000082600000| Complete 
|  39|0x0000000082700000, 0x0000000082800000, 0x0000000082800000|100%| O|  |TAMS 0x0000000082800000, 0x0000000082700000| Complete 
|  40|0x0000000082800000, 0x0000000082900000, 0x0000000082900000|100%| O|  |TAMS 0x0000000082900000, 0x0000000082800000| Complete 
|  41|0x0000000082900000, 0x0000000082a00000, 0x0000000082a00000|100%| O|  |TAMS 0x0000000082a00000, 0x0000000082900000| Untracked 
|  42|0x0000000082a00000, 0x0000000082b00000, 0x0000000082b00000|100%| O|  |TAMS 0x0000000082b00000, 0x0000000082a00000| Complete 
|  43|0x0000000082b00000, 0x0000000082c00000, 0x0000000082c00000|100%| O|  |TAMS 0x0000000082c00000, 0x0000000082b00000| Complete 
|  44|0x0000000082c00000, 0x0000000082d00000, 0x0000000082d00000|100%| O|  |TAMS 0x0000000082d00000, 0x0000000082c00000| Untracked 
|  45|0x0000000082d00000, 0x0000000082e00000, 0x0000000082e00000|100%| O|  |TAMS 0x0000000082e00000, 0x0000000082d00000| Complete 
|  46|0x0000000082e00000, 0x0000000082f00000, 0x0000000082f00000|100%| O|  |TAMS 0x0000000082f00000, 0x0000000082e00000| Untracked 
|  47|0x0000000082f00000, 0x0000000083000000, 0x0000000083000000|100%| O|  |TAMS 0x0000000083000000, 0x0000000082f00000| Untracked 
|  48|0x0000000083000000, 0x0000000083100000, 0x0000000083100000|100%| O|  |TAMS 0x0000000083100000, 0x0000000083000000| Complete 
|  49|0x0000000083100000, 0x0000000083200000, 0x0000000083200000|100%| O|  |TAMS 0x0000000083200000, 0x0000000083100000| Complete 
|  50|0x0000000083200000, 0x0000000083300000, 0x0000000083300000|100%| O|  |TAMS 0x0000000083300000, 0x0000000083200000| Untracked 
|  51|0x0000000083300000, 0x0000000083400000, 0x0000000083400000|100%|HS|  |TAMS 0x0000000083400000, 0x0000000083300000| Complete 
|  52|0x0000000083400000, 0x0000000083500000, 0x0000000083500000|100%|HS|  |TAMS 0x0000000083500000, 0x0000000083400000| Complete 
|  53|0x0000000083500000, 0x0000000083600000, 0x0000000083600000|100%| O|  |TAMS 0x0000000083600000, 0x0000000083500000| Complete 
|  54|0x0000000083600000, 0x0000000083700000, 0x0000000083700000|100%|HS|  |TAMS 0x0000000083700000, 0x0000000083600000| Complete 
|  55|0x0000000083700000, 0x0000000083800000, 0x0000000083800000|100%|HC|  |TAMS 0x0000000083800000, 0x0000000083700000| Complete 
|  56|0x0000000083800000, 0x0000000083900000, 0x0000000083900000|100%| O|  |TAMS 0x0000000083900000, 0x0000000083800000| Complete 
|  57|0x0000000083900000, 0x0000000083a00000, 0x0000000083a00000|100%| O|  |TAMS 0x0000000083a00000, 0x0000000083900000| Complete 
|  58|0x0000000083a00000, 0x0000000083b00000, 0x0000000083b00000|100%| O|  |TAMS 0x0000000083b00000, 0x0000000083a00000| Untracked 
|  59|0x0000000083b00000, 0x0000000083c00000, 0x0000000083c00000|100%| O|  |TAMS 0x0000000083c00000, 0x0000000083b00000| Untracked 
|  60|0x0000000083c00000, 0x0000000083d00000, 0x0000000083d00000|100%| O|  |TAMS 0x0000000083d00000, 0x0000000083c00000| Complete 
|  61|0x0000000083d00000, 0x0000000083e00000, 0x0000000083e00000|100%| O|  |TAMS 0x0000000083e00000, 0x0000000083d00000| Untracked 
|  62|0x0000000083e00000, 0x0000000083f00000, 0x0000000083f00000|100%| O|  |TAMS 0x0000000083f00000, 0x0000000083e00000| Complete 
|  63|0x0000000083f00000, 0x0000000084000000, 0x0000000084000000|100%| O|  |TAMS 0x0000000084000000, 0x0000000083f00000| Complete 
|  64|0x0000000084000000, 0x0000000084100000, 0x0000000084100000|100%| O|  |TAMS 0x0000000084100000, 0x0000000084000000| Untracked 
|  65|0x0000000084100000, 0x0000000084200000, 0x0000000084200000|100%| O|  |TAMS 0x0000000084200000, 0x0000000084100000| Complete 
|  66|0x0000000084200000, 0x0000000084300000, 0x0000000084300000|100%| O|  |TAMS 0x0000000084300000, 0x0000000084200000| Complete 
|  67|0x0000000084300000, 0x0000000084400000, 0x0000000084400000|100%| O|  |TAMS 0x0000000084400000, 0x0000000084300000| Complete 
|  68|0x0000000084400000, 0x0000000084500000, 0x0000000084500000|100%| O|  |TAMS 0x0000000084500000, 0x0000000084400000| Complete 
|  69|0x0000000084500000, 0x0000000084600000, 0x0000000084600000|100%| O|  |TAMS 0x0000000084600000, 0x0000000084500000| Complete 
|  70|0x0000000084600000, 0x0000000084700000, 0x0000000084700000|100%| O|  |TAMS 0x0000000084700000, 0x0000000084600000| Untracked 
|  71|0x0000000084700000, 0x0000000084800000, 0x0000000084800000|100%| O|  |TAMS 0x0000000084800000, 0x0000000084700000| Complete 
|  72|0x0000000084800000, 0x0000000084900000, 0x0000000084900000|100%| O|  |TAMS 0x0000000084900000, 0x0000000084800000| Complete 
|  73|0x0000000084900000, 0x0000000084a00000, 0x0000000084a00000|100%| O|  |TAMS 0x0000000084a00000, 0x0000000084900000| Untracked 
|  74|0x0000000084a00000, 0x0000000084b00000, 0x0000000084b00000|100%| O|  |TAMS 0x0000000084b00000, 0x0000000084a00000| Untracked 
|  75|0x0000000084b00000, 0x0000000084c00000, 0x0000000084c00000|100%| O|  |TAMS 0x0000000084c00000, 0x0000000084b00000| Complete 
|  76|0x0000000084c00000, 0x0000000084d00000, 0x0000000084d00000|100%| O|  |TAMS 0x0000000084d00000, 0x0000000084c00000| Untracked 
|  77|0x0000000084d00000, 0x0000000084e00000, 0x0000000084e00000|100%| O|  |TAMS 0x0000000084e00000, 0x0000000084d00000| Complete 
|  78|0x0000000084e00000, 0x0000000084f00000, 0x0000000084f00000|100%| O|  |TAMS 0x0000000084f00000, 0x0000000084e00000| Complete 
|  79|0x0000000084f00000, 0x0000000085000000, 0x0000000085000000|100%| O|  |TAMS 0x0000000085000000, 0x0000000084f00000| Untracked 
|  80|0x0000000085000000, 0x0000000085100000, 0x0000000085100000|100%| O|  |TAMS 0x0000000085100000, 0x0000000085000000| Complete 
|  81|0x0000000085100000, 0x0000000085200000, 0x0000000085200000|100%| O|  |TAMS 0x0000000085200000, 0x0000000085100000| Untracked 
|  82|0x0000000085200000, 0x0000000085300000, 0x0000000085300000|100%| O|  |TAMS 0x0000000085300000, 0x0000000085200000| Complete 
|  83|0x0000000085300000, 0x0000000085400000, 0x0000000085400000|100%| O|  |TAMS 0x0000000085400000, 0x0000000085300000| Complete 
|  84|0x0000000085400000, 0x0000000085500000, 0x0000000085500000|100%| O|  |TAMS 0x0000000085500000, 0x0000000085400000| Untracked 
|  85|0x0000000085500000, 0x0000000085600000, 0x0000000085600000|100%| O|  |TAMS 0x0000000085600000, 0x0000000085500000| Untracked 
|  86|0x0000000085600000, 0x0000000085700000, 0x0000000085700000|100%| O|  |TAMS 0x0000000085700000, 0x0000000085600000| Untracked 
|  87|0x0000000085700000, 0x0000000085800000, 0x0000000085800000|100%| O|  |TAMS 0x0000000085800000, 0x0000000085700000| Untracked 
|  88|0x0000000085800000, 0x0000000085900000, 0x0000000085900000|100%| O|  |TAMS 0x0000000085900000, 0x0000000085800000| Untracked 
|  89|0x0000000085900000, 0x0000000085a00000, 0x0000000085a00000|100%| O|  |TAMS 0x0000000085a00000, 0x0000000085900000| Complete 
|  90|0x0000000085a00000, 0x0000000085b00000, 0x0000000085b00000|100%| O|  |TAMS 0x0000000085b00000, 0x0000000085a00000| Complete 
|  91|0x0000000085b00000, 0x0000000085c00000, 0x0000000085c00000|100%| O|  |TAMS 0x0000000085c00000, 0x0000000085b00000| Complete 
|  92|0x0000000085c00000, 0x0000000085c67000, 0x0000000085d00000| 40%| O|  |TAMS 0x0000000085c67000, 0x0000000085c00000| Untracked 
|  93|0x0000000085d00000, 0x0000000085e00000, 0x0000000085e00000|100%| O|  |TAMS 0x0000000085e00000, 0x0000000085d00000| Complete 
|  94|0x0000000085e00000, 0x0000000085e00000, 0x0000000085f00000|  0%| F|  |TAMS 0x0000000085e00000, 0x0000000085e00000| Untracked 
|  95|0x0000000085f00000, 0x0000000086000000, 0x0000000086000000|100%| O|  |TAMS 0x0000000086000000, 0x0000000085f00000| Untracked 
|  96|0x0000000086000000, 0x0000000086100000, 0x0000000086100000|100%| O|  |TAMS 0x0000000086100000, 0x0000000086000000| Untracked 
|  97|0x0000000086100000, 0x0000000086200000, 0x0000000086200000|100%| O|  |TAMS 0x0000000086200000, 0x0000000086100000| Complete 
|  98|0x0000000086200000, 0x0000000086300000, 0x0000000086300000|100%| O|  |TAMS 0x0000000086300000, 0x0000000086200000| Complete 
|  99|0x0000000086300000, 0x0000000086300000, 0x0000000086400000|  0%| F|  |TAMS 0x0000000086300000, 0x0000000086300000| Untracked 
| 100|0x0000000086400000, 0x0000000086500000, 0x0000000086500000|100%| O|  |TAMS 0x0000000086500000, 0x0000000086400000| Complete 
| 101|0x0000000086500000, 0x0000000086600000, 0x0000000086600000|100%| O|  |TAMS 0x0000000086600000, 0x0000000086500000| Untracked 
| 102|0x0000000086600000, 0x0000000086700000, 0x0000000086700000|100%| O|  |TAMS 0x0000000086700000, 0x0000000086600000| Untracked 
| 103|0x0000000086700000, 0x0000000086700000, 0x0000000086800000|  0%| F|  |TAMS 0x0000000086700000, 0x0000000086700000| Untracked 
| 104|0x0000000086800000, 0x0000000086900000, 0x0000000086900000|100%| O|  |TAMS 0x0000000086900000, 0x0000000086800000| Untracked 
| 105|0x0000000086900000, 0x0000000086900000, 0x0000000086a00000|  0%| F|  |TAMS 0x0000000086900000, 0x0000000086900000| Untracked 
| 106|0x0000000086a00000, 0x0000000086a00000, 0x0000000086b00000|  0%| F|  |TAMS 0x0000000086a00000, 0x0000000086a00000| Untracked 
| 107|0x0000000086b00000, 0x0000000086c00000, 0x0000000086c00000|100%| O|  |TAMS 0x0000000086c00000, 0x0000000086b00000| Complete 
| 108|0x0000000086c00000, 0x0000000086d00000, 0x0000000086d00000|100%| O|  |TAMS 0x0000000086d00000, 0x0000000086c00000| Complete 
| 109|0x0000000086d00000, 0x0000000086e00000, 0x0000000086e00000|100%| O|  |TAMS 0x0000000086e00000, 0x0000000086d00000| Untracked 
| 110|0x0000000086e00000, 0x0000000086f00000, 0x0000000086f00000|100%| O|  |TAMS 0x0000000086f00000, 0x0000000086e00000| Untracked 
| 111|0x0000000086f00000, 0x0000000087000000, 0x0000000087000000|100%| O|  |TAMS 0x0000000087000000, 0x0000000086f00000| Untracked 
| 112|0x0000000087000000, 0x0000000087100000, 0x0000000087100000|100%| O|  |TAMS 0x0000000087100000, 0x0000000087000000| Untracked 
| 113|0x0000000087100000, 0x0000000087200000, 0x0000000087200000|100%| O|  |TAMS 0x0000000087200000, 0x0000000087100000| Complete 
| 114|0x0000000087200000, 0x0000000087200000, 0x0000000087300000|  0%| F|  |TAMS 0x0000000087200000, 0x0000000087200000| Untracked 
| 115|0x0000000087300000, 0x0000000087400000, 0x0000000087400000|100%| O|  |TAMS 0x0000000087400000, 0x0000000087300000| Complete 
| 116|0x0000000087400000, 0x0000000087400000, 0x0000000087500000|  0%| F|  |TAMS 0x0000000087400000, 0x0000000087400000| Untracked 
| 117|0x0000000087500000, 0x0000000087500000, 0x0000000087600000|  0%| F|  |TAMS 0x0000000087500000, 0x0000000087500000| Untracked 
| 118|0x0000000087600000, 0x0000000087700000, 0x0000000087700000|100%| O|  |TAMS 0x0000000087700000, 0x0000000087600000| Complete 
| 119|0x0000000087700000, 0x0000000087700000, 0x0000000087800000|  0%| F|  |TAMS 0x0000000087700000, 0x0000000087700000| Untracked 
| 120|0x0000000087800000, 0x0000000087800000, 0x0000000087900000|  0%| F|  |TAMS 0x0000000087800000, 0x0000000087800000| Untracked 
| 121|0x0000000087900000, 0x0000000087900000, 0x0000000087a00000|  0%| F|  |TAMS 0x0000000087900000, 0x0000000087900000| Untracked 
| 122|0x0000000087a00000, 0x0000000087a00000, 0x0000000087b00000|  0%| F|  |TAMS 0x0000000087a00000, 0x0000000087a00000| Untracked 
| 123|0x0000000087b00000, 0x0000000087b00000, 0x0000000087c00000|  0%| F|  |TAMS 0x0000000087b00000, 0x0000000087b00000| Untracked 
| 124|0x0000000087c00000, 0x0000000087c00000, 0x0000000087d00000|  0%| F|  |TAMS 0x0000000087c00000, 0x0000000087c00000| Untracked 
| 125|0x0000000087d00000, 0x0000000087d00000, 0x0000000087e00000|  0%| F|  |TAMS 0x0000000087d00000, 0x0000000087d00000| Untracked 
| 126|0x0000000087e00000, 0x0000000087e00000, 0x0000000087f00000|  0%| F|  |TAMS 0x0000000087e00000, 0x0000000087e00000| Untracked 
| 127|0x0000000087f00000, 0x0000000087f00000, 0x0000000088000000|  0%| F|  |TAMS 0x0000000087f00000, 0x0000000087f00000| Untracked 
| 128|0x0000000088000000, 0x0000000088000000, 0x0000000088100000|  0%| F|  |TAMS 0x0000000088000000, 0x0000000088000000| Untracked 
| 129|0x0000000088100000, 0x0000000088100000, 0x0000000088200000|  0%| F|  |TAMS 0x0000000088100000, 0x0000000088100000| Untracked 
| 130|0x0000000088200000, 0x0000000088200000, 0x0000000088300000|  0%| F|  |TAMS 0x0000000088200000, 0x0000000088200000| Untracked 
| 131|0x0000000088300000, 0x0000000088400000, 0x0000000088400000|100%| O|  |TAMS 0x0000000088400000, 0x0000000088300000| Complete 
| 132|0x0000000088400000, 0x0000000088400000, 0x0000000088500000|  0%| F|  |TAMS 0x0000000088400000, 0x0000000088400000| Untracked 
| 133|0x0000000088500000, 0x0000000088500000, 0x0000000088600000|  0%| F|  |TAMS 0x0000000088500000, 0x0000000088500000| Untracked 
| 134|0x0000000088600000, 0x0000000088600000, 0x0000000088700000|  0%| F|  |TAMS 0x0000000088600000, 0x0000000088600000| Untracked 
| 135|0x0000000088700000, 0x0000000088700000, 0x0000000088800000|  0%| F|  |TAMS 0x0000000088700000, 0x0000000088700000| Untracked 
| 136|0x0000000088800000, 0x000000008888f7c8, 0x0000000088900000| 56%| S|CS|TAMS 0x0000000088800000, 0x0000000088800000| Complete 
| 137|0x0000000088900000, 0x0000000088a00000, 0x0000000088a00000|100%| S|CS|TAMS 0x0000000088900000, 0x0000000088900000| Complete 
| 138|0x0000000088a00000, 0x0000000088b00000, 0x0000000088b00000|100%| S|CS|TAMS 0x0000000088a00000, 0x0000000088a00000| Complete 
| 139|0x0000000088b00000, 0x0000000088c00000, 0x0000000088c00000|100%| S|CS|TAMS 0x0000000088b00000, 0x0000000088b00000| Complete 
| 140|0x0000000088c00000, 0x0000000088d00000, 0x0000000088d00000|100%| S|CS|TAMS 0x0000000088c00000, 0x0000000088c00000| Complete 
| 141|0x0000000088d00000, 0x0000000088e00000, 0x0000000088e00000|100%| S|CS|TAMS 0x0000000088d00000, 0x0000000088d00000| Complete 
| 142|0x0000000088e00000, 0x0000000088e00000, 0x0000000088f00000|  0%| F|  |TAMS 0x0000000088e00000, 0x0000000088e00000| Untracked 
| 143|0x0000000088f00000, 0x0000000088f00000, 0x0000000089000000|  0%| F|  |TAMS 0x0000000088f00000, 0x0000000088f00000| Untracked 
| 144|0x0000000089000000, 0x0000000089000000, 0x0000000089100000|  0%| F|  |TAMS 0x0000000089000000, 0x0000000089000000| Untracked 
| 145|0x0000000089100000, 0x0000000089100000, 0x0000000089200000|  0%| F|  |TAMS 0x0000000089100000, 0x0000000089100000| Untracked 
| 146|0x0000000089200000, 0x0000000089200000, 0x0000000089300000|  0%| F|  |TAMS 0x0000000089200000, 0x0000000089200000| Untracked 
| 147|0x0000000089300000, 0x0000000089300000, 0x0000000089400000|  0%| F|  |TAMS 0x0000000089300000, 0x0000000089300000| Untracked 
| 148|0x0000000089400000, 0x0000000089400000, 0x0000000089500000|  0%| F|  |TAMS 0x0000000089400000, 0x0000000089400000| Untracked 
| 149|0x0000000089500000, 0x0000000089500000, 0x0000000089600000|  0%| F|  |TAMS 0x0000000089500000, 0x0000000089500000| Untracked 
| 150|0x0000000089600000, 0x0000000089600000, 0x0000000089700000|  0%| F|  |TAMS 0x0000000089600000, 0x0000000089600000| Untracked 
| 151|0x0000000089700000, 0x0000000089700000, 0x0000000089800000|  0%| F|  |TAMS 0x0000000089700000, 0x0000000089700000| Untracked 
| 152|0x0000000089800000, 0x0000000089800000, 0x0000000089900000|  0%| F|  |TAMS 0x0000000089800000, 0x0000000089800000| Untracked 
| 153|0x0000000089900000, 0x0000000089900000, 0x0000000089a00000|  0%| F|  |TAMS 0x0000000089900000, 0x0000000089900000| Untracked 
| 154|0x0000000089a00000, 0x0000000089a00000, 0x0000000089b00000|  0%| F|  |TAMS 0x0000000089a00000, 0x0000000089a00000| Untracked 
| 155|0x0000000089b00000, 0x0000000089b00000, 0x0000000089c00000|  0%| F|  |TAMS 0x0000000089b00000, 0x0000000089b00000| Untracked 
| 156|0x0000000089c00000, 0x0000000089c00000, 0x0000000089d00000|  0%| F|  |TAMS 0x0000000089c00000, 0x0000000089c00000| Untracked 
| 157|0x0000000089d00000, 0x0000000089d00000, 0x0000000089e00000|  0%| F|  |TAMS 0x0000000089d00000, 0x0000000089d00000| Untracked 
| 158|0x0000000089e00000, 0x0000000089e00000, 0x0000000089f00000|  0%| F|  |TAMS 0x0000000089e00000, 0x0000000089e00000| Untracked 
| 159|0x0000000089f00000, 0x0000000089f00000, 0x000000008a000000|  0%| F|  |TAMS 0x0000000089f00000, 0x0000000089f00000| Untracked 
| 160|0x000000008a000000, 0x000000008a000000, 0x000000008a100000|  0%| F|  |TAMS 0x000000008a000000, 0x000000008a000000| Untracked 
| 161|0x000000008a100000, 0x000000008a100000, 0x000000008a200000|  0%| F|  |TAMS 0x000000008a100000, 0x000000008a100000| Untracked 
| 162|0x000000008a200000, 0x000000008a200000, 0x000000008a300000|  0%| F|  |TAMS 0x000000008a200000, 0x000000008a200000| Untracked 
| 163|0x000000008a300000, 0x000000008a300000, 0x000000008a400000|  0%| F|  |TAMS 0x000000008a300000, 0x000000008a300000| Untracked 
| 164|0x000000008a400000, 0x000000008a400000, 0x000000008a500000|  0%| F|  |TAMS 0x000000008a400000, 0x000000008a400000| Untracked 
| 165|0x000000008a500000, 0x000000008a500000, 0x000000008a600000|  0%| F|  |TAMS 0x000000008a500000, 0x000000008a500000| Untracked 
| 166|0x000000008a600000, 0x000000008a600000, 0x000000008a700000|  0%| F|  |TAMS 0x000000008a600000, 0x000000008a600000| Untracked 
| 167|0x000000008a700000, 0x000000008a700000, 0x000000008a800000|  0%| F|  |TAMS 0x000000008a700000, 0x000000008a700000| Untracked 
| 168|0x000000008a800000, 0x000000008a800000, 0x000000008a900000|  0%| F|  |TAMS 0x000000008a800000, 0x000000008a800000| Untracked 
| 169|0x000000008a900000, 0x000000008a900000, 0x000000008aa00000|  0%| F|  |TAMS 0x000000008a900000, 0x000000008a900000| Untracked 
| 170|0x000000008aa00000, 0x000000008aa00000, 0x000000008ab00000|  0%| F|  |TAMS 0x000000008aa00000, 0x000000008aa00000| Untracked 
| 171|0x000000008ab00000, 0x000000008ab00000, 0x000000008ac00000|  0%| F|  |TAMS 0x000000008ab00000, 0x000000008ab00000| Untracked 
| 172|0x000000008ac00000, 0x000000008ac00000, 0x000000008ad00000|  0%| F|  |TAMS 0x000000008ac00000, 0x000000008ac00000| Untracked 
| 173|0x000000008ad00000, 0x000000008ae00000, 0x000000008ae00000|100%| E|  |TAMS 0x000000008ad00000, 0x000000008ad00000| Complete 
| 174|0x000000008ae00000, 0x000000008af00000, 0x000000008af00000|100%| E|CS|TAMS 0x000000008ae00000, 0x000000008ae00000| Complete 
| 175|0x000000008af00000, 0x000000008b000000, 0x000000008b000000|100%| E|CS|TAMS 0x000000008af00000, 0x000000008af00000| Complete 
| 176|0x000000008b000000, 0x000000008b100000, 0x000000008b100000|100%| E|CS|TAMS 0x000000008b000000, 0x000000008b000000| Complete 
| 177|0x000000008b100000, 0x000000008b200000, 0x000000008b200000|100%| E|CS|TAMS 0x000000008b100000, 0x000000008b100000| Complete 
| 178|0x000000008b200000, 0x000000008b300000, 0x000000008b300000|100%| E|CS|TAMS 0x000000008b200000, 0x000000008b200000| Complete 
| 179|0x000000008b300000, 0x000000008b400000, 0x000000008b400000|100%| E|CS|TAMS 0x000000008b300000, 0x000000008b300000| Complete 
| 180|0x000000008b400000, 0x000000008b500000, 0x000000008b500000|100%| E|CS|TAMS 0x000000008b400000, 0x000000008b400000| Complete 
| 181|0x000000008b500000, 0x000000008b600000, 0x000000008b600000|100%| E|CS|TAMS 0x000000008b500000, 0x000000008b500000| Complete 
| 182|0x000000008b600000, 0x000000008b700000, 0x000000008b700000|100%| E|CS|TAMS 0x000000008b600000, 0x000000008b600000| Complete 
| 183|0x000000008b700000, 0x000000008b800000, 0x000000008b800000|100%| E|CS|TAMS 0x000000008b700000, 0x000000008b700000| Complete 
| 184|0x000000008b800000, 0x000000008b900000, 0x000000008b900000|100%| E|CS|TAMS 0x000000008b800000, 0x000000008b800000| Complete 

Card table byte_map: [0x0000023829fa0000,0x000002382a3a0000] _byte_map_base: 0x0000023829ba0000

Marking Bits (Prev, Next): (CMBitMap*) 0x00000238170ecc90, (CMBitMap*) 0x00000238170ecc58
 Prev Bits: [0x000002382c7a0000, 0x000002382e7a0000)
 Next Bits: [0x000002382a7a0000, 0x000002382c7a0000)

Polling page: 0x0000023815090000

Metaspace:

Usage:
  Non-class:    123.55 MB capacity,   120.98 MB ( 98%) used,     2.11 MB (  2%) free+waste,   476.44 KB ( <1%) overhead. 
      Class:     18.92 MB capacity,    17.39 MB ( 92%) used,     1.32 MB (  7%) free+waste,   215.56 KB (  1%) overhead. 
       Both:    142.47 MB capacity,   138.37 MB ( 97%) used,     3.43 MB (  2%) free+waste,   692.00 KB ( <1%) overhead. 

Virtual space:
  Non-class space:      126.00 MB reserved,     125.00 MB (>99%) committed 
      Class space:        1.00 GB reserved,      19.41 MB (  2%) committed 
             Both:        1.12 GB reserved,     144.41 MB ( 13%) committed 

Chunk freelists:
   Non-Class:  1.45 MB
       Class:  433.00 KB
        Both:  1.87 MB

MaxMetaspaceSize: 17179869184.00 GB
CompressedClassSpaceSize: 1.00 GB

CodeHeap 'non-profiled nmethods': size=120064Kb used=20045Kb max_used=20045Kb free=100019Kb
 bounds [0x0000023822660000, 0x0000023823a00000, 0x0000023829ba0000]
CodeHeap 'profiled nmethods': size=120000Kb used=50377Kb max_used=50377Kb free=69622Kb
 bounds [0x000002381b130000, 0x000002381e290000, 0x0000023822660000]
CodeHeap 'non-nmethods': size=5696Kb used=2341Kb max_used=2448Kb free=3355Kb
 bounds [0x000002381aba0000, 0x000002381ae30000, 0x000002381b130000]
 total_blobs=23799 nmethods=22837 adapters=871
 compilation: enabled
              stopped_count=0, restarted_count=0
 full_count=0

Compilation events (20 events):
Event: 16156.489 Thread 0x0000023830ca7000 nmethod 25257 0x000002381e270c90 code [0x000002381e270f80, 0x000002381e2723d8]
Event: 16156.492 Thread 0x0000023830c9e800 nmethod 25242 0x00000238239f0f10 code [0x00000238239f1100, 0x00000238239f1ec8]
Event: 16156.492 Thread 0x0000023830c9e800 25244       4       org.apache.xerces.parsers.XML11Configuration::addRecognizedParamsAndSetDefaults (165 bytes)
Event: 16156.510 Thread 0x0000023830ca7000 25259   !   3       org.apache.xerces.impl.XMLEntityManager::endEntity (166 bytes)
Event: 16156.513 Thread 0x0000023830ca7000 nmethod 25259 0x000002381e272810 code [0x000002381e272ba0, 0x000002381e2754e8]
Event: 16156.537 Thread 0x0000023830ca7000 25260       3       org.apache.xerces.impl.XMLVersionDetector::reset (72 bytes)
Event: 16156.537 Thread 0x0000023830ca7000 nmethod 25260 0x000002381e275f10 code [0x000002381e276120, 0x000002381e276948]
Event: 16156.538 Thread 0x0000023830ca7000 25261       3       java.util.WeakHashMap::resize (86 bytes)
Event: 16156.538 Thread 0x0000023830ca7000 nmethod 25261 0x000002381e276b10 code [0x000002381e276d20, 0x000002381e277258]
Event: 16156.542 Thread 0x0000023830ca7000 25262       3       org.apache.xerces.dom.CoreDocumentImpl::getNodeListCache (69 bytes)
Event: 16156.542 Thread 0x0000023830ca7000 nmethod 25262 0x000002381e277490 code [0x000002381e277660, 0x000002381e277a98]
Event: 16156.572 Thread 0x0000023830ca7000 25264       3       com.google.common.collect.Maps::immutableEntry (10 bytes)
Event: 16156.572 Thread 0x0000023830ca7000 nmethod 25264 0x000002381e277c10 code [0x000002381e277de0, 0x000002381e2780f8]
Event: 16156.572 Thread 0x0000023830ca7000 25265       3       com.google.common.collect.TransformedIterator::hasNext (10 bytes)
Event: 16156.573 Thread 0x0000023830ca7000 nmethod 25265 0x000002381e278210 code [0x000002381e2783c0, 0x000002381e278588]
Event: 16156.573 Thread 0x0000023830ca7000 25266       3       com.google.common.collect.LinkedListMultimap$DistinctKeyIterator::hasNext (17 bytes)
Event: 16156.573 Thread 0x0000023830ca7000 nmethod 25266 0x000002381e278690 code [0x000002381e278860, 0x000002381e278b48]
Event: 16156.573 Thread 0x0000023830ca7000 25268       3       com.google.common.collect.TransformedIterator::next (14 bytes)
Event: 16156.573 Thread 0x0000023830ca7000 nmethod 25268 0x000002381e278c90 code [0x000002381e278e60, 0x000002381e2790d8]
Event: 16156.573 Thread 0x0000023830ca7000 25269       3       com.google.common.collect.LinkedListMultimap$DistinctKeyIterator::next (81 bytes)

GC Heap History (20 events):
Event: 8795.297 GC heap before
{Heap before GC invocations=203 (full 0):
 garbage-first heap   total 189440K, used 161140K [0x0000000080000000, 0x0000000100000000)
  region size 1024K, 34 young (34816K), 2 survivors (2048K)
 Metaspace       used 139342K, capacity 144351K, committed 145060K, reserved 1175552K
  class space    used 17636K, capacity 19396K, committed 19620K, reserved 1048576K
}
Event: 8795.301 GC heap after
{Heap after GC invocations=204 (full 0):
 garbage-first heap   total 189440K, used 128388K [0x0000000080000000, 0x0000000100000000)
  region size 1024K, 2 young (2048K), 2 survivors (2048K)
 Metaspace       used 139342K, capacity 144351K, committed 145060K, reserved 1175552K
  class space    used 17636K, capacity 19396K, committed 19620K, reserved 1048576K
}
Event: 9195.302 GC heap before
{Heap before GC invocations=204 (full 0):
 garbage-first heap   total 189440K, used 135556K [0x0000000080000000, 0x0000000100000000)
  region size 1024K, 9 young (9216K), 2 survivors (2048K)
 Metaspace       used 139342K, capacity 144351K, committed 145060K, reserved 1175552K
  class space    used 17636K, capacity 19396K, committed 19620K, reserved 1048576K
}
Event: 9195.320 GC heap after
{Heap after GC invocations=205 (full 0):
 garbage-first heap   total 189440K, used 119315K [0x0000000080000000, 0x0000000100000000)
  region size 1024K, 1 young (1024K), 1 survivors (1024K)
 Metaspace       used 139342K, capacity 144351K, committed 145060K, reserved 1175552K
  class space    used 17636K, capacity 19396K, committed 19620K, reserved 1048576K
}
Event: 11538.666 GC heap before
{Heap before GC invocations=205 (full 0):
 garbage-first heap   total 189440K, used 160275K [0x0000000080000000, 0x0000000100000000)
  region size 1024K, 41 young (41984K), 1 survivors (1024K)
 Metaspace       used 139342K, capacity 144351K, committed 145060K, reserved 1175552K
  class space    used 17636K, capacity 19396K, committed 19620K, reserved 1048576K
}
Event: 11538.673 GC heap after
{Heap after GC invocations=206 (full 0):
 garbage-first heap   total 189440K, used 119279K [0x0000000080000000, 0x0000000100000000)
  region size 1024K, 1 young (1024K), 1 survivors (1024K)
 Metaspace       used 139342K, capacity 144351K, committed 145060K, reserved 1175552K
  class space    used 17636K, capacity 19396K, committed 19620K, reserved 1048576K
}
Event: 13835.302 GC heap before
{Heap before GC invocations=207 (full 0):
 garbage-first heap   total 189440K, used 161263K [0x0000000080000000, 0x0000000100000000)
  region size 1024K, 42 young (43008K), 1 survivors (1024K)
 Metaspace       used 137752K, capacity 141862K, committed 145060K, reserved 1175552K
  class space    used 17325K, capacity 18837K, committed 19620K, reserved 1048576K
}
Event: 13835.314 GC heap after
{Heap after GC invocations=208 (full 0):
 garbage-first heap   total 189440K, used 119327K [0x0000000080000000, 0x0000000100000000)
  region size 1024K, 1 young (1024K), 1 survivors (1024K)
 Metaspace       used 137752K, capacity 141862K, committed 145060K, reserved 1175552K
  class space    used 17325K, capacity 18837K, committed 19620K, reserved 1048576K
}
Event: 14273.220 GC heap before
{Heap before GC invocations=208 (full 0):
 garbage-first heap   total 189440K, used 127519K [0x0000000080000000, 0x0000000100000000)
  region size 1024K, 9 young (9216K), 1 survivors (1024K)
 Metaspace       used 137753K, capacity 141862K, committed 145060K, reserved 1175552K
  class space    used 17325K, capacity 18837K, committed 19620K, reserved 1048576K
}
Event: 14273.312 GC heap after
{Heap after GC invocations=209 (full 0):
 garbage-first heap   total 189440K, used 109166K [0x0000000080000000, 0x0000000100000000)
  region size 1024K, 1 young (1024K), 1 survivors (1024K)
 Metaspace       used 137753K, capacity 141862K, committed 145060K, reserved 1175552K
  class space    used 17325K, capacity 18837K, committed 19620K, reserved 1048576K
}
Event: 14703.667 GC heap before
{Heap before GC invocations=209 (full 0):
 garbage-first heap   total 189440K, used 117358K [0x0000000080000000, 0x0000000100000000)
  region size 1024K, 9 young (9216K), 1 survivors (1024K)
 Metaspace       used 137753K, capacity 141862K, committed 145060K, reserved 1175552K
  class space    used 17325K, capacity 18837K, committed 19620K, reserved 1048576K
}
Event: 14703.729 GC heap after
{Heap after GC invocations=210 (full 0):
 garbage-first heap   total 189440K, used 107197K [0x0000000080000000, 0x0000000100000000)
  region size 1024K, 1 young (1024K), 1 survivors (1024K)
 Metaspace       used 137753K, capacity 141862K, committed 145060K, reserved 1175552K
  class space    used 17325K, capacity 18837K, committed 19620K, reserved 1048576K
}
Event: 16149.562 GC heap before
{Heap before GC invocations=210 (full 0):
 garbage-first heap   total 189440K, used 155325K [0x0000000080000000, 0x0000000100000000)
  region size 1024K, 48 young (49152K), 1 survivors (1024K)
 Metaspace       used 137952K, capacity 142112K, committed 145060K, reserved 1175552K
  class space    used 17362K, capacity 18899K, committed 19620K, reserved 1048576K
}
Event: 16149.603 GC heap after
{Heap after GC invocations=211 (full 0):
 garbage-first heap   total 189440K, used 109416K [0x0000000080000000, 0x0000000100000000)
  region size 1024K, 3 young (3072K), 3 survivors (3072K)
 Metaspace       used 137952K, capacity 142112K, committed 145060K, reserved 1175552K
  class space    used 17362K, capacity 18899K, committed 19620K, reserved 1048576K
}
Event: 16152.119 GC heap before
{Heap before GC invocations=212 (full 0):
 garbage-first heap   total 189440K, used 155496K [0x0000000080000000, 0x0000000100000000)
  region size 1024K, 49 young (50176K), 3 survivors (3072K)
 Metaspace       used 140810K, capacity 145051K, committed 146724K, reserved 1175552K
  class space    used 17738K, capacity 19282K, committed 19748K, reserved 1048576K
}
Event: 16152.157 GC heap after
{Heap after GC invocations=213 (full 0):
 garbage-first heap   total 189440K, used 114688K [0x0000000080000000, 0x0000000100000000)
  region size 1024K, 7 young (7168K), 7 survivors (7168K)
 Metaspace       used 140810K, capacity 145051K, committed 146724K, reserved 1175552K
  class space    used 17738K, capacity 19282K, committed 19748K, reserved 1048576K
}
Event: 16152.236 GC heap before
{Heap before GC invocations=213 (full 0):
 garbage-first heap   total 189440K, used 115712K [0x0000000080000000, 0x0000000100000000)
  region size 1024K, 9 young (9216K), 7 survivors (7168K)
 Metaspace       used 140816K, capacity 145053K, committed 146724K, reserved 1175552K
  class space    used 17738K, capacity 19282K, committed 19748K, reserved 1048576K
}
Event: 16152.282 GC heap after
{Heap after GC invocations=214 (full 0):
 garbage-first heap   total 189440K, used 115100K [0x0000000080000000, 0x0000000100000000)
  region size 1024K, 1 young (1024K), 1 survivors (1024K)
 Metaspace       used 140816K, capacity 145053K, committed 146724K, reserved 1175552K
  class space    used 17738K, capacity 19282K, committed 19748K, reserved 1048576K
}
Event: 16155.612 GC heap before
{Heap before GC invocations=214 (full 0):
 garbage-first heap   total 189440K, used 157084K [0x0000000080000000, 0x0000000100000000)
  region size 1024K, 43 young (44032K), 1 survivors (1024K)
 Metaspace       used 141944K, capacity 146333K, committed 147876K, reserved 1177600K
  class space    used 17854K, capacity 19466K, committed 19876K, reserved 1048576K
}
Event: 16155.637 GC heap after
{Heap after GC invocations=215 (full 0):
 garbage-first heap   total 189440K, used 119769K [0x0000000080000000, 0x0000000100000000)
  region size 1024K, 6 young (6144K), 6 survivors (6144K)
 Metaspace       used 141944K, capacity 146333K, committed 147876K, reserved 1177600K
  class space    used 17854K, capacity 19466K, committed 19876K, reserved 1048576K
}

Deoptimization events (20 events):
Event: 16155.368 Thread 0x00000238395de000 Uncommon trap: trap_request=0xffffff4d fr.pc=0x00000238239b3a80 relative=0x00000000000009e0
Event: 16155.368 Thread 0x00000238395de000 Uncommon trap: reason=unstable_if action=reinterpret pc=0x00000238239b3a80 method=org.apache.xerces.impl.XMLEntityScanner.scanContent(Lorg/apache/xerces/xni/XMLString;)I @ 461 c2
Event: 16155.368 Thread 0x00000238395de000 DEOPT PACKING pc=0x00000238239b3a80 sp=0x000000a017af6c60
Event: 16155.368 Thread 0x00000238395de000 DEOPT UNPACKING pc=0x000002381abc78af sp=0x000000a017af6bf8 mode 2
Event: 16155.383 Thread 0x00000238395de000 Uncommon trap: trap_request=0xffffff4d fr.pc=0x00000238239b1954 relative=0x0000000000000674
Event: 16155.383 Thread 0x00000238395de000 Uncommon trap: reason=unstable_if action=reinterpret pc=0x00000238239b1954 method=java.lang.StringCoding.decodeUTF8_0([BIIZ)Ljava/lang/StringCoding$Result; @ 240 c2
Event: 16155.383 Thread 0x00000238395de000 DEOPT PACKING pc=0x00000238239b1954 sp=0x000000a017af6f60
Event: 16155.383 Thread 0x00000238395de000 DEOPT UNPACKING pc=0x000002381abc78af sp=0x000000a017af6ef0 mode 2
Event: 16155.467 Thread 0x00000238395de000 DEOPT PACKING pc=0x000002381e24b617 sp=0x000000a017af6ed0
Event: 16155.467 Thread 0x00000238395de000 DEOPT UNPACKING pc=0x000002381abc76ce sp=0x000000a017af63f0 mode 0
Event: 16155.481 Thread 0x00000238395de000 DEOPT PACKING pc=0x000002381e24b617 sp=0x000000a017af6ed0
Event: 16155.481 Thread 0x00000238395de000 DEOPT UNPACKING pc=0x000002381abc76ce sp=0x000000a017af63f0 mode 0
Event: 16155.509 Thread 0x00000238395de000 DEOPT PACKING pc=0x000002381e24b617 sp=0x000000a017af6ed0
Event: 16155.509 Thread 0x00000238395de000 DEOPT UNPACKING pc=0x000002381abc76ce sp=0x000000a017af63f0 mode 0
Event: 16155.542 Thread 0x00000238395de000 DEOPT PACKING pc=0x000002381e24b617 sp=0x000000a017af6e10
Event: 16155.542 Thread 0x00000238395de000 DEOPT UNPACKING pc=0x000002381abc76ce sp=0x000000a017af6330 mode 0
Event: 16155.564 Thread 0x00000238395de000 DEOPT PACKING pc=0x000002381e24b86a sp=0x000000a017af6e10
Event: 16155.564 Thread 0x00000238395de000 DEOPT UNPACKING pc=0x000002381abc76ce sp=0x000000a017af6330 mode 0
Event: 16155.592 Thread 0x00000238395de000 DEOPT PACKING pc=0x000002381e24b86a sp=0x000000a017af6e10
Event: 16155.592 Thread 0x00000238395de000 DEOPT UNPACKING pc=0x000002381abc76ce sp=0x000000a017af6330 mode 0

Classes redefined (0 events):
No events

Internal exceptions (20 events):
Event: 16150.963 Thread 0x00000238395de000 Exception <a 'sun/nio/fs/WindowsException'{0x000000008a5c6b88}> (0x000000008a5c6b88) thrown at [./src/hotspot/share/prims/jni.cpp, line 615]
Event: 16150.964 Thread 0x00000238395de000 Exception <a 'sun/nio/fs/WindowsException'{0x000000008a5c7b38}> (0x000000008a5c7b38) thrown at [./src/hotspot/share/prims/jni.cpp, line 615]
Event: 16150.964 Thread 0x00000238395de000 Exception <a 'sun/nio/fs/WindowsException'{0x000000008a5c8b38}> (0x000000008a5c8b38) thrown at [./src/hotspot/share/prims/jni.cpp, line 615]
Event: 16150.964 Thread 0x00000238395de000 Exception <a 'sun/nio/fs/WindowsException'{0x000000008a5c9b38}> (0x000000008a5c9b38) thrown at [./src/hotspot/share/prims/jni.cpp, line 615]
Event: 16151.082 Thread 0x00000238395de000 Exception <a 'java/lang/NoSuchMethodError'{0x000000008a0270b8}: 'java.lang.Object java.lang.invoke.Invokers$Holder.linkToTargetMethod(java.lang.Object, int, int, java.lang.Object)'> (0x000000008a0270b8) thrown at [./src/hotspot/share/interpreter/linkResolver.cpp, line 773]
Event: 16151.238 Thread 0x00000238395de000 Implicit null exception at 0x000002382312064f to 0x0000023823120788
Event: 16151.378 Thread 0x00000238395e0000 Exception <a 'java/lang/NoSuchMethodError'{0x000000008b6f2a18}: <clinit>> (0x000000008b6f2a18) thrown at [./src/hotspot/share/prims/jni.cpp, line 1362]
Event: 16151.379 Thread 0x00000238395e0000 Exception <a 'java/lang/NoSuchMethodError'{0x00000000897469c0}: <clinit>> (0x00000000897469c0) thrown at [./src/hotspot/share/prims/jni.cpp, line 1362]
Event: 16151.386 Thread 0x00000238395e0000 Exception <a 'java/lang/NoSuchMethodError'{0x0000000089750d80}: <clinit>> (0x0000000089750d80) thrown at [./src/hotspot/share/prims/jni.cpp, line 1362]
Event: 16151.390 Thread 0x00000238395e0000 Exception <a 'java/lang/NoSuchMethodError'{0x00000000897b2478}: <clinit>> (0x00000000897b2478) thrown at [./src/hotspot/share/prims/jni.cpp, line 1362]
Event: 16151.390 Thread 0x00000238395e0000 Exception <a 'java/lang/NoSuchMethodError'{0x00000000897b3750}: <clinit>> (0x00000000897b3750) thrown at [./src/hotspot/share/prims/jni.cpp, line 1362]
Event: 16151.436 Thread 0x0000023834a58800 Exception <a 'java/lang/NoSuchMethodError'{0x0000000089406f68}: <clinit>> (0x0000000089406f68) thrown at [./src/hotspot/share/prims/jni.cpp, line 1362]
Event: 16151.452 Thread 0x0000023834a58800 Exception <a 'java/lang/NoSuchMethodError'{0x000000008941b5a0}: <clinit>> (0x000000008941b5a0) thrown at [./src/hotspot/share/prims/jni.cpp, line 1362]
Event: 16151.457 Thread 0x0000023834a58800 Exception <a 'java/lang/NoSuchMethodError'{0x00000000894724c0}: <clinit>> (0x00000000894724c0) thrown at [./src/hotspot/share/prims/jni.cpp, line 1362]
Event: 16151.478 Thread 0x00000238395e0000 Exception <a 'java/lang/NoSuchMethodError'{0x00000000897bffb8}: <clinit>> (0x00000000897bffb8) thrown at [./src/hotspot/share/prims/jni.cpp, line 1362]
Event: 16151.707 Thread 0x00000238395e0000 Exception <a 'java/lang/NoSuchMethodError'{0x0000000088f158d8}: <clinit>> (0x0000000088f158d8) thrown at [./src/hotspot/share/prims/jni.cpp, line 1362]
Event: 16151.792 Thread 0x00000238395de000 Exception <a 'sun/nio/fs/WindowsException'{0x00000000890f0290}> (0x00000000890f0290) thrown at [./src/hotspot/share/prims/jni.cpp, line 615]
Event: 16151.794 Thread 0x00000238395de000 Exception <a 'sun/nio/fs/WindowsException'{0x00000000890f1940}> (0x00000000890f1940) thrown at [./src/hotspot/share/prims/jni.cpp, line 615]
Event: 16151.887 Thread 0x0000023834a5c000 Exception <a 'sun/nio/fs/WindowsException'{0x0000000088d784c8}> (0x0000000088d784c8) thrown at [./src/hotspot/share/prims/jni.cpp, line 615]
Event: 16153.298 Thread 0x0000023834a53000 Exception <a 'java/lang/NoSuchMethodError'{0x000000008af69520}: <clinit>> (0x000000008af69520) thrown at [./src/hotspot/share/prims/jni.cpp, line 1362]

Events (20 events):
Event: 16154.041 loading class com/android/resources/NightMode
Event: 16154.041 loading class com/android/resources/NightMode done
Event: 16154.042 loading class com/android/resources/TouchScreen
Event: 16154.042 loading class com/android/resources/TouchScreen done
Event: 16154.044 loading class com/android/resources/KeyboardState
Event: 16154.044 loading class com/android/resources/KeyboardState done
Event: 16154.045 loading class com/android/resources/Keyboard
Event: 16154.045 loading class com/android/resources/Keyboard done
Event: 16154.046 loading class com/android/resources/NavigationState
Event: 16154.046 loading class com/android/resources/NavigationState done
Event: 16154.046 loading class com/android/resources/Navigation
Event: 16154.046 loading class com/android/resources/Navigation done
Event: 16154.526 Thread 0x0000023834a5b000 Thread exited: 0x0000023834a5b000
Event: 16155.360 Thread 0x0000023834a5e800 Thread added: 0x0000023834a5e800
Event: 16155.612 Executing VM operation: G1CollectForAllocation
Event: 16155.637 Executing VM operation: G1CollectForAllocation done
Event: 16155.931 Executing VM operation: CGC_Operation
Event: 16156.285 Executing VM operation: CGC_Operation done
Event: 16156.428 Executing VM operation: CGC_Operation
Event: 16156.428 Executing VM operation: CGC_Operation done


Dynamic libraries:
0x00007ff735310000 - 0x00007ff73531a000 	D:\Programs\Android Studio\jre\bin\java.exe
0x00007ff8dd090000 - 0x00007ff8dd285000 	C:\WINDOWS\SYSTEM32\ntdll.dll
0x00007ff8dcc30000 - 0x00007ff8dccee000 	C:\WINDOWS\System32\KERNEL32.DLL
0x00007ff8daba0000 - 0x00007ff8dae68000 	C:\WINDOWS\System32\KERNELBASE.dll
0x00007ff8daea0000 - 0x00007ff8dafa0000 	C:\WINDOWS\System32\ucrtbase.dll
0x00007ff8bbb70000 - 0x00007ff8bbb89000 	D:\Programs\Android Studio\jre\bin\jli.dll
0x00007ff8bb210000 - 0x00007ff8bb227000 	D:\Programs\Android Studio\jre\bin\VCRUNTIME140.dll
0x00007ff8db6e0000 - 0x00007ff8db881000 	C:\WINDOWS\System32\USER32.dll
0x00007ff8cd030000 - 0x00007ff8cd2ca000 	C:\WINDOWS\WinSxS\amd64_microsoft.windows.common-controls_6595b64144ccf1df_6.0.19041.1110_none_60b5254171f9507e\COMCTL32.dll
0x00007ff8dae70000 - 0x00007ff8dae92000 	C:\WINDOWS\System32\win32u.dll
0x00007ff8db950000 - 0x00007ff8db9ee000 	C:\WINDOWS\System32\msvcrt.dll
0x00007ff8dcb30000 - 0x00007ff8dcb5b000 	C:\WINDOWS\System32\GDI32.dll
0x00007ff8daa90000 - 0x00007ff8dab9b000 	C:\WINDOWS\System32\gdi32full.dll
0x00007ff8da940000 - 0x00007ff8da9dd000 	C:\WINDOWS\System32\msvcp_win.dll
0x00007ff8db380000 - 0x00007ff8db3b0000 	C:\WINDOWS\System32\IMM32.DLL
0x00007ff8a6700000 - 0x00007ff8a679d000 	D:\Programs\Android Studio\jre\bin\msvcp140.dll
0x00007ff893690000 - 0x00007ff89415f000 	D:\Programs\Android Studio\jre\bin\server\jvm.dll
0x00007ff8db0e0000 - 0x00007ff8db18c000 	C:\WINDOWS\System32\ADVAPI32.dll
0x00007ff8dce80000 - 0x00007ff8dcf1b000 	C:\WINDOWS\System32\sechost.dll
0x00007ff8dcf20000 - 0x00007ff8dd04a000 	C:\WINDOWS\System32\RPCRT4.dll
0x00007ff8db940000 - 0x00007ff8db948000 	C:\WINDOWS\System32\PSAPI.DLL
0x00007ff8cb8d0000 - 0x00007ff8cb8d9000 	C:\WINDOWS\SYSTEM32\WSOCK32.dll
0x00007ff8ce320000 - 0x00007ff8ce32a000 	C:\WINDOWS\SYSTEM32\VERSION.dll
0x00007ff8dc760000 - 0x00007ff8dc7cb000 	C:\WINDOWS\System32\WS2_32.dll
0x00007ff8cda90000 - 0x00007ff8cdab7000 	C:\WINDOWS\SYSTEM32\WINMM.dll
0x00007ff8d8670000 - 0x00007ff8d8682000 	C:\WINDOWS\SYSTEM32\kernel.appcore.dll
0x00007ff8d6670000 - 0x00007ff8d6681000 	D:\Programs\Android Studio\jre\bin\verify.dll
0x00007ff8d3c20000 - 0x00007ff8d3e04000 	C:\WINDOWS\SYSTEM32\DBGHELP.DLL
0x00007ff8c93b0000 - 0x00007ff8c93dc000 	C:\WINDOWS\SYSTEM32\dbgcore.DLL
0x00007ff8db050000 - 0x00007ff8db0d3000 	C:\WINDOWS\System32\bcryptPrimitives.dll
0x00007ff8d4b30000 - 0x00007ff8d4b59000 	D:\Programs\Android Studio\jre\bin\java.dll
0x00007ff8d6610000 - 0x00007ff8d661b000 	D:\Programs\Android Studio\jre\bin\jimage.dll
0x00007ff8d4d70000 - 0x00007ff8d4d88000 	D:\Programs\Android Studio\jre\bin\zip.dll
0x00007ff8dc020000 - 0x00007ff8dc75f000 	C:\WINDOWS\System32\SHELL32.dll
0x00007ff8d8870000 - 0x00007ff8d9000000 	C:\WINDOWS\SYSTEM32\windows.storage.dll
0x00007ff8dc7d0000 - 0x00007ff8dcb25000 	C:\WINDOWS\System32\combase.dll
0x00007ff8da120000 - 0x00007ff8da14e000 	C:\WINDOWS\SYSTEM32\Wldp.dll
0x00007ff8db270000 - 0x00007ff8db31d000 	C:\WINDOWS\System32\SHCORE.dll
0x00007ff8db320000 - 0x00007ff8db375000 	C:\WINDOWS\System32\shlwapi.dll
0x00007ff8da6f0000 - 0x00007ff8da70f000 	C:\WINDOWS\SYSTEM32\profapi.dll
0x00007ff8d4630000 - 0x00007ff8d464a000 	D:\Programs\Android Studio\jre\bin\net.dll
0x00007ff8ce910000 - 0x00007ff8cea1c000 	C:\WINDOWS\SYSTEM32\WINHTTP.dll
0x00007ff8d9f00000 - 0x00007ff8d9f6a000 	C:\WINDOWS\system32\mswsock.dll
0x00007ff8d4550000 - 0x00007ff8d4564000 	D:\Programs\Android Studio\jre\bin\nio.dll
0x00007ff8c3310000 - 0x00007ff8c3337000 	C:\Users\phung\.gradle\native\8bec1ad78214c89d9ad589b4d07fe93259594b29d510b10fafb7a158f7737e5d\windows-amd64\native-platform.dll
0x00007ff8a6c40000 - 0x00007ff8a6d7d000 	C:\Users\phung\.gradle\native\53dbd7edfb1c66fb8903c78663c9afc45aea4f116125fa6feffd364cf09443e8\windows-amd64\native-platform-file-events.dll
0x00007ff8d65a0000 - 0x00007ff8d65aa000 	D:\Programs\Android Studio\jre\bin\management.dll
0x00007ff8d6150000 - 0x00007ff8d615c000 	D:\Programs\Android Studio\jre\bin\management_ext.dll
0x00007ff8da460000 - 0x00007ff8da478000 	C:\WINDOWS\SYSTEM32\CRYPTSP.dll
0x00007ff8d9830000 - 0x00007ff8d9864000 	C:\WINDOWS\system32\rsaenh.dll
0x00007ff8da7b0000 - 0x00007ff8da7d7000 	C:\WINDOWS\System32\bcrypt.dll
0x00007ff8da6b0000 - 0x00007ff8da6de000 	C:\WINDOWS\SYSTEM32\USERENV.dll
0x00007ff8da090000 - 0x00007ff8da09c000 	C:\WINDOWS\SYSTEM32\CRYPTBASE.dll
0x00007ff8d9bc0000 - 0x00007ff8d9bfb000 	C:\WINDOWS\SYSTEM32\IPHLPAPI.DLL
0x00007ff8db3d0000 - 0x00007ff8db3d8000 	C:\WINDOWS\System32\NSI.dll
0x00007ff8d2970000 - 0x00007ff8d2987000 	C:\WINDOWS\SYSTEM32\dhcpcsvc6.DLL
0x00007ff8d2610000 - 0x00007ff8d262d000 	C:\WINDOWS\SYSTEM32\dhcpcsvc.DLL
0x00007ff8d9c00000 - 0x00007ff8d9ccb000 	C:\WINDOWS\SYSTEM32\DNSAPI.dll
0x00007ff8d3ad0000 - 0x00007ff8d3af7000 	D:\Programs\Android Studio\jre\bin\sunec.dll
0x00007ff8cd6e0000 - 0x00007ff8cd6ea000 	C:\Windows\System32\rasadhlp.dll
0x00007ff8cdc90000 - 0x00007ff8cdd0f000 	C:\WINDOWS\System32\fwpuclnt.dll
0x00007ff8d9460000 - 0x00007ff8d9493000 	C:\WINDOWS\SYSTEM32\ntmarta.dll

dbghelp: loaded successfully - version: 4.0.5 - missing functions: none
symbol engine: initialized successfully - sym options: 0x614 - pdb path: .;D:\Programs\Android Studio\jre\bin;C:\WINDOWS\SYSTEM32;C:\WINDOWS\WinSxS\amd64_microsoft.windows.common-controls_6595b64144ccf1df_6.0.19041.1110_none_60b5254171f9507e;D:\Programs\Android Studio\jre\bin\server;C:\Users\phung\.gradle\native\8bec1ad78214c89d9ad589b4d07fe93259594b29d510b10fafb7a158f7737e5d\windows-amd64;C:\Users\phung\.gradle\native\53dbd7edfb1c66fb8903c78663c9afc45aea4f116125fa6feffd364cf09443e8\windows-amd64

VM Arguments:
jvm_args: --add-opens=java.base/java.util=ALL-UNNAMED --add-opens=java.base/java.lang=ALL-UNNAMED --add-opens=java.base/java.lang.invoke=ALL-UNNAMED --add-opens=java.base/java.util=ALL-UNNAMED --add-opens=java.prefs/java.util.prefs=ALL-UNNAMED --add-opens=java.prefs/java.util.prefs=ALL-UNNAMED --add-opens=java.base/java.nio.charset=ALL-UNNAMED --add-opens=java.base/java.net=ALL-UNNAMED --add-opens=java.base/java.util.concurrent.atomic=ALL-UNNAMED -Xmx2048m -Dfile.encoding=UTF-8 -Duser.country=US -Duser.language=en -Duser.variant 
java_command: org.gradle.launcher.daemon.bootstrap.GradleDaemon 7.0.2
java_class_path (initial): C:\Users\phung\.gradle\wrapper\dists\gradle-7.0.2-bin\857tjihv64xamwrf0h14cai3r\gradle-7.0.2\lib\gradle-launcher-7.0.2.jar
Launcher Type: SUN_STANDARD

[Global flags]
     intx CICompilerCount                          = 3                                         {product} {ergonomic}
     uint ConcGCThreads                            = 1                                         {product} {ergonomic}
     uint G1ConcRefinementThreads                  = 4                                         {product} {ergonomic}
   size_t G1HeapRegionSize                         = 1048576                                   {product} {ergonomic}
    uintx GCDrainStackTargetSize                   = 64                                        {product} {ergonomic}
   size_t InitialHeapSize                          = 134217728                                 {product} {ergonomic}
   size_t MarkStackSize                            = 4194304                                   {product} {ergonomic}
   size_t MaxHeapSize                              = 2147483648                                {product} {command line}
   size_t MaxNewSize                               = 1287651328                                {product} {ergonomic}
   size_t MinHeapDeltaBytes                        = 1048576                                   {product} {ergonomic}
    uintx NonNMethodCodeHeapSize                   = 5830732                                {pd product} {ergonomic}
    uintx NonProfiledCodeHeapSize                  = 122913754                              {pd product} {ergonomic}
    uintx ProfiledCodeHeapSize                     = 122913754                              {pd product} {ergonomic}
    uintx ReservedCodeCacheSize                    = 251658240                              {pd product} {ergonomic}
     bool SegmentedCodeCache                       = true                                      {product} {ergonomic}
     bool UseCompressedClassPointers               = true                                 {lp64_product} {ergonomic}
     bool UseCompressedOops                        = true                                 {lp64_product} {ergonomic}
     bool UseG1GC                                  = true                                      {product} {ergonomic}
     bool UseLargePagesIndividualAllocation        = false                                  {pd product} {ergonomic}

Logging:
Log output configuration:
 #0: stdout all=warning uptime,level,tags
 #1: stderr all=off uptime,level,tags

Environment Variables:
PATH=C:\Program Files (x86)\Common Files\Oracle\Java\javapath;C:\Program Files (x86)\NVIDIA Corporation\PhysX\Common;C:\WINDOWS\system32;C:\WINDOWS;C:\WINDOWS\System32\Wbem;C:\WINDOWS\System32\WindowsPowerShell\v1.0\;C:\WINDOWS\System32\OpenSSH\;C:\Program Files\mingw-w64\x86_64-8.1.0-win32-seh-rt_v6-rev0\mingw64\bin;D:\Programs\Git\cmd;C:\ProgramData\chocolatey\bin;;C:\Program Files\Docker\Docker\resources\bin;C:\ProgramData\DockerDesktop\version-bin;D:\Programs\Node.js\;C:\Users\phung\AppData\Local\Microsoft\WindowsApps;D:\Programs\IntelliJ IDEA Community Edition 2020.3.1\bin;;D:\Programs\GitHub CLI\;C:\Users\phung\AppData\Roaming\npm;C:\Program Files\RabbitMQ Server\rabbitmq_server-3.9.8\sbin;
USERNAME=Vu
OS=Windows_NT
PROCESSOR_IDENTIFIER=Intel64 Family 6 Model 61 Stepping 4, GenuineIntel



---------------  S Y S T E M  ---------------

OS: Windows 10 , 64 bit Build 19041 (10.0.19041.1348)
OS uptime: 0 days 19:11 hours
Hyper-V role detected

CPU:total 4 (initial active 4) (2 cores per cpu, 2 threads per core) family 6 model 61 stepping 4 microcode 0x2d, cmov, cx8, fxsr, mmx, sse, sse2, sse3, ssse3, sse4.1, sse4.2, popcnt, avx, avx2, aes, clmul, erms, rtm, 3dnowpref, lzcnt, ht, tsc, tscinvbit, bmi1, bmi2, adx, fma

Memory: 4k page, system-wide physical 8072M (409M free)
TotalPageFile size 11072M (AvailPageFile size 1M)
current process WorkingSet (physical memory assigned to process): 402M, peak: 544M
current process commit charge ("private bytes"): 592M, peak: 630M

vm_info: OpenJDK 64-Bit Server VM (11.0.10+0-b96-7249189) for windows-amd64 JRE (11.0.10+0-b96-7249189), built on Mar 31 2021 21:44:00 by "builder" with MS VC++ 14.0 (VS2015)

END.
